nohup: ignoring input
/data01/giorgio/ENTER/envs/rnarna/lib/python3.10/site-packages/torchvision/io/image.py:13: UserWarning: Failed to load image Python extension: /data01/giorgio/ENTER/envs/rnarna/lib/python3.10/site-packages/torchvision/image.so: undefined symbol: _ZN2at4_ops10select_int4callERKNS_6TensorEll
  warn(f"Failed to load image Python extension: {e}")
/data01/giorgio/RNARNA-NT/src/train_binary_cl.py:134: DtypeWarning: Columns (21) have mixed types. Specify dtype option on import or set low_memory=False.
  df_nt = pd.read_csv(os.path.join(metadata_dir, f'df_nt.csv'))
/data01/giorgio/ENTER/envs/rnarna/lib/python3.10/site-packages/torchvision/models/_utils.py:208: UserWarning: The parameter 'pretrained' is deprecated since 0.13 and may be removed in the future, please use 'weights' instead.
  warnings.warn(
/data01/giorgio/ENTER/envs/rnarna/lib/python3.10/site-packages/torchvision/models/_utils.py:223: UserWarning: Arguments other than a weight enum or `None` for 'weights' are deprecated since 0.13 and may be removed in the future. The current behavior is equivalent to passing `weights=ResNet18_Weights.IMAGENET1K_V1`. You can also use `weights=ResNet18_Weights.DEFAULT` to get the most up-to-date weights.
  warnings.warn(msg)
number of params: 3353234
Start training
Epoch: [21]  [   0/3693]  eta: 14:21:08  lr: 0.000100  loss_ce: 0.6658 (0.6658)  accuracy: 0.5625 (0.5625)  precision: 0.5263 (0.5263)  recall: 0.6667 (0.6667)  F2: 0.6329 (0.6329)  specificity: 0.4706 (0.4706)  NPV: 0.6154 (0.6154)  time: 13.9910  data: 2.7900  max mem: 7730
Epoch: [21]  [ 500/3693]  eta: 0:57:00  lr: 0.000100  loss_ce: 0.6781 (0.6862)  accuracy: 0.5312 (0.5434)  precision: 0.5000 (0.5334)  recall: 0.4375 (0.5094)  F2: 0.4412 (0.5068)  specificity: 0.6429 (0.5769)  NPV: 0.5625 (0.5568)  time: 1.1618  data: 0.2560  max mem: 7759
Epoch: [21]  [1000/3693]  eta: 0:48:15  lr: 0.000100  loss_ce: 0.6701 (0.6851)  accuracy: 0.5625 (0.5418)  precision: 0.5625 (0.5366)  recall: 0.6154 (0.5563)  F2: 0.6044 (0.5436)  specificity: 0.5000 (0.5317)  NPV: 0.5714 (0.5561)  time: 1.0797  data: 0.1713  max mem: 7760
Epoch: [21]  [1500/3693]  eta: 0:39:35  lr: 0.000100  loss_ce: 0.6778 (0.6849)  accuracy: 0.5625 (0.5432)  precision: 0.5385 (0.5389)  recall: 0.5789 (0.5673)  F2: 0.5682 (0.5532)  specificity: 0.5000 (0.5229)  NPV: 0.5333 (0.5559)  time: 1.0712  data: 0.1675  max mem: 7760
Epoch: [21]  [2000/3693]  eta: 0:30:43  lr: 0.000100  loss_ce: 0.6710 (0.6849)  accuracy: 0.5625 (0.5436)  precision: 0.5714 (0.5396)  recall: 0.3333 (0.5429)  F2: 0.3448 (0.5333)  specificity: 0.7500 (0.5473)  NPV: 0.5652 (0.5557)  time: 1.0737  data: 0.1702  max mem: 7760
Epoch: [21]  [2500/3693]  eta: 0:21:39  lr: 0.000100  loss_ce: 0.6826 (0.6845)  accuracy: 0.5312 (0.5430)  precision: 0.5200 (0.5398)  recall: 0.4737 (0.5228)  F2: 0.4688 (0.5167)  specificity: 0.5000 (0.5659)  NPV: 0.5263 (0.5543)  time: 1.1171  data: 0.2076  max mem: 7760
Epoch: [21]  [3000/3693]  eta: 0:12:40  lr: 0.000100  loss_ce: 0.6748 (0.6847)  accuracy: 0.5938 (0.5413)  precision: 0.6000 (0.5384)  recall: 0.6842 (0.5317)  F2: 0.6494 (0.5234)  specificity: 0.4167 (0.5544)  NPV: 0.5385 (0.5533)  time: 1.0777  data: 0.1728  max mem: 7760
Epoch: [21]  [3500/3693]  eta: 0:03:31  lr: 0.000100  loss_ce: 0.6853 (0.6851)  accuracy: 0.5312 (0.5396)  precision: 0.5333 (0.5370)  recall: 0.5789 (0.5389)  F2: 0.5851 (0.5290)  specificity: 0.4667 (0.5441)  NPV: 0.5333 (0.5511)  time: 1.1065  data: 0.2064  max mem: 7760
Epoch: [21]  [3692/3693]  eta: 0:00:01  lr: 0.000100  loss_ce: 0.6786 (0.6851)  accuracy: 0.5312 (0.5398)  precision: 0.4737 (0.5371)  recall: 0.5625 (0.5419)  F2: 0.5556 (0.5315)  specificity: 0.5238 (0.5414)  NPV: 0.5333 (0.5513)  time: 1.0621  data: 0.1629  max mem: 7760
Epoch: [21] Total time: 1:07:33 (1.0975 s / it)
Averaged stats: lr: 0.000100  loss_ce: 0.6786 (0.6851)  accuracy: 0.5312 (0.5398)  precision: 0.4737 (0.5371)  recall: 0.5625 (0.5419)  F2: 0.5556 (0.5315)  specificity: 0.5238 (0.5414)  NPV: 0.5333 (0.5513)
Test:  [  0/688]  eta: 0:43:45  loss_ce: 0.7099 (0.7099)  accuracy: 0.5312 (0.5312)  precision: 0.6667 (0.6667)  recall: 0.5714 (0.5714)  F2: 0.5882 (0.5882)  specificity: 0.4545 (0.4545)  NPV: 0.3571 (0.3571)  time: 3.8157  data: 3.4625  max mem: 7760
Test:  [687/688]  eta: 0:00:00  loss_ce: 0.6915 (0.6890)  accuracy: 0.5000 (0.5380)  precision: 0.4211 (0.5168)  recall: 0.8000 (0.7860)  F2: 0.6707 (0.6969)  specificity: 0.3158 (0.2700)  NPV: 0.7500 (0.5565)  time: 0.7460  data: 0.4230  max mem: 7760
Test: Total time: 0:10:10 (0.8878 s / it)
Averaged stats: loss_ce: 0.6915 (0.6890)  accuracy: 0.5000 (0.5380)  precision: 0.4211 (0.5168)  recall: 0.8000 (0.7860)  F2: 0.6707 (0.6969)  specificity: 0.3158 (0.2700)  NPV: 0.7500 (0.5565)
Epoch: [22]  [   0/3693]  eta: 4:37:57  lr: 0.000100  loss_ce: 0.6852 (0.6852)  accuracy: 0.5938 (0.5938)  precision: 0.5385 (0.5385)  recall: 0.5000 (0.5000)  F2: 0.5072 (0.5072)  specificity: 0.6667 (0.6667)  NPV: 0.6316 (0.6316)  time: 4.5161  data: 3.4743  max mem: 7760
Epoch: [22]  [ 500/3693]  eta: 1:02:40  lr: 0.000100  loss_ce: 0.6843 (0.6860)  accuracy: 0.5625 (0.5399)  precision: 0.5294 (0.5430)  recall: 0.6000 (0.4696)  F2: 0.5844 (0.4740)  specificity: 0.4667 (0.6117)  NPV: 0.5385 (0.5445)  time: 1.0707  data: 0.1663  max mem: 7760
Epoch: [22]  [1000/3693]  eta: 0:51:40  lr: 0.000100  loss_ce: 0.6866 (0.6854)  accuracy: 0.5625 (0.5429)  precision: 0.5294 (0.5423)  recall: 0.5714 (0.4938)  F2: 0.5634 (0.4935)  specificity: 0.6000 (0.5950)  NPV: 0.6111 (0.5517)  time: 1.1009  data: 0.1986  max mem: 7760
Epoch: [22]  [1500/3693]  eta: 0:41:33  lr: 0.000100  loss_ce: 0.7018 (0.6855)  accuracy: 0.5312 (0.5429)  precision: 0.5789 (0.5413)  recall: 0.7368 (0.5286)  F2: 0.6962 (0.5204)  specificity: 0.3529 (0.5605)  NPV: 0.5385 (0.5539)  time: 1.1955  data: 0.2859  max mem: 7760
Epoch: [22]  [2000/3693]  eta: 0:31:50  lr: 0.000100  loss_ce: 0.6665 (0.6859)  accuracy: 0.5625 (0.5399)  precision: 0.5714 (0.5371)  recall: 0.6471 (0.5520)  F2: 0.6395 (0.5380)  specificity: 0.4706 (0.5325)  NPV: 0.5833 (0.5539)  time: 1.1027  data: 0.1996  max mem: 7760
Epoch: [22]  [2500/3693]  eta: 0:22:20  lr: 0.000100  loss_ce: 0.6892 (0.6855)  accuracy: 0.5312 (0.5427)  precision: 0.5333 (0.5378)  recall: 0.6111 (0.5601)  F2: 0.5618 (0.5452)  specificity: 0.5238 (0.5301)  NPV: 0.5625 (0.5580)  time: 1.1646  data: 0.2680  max mem: 7760
Epoch: [22]  [3000/3693]  eta: 0:12:58  lr: 0.000100  loss_ce: 0.6914 (0.6853)  accuracy: 0.5312 (0.5435)  precision: 0.5556 (0.5385)  recall: 0.6111 (0.5695)  F2: 0.5747 (0.5532)  specificity: 0.4375 (0.5221)  NPV: 0.5294 (0.5584)  time: 1.1180  data: 0.2210  max mem: 7760
Epoch: [22]  [3500/3693]  eta: 0:03:36  lr: 0.000100  loss_ce: 0.6751 (0.6850)  accuracy: 0.5625 (0.5433)  precision: 0.5625 (0.5375)  recall: 0.5263 (0.5811)  F2: 0.5147 (0.5621)  specificity: 0.5625 (0.5105)  NPV: 0.5625 (0.5597)  time: 1.0797  data: 0.1746  max mem: 7760
Epoch: [22]  [3692/3693]  eta: 0:00:01  lr: 0.000100  loss_ce: 0.6963 (0.6852)  accuracy: 0.4688 (0.5427)  precision: 0.5000 (0.5371)  recall: 0.6000 (0.5817)  F2: 0.5882 (0.5627)  specificity: 0.3500 (0.5084)  NPV: 0.4667 (0.5584)  time: 1.1206  data: 0.2346  max mem: 7760
Epoch: [22] Total time: 1:09:04 (1.1223 s / it)
Averaged stats: lr: 0.000100  loss_ce: 0.6963 (0.6852)  accuracy: 0.4688 (0.5427)  precision: 0.5000 (0.5371)  recall: 0.6000 (0.5817)  F2: 0.5882 (0.5627)  specificity: 0.3500 (0.5084)  NPV: 0.4667 (0.5584)
Test:  [  0/688]  eta: 0:48:12  loss_ce: 0.7046 (0.7046)  accuracy: 0.4688 (0.4688)  precision: 0.5769 (0.5769)  recall: 0.7143 (0.7143)  F2: 0.6818 (0.6818)  specificity: 0.0000 (0.0000)  NPV: 0.0000 (0.0000)  time: 4.2041  data: 3.8336  max mem: 7760
Test:  [687/688]  eta: 0:00:00  loss_ce: 0.6919 (0.6884)  accuracy: 0.4375 (0.5298)  precision: 0.3793 (0.5117)  recall: 0.8182 (0.8597)  F2: 0.6627 (0.7412)  specificity: 0.1905 (0.1822)  NPV: 0.6667 (0.5463)  time: 0.7242  data: 0.4093  max mem: 7760
Test: Total time: 0:10:06 (0.8814 s / it)
Averaged stats: loss_ce: 0.6919 (0.6884)  accuracy: 0.4375 (0.5298)  precision: 0.3793 (0.5117)  recall: 0.8182 (0.8597)  F2: 0.6627 (0.7412)  specificity: 0.1905 (0.1822)  NPV: 0.6667 (0.5463)
Epoch: [23]  [   0/3693]  eta: 4:06:13  lr: 0.000100  loss_ce: 0.6685 (0.6685)  accuracy: 0.5938 (0.5938)  precision: 0.5000 (0.5000)  recall: 0.7692 (0.7692)  F2: 0.6944 (0.6944)  specificity: 0.4737 (0.4737)  NPV: 0.7500 (0.7500)  time: 4.0004  data: 3.0983  max mem: 7760
Epoch: [23]  [ 500/3693]  eta: 1:02:55  lr: 0.000100  loss_ce: 0.6760 (0.6858)  accuracy: 0.5312 (0.5421)  precision: 0.5294 (0.5334)  recall: 0.5455 (0.6071)  F2: 0.5488 (0.5825)  specificity: 0.5500 (0.4841)  NPV: 0.5000 (0.5632)  time: 1.1298  data: 0.2308  max mem: 7760
Epoch: [23]  [1000/3693]  eta: 0:52:22  lr: 0.000100  loss_ce: 0.6842 (0.6844)  accuracy: 0.5312 (0.5431)  precision: 0.5333 (0.5332)  recall: 0.5625 (0.6119)  F2: 0.5634 (0.5862)  specificity: 0.5000 (0.4815)  NPV: 0.5294 (0.5660)  time: 1.1518  data: 0.2462  max mem: 7760
Epoch: [23]  [1500/3693]  eta: 0:41:55  lr: 0.000100  loss_ce: 0.6879 (0.6843)  accuracy: 0.5625 (0.5441)  precision: 0.5500 (0.5342)  recall: 0.6471 (0.6076)  F2: 0.6164 (0.5835)  specificity: 0.4375 (0.4868)  NPV: 0.5385 (0.5649)  time: 1.0925  data: 0.1876  max mem: 7760
Epoch: [23]  [2000/3693]  eta: 0:32:08  lr: 0.000100  loss_ce: 0.6819 (0.6838)  accuracy: 0.5312 (0.5436)  precision: 0.5200 (0.5339)  recall: 0.7692 (0.6216)  F2: 0.7216 (0.5940)  specificity: 0.3158 (0.4719)  NPV: 0.5714 (0.5658)  time: 1.0886  data: 0.1852  max mem: 7760
Epoch: [23]  [2500/3693]  eta: 0:22:34  lr: 0.000100  loss_ce: 0.6836 (0.6838)  accuracy: 0.5312 (0.5435)  precision: 0.5500 (0.5345)  recall: 0.6471 (0.6293)  F2: 0.6250 (0.6000)  specificity: 0.4667 (0.4641)  NPV: 0.5714 (0.5655)  time: 1.1150  data: 0.2192  max mem: 7760
Epoch: [23]  [3000/3693]  eta: 0:13:06  lr: 0.000100  loss_ce: 0.6818 (0.6837)  accuracy: 0.5000 (0.5432)  precision: 0.5455 (0.5335)  recall: 0.3571 (0.6265)  F2: 0.3704 (0.5973)  specificity: 0.7059 (0.4659)  NPV: 0.5217 (0.5663)  time: 1.1832  data: 0.2832  max mem: 7760
Epoch: [23]  [3500/3693]  eta: 0:03:38  lr: 0.000100  loss_ce: 0.6826 (0.6838)  accuracy: 0.5312 (0.5434)  precision: 0.5714 (0.5351)  recall: 0.6250 (0.6217)  F2: 0.6154 (0.5940)  specificity: 0.4375 (0.4716)  NPV: 0.5294 (0.5652)  time: 1.0703  data: 0.1734  max mem: 7760
Epoch: [23]  [3692/3693]  eta: 0:00:01  lr: 0.000100  loss_ce: 0.6868 (0.6839)  accuracy: 0.5312 (0.5430)  precision: 0.5000 (0.5343)  recall: 0.6429 (0.6229)  F2: 0.5844 (0.5948)  specificity: 0.3750 (0.4697)  NPV: 0.5455 (0.5651)  time: 1.0944  data: 0.2073  max mem: 7760
Epoch: [23] Total time: 1:09:44 (1.1331 s / it)
Averaged stats: lr: 0.000100  loss_ce: 0.6868 (0.6839)  accuracy: 0.5312 (0.5430)  precision: 0.5000 (0.5343)  recall: 0.6429 (0.6229)  F2: 0.5844 (0.5948)  specificity: 0.3750 (0.4697)  NPV: 0.5455 (0.5651)
Test:  [  0/688]  eta: 0:48:33  loss_ce: 0.7057 (0.7057)  accuracy: 0.5625 (0.5625)  precision: 0.6400 (0.6400)  recall: 0.7619 (0.7619)  F2: 0.7339 (0.7339)  specificity: 0.1818 (0.1818)  NPV: 0.2857 (0.2857)  time: 4.2348  data: 3.8695  max mem: 7760
Test:  [687/688]  eta: 0:00:00  loss_ce: 0.6947 (0.6898)  accuracy: 0.4688 (0.5267)  precision: 0.3929 (0.5100)  recall: 0.8333 (0.8862)  F2: 0.7042 (0.7561)  specificity: 0.1905 (0.1513)  NPV: 0.7692 (0.5542)  time: 0.7361  data: 0.4216  max mem: 7760
Test: Total time: 0:10:14 (0.8936 s / it)
Averaged stats: loss_ce: 0.6947 (0.6898)  accuracy: 0.4688 (0.5267)  precision: 0.3929 (0.5100)  recall: 0.8333 (0.8862)  F2: 0.7042 (0.7561)  specificity: 0.1905 (0.1513)  NPV: 0.7692 (0.5542)
Epoch: [24]  [   0/3693]  eta: 4:23:16  lr: 0.000100  loss_ce: 0.6644 (0.6644)  accuracy: 0.6250 (0.6250)  precision: 0.6471 (0.6471)  recall: 0.6471 (0.6471)  F2: 0.6471 (0.6471)  specificity: 0.6000 (0.6000)  NPV: 0.6000 (0.6000)  time: 4.2774  data: 3.2712  max mem: 7760
Epoch: [24]  [ 500/3693]  eta: 1:02:00  lr: 0.000100  loss_ce: 0.6769 (0.6852)  accuracy: 0.5938 (0.5430)  precision: 0.5714 (0.5303)  recall: 0.6842 (0.7120)  F2: 0.6548 (0.6591)  specificity: 0.5294 (0.3794)  NPV: 0.6000 (0.5783)  time: 1.0868  data: 0.1917  max mem: 7760
Epoch: [24]  [1000/3693]  eta: 0:51:07  lr: 0.000100  loss_ce: 0.6826 (0.6848)  accuracy: 0.5312 (0.5414)  precision: 0.5455 (0.5314)  recall: 0.7143 (0.6737)  F2: 0.6701 (0.6309)  specificity: 0.3571 (0.4163)  NPV: 0.5455 (0.5718)  time: 1.1559  data: 0.2581  max mem: 7760
Epoch: [24]  [1500/3693]  eta: 0:41:00  lr: 0.000100  loss_ce: 0.6734 (0.6844)  accuracy: 0.5625 (0.5421)  precision: 0.5385 (0.5314)  recall: 0.5000 (0.6637)  F2: 0.5072 (0.6233)  specificity: 0.5455 (0.4278)  NPV: 0.5714 (0.5735)  time: 1.0869  data: 0.1873  max mem: 7760
Epoch: [24]  [2000/3693]  eta: 0:31:23  lr: 0.000100  loss_ce: 0.6714 (0.6839)  accuracy: 0.5312 (0.5427)  precision: 0.5000 (0.5324)  recall: 0.4737 (0.6536)  F2: 0.5000 (0.6164)  specificity: 0.5625 (0.4388)  NPV: 0.5417 (0.5719)  time: 1.1021  data: 0.2048  max mem: 7760
Epoch: [24]  [2500/3693]  eta: 0:22:02  lr: 0.000100  loss_ce: 0.6811 (0.6844)  accuracy: 0.5000 (0.5421)  precision: 0.5333 (0.5317)  recall: 0.4706 (0.6411)  F2: 0.4819 (0.6067)  specificity: 0.5500 (0.4498)  NPV: 0.5714 (0.5697)  time: 1.0615  data: 0.1615  max mem: 7760
Epoch: [24]  [3000/3693]  eta: 0:12:47  lr: 0.000100  loss_ce: 0.6715 (0.6842)  accuracy: 0.5625 (0.5424)  precision: 0.5217 (0.5328)  recall: 0.8000 (0.6380)  F2: 0.7333 (0.6044)  specificity: 0.3333 (0.4533)  NPV: 0.6667 (0.5691)  time: 1.1377  data: 0.2373  max mem: 7760
Epoch: [24]  [3500/3693]  eta: 0:03:33  lr: 0.000100  loss_ce: 0.6729 (0.6836)  accuracy: 0.5312 (0.5424)  precision: 0.5000 (0.5329)  recall: 0.6316 (0.6445)  F2: 0.5952 (0.6093)  specificity: 0.3889 (0.4471)  NPV: 0.5333 (0.5702)  time: 1.1063  data: 0.2009  max mem: 7760
Epoch: [24]  [3692/3693]  eta: 0:00:01  lr: 0.000100  loss_ce: 0.6781 (0.6836)  accuracy: 0.5625 (0.5425)  precision: 0.5714 (0.5328)  recall: 0.5625 (0.6416)  F2: 0.5696 (0.6070)  specificity: 0.5556 (0.4503)  NPV: 0.5556 (0.5703)  time: 1.0449  data: 0.1544  max mem: 7760
Epoch: [24] Total time: 1:07:57 (1.1041 s / it)
Averaged stats: lr: 0.000100  loss_ce: 0.6781 (0.6836)  accuracy: 0.5625 (0.5425)  precision: 0.5714 (0.5328)  recall: 0.5625 (0.6416)  F2: 0.5696 (0.6070)  specificity: 0.5556 (0.4503)  NPV: 0.5556 (0.5703)
Test:  [  0/688]  eta: 0:48:12  loss_ce: 0.7921 (0.7921)  accuracy: 0.5625 (0.5625)  precision: 0.6296 (0.6296)  recall: 0.8095 (0.8095)  F2: 0.7658 (0.7658)  specificity: 0.0909 (0.0909)  NPV: 0.2000 (0.2000)  time: 4.2049  data: 3.8418  max mem: 7760
Test:  [687/688]  eta: 0:00:00  loss_ce: 0.6958 (0.6881)  accuracy: 0.4688 (0.5302)  precision: 0.3810 (0.5110)  recall: 0.8000 (0.8489)  F2: 0.6897 (0.7347)  specificity: 0.2000 (0.1917)  NPV: 0.6667 (0.5525)  time: 0.7255  data: 0.4043  max mem: 7760
Test: Total time: 0:09:59 (0.8719 s / it)
Averaged stats: loss_ce: 0.6958 (0.6881)  accuracy: 0.4688 (0.5302)  precision: 0.3810 (0.5110)  recall: 0.8000 (0.8489)  F2: 0.6897 (0.7347)  specificity: 0.2000 (0.1917)  NPV: 0.6667 (0.5525)
Epoch: [25]  [   0/3693]  eta: 4:27:08  lr: 0.000100  loss_ce: 0.6525 (0.6525)  accuracy: 0.6875 (0.6875)  precision: 0.6316 (0.6316)  recall: 0.8000 (0.8000)  F2: 0.7595 (0.7595)  specificity: 0.5882 (0.5882)  NPV: 0.7692 (0.7692)  time: 4.3402  data: 3.4388  max mem: 7760
Epoch: [25]  [ 500/3693]  eta: 1:01:58  lr: 0.000100  loss_ce: 0.6903 (0.6831)  accuracy: 0.5000 (0.5442)  precision: 0.5000 (0.5292)  recall: 0.6667 (0.6679)  F2: 0.6316 (0.6267)  specificity: 0.3333 (0.4293)  NPV: 0.5385 (0.5796)  time: 1.0907  data: 0.1940  max mem: 7760
Epoch: [25]  [1000/3693]  eta: 0:50:48  lr: 0.000100  loss_ce: 0.6830 (0.6823)  accuracy: 0.5312 (0.5449)  precision: 0.4444 (0.5309)  recall: 0.5714 (0.6686)  F2: 0.5625 (0.6281)  specificity: 0.4375 (0.4290)  NPV: 0.5333 (0.5795)  time: 1.1505  data: 0.2414  max mem: 7760
Epoch: [25]  [1500/3693]  eta: 0:41:02  lr: 0.000100  loss_ce: 0.6670 (0.6825)  accuracy: 0.5625 (0.5466)  precision: 0.5789 (0.5351)  recall: 0.6875 (0.6573)  F2: 0.6429 (0.6209)  specificity: 0.4211 (0.4432)  NPV: 0.5714 (0.5765)  time: 1.0481  data: 0.1447  max mem: 7760
Epoch: [25]  [2000/3693]  eta: 0:31:30  lr: 0.000100  loss_ce: 0.6749 (0.6826)  accuracy: 0.5312 (0.5459)  precision: 0.5000 (0.5334)  recall: 0.6667 (0.6559)  F2: 0.6494 (0.6192)  specificity: 0.3571 (0.4427)  NPV: 0.5385 (0.5773)  time: 1.1744  data: 0.2745  max mem: 7760
Epoch: [25]  [2500/3693]  eta: 0:22:07  lr: 0.000100  loss_ce: 0.6753 (0.6820)  accuracy: 0.5625 (0.5454)  precision: 0.5714 (0.5342)  recall: 0.7333 (0.6643)  F2: 0.6707 (0.6251)  specificity: 0.3333 (0.4338)  NPV: 0.5385 (0.5779)  time: 1.1350  data: 0.2301  max mem: 7760
Epoch: [25]  [3000/3693]  eta: 0:12:50  lr: 0.000100  loss_ce: 0.6794 (0.6818)  accuracy: 0.5625 (0.5450)  precision: 0.5417 (0.5335)  recall: 0.6429 (0.6700)  F2: 0.6173 (0.6289)  specificity: 0.5000 (0.4279)  NPV: 0.5833 (0.5797)  time: 1.1513  data: 0.2513  max mem: 7760
Epoch: [25]  [3500/3693]  eta: 0:03:34  lr: 0.000100  loss_ce: 0.6762 (0.6817)  accuracy: 0.5000 (0.5445)  precision: 0.5000 (0.5336)  recall: 0.5000 (0.6665)  F2: 0.4938 (0.6263)  specificity: 0.5714 (0.4309)  NPV: 0.5000 (0.5785)  time: 1.1161  data: 0.2149  max mem: 7760
Epoch: [25]  [3692/3693]  eta: 0:00:01  lr: 0.000100  loss_ce: 0.6628 (0.6817)  accuracy: 0.5625 (0.5444)  precision: 0.5333 (0.5332)  recall: 0.6111 (0.6616)  F2: 0.6000 (0.6226)  specificity: 0.5500 (0.4353)  NPV: 0.5882 (0.5781)  time: 1.0930  data: 0.2059  max mem: 7760
Epoch: [25] Total time: 1:08:21 (1.1107 s / it)
Averaged stats: lr: 0.000100  loss_ce: 0.6628 (0.6817)  accuracy: 0.5625 (0.5444)  precision: 0.5333 (0.5332)  recall: 0.6111 (0.6616)  F2: 0.6000 (0.6226)  specificity: 0.5500 (0.4353)  NPV: 0.5882 (0.5781)
Test:  [  0/688]  eta: 0:45:41  loss_ce: 0.7566 (0.7566)  accuracy: 0.6562 (0.6562)  precision: 0.7083 (0.7083)  recall: 0.8095 (0.8095)  F2: 0.7870 (0.7870)  specificity: 0.3636 (0.3636)  NPV: 0.5000 (0.5000)  time: 3.9852  data: 3.6197  max mem: 7760
Test:  [687/688]  eta: 0:00:00  loss_ce: 0.6921 (0.6897)  accuracy: 0.4483 (0.5294)  precision: 0.3704 (0.5124)  recall: 0.7500 (0.8107)  F2: 0.6098 (0.7111)  specificity: 0.3125 (0.2302)  NPV: 0.6667 (0.5576)  time: 0.7195  data: 0.3970  max mem: 7760
Test: Total time: 0:10:04 (0.8780 s / it)
Averaged stats: loss_ce: 0.6921 (0.6897)  accuracy: 0.4483 (0.5294)  precision: 0.3704 (0.5124)  recall: 0.7500 (0.8107)  F2: 0.6098 (0.7111)  specificity: 0.3125 (0.2302)  NPV: 0.6667 (0.5576)
Epoch: [26]  [   0/3693]  eta: 5:06:33  lr: 0.000100  loss_ce: 0.6991 (0.6991)  accuracy: 0.5000 (0.5000)  precision: 0.5000 (0.5000)  recall: 0.5000 (0.5000)  F2: 0.5000 (0.5000)  specificity: 0.5000 (0.5000)  NPV: 0.5000 (0.5000)  time: 4.9807  data: 3.2554  max mem: 7760
Epoch: [26]  [ 500/3693]  eta: 1:02:56  lr: 0.000100  loss_ce: 0.6798 (0.6800)  accuracy: 0.5312 (0.5475)  precision: 0.5500 (0.5381)  recall: 0.6923 (0.6373)  F2: 0.6771 (0.6067)  specificity: 0.3529 (0.4635)  NPV: 0.5000 (0.5742)  time: 1.1199  data: 0.2200  max mem: 7760
Epoch: [26]  [1000/3693]  eta: 0:51:40  lr: 0.000100  loss_ce: 0.6809 (0.6812)  accuracy: 0.5625 (0.5417)  precision: 0.5556 (0.5317)  recall: 0.6000 (0.6499)  F2: 0.5844 (0.6144)  specificity: 0.5294 (0.4403)  NPV: 0.5833 (0.5708)  time: 1.1036  data: 0.2053  max mem: 7760
Epoch: [26]  [1500/3693]  eta: 0:41:37  lr: 0.000100  loss_ce: 0.6665 (0.6802)  accuracy: 0.5625 (0.5445)  precision: 0.5714 (0.5338)  recall: 0.6667 (0.6476)  F2: 0.6604 (0.6132)  specificity: 0.4615 (0.4485)  NPV: 0.5714 (0.5740)  time: 1.1116  data: 0.2198  max mem: 7760
Epoch: [26]  [2000/3693]  eta: 0:31:54  lr: 0.000100  loss_ce: 0.6724 (0.6804)  accuracy: 0.5312 (0.5457)  precision: 0.5833 (0.5344)  recall: 0.5000 (0.6343)  F2: 0.5000 (0.6035)  specificity: 0.6471 (0.4640)  NPV: 0.5556 (0.5734)  time: 1.1354  data: 0.2409  max mem: 7760
Epoch: [26]  [2500/3693]  eta: 0:22:25  lr: 0.000100  loss_ce: 0.6837 (0.6804)  accuracy: 0.5312 (0.5460)  precision: 0.5000 (0.5358)  recall: 0.5714 (0.6414)  F2: 0.5385 (0.6086)  specificity: 0.5000 (0.4576)  NPV: 0.6000 (0.5746)  time: 1.1350  data: 0.2353  max mem: 7760
Epoch: [26]  [3000/3693]  eta: 0:12:59  lr: 0.000100  loss_ce: 0.6790 (0.6801)  accuracy: 0.5625 (0.5461)  precision: 0.5455 (0.5361)  recall: 0.8095 (0.6476)  F2: 0.6923 (0.6129)  specificity: 0.2727 (0.4517)  NPV: 0.6000 (0.5758)  time: 1.0630  data: 0.1679  max mem: 7760
Epoch: [26]  [3500/3693]  eta: 0:03:37  lr: 0.000100  loss_ce: 0.6643 (0.6802)  accuracy: 0.5312 (0.5455)  precision: 0.5000 (0.5349)  recall: 0.7368 (0.6569)  F2: 0.7143 (0.6195)  specificity: 0.3333 (0.4415)  NPV: 0.5714 (0.5773)  time: 1.1085  data: 0.2098  max mem: 7760
Epoch: [26]  [3692/3693]  eta: 0:00:01  lr: 0.000100  loss_ce: 0.6784 (0.6801)  accuracy: 0.5312 (0.5454)  precision: 0.5000 (0.5344)  recall: 0.5000 (0.6535)  F2: 0.5000 (0.6167)  specificity: 0.5000 (0.4448)  NPV: 0.5625 (0.5776)  time: 1.1445  data: 0.2639  max mem: 7760
Epoch: [26] Total time: 1:09:17 (1.1257 s / it)
Averaged stats: lr: 0.000100  loss_ce: 0.6784 (0.6801)  accuracy: 0.5312 (0.5454)  precision: 0.5000 (0.5344)  recall: 0.5000 (0.6535)  F2: 0.5000 (0.6167)  specificity: 0.5000 (0.4448)  NPV: 0.5625 (0.5776)
Test:  [  0/688]  eta: 0:47:40  loss_ce: 0.6953 (0.6953)  accuracy: 0.5625 (0.5625)  precision: 0.6207 (0.6207)  recall: 0.8571 (0.8571)  F2: 0.7965 (0.7965)  specificity: 0.0000 (0.0000)  NPV: 0.0000 (0.0000)  time: 4.1576  data: 3.8117  max mem: 7760
Test:  [687/688]  eta: 0:00:00  loss_ce: 0.6939 (0.6890)  accuracy: 0.5000 (0.5264)  precision: 0.4000 (0.5112)  recall: 0.8182 (0.8742)  F2: 0.6667 (0.7499)  specificity: 0.1905 (0.1636)  NPV: 0.6667 (0.5670)  time: 0.7218  data: 0.4045  max mem: 7760
Test: Total time: 0:10:09 (0.8852 s / it)
Averaged stats: loss_ce: 0.6939 (0.6890)  accuracy: 0.5000 (0.5264)  precision: 0.4000 (0.5112)  recall: 0.8182 (0.8742)  F2: 0.6667 (0.7499)  specificity: 0.1905 (0.1636)  NPV: 0.6667 (0.5670)
Epoch: [27]  [   0/3693]  eta: 4:38:50  lr: 0.000100  loss_ce: 0.6478 (0.6478)  accuracy: 0.6250 (0.6250)  precision: 0.5556 (0.5556)  recall: 0.7143 (0.7143)  F2: 0.6757 (0.6757)  specificity: 0.5556 (0.5556)  NPV: 0.7143 (0.7143)  time: 4.5302  data: 3.5318  max mem: 7760
Epoch: [27]  [ 500/3693]  eta: 1:03:05  lr: 0.000100  loss_ce: 0.6642 (0.6786)  accuracy: 0.5312 (0.5458)  precision: 0.5500 (0.5339)  recall: 0.6429 (0.6028)  F2: 0.6000 (0.5784)  specificity: 0.4444 (0.4967)  NPV: 0.5385 (0.5734)  time: 1.0737  data: 0.1757  max mem: 7760
Epoch: [27]  [1000/3693]  eta: 0:51:55  lr: 0.000100  loss_ce: 0.6609 (0.6790)  accuracy: 0.5312 (0.5455)  precision: 0.5238 (0.5326)  recall: 0.6250 (0.6305)  F2: 0.5952 (0.5993)  specificity: 0.4615 (0.4706)  NPV: 0.5833 (0.5778)  time: 1.1087  data: 0.2114  max mem: 7760
Epoch: [27]  [1500/3693]  eta: 0:41:44  lr: 0.000100  loss_ce: 0.6994 (0.6797)  accuracy: 0.5312 (0.5459)  precision: 0.5217 (0.5336)  recall: 0.7500 (0.6614)  F2: 0.7042 (0.6221)  specificity: 0.2778 (0.4388)  NPV: 0.5556 (0.5818)  time: 1.1310  data: 0.2273  max mem: 7760
Epoch: [27]  [2000/3693]  eta: 0:31:54  lr: 0.000100  loss_ce: 0.6797 (0.6799)  accuracy: 0.5312 (0.5437)  precision: 0.5294 (0.5307)  recall: 0.6250 (0.6781)  F2: 0.6190 (0.6333)  specificity: 0.3846 (0.4193)  NPV: 0.5714 (0.5838)  time: 1.0572  data: 0.1596  max mem: 7760
Epoch: [27]  [2500/3693]  eta: 0:22:22  lr: 0.000100  loss_ce: 0.6777 (0.6797)  accuracy: 0.5625 (0.5434)  precision: 0.5500 (0.5302)  recall: 0.7368 (0.6884)  F2: 0.7075 (0.6408)  specificity: 0.3125 (0.4075)  NPV: 0.5455 (0.5838)  time: 1.0558  data: 0.1595  max mem: 7760
Epoch: [27]  [3000/3693]  eta: 0:12:59  lr: 0.000100  loss_ce: 0.6744 (0.6796)  accuracy: 0.5625 (0.5433)  precision: 0.5556 (0.5303)  recall: 0.5333 (0.6740)  F2: 0.5195 (0.6297)  specificity: 0.6000 (0.4217)  NPV: 0.5333 (0.5825)  time: 1.1151  data: 0.2174  max mem: 7760
Epoch: [27]  [3500/3693]  eta: 0:03:36  lr: 0.000100  loss_ce: 0.6702 (0.6792)  accuracy: 0.5000 (0.5446)  precision: 0.4762 (0.5325)  recall: 0.6667 (0.6797)  F2: 0.6034 (0.6346)  specificity: 0.3529 (0.4180)  NPV: 0.5455 (0.5829)  time: 1.1158  data: 0.2145  max mem: 7760
Epoch: [27]  [3692/3693]  eta: 0:00:01  lr: 0.000100  loss_ce: 0.6762 (0.6793)  accuracy: 0.5312 (0.5445)  precision: 0.5000 (0.5324)  recall: 0.7333 (0.6790)  F2: 0.6707 (0.6341)  specificity: 0.3810 (0.4186)  NPV: 0.6000 (0.5827)  time: 1.0458  data: 0.1555  max mem: 7760
Epoch: [27] Total time: 1:09:01 (1.1215 s / it)
Averaged stats: lr: 0.000100  loss_ce: 0.6762 (0.6793)  accuracy: 0.5312 (0.5445)  precision: 0.5000 (0.5324)  recall: 0.7333 (0.6790)  F2: 0.6707 (0.6341)  specificity: 0.3810 (0.4186)  NPV: 0.6000 (0.5827)
Test:  [  0/688]  eta: 0:47:20  loss_ce: 0.6903 (0.6903)  accuracy: 0.5938 (0.5938)  precision: 0.6538 (0.6538)  recall: 0.8095 (0.8095)  F2: 0.7727 (0.7727)  specificity: 0.1818 (0.1818)  NPV: 0.3333 (0.3333)  time: 4.1285  data: 3.7564  max mem: 7760
Test:  [687/688]  eta: 0:00:00  loss_ce: 0.7059 (0.6905)  accuracy: 0.4375 (0.5199)  precision: 0.3667 (0.5079)  recall: 0.9167 (0.8756)  F2: 0.7246 (0.7478)  specificity: 0.1364 (0.1531)  NPV: 0.7500 (0.5535)  time: 0.7225  data: 0.4006  max mem: 7760
Test: Total time: 0:10:09 (0.8865 s / it)
Averaged stats: loss_ce: 0.7059 (0.6905)  accuracy: 0.4375 (0.5199)  precision: 0.3667 (0.5079)  recall: 0.9167 (0.8756)  F2: 0.7246 (0.7478)  specificity: 0.1364 (0.1531)  NPV: 0.7500 (0.5535)
Epoch: [28]  [   0/3693]  eta: 5:05:02  lr: 0.000100  loss_ce: 0.6495 (0.6495)  accuracy: 0.5000 (0.5000)  precision: 0.4000 (0.4000)  recall: 0.9091 (0.9091)  F2: 0.7246 (0.7246)  specificity: 0.2857 (0.2857)  NPV: 0.8571 (0.8571)  time: 4.9561  data: 3.5424  max mem: 7760
Epoch: [28]  [ 500/3693]  eta: 1:01:30  lr: 0.000100  loss_ce: 0.6731 (0.6778)  accuracy: 0.5000 (0.5454)  precision: 0.4800 (0.5339)  recall: 0.5714 (0.5768)  F2: 0.5556 (0.5574)  specificity: 0.4375 (0.5228)  NPV: 0.5000 (0.5719)  time: 1.0540  data: 0.1516  max mem: 7760
Epoch: [28]  [1000/3693]  eta: 0:51:03  lr: 0.000100  loss_ce: 0.6762 (0.6780)  accuracy: 0.5625 (0.5490)  precision: 0.5600 (0.5387)  recall: 0.7857 (0.6576)  F2: 0.7303 (0.6198)  specificity: 0.2857 (0.4443)  NPV: 0.5714 (0.5799)  time: 1.1059  data: 0.2020  max mem: 7760
Epoch: [28]  [1500/3693]  eta: 0:41:04  lr: 0.000100  loss_ce: 0.6661 (0.6772)  accuracy: 0.5625 (0.5501)  precision: 0.5294 (0.5388)  recall: 0.6429 (0.6861)  F2: 0.6164 (0.6405)  specificity: 0.4000 (0.4190)  NPV: 0.5714 (0.5877)  time: 1.1083  data: 0.2054  max mem: 7760
Epoch: [28]  [2000/3693]  eta: 0:31:30  lr: 0.000100  loss_ce: 0.6607 (0.6772)  accuracy: 0.5625 (0.5493)  precision: 0.5238 (0.5372)  recall: 0.7333 (0.6634)  F2: 0.6667 (0.6231)  specificity: 0.4118 (0.4403)  NPV: 0.5714 (0.5850)  time: 1.1428  data: 0.2425  max mem: 7760
Epoch: [28]  [2500/3693]  eta: 0:22:06  lr: 0.000100  loss_ce: 0.6806 (0.6773)  accuracy: 0.5625 (0.5510)  precision: 0.5600 (0.5388)  recall: 0.7500 (0.6732)  F2: 0.7229 (0.6314)  specificity: 0.3889 (0.4334)  NPV: 0.6154 (0.5863)  time: 1.1862  data: 0.2813  max mem: 7760
Epoch: [28]  [3000/3693]  eta: 0:12:47  lr: 0.000100  loss_ce: 0.6547 (0.6773)  accuracy: 0.5000 (0.5497)  precision: 0.5385 (0.5375)  recall: 0.5833 (0.6685)  F2: 0.5738 (0.6279)  specificity: 0.5333 (0.4361)  NPV: 0.5714 (0.5844)  time: 1.0697  data: 0.1711  max mem: 7760
Epoch: [28]  [3500/3693]  eta: 0:03:33  lr: 0.000100  loss_ce: 0.6858 (0.6771)  accuracy: 0.5625 (0.5507)  precision: 0.5000 (0.5383)  recall: 0.7000 (0.6658)  F2: 0.6429 (0.6264)  specificity: 0.3846 (0.4413)  NPV: 0.5714 (0.5851)  time: 1.0920  data: 0.1859  max mem: 7760
Epoch: [28]  [3692/3693]  eta: 0:00:01  lr: 0.000100  loss_ce: 0.6737 (0.6768)  accuracy: 0.5625 (0.5514)  precision: 0.5455 (0.5390)  recall: 0.4545 (0.6620)  F2: 0.4688 (0.6238)  specificity: 0.6364 (0.4466)  NPV: 0.5714 (0.5853)  time: 1.0683  data: 0.1772  max mem: 7760
Epoch: [28] Total time: 1:08:06 (1.1067 s / it)
Averaged stats: lr: 0.000100  loss_ce: 0.6737 (0.6768)  accuracy: 0.5625 (0.5514)  precision: 0.5455 (0.5390)  recall: 0.4545 (0.6620)  F2: 0.4688 (0.6238)  specificity: 0.6364 (0.4466)  NPV: 0.5714 (0.5853)
Test:  [  0/688]  eta: 0:51:07  loss_ce: 0.7202 (0.7202)  accuracy: 0.5000 (0.5000)  precision: 0.6667 (0.6667)  recall: 0.4762 (0.4762)  F2: 0.5051 (0.5051)  specificity: 0.5455 (0.5455)  NPV: 0.3529 (0.3529)  time: 4.4591  data: 4.0660  max mem: 7760
Test:  [687/688]  eta: 0:00:00  loss_ce: 0.6943 (0.6881)  accuracy: 0.5000 (0.5350)  precision: 0.3750 (0.5221)  recall: 0.6000 (0.5471)  F2: 0.5263 (0.5281)  specificity: 0.4706 (0.5071)  NPV: 0.7143 (0.5370)  time: 0.7283  data: 0.4110  max mem: 7760
Test: Total time: 0:10:05 (0.8805 s / it)
Averaged stats: loss_ce: 0.6943 (0.6881)  accuracy: 0.5000 (0.5350)  precision: 0.3750 (0.5221)  recall: 0.6000 (0.5471)  F2: 0.5263 (0.5281)  specificity: 0.4706 (0.5071)  NPV: 0.7143 (0.5370)
Epoch: [29]  [   0/3693]  eta: 4:28:52  lr: 0.000100  loss_ce: 0.6528 (0.6528)  accuracy: 0.5312 (0.5312)  precision: 0.5385 (0.5385)  recall: 0.4375 (0.4375)  F2: 0.4545 (0.4545)  specificity: 0.6250 (0.6250)  NPV: 0.5263 (0.5263)  time: 4.3683  data: 3.4487  max mem: 7760
Epoch: [29]  [ 500/3693]  eta: 1:02:28  lr: 0.000100  loss_ce: 0.6668 (0.6775)  accuracy: 0.5312 (0.5499)  precision: 0.5789 (0.5437)  recall: 0.6316 (0.5878)  F2: 0.6180 (0.5710)  specificity: 0.5385 (0.5199)  NPV: 0.4667 (0.5675)  time: 1.0239  data: 0.1238  max mem: 7760
Epoch: [29]  [1000/3693]  eta: 0:51:15  lr: 0.000100  loss_ce: 0.6689 (0.6767)  accuracy: 0.5625 (0.5494)  precision: 0.5333 (0.5412)  recall: 0.6111 (0.6308)  F2: 0.5914 (0.6021)  specificity: 0.4286 (0.4751)  NPV: 0.5455 (0.5741)  time: 1.1326  data: 0.2295  max mem: 7760
Epoch: [29]  [1500/3693]  eta: 0:41:10  lr: 0.000100  loss_ce: 0.6702 (0.6772)  accuracy: 0.6250 (0.5520)  precision: 0.5714 (0.5419)  recall: 0.6000 (0.6670)  F2: 0.6383 (0.6289)  specificity: 0.4667 (0.4429)  NPV: 0.5556 (0.5839)  time: 1.1055  data: 0.2051  max mem: 7760
Epoch: [29]  [2000/3693]  eta: 0:31:27  lr: 0.000100  loss_ce: 0.6632 (0.6767)  accuracy: 0.5938 (0.5516)  precision: 0.5385 (0.5406)  recall: 0.7500 (0.6674)  F2: 0.7000 (0.6289)  specificity: 0.4000 (0.4425)  NPV: 0.6667 (0.5847)  time: 1.0335  data: 0.1343  max mem: 7760
Epoch: [29]  [2500/3693]  eta: 0:22:02  lr: 0.000100  loss_ce: 0.6873 (0.6769)  accuracy: 0.5625 (0.5507)  precision: 0.6000 (0.5383)  recall: 0.5000 (0.6696)  F2: 0.5072 (0.6299)  specificity: 0.6316 (0.4391)  NPV: 0.5652 (0.5860)  time: 1.1239  data: 0.2245  max mem: 7760
Epoch: [29]  [3000/3693]  eta: 0:12:44  lr: 0.000100  loss_ce: 0.6758 (0.6772)  accuracy: 0.5625 (0.5505)  precision: 0.5294 (0.5383)  recall: 0.6923 (0.6601)  F2: 0.6395 (0.6228)  specificity: 0.4000 (0.4489)  NPV: 0.5714 (0.5847)  time: 1.0931  data: 0.1897  max mem: 7760
Epoch: [29]  [3500/3693]  eta: 0:03:32  lr: 0.000100  loss_ce: 0.6549 (0.6772)  accuracy: 0.5625 (0.5503)  precision: 0.5455 (0.5379)  recall: 0.7333 (0.6674)  F2: 0.6790 (0.6282)  specificity: 0.4118 (0.4413)  NPV: 0.6000 (0.5853)  time: 1.0782  data: 0.1840  max mem: 7760
Epoch: [29]  [3692/3693]  eta: 0:00:01  lr: 0.000100  loss_ce: 0.6701 (0.6771)  accuracy: 0.5312 (0.5502)  precision: 0.5294 (0.5378)  recall: 0.6000 (0.6658)  F2: 0.5941 (0.6271)  specificity: 0.5000 (0.4426)  NPV: 0.5000 (0.5847)  time: 1.0345  data: 0.1460  max mem: 7760
Epoch: [29] Total time: 1:07:44 (1.1007 s / it)
Averaged stats: lr: 0.000100  loss_ce: 0.6701 (0.6771)  accuracy: 0.5312 (0.5502)  precision: 0.5294 (0.5378)  recall: 0.6000 (0.6658)  F2: 0.5941 (0.6271)  specificity: 0.5000 (0.4426)  NPV: 0.5000 (0.5847)
Test:  [  0/688]  eta: 0:46:00  loss_ce: 0.6939 (0.6939)  accuracy: 0.5625 (0.5625)  precision: 0.6522 (0.6522)  recall: 0.7143 (0.7143)  F2: 0.7009 (0.7009)  specificity: 0.2727 (0.2727)  NPV: 0.3333 (0.3333)  time: 4.0123  data: 3.6535  max mem: 7760
Test:  [687/688]  eta: 0:00:00  loss_ce: 0.6933 (0.6861)  accuracy: 0.4688 (0.5414)  precision: 0.4000 (0.5185)  recall: 0.7273 (0.8045)  F2: 0.6173 (0.7109)  specificity: 0.2941 (0.2560)  NPV: 0.6923 (0.5790)  time: 0.7332  data: 0.4166  max mem: 7760
Test: Total time: 0:10:00 (0.8729 s / it)
Averaged stats: loss_ce: 0.6933 (0.6861)  accuracy: 0.4688 (0.5414)  precision: 0.4000 (0.5185)  recall: 0.7273 (0.8045)  F2: 0.6173 (0.7109)  specificity: 0.2941 (0.2560)  NPV: 0.6923 (0.5790)
Epoch: [30]  [   0/3693]  eta: 4:05:00  lr: 0.000100  loss_ce: 0.7044 (0.7044)  accuracy: 0.5000 (0.5000)  precision: 0.5263 (0.5263)  recall: 0.5882 (0.5882)  F2: 0.5747 (0.5747)  specificity: 0.4000 (0.4000)  NPV: 0.4615 (0.4615)  time: 3.9806  data: 3.0385  max mem: 7760
Epoch: [30]  [ 500/3693]  eta: 1:02:04  lr: 0.000100  loss_ce: 0.6737 (0.6754)  accuracy: 0.5000 (0.5542)  precision: 0.5455 (0.5439)  recall: 0.6875 (0.7003)  F2: 0.6383 (0.6550)  specificity: 0.3333 (0.4132)  NPV: 0.4167 (0.5836)  time: 1.0698  data: 0.1684  max mem: 7760
Epoch: [30]  [1000/3693]  eta: 0:51:06  lr: 0.000100  loss_ce: 0.6660 (0.6753)  accuracy: 0.5000 (0.5541)  precision: 0.5000 (0.5429)  recall: 0.6923 (0.7005)  F2: 0.6164 (0.6546)  specificity: 0.3684 (0.4143)  NPV: 0.5000 (0.5875)  time: 1.1064  data: 0.2021  max mem: 7760
Epoch: [30]  [1500/3693]  eta: 0:40:57  lr: 0.000100  loss_ce: 0.6630 (0.6760)  accuracy: 0.5312 (0.5531)  precision: 0.4706 (0.5405)  recall: 0.6000 (0.6953)  F2: 0.5970 (0.6502)  specificity: 0.5294 (0.4188)  NPV: 0.5625 (0.5881)  time: 1.1217  data: 0.2215  max mem: 7760
Epoch: [30]  [2000/3693]  eta: 0:31:19  lr: 0.000100  loss_ce: 0.6634 (0.6763)  accuracy: 0.5000 (0.5520)  precision: 0.5000 (0.5400)  recall: 0.6316 (0.6802)  F2: 0.6098 (0.6391)  specificity: 0.3889 (0.4319)  NPV: 0.5714 (0.5849)  time: 1.0907  data: 0.1980  max mem: 7760
Epoch: [30]  [2500/3693]  eta: 0:21:58  lr: 0.000100  loss_ce: 0.6658 (0.6767)  accuracy: 0.5938 (0.5518)  precision: 0.5263 (0.5391)  recall: 0.7000 (0.6695)  F2: 0.6452 (0.6309)  specificity: 0.4167 (0.4426)  NPV: 0.5714 (0.5844)  time: 1.0856  data: 0.1876  max mem: 7760
Epoch: [30]  [3000/3693]  eta: 0:12:43  lr: 0.000100  loss_ce: 0.6625 (0.6764)  accuracy: 0.5625 (0.5501)  precision: 0.5000 (0.5372)  recall: 0.7333 (0.6721)  F2: 0.6790 (0.6323)  specificity: 0.3889 (0.4368)  NPV: 0.6667 (0.5835)  time: 1.1115  data: 0.2118  max mem: 7760
Epoch: [30]  [3500/3693]  eta: 0:03:32  lr: 0.000100  loss_ce: 0.6673 (0.6762)  accuracy: 0.5312 (0.5507)  precision: 0.5294 (0.5377)  recall: 0.6500 (0.6770)  F2: 0.6250 (0.6359)  specificity: 0.4167 (0.4333)  NPV: 0.6154 (0.5851)  time: 1.1338  data: 0.2310  max mem: 7760
Epoch: [30]  [3692/3693]  eta: 0:00:01  lr: 0.000100  loss_ce: 0.6741 (0.6762)  accuracy: 0.5000 (0.5510)  precision: 0.5000 (0.5380)  recall: 0.6250 (0.6765)  F2: 0.5882 (0.6357)  specificity: 0.4211 (0.4343)  NPV: 0.5625 (0.5852)  time: 1.0560  data: 0.1706  max mem: 7760
Epoch: [30] Total time: 1:07:34 (1.0979 s / it)
Averaged stats: lr: 0.000100  loss_ce: 0.6741 (0.6762)  accuracy: 0.5000 (0.5510)  precision: 0.5000 (0.5380)  recall: 0.6250 (0.6765)  F2: 0.5882 (0.6357)  specificity: 0.4211 (0.4343)  NPV: 0.5625 (0.5852)
Test:  [  0/688]  eta: 0:51:05  loss_ce: 0.7113 (0.7113)  accuracy: 0.4688 (0.4688)  precision: 0.6250 (0.6250)  recall: 0.4762 (0.4762)  F2: 0.5000 (0.5000)  specificity: 0.4545 (0.4545)  NPV: 0.3125 (0.3125)  time: 4.4560  data: 4.0856  max mem: 7760
Test:  [687/688]  eta: 0:00:00  loss_ce: 0.6870 (0.6882)  accuracy: 0.5862 (0.5463)  precision: 0.4615 (0.5237)  recall: 0.6667 (0.7320)  F2: 0.6250 (0.6642)  specificity: 0.4762 (0.3389)  NPV: 0.6923 (0.5694)  time: 0.7394  data: 0.4245  max mem: 7760
Test: Total time: 0:10:04 (0.8785 s / it)
Averaged stats: loss_ce: 0.6870 (0.6882)  accuracy: 0.5862 (0.5463)  precision: 0.4615 (0.5237)  recall: 0.6667 (0.7320)  F2: 0.6250 (0.6642)  specificity: 0.4762 (0.3389)  NPV: 0.6923 (0.5694)
Epoch: [31]  [   0/3693]  eta: 3:55:22  lr: 0.000100  loss_ce: 0.6451 (0.6451)  accuracy: 0.5000 (0.5000)  precision: 0.4500 (0.4500)  recall: 0.6429 (0.6429)  F2: 0.5921 (0.5921)  specificity: 0.3889 (0.3889)  NPV: 0.5833 (0.5833)  time: 3.8242  data: 2.8999  max mem: 7760
Epoch: [31]  [ 500/3693]  eta: 1:02:06  lr: 0.000100  loss_ce: 0.6709 (0.6766)  accuracy: 0.5312 (0.5460)  precision: 0.5769 (0.5351)  recall: 0.6667 (0.6116)  F2: 0.6061 (0.5840)  specificity: 0.4375 (0.4903)  NPV: 0.5455 (0.5777)  time: 1.0062  data: 0.1098  max mem: 7760
Epoch: [31]  [1000/3693]  eta: 0:51:02  lr: 0.000100  loss_ce: 0.6844 (0.6767)  accuracy: 0.5312 (0.5480)  precision: 0.5000 (0.5403)  recall: 0.6471 (0.6286)  F2: 0.6044 (0.5999)  specificity: 0.3571 (0.4753)  NPV: 0.5000 (0.5726)  time: 1.0920  data: 0.1958  max mem: 7760
Epoch: [31]  [1500/3693]  eta: 0:41:00  lr: 0.000100  loss_ce: 0.6670 (0.6771)  accuracy: 0.5312 (0.5487)  precision: 0.5238 (0.5385)  recall: 0.7500 (0.6686)  F2: 0.6742 (0.6287)  specificity: 0.3333 (0.4381)  NPV: 0.6000 (0.5831)  time: 1.1019  data: 0.2026  max mem: 7760
Epoch: [31]  [2000/3693]  eta: 0:31:19  lr: 0.000100  loss_ce: 0.6773 (0.6765)  accuracy: 0.5938 (0.5502)  precision: 0.5417 (0.5402)  recall: 0.7273 (0.6624)  F2: 0.6593 (0.6248)  specificity: 0.4667 (0.4473)  NPV: 0.6364 (0.5821)  time: 1.1136  data: 0.2132  max mem: 7760
Epoch: [31]  [2500/3693]  eta: 0:21:58  lr: 0.000100  loss_ce: 0.6727 (0.6765)  accuracy: 0.5625 (0.5506)  precision: 0.5217 (0.5395)  recall: 0.8182 (0.6776)  F2: 0.7143 (0.6359)  specificity: 0.3333 (0.4325)  NPV: 0.6667 (0.5849)  time: 1.1132  data: 0.2161  max mem: 7760
Epoch: [31]  [3000/3693]  eta: 0:12:44  lr: 0.000100  loss_ce: 0.6695 (0.6759)  accuracy: 0.5312 (0.5506)  precision: 0.5238 (0.5387)  recall: 0.6875 (0.6804)  F2: 0.6627 (0.6378)  specificity: 0.3529 (0.4301)  NPV: 0.6154 (0.5855)  time: 1.0616  data: 0.1608  max mem: 7760
Epoch: [31]  [3500/3693]  eta: 0:03:32  lr: 0.000100  loss_ce: 0.6731 (0.6757)  accuracy: 0.5625 (0.5506)  precision: 0.5263 (0.5379)  recall: 0.7059 (0.6902)  F2: 0.6557 (0.6447)  specificity: 0.4000 (0.4206)  NPV: 0.6154 (0.5883)  time: 1.0785  data: 0.1777  max mem: 7760
Epoch: [31]  [3692/3693]  eta: 0:00:01  lr: 0.000100  loss_ce: 0.6679 (0.6757)  accuracy: 0.5312 (0.5510)  precision: 0.5455 (0.5381)  recall: 0.5789 (0.6896)  F2: 0.5738 (0.6444)  specificity: 0.5238 (0.4222)  NPV: 0.5625 (0.5887)  time: 1.0348  data: 0.1458  max mem: 7760
Epoch: [31] Total time: 1:07:51 (1.1024 s / it)
Averaged stats: lr: 0.000100  loss_ce: 0.6679 (0.6757)  accuracy: 0.5312 (0.5510)  precision: 0.5455 (0.5381)  recall: 0.5789 (0.6896)  F2: 0.5738 (0.6444)  specificity: 0.5238 (0.4222)  NPV: 0.5625 (0.5887)
Test:  [  0/688]  eta: 0:50:36  loss_ce: 0.6986 (0.6986)  accuracy: 0.5625 (0.5625)  precision: 0.6667 (0.6667)  recall: 0.6667 (0.6667)  F2: 0.6667 (0.6667)  specificity: 0.3636 (0.3636)  NPV: 0.3636 (0.3636)  time: 4.4141  data: 4.0590  max mem: 7760
Test:  [687/688]  eta: 0:00:00  loss_ce: 0.6829 (0.6867)  accuracy: 0.5312 (0.5440)  precision: 0.4167 (0.5232)  recall: 0.7273 (0.7383)  F2: 0.6140 (0.6666)  specificity: 0.4091 (0.3338)  NPV: 0.7333 (0.5691)  time: 0.7134  data: 0.3985  max mem: 7760
Test: Total time: 0:09:59 (0.8713 s / it)
Averaged stats: loss_ce: 0.6829 (0.6867)  accuracy: 0.5312 (0.5440)  precision: 0.4167 (0.5232)  recall: 0.7273 (0.7383)  F2: 0.6140 (0.6666)  specificity: 0.4091 (0.3338)  NPV: 0.7333 (0.5691)
Epoch: [32]  [   0/3693]  eta: 4:50:49  lr: 0.000100  loss_ce: 0.6706 (0.6706)  accuracy: 0.5312 (0.5312)  precision: 0.5000 (0.5000)  recall: 0.4667 (0.4667)  F2: 0.4730 (0.4730)  specificity: 0.5882 (0.5882)  NPV: 0.5556 (0.5556)  time: 4.7249  data: 3.7918  max mem: 7760
Epoch: [32]  [ 500/3693]  eta: 1:01:57  lr: 0.000100  loss_ce: 0.6648 (0.6763)  accuracy: 0.5625 (0.5501)  precision: 0.5000 (0.5382)  recall: 0.6000 (0.6251)  F2: 0.5833 (0.5994)  specificity: 0.5263 (0.4833)  NPV: 0.6000 (0.5732)  time: 1.0652  data: 0.1592  max mem: 7760
Epoch: [32]  [1000/3693]  eta: 0:50:55  lr: 0.000100  loss_ce: 0.6644 (0.6750)  accuracy: 0.5938 (0.5523)  precision: 0.5385 (0.5402)  recall: 0.7143 (0.6612)  F2: 0.6667 (0.6261)  specificity: 0.4375 (0.4518)  NPV: 0.5833 (0.5803)  time: 1.1301  data: 0.2262  max mem: 7760
Epoch: [32]  [1500/3693]  eta: 0:40:56  lr: 0.000100  loss_ce: 0.6839 (0.6761)  accuracy: 0.5625 (0.5520)  precision: 0.5217 (0.5400)  recall: 0.6429 (0.6587)  F2: 0.6081 (0.6243)  specificity: 0.3889 (0.4541)  NPV: 0.6000 (0.5802)  time: 1.0960  data: 0.1977  max mem: 7760
Epoch: [32]  [2000/3693]  eta: 0:31:18  lr: 0.000100  loss_ce: 0.6601 (0.6752)  accuracy: 0.5625 (0.5535)  precision: 0.5333 (0.5411)  recall: 0.6471 (0.6676)  F2: 0.6173 (0.6310)  specificity: 0.4667 (0.4474)  NPV: 0.5714 (0.5835)  time: 1.0561  data: 0.1585  max mem: 7760
Epoch: [32]  [2500/3693]  eta: 0:21:59  lr: 0.000100  loss_ce: 0.6574 (0.6749)  accuracy: 0.5625 (0.5536)  precision: 0.5500 (0.5408)  recall: 0.5789 (0.6667)  F2: 0.5729 (0.6301)  specificity: 0.5294 (0.4493)  NPV: 0.5333 (0.5848)  time: 1.0848  data: 0.1838  max mem: 7760
Epoch: [32]  [3000/3693]  eta: 0:12:43  lr: 0.000100  loss_ce: 0.6643 (0.6747)  accuracy: 0.5312 (0.5543)  precision: 0.5500 (0.5419)  recall: 0.6471 (0.6680)  F2: 0.6180 (0.6314)  specificity: 0.4444 (0.4490)  NPV: 0.5556 (0.5845)  time: 1.1284  data: 0.2217  max mem: 7760
Epoch: [32]  [3500/3693]  eta: 0:03:32  lr: 0.000100  loss_ce: 0.6800 (0.6746)  accuracy: 0.5000 (0.5538)  precision: 0.4762 (0.5410)  recall: 0.6471 (0.6683)  F2: 0.5882 (0.6314)  specificity: 0.3333 (0.4478)  NPV: 0.5000 (0.5842)  time: 1.1322  data: 0.2315  max mem: 7760
Epoch: [32]  [3692/3693]  eta: 0:00:01  lr: 0.000100  loss_ce: 0.6612 (0.6745)  accuracy: 0.5312 (0.5536)  precision: 0.5625 (0.5407)  recall: 0.5625 (0.6658)  F2: 0.5333 (0.6295)  specificity: 0.5625 (0.4499)  NPV: 0.5625 (0.5840)  time: 1.0693  data: 0.1804  max mem: 7760
Epoch: [32] Total time: 1:07:37 (1.0987 s / it)
Averaged stats: lr: 0.000100  loss_ce: 0.6612 (0.6745)  accuracy: 0.5312 (0.5536)  precision: 0.5625 (0.5407)  recall: 0.5625 (0.6658)  F2: 0.5333 (0.6295)  specificity: 0.5625 (0.4499)  NPV: 0.5625 (0.5840)
Test:  [  0/688]  eta: 0:48:52  loss_ce: 0.6971 (0.6971)  accuracy: 0.5312 (0.5312)  precision: 0.6364 (0.6364)  recall: 0.6667 (0.6667)  F2: 0.6604 (0.6604)  specificity: 0.2727 (0.2727)  NPV: 0.3000 (0.3000)  time: 4.2630  data: 3.8989  max mem: 7760
Test:  [687/688]  eta: 0:00:00  loss_ce: 0.6774 (0.6873)  accuracy: 0.5312 (0.5465)  precision: 0.4348 (0.5261)  recall: 0.6000 (0.6815)  F2: 0.5696 (0.6304)  specificity: 0.4286 (0.3912)  NPV: 0.6667 (0.5598)  time: 0.6812  data: 0.3712  max mem: 7760
Test: Total time: 0:09:59 (0.8710 s / it)
Averaged stats: loss_ce: 0.6774 (0.6873)  accuracy: 0.5312 (0.5465)  precision: 0.4348 (0.5261)  recall: 0.6000 (0.6815)  F2: 0.5696 (0.6304)  specificity: 0.4286 (0.3912)  NPV: 0.6667 (0.5598)
Epoch: [33]  [   0/3693]  eta: 4:53:44  lr: 0.000100  loss_ce: 0.6745 (0.6745)  accuracy: 0.4062 (0.4062)  precision: 0.3684 (0.3684)  recall: 0.5000 (0.5000)  F2: 0.4667 (0.4667)  specificity: 0.3333 (0.3333)  NPV: 0.4615 (0.4615)  time: 4.7723  data: 3.8491  max mem: 7760
Epoch: [33]  [ 500/3693]  eta: 1:01:29  lr: 0.000100  loss_ce: 0.6631 (0.6730)  accuracy: 0.5938 (0.5594)  precision: 0.5556 (0.5487)  recall: 0.7143 (0.6600)  F2: 0.6618 (0.6278)  specificity: 0.4615 (0.4664)  NPV: 0.6429 (0.5839)  time: 1.1130  data: 0.2085  max mem: 7760
Epoch: [33]  [1000/3693]  eta: 0:50:48  lr: 0.000100  loss_ce: 0.6730 (0.6742)  accuracy: 0.5625 (0.5553)  precision: 0.5417 (0.5430)  recall: 0.6250 (0.6549)  F2: 0.6098 (0.6225)  specificity: 0.4375 (0.4626)  NPV: 0.5455 (0.5809)  time: 1.1785  data: 0.2774  max mem: 7760
Epoch: [33]  [1500/3693]  eta: 0:40:54  lr: 0.000100  loss_ce: 0.6653 (0.6731)  accuracy: 0.5938 (0.5582)  precision: 0.5333 (0.5444)  recall: 0.6667 (0.6663)  F2: 0.6329 (0.6310)  specificity: 0.5455 (0.4583)  NPV: 0.6000 (0.5886)  time: 1.0653  data: 0.1637  max mem: 7760
Epoch: [33]  [2000/3693]  eta: 0:31:22  lr: 0.000100  loss_ce: 0.6759 (0.6731)  accuracy: 0.4688 (0.5585)  precision: 0.5000 (0.5451)  recall: 0.5882 (0.6579)  F2: 0.5556 (0.6249)  specificity: 0.4118 (0.4677)  NPV: 0.5000 (0.5873)  time: 1.0616  data: 0.1609  max mem: 7760
Epoch: [33]  [2500/3693]  eta: 0:22:01  lr: 0.000100  loss_ce: 0.6707 (0.6736)  accuracy: 0.5625 (0.5578)  precision: 0.5500 (0.5442)  recall: 0.7500 (0.6649)  F2: 0.6548 (0.6299)  specificity: 0.3500 (0.4591)  NPV: 0.5000 (0.5875)  time: 1.1120  data: 0.2092  max mem: 7760
Epoch: [33]  [3000/3693]  eta: 0:12:45  lr: 0.000100  loss_ce: 0.6609 (0.6731)  accuracy: 0.5625 (0.5565)  precision: 0.5455 (0.5431)  recall: 0.7857 (0.6724)  F2: 0.7143 (0.6350)  specificity: 0.3750 (0.4488)  NPV: 0.6000 (0.5873)  time: 1.0850  data: 0.1817  max mem: 7760
Epoch: [33]  [3500/3693]  eta: 0:03:33  lr: 0.000100  loss_ce: 0.6752 (0.6734)  accuracy: 0.5312 (0.5561)  precision: 0.5263 (0.5423)  recall: 0.6364 (0.6756)  F2: 0.6164 (0.6371)  specificity: 0.4211 (0.4452)  NPV: 0.5455 (0.5881)  time: 1.0891  data: 0.1949  max mem: 7760
Epoch: [33]  [3692/3693]  eta: 0:00:01  lr: 0.000100  loss_ce: 0.6488 (0.6731)  accuracy: 0.5625 (0.5555)  precision: 0.5263 (0.5420)  recall: 0.7222 (0.6735)  F2: 0.6707 (0.6355)  specificity: 0.4118 (0.4462)  NPV: 0.5833 (0.5870)  time: 1.0477  data: 0.1640  max mem: 7760
Epoch: [33] Total time: 1:07:59 (1.1045 s / it)
Averaged stats: lr: 0.000100  loss_ce: 0.6488 (0.6731)  accuracy: 0.5625 (0.5555)  precision: 0.5263 (0.5420)  recall: 0.7222 (0.6735)  F2: 0.6707 (0.6355)  specificity: 0.4118 (0.4462)  NPV: 0.5833 (0.5870)
Test:  [  0/688]  eta: 0:51:16  loss_ce: 0.6999 (0.6999)  accuracy: 0.5312 (0.5312)  precision: 0.6500 (0.6500)  recall: 0.6190 (0.6190)  F2: 0.6250 (0.6250)  specificity: 0.3636 (0.3636)  NPV: 0.3333 (0.3333)  time: 4.4715  data: 4.0925  max mem: 7760
Test:  [687/688]  eta: 0:00:00  loss_ce: 0.6765 (0.6931)  accuracy: 0.5625 (0.5405)  precision: 0.4444 (0.5217)  recall: 0.7000 (0.7212)  F2: 0.6250 (0.6558)  specificity: 0.4286 (0.3424)  NPV: 0.7059 (0.5604)  time: 0.6933  data: 0.3741  max mem: 7760
Test: Total time: 0:09:57 (0.8681 s / it)
Averaged stats: loss_ce: 0.6765 (0.6931)  accuracy: 0.5625 (0.5405)  precision: 0.4444 (0.5217)  recall: 0.7000 (0.7212)  F2: 0.6250 (0.6558)  specificity: 0.4286 (0.3424)  NPV: 0.7059 (0.5604)
Epoch: [34]  [   0/3693]  eta: 4:15:40  lr: 0.000100  loss_ce: 0.6518 (0.6518)  accuracy: 0.6562 (0.6562)  precision: 0.6316 (0.6316)  recall: 0.7500 (0.7500)  F2: 0.7229 (0.7229)  specificity: 0.5625 (0.5625)  NPV: 0.6923 (0.6923)  time: 4.1540  data: 3.2365  max mem: 7760
Epoch: [34]  [ 500/3693]  eta: 1:02:09  lr: 0.000100  loss_ce: 0.6659 (0.6709)  accuracy: 0.5312 (0.5577)  precision: 0.5294 (0.5439)  recall: 0.5625 (0.6693)  F2: 0.5556 (0.6333)  specificity: 0.5238 (0.4542)  NPV: 0.5333 (0.5875)  time: 1.0845  data: 0.1814  max mem: 7760
Epoch: [34]  [1000/3693]  eta: 0:51:05  lr: 0.000100  loss_ce: 0.6558 (0.6715)  accuracy: 0.5625 (0.5555)  precision: 0.5263 (0.5424)  recall: 0.6667 (0.6605)  F2: 0.6329 (0.6265)  specificity: 0.5000 (0.4596)  NPV: 0.6000 (0.5845)  time: 1.0711  data: 0.1696  max mem: 7760
Epoch: [34]  [1500/3693]  eta: 0:40:55  lr: 0.000100  loss_ce: 0.6804 (0.6730)  accuracy: 0.5000 (0.5540)  precision: 0.5263 (0.5416)  recall: 0.6429 (0.6742)  F2: 0.6024 (0.6358)  specificity: 0.4000 (0.4427)  NPV: 0.5385 (0.5849)  time: 1.0768  data: 0.1734  max mem: 7760
Epoch: [34]  [2000/3693]  eta: 0:31:15  lr: 0.000100  loss_ce: 0.6649 (0.6731)  accuracy: 0.5625 (0.5549)  precision: 0.5556 (0.5422)  recall: 0.6667 (0.6732)  F2: 0.6593 (0.6351)  specificity: 0.4375 (0.4455)  NPV: 0.5455 (0.5858)  time: 1.1217  data: 0.2241  max mem: 7760
Epoch: [34]  [2500/3693]  eta: 0:21:58  lr: 0.000100  loss_ce: 0.6537 (0.6727)  accuracy: 0.5625 (0.5555)  precision: 0.5333 (0.5420)  recall: 0.6000 (0.6708)  F2: 0.5797 (0.6333)  specificity: 0.5000 (0.4498)  NPV: 0.5714 (0.5872)  time: 1.0393  data: 0.1460  max mem: 7760
Epoch: [34]  [3000/3693]  eta: 0:12:44  lr: 0.000100  loss_ce: 0.6649 (0.6732)  accuracy: 0.5938 (0.5543)  precision: 0.5238 (0.5400)  recall: 0.6500 (0.6755)  F2: 0.6322 (0.6361)  specificity: 0.5000 (0.4431)  NPV: 0.6429 (0.5875)  time: 1.1008  data: 0.1960  max mem: 7760
Epoch: [34]  [3500/3693]  eta: 0:03:32  lr: 0.000100  loss_ce: 0.6651 (0.6732)  accuracy: 0.5312 (0.5554)  precision: 0.5238 (0.5417)  recall: 0.6154 (0.6741)  F2: 0.5914 (0.6358)  specificity: 0.4500 (0.4464)  NPV: 0.6000 (0.5876)  time: 1.0574  data: 0.1575  max mem: 7760
Epoch: [34]  [3692/3693]  eta: 0:00:01  lr: 0.000100  loss_ce: 0.6773 (0.6731)  accuracy: 0.5625 (0.5558)  precision: 0.5417 (0.5423)  recall: 0.7500 (0.6760)  F2: 0.6875 (0.6374)  specificity: 0.3750 (0.4448)  NPV: 0.5833 (0.5875)  time: 1.1302  data: 0.2126  max mem: 7760
Epoch: [34] Total time: 1:07:42 (1.0999 s / it)
Averaged stats: lr: 0.000100  loss_ce: 0.6773 (0.6731)  accuracy: 0.5625 (0.5558)  precision: 0.5417 (0.5423)  recall: 0.7500 (0.6760)  F2: 0.6875 (0.6374)  specificity: 0.3750 (0.4448)  NPV: 0.5833 (0.5875)
Test:  [  0/688]  eta: 0:48:27  loss_ce: 0.7307 (0.7307)  accuracy: 0.4375 (0.4375)  precision: 0.5789 (0.5789)  recall: 0.5238 (0.5238)  F2: 0.5340 (0.5340)  specificity: 0.2727 (0.2727)  NPV: 0.2308 (0.2308)  time: 4.2257  data: 3.8596  max mem: 7760
Test:  [687/688]  eta: 0:00:00  loss_ce: 0.6770 (0.6977)  accuracy: 0.5625 (0.5465)  precision: 0.4286 (0.5241)  recall: 0.6000 (0.7157)  F2: 0.5833 (0.6544)  specificity: 0.4706 (0.3533)  NPV: 0.7500 (0.5667)  time: 0.7176  data: 0.4005  max mem: 7760
Test: Total time: 0:09:59 (0.8713 s / it)
Averaged stats: loss_ce: 0.6770 (0.6977)  accuracy: 0.5625 (0.5465)  precision: 0.4286 (0.5241)  recall: 0.6000 (0.7157)  F2: 0.5833 (0.6544)  specificity: 0.4706 (0.3533)  NPV: 0.7500 (0.5667)
Epoch: [35]  [   0/3693]  eta: 4:23:50  lr: 0.000100  loss_ce: 0.6499 (0.6499)  accuracy: 0.5938 (0.5938)  precision: 0.6316 (0.6316)  recall: 0.6667 (0.6667)  F2: 0.6593 (0.6593)  specificity: 0.5000 (0.5000)  NPV: 0.5385 (0.5385)  time: 4.2865  data: 3.3354  max mem: 7760
Epoch: [35]  [ 500/3693]  eta: 1:02:43  lr: 0.000100  loss_ce: 0.6657 (0.6716)  accuracy: 0.5625 (0.5568)  precision: 0.5238 (0.5417)  recall: 0.7222 (0.7095)  F2: 0.6875 (0.6616)  specificity: 0.3684 (0.4131)  NPV: 0.5455 (0.5956)  time: 1.0810  data: 0.1815  max mem: 7760
Epoch: [35]  [1000/3693]  eta: 0:51:15  lr: 0.000100  loss_ce: 0.6664 (0.6709)  accuracy: 0.5625 (0.5595)  precision: 0.5500 (0.5465)  recall: 0.6667 (0.6899)  F2: 0.6180 (0.6495)  specificity: 0.4545 (0.4361)  NPV: 0.5625 (0.5898)  time: 1.1154  data: 0.2115  max mem: 7760
Epoch: [35]  [1500/3693]  eta: 0:41:14  lr: 0.000100  loss_ce: 0.6804 (0.6711)  accuracy: 0.5312 (0.5611)  precision: 0.5500 (0.5478)  recall: 0.6875 (0.7073)  F2: 0.6633 (0.6620)  specificity: 0.4118 (0.4208)  NPV: 0.5385 (0.5959)  time: 1.1126  data: 0.2115  max mem: 7760
Epoch: [35]  [2000/3693]  eta: 0:32:04  lr: 0.000100  loss_ce: 0.6707 (0.6718)  accuracy: 0.5625 (0.5598)  precision: 0.5238 (0.5456)  recall: 0.7000 (0.7050)  F2: 0.6500 (0.6598)  specificity: 0.3889 (0.4216)  NPV: 0.6000 (0.5960)  time: 1.1409  data: 0.2429  max mem: 7760
Epoch: [35]  [2500/3693]  eta: 0:22:27  lr: 0.000100  loss_ce: 0.6499 (0.6722)  accuracy: 0.5625 (0.5599)  precision: 0.5714 (0.5445)  recall: 0.6250 (0.6972)  F2: 0.5833 (0.6538)  specificity: 0.4737 (0.4299)  NPV: 0.5556 (0.5959)  time: 1.1316  data: 0.2331  max mem: 7760
Epoch: [35]  [3000/3693]  eta: 0:13:01  lr: 0.000100  loss_ce: 0.6579 (0.6725)  accuracy: 0.5625 (0.5595)  precision: 0.5882 (0.5443)  recall: 0.5882 (0.6951)  F2: 0.5814 (0.6523)  specificity: 0.4667 (0.4314)  NPV: 0.5000 (0.5949)  time: 1.2790  data: 0.3768  max mem: 7760
Epoch: [35]  [3500/3693]  eta: 0:03:40  lr: 0.000100  loss_ce: 0.6680 (0.6727)  accuracy: 0.5312 (0.5584)  precision: 0.5263 (0.5431)  recall: 0.6154 (0.6861)  F2: 0.5952 (0.6453)  specificity: 0.5000 (0.4387)  NPV: 0.5294 (0.5929)  time: 1.2557  data: 0.3556  max mem: 7760
Epoch: [35]  [3692/3693]  eta: 0:00:01  lr: 0.000100  loss_ce: 0.6923 (0.6726)  accuracy: 0.5312 (0.5581)  precision: 0.5200 (0.5429)  recall: 0.7143 (0.6870)  F2: 0.6522 (0.6458)  specificity: 0.3333 (0.4372)  NPV: 0.5714 (0.5925)  time: 1.1982  data: 0.3171  max mem: 7760
Epoch: [35] Total time: 1:10:36 (1.1473 s / it)
Averaged stats: lr: 0.000100  loss_ce: 0.6923 (0.6726)  accuracy: 0.5312 (0.5581)  precision: 0.5200 (0.5429)  recall: 0.7143 (0.6870)  F2: 0.6522 (0.6458)  specificity: 0.3333 (0.4372)  NPV: 0.5714 (0.5925)
Test:  [  0/688]  eta: 0:41:00  loss_ce: 0.6850 (0.6850)  accuracy: 0.5312 (0.5312)  precision: 0.6364 (0.6364)  recall: 0.6667 (0.6667)  F2: 0.6604 (0.6604)  specificity: 0.2727 (0.2727)  NPV: 0.3000 (0.3000)  time: 3.5764  data: 3.2346  max mem: 7760
Test:  [687/688]  eta: 0:00:00  loss_ce: 0.6706 (0.6880)  accuracy: 0.5312 (0.5349)  precision: 0.4000 (0.5172)  recall: 0.7000 (0.8019)  F2: 0.5645 (0.7065)  specificity: 0.3810 (0.2540)  NPV: 0.7000 (0.5801)  time: 0.8392  data: 0.5238  max mem: 7760
Test: Total time: 0:11:24 (0.9942 s / it)
Averaged stats: loss_ce: 0.6706 (0.6880)  accuracy: 0.5312 (0.5349)  precision: 0.4000 (0.5172)  recall: 0.7000 (0.8019)  F2: 0.5645 (0.7065)  specificity: 0.3810 (0.2540)  NPV: 0.7000 (0.5801)
Epoch: [36]  [   0/3693]  eta: 4:26:16  lr: 0.000100  loss_ce: 0.6277 (0.6277)  accuracy: 0.5625 (0.5625)  precision: 0.5789 (0.5789)  recall: 0.6471 (0.6471)  F2: 0.6322 (0.6322)  specificity: 0.4667 (0.4667)  NPV: 0.5385 (0.5385)  time: 4.3261  data: 3.4033  max mem: 7760
Epoch: [36]  [ 500/3693]  eta: 1:09:13  lr: 0.000100  loss_ce: 0.6629 (0.6715)  accuracy: 0.5625 (0.5605)  precision: 0.5500 (0.5454)  recall: 0.6154 (0.6586)  F2: 0.5978 (0.6263)  specificity: 0.5000 (0.4683)  NPV: 0.5625 (0.5884)  time: 1.1606  data: 0.2601  max mem: 7760
Epoch: [36]  [1000/3693]  eta: 0:57:03  lr: 0.000100  loss_ce: 0.6646 (0.6721)  accuracy: 0.5625 (0.5602)  precision: 0.5625 (0.5462)  recall: 0.6667 (0.6693)  F2: 0.6250 (0.6342)  specificity: 0.5000 (0.4577)  NPV: 0.6364 (0.5901)  time: 1.2980  data: 0.3963  max mem: 7760
Epoch: [36]  [1500/3693]  eta: 0:46:01  lr: 0.000100  loss_ce: 0.6644 (0.6720)  accuracy: 0.5625 (0.5589)  precision: 0.5556 (0.5456)  recall: 0.7500 (0.6784)  F2: 0.6897 (0.6411)  specificity: 0.4444 (0.4447)  NPV: 0.5556 (0.5877)  time: 1.5048  data: 0.5987  max mem: 7760
Epoch: [36]  [2000/3693]  eta: 0:35:30  lr: 0.000100  loss_ce: 0.6652 (0.6723)  accuracy: 0.5938 (0.5592)  precision: 0.5500 (0.5463)  recall: 0.6923 (0.6757)  F2: 0.6548 (0.6389)  specificity: 0.4667 (0.4495)  NPV: 0.6250 (0.5883)  time: 1.2983  data: 0.3899  max mem: 7760
Epoch: [36]  [2500/3693]  eta: 0:24:56  lr: 0.000100  loss_ce: 0.6700 (0.6721)  accuracy: 0.5312 (0.5597)  precision: 0.5714 (0.5462)  recall: 0.5000 (0.6657)  F2: 0.4950 (0.6313)  specificity: 0.6250 (0.4608)  NPV: 0.6111 (0.5885)  time: 1.2639  data: 0.3606  max mem: 7760
Epoch: [36]  [3000/3693]  eta: 0:14:26  lr: 0.000100  loss_ce: 0.6611 (0.6722)  accuracy: 0.5312 (0.5589)  precision: 0.5789 (0.5457)  recall: 0.5789 (0.6605)  F2: 0.5556 (0.6273)  specificity: 0.5294 (0.4648)  NPV: 0.6000 (0.5871)  time: 1.2910  data: 0.3921  max mem: 7760
Epoch: [36]  [3500/3693]  eta: 0:04:00  lr: 0.000100  loss_ce: 0.6475 (0.6719)  accuracy: 0.5625 (0.5593)  precision: 0.5238 (0.5462)  recall: 0.7368 (0.6601)  F2: 0.6818 (0.6271)  specificity: 0.4000 (0.4656)  NPV: 0.6154 (0.5873)  time: 1.2583  data: 0.3603  max mem: 7760
Epoch: [36]  [3692/3693]  eta: 0:00:01  lr: 0.000100  loss_ce: 0.6742 (0.6717)  accuracy: 0.5455 (0.5594)  precision: 0.4706 (0.5460)  recall: 0.6250 (0.6623)  F2: 0.5682 (0.6286)  specificity: 0.5000 (0.4638)  NPV: 0.6000 (0.5882)  time: 1.1802  data: 0.2914  max mem: 7760
Epoch: [36] Total time: 1:16:50 (1.2484 s / it)
Averaged stats: lr: 0.000100  loss_ce: 0.6742 (0.6717)  accuracy: 0.5455 (0.5594)  precision: 0.4706 (0.5460)  recall: 0.6250 (0.6623)  F2: 0.5682 (0.6286)  specificity: 0.5000 (0.4638)  NPV: 0.6000 (0.5882)
