nohup: ignoring input
/data01/giorgio/RNARNA-NT/src/../util/inference_utils.py:96: FutureWarning: The frame.append method is deprecated and will be removed from pandas in a future version. Use pandas.concat instead.
  wind_df_final = wind_df_final.append(wind_df)
/data01/giorgio/RNARNA-NT/src/../util/inference_utils.py:198: FutureWarning: The frame.append method is deprecated and will be removed from pandas in a future version. Use pandas.concat instead.
  emb_bed_final = emb_bed_final.append(emb_df)
/data01/giorgio/RNARNA-NT/src/../util/inference_utils.py:199: FutureWarning: The frame.append method is deprecated and will be removed from pandas in a future version. Use pandas.concat instead.
  emb_fasta_final = emb_fasta_final.append(emb_fasta)
processing q
/home/giorgio/bedtools2/bin/bedtools makewindows -i srcwinnum  -g /data01/giorgio/RNARNA-NT/dataset/external_dataset/check_parse_fasta_class/temp/windows/200_100/genome.txt -w 200 -s 100 > /data01/giorgio/RNARNA-NT/dataset/external_dataset/check_parse_fasta_class/temp/windows/200_100/window_temp.txt
processing t
/home/giorgio/bedtools2/bin/bedtools makewindows -i srcwinnum  -g /data01/giorgio/RNARNA-NT/dataset/external_dataset/check_parse_fasta_class/temp/windows/200_100/genome.txt -w 200 -s 100 > /data01/giorgio/RNARNA-NT/dataset/external_dataset/check_parse_fasta_class/temp/windows/200_100/window_temp.txt
/data01/giorgio/RNARNA-NT/dataset/external_dataset/check_parse_fasta_class/temp/windows/200_100/window_temp.txt
	
mode: generate or load
length emb: 5970
step for emedding: 2985
processing q
                 0  1     2                  3  width
0  ENSG00000159409  0  5582  ENSG00000159409_1   5582
/data01/giorgio/RNARNA-NT/dataset/external_dataset/check_parse_fasta_class/temp/embeddings/5970/embedding_temp.bed
processing t
                    0     1     2                     3  width
0     ENSG00000267391     0  5970     ENSG00000267391_1   5970
1     ENSG00000267391  2985  8955     ENSG00000267391_2   5970
2     ENSG00000267391  3072  9042     ENSG00000267391_3   3072
4  ENSMUSG00000104324     0  4953  ENSMUSG00000104324_1   4953
6  ENSMUSG00000104435     0  4718  ENSMUSG00000104435_1   4718
/data01/giorgio/RNARNA-NT/dataset/external_dataset/check_parse_fasta_class/temp/embeddings/5970/embedding_temp.bed
