nohup: ignoring input
/data01/giorgio/RNARNA-NT/src/temp.py:267: SettingWithCopyWarning: 
A value is trying to be set on a copy of a slice from a DataFrame.
Try using .loc[row_indexer,col_indexer] = value instead

See the caveats in the documentation: https://pandas.pydata.org/pandas-docs/stable/user_guide/indexing.html#returning-a-view-versus-a-copy
  df_neg['rise_id'] = 'is_negative'
162704
160464
how many to drop 0
We have 80338 pairs interacting (they can have multiple interactions) 

We have 160464 pairs not interacting 

Total time: 104.1555529554685 minutes
3.07% in 1.255500280857086 minutes
5.4% in 2.208921265602112 minutes
5.5% in 2.247590931256612 minutes
6.4% in 2.616919155915578 minutes
8.51% in 3.475972048441569 minutes
12.74% in 5.205059341589609 minutes
12.84% in 5.245519522825877 minutes
15.87% in 6.480914704004923 minutes
18.58% in 7.589803453286489 minutes
20.35% in 8.310759357611339 minutes
24.45% in 9.984785298506418 minutes
25.19% in 10.284117702643076 minutes
26.52% in 10.830247314771016 minutes
26.6% in 10.861529417832692 minutes
29.89% in 12.203857791423797 minutes
37.53% in 15.32195874452591 minutes
38.21% in 15.60048049290975 minutes
43.0% in 17.554338614145916 minutes
43.96% in 17.94805966615677 minutes
44.24% in 18.06024762392044 minutes
44.73% in 18.260893444220226 minutes
47.01% in 19.190890789031982 minutes
49.25% in 20.10679028828939 minutes
51.62% in 21.0735484401385 minutes
54.0% in 22.045364971955618 minutes
56.41% in 23.02598628203074 minutes
56.72% in 23.154176338513693 minutes
59.01% in 24.089768616358437 minutes
62.29% in 25.425425692399344 minutes
67.75% in 27.64977989991506 minutes
68.16% in 27.814540831247964 minutes
70.71% in 28.83989023367564 minutes
71.85% in 29.299986012776692 minutes
72.15% in 29.417906713485717 minutes
74.18% in 30.235700762271883 minutes
74.83% in 30.496882911523183 minutes
76.06% in 30.989882532755534 minutes
77.9% in 31.730055717627206 minutes
82.96% in 33.760804704825084 minutes
83.74% in 34.07672034104665 minutes
83.9% in 34.14107579390208 minutes
91.17% in 37.05931979020436 minutes
91.35% in 37.13144434690476 minutes
91.36% in 37.13770526647568 minutes
91.55% in 37.211281549930575 minutes
93.33% in 37.92911469539006 minutes
96.23% in 39.09127449989319 minutes
97.84% in 39.73884004354477 minutes
98.89% in 40.160654811064404 minutes
99.36% in 40.3519074400266 minutes
Total time: 40.61046591202418 minutes
