nohup: ignoring input
/data01/giorgio/ENTER/envs/dnabert/lib/python3.9/site-packages/torch/nn/init.py:388: UserWarning: Initializing zero-element tensors is a no-op
  warnings.warn("Initializing zero-element tensors is a no-op")
============================================================
<class 'transformers.tokenization_dna.DNATokenizer'>
number of params: 4189214
Start training
Epoch: [0], (Time: 0:53:22)
Averaged stats: {'accuracy': 0.6610405445098877, 'precision': 0.6052986979484558, 'recall': 0.9263582825660706, 'F2': 0.8375124931335449, 'specificity': 0.39555028080940247, 'NPV': 0.8429596424102783, 'loss': 0.5766282677650452}
Test (Time: 0:19:28)
Averaged stats: {'accuracy': 0.6791004538536072, 'precision': 0.6187522411346436, 'recall': 0.9330125451087952, 'F2': 0.8469776511192322, 'specificity': 0.42524322867393494, 'NPV': 0.8639358878135681, 'loss': 0.5520591735839844}
Epoch: [1], (Time: 0:52:39)
Averaged stats: {'accuracy': 0.6856383085250854, 'precision': 0.6485503315925598, 'recall': 0.8109174370765686, 'F2': 0.7722502946853638, 'specificity': 0.5602777600288391, 'NPV': 0.7475520372390747, 'loss': 0.5455766320228577}
Test (Time: 0:18:32)
Averaged stats: {'accuracy': 0.6879392266273499, 'precision': 0.6226142048835754, 'recall': 0.9541522264480591, 'F2': 0.8623165488243103, 'specificity': 0.42178377509117126, 'NPV': 0.9019766449928284, 'loss': 0.5565065145492554}
Epoch: [2], (Time: 0:51:55)
Averaged stats: {'accuracy': 0.7103057503700256, 'precision': 0.6801534295082092, 'recall': 0.7943463325500488, 'F2': 0.7685398459434509, 'specificity': 0.6262105703353882, 'NPV': 0.7526587843894958, 'loss': 0.5211832523345947}
Test (Time: 0:18:31)
Averaged stats: {'accuracy': 0.7112120389938354, 'precision': 0.7320579886436462, 'recall': 0.6661980748176575, 'F2': 0.678404688835144, 'specificity': 0.7562162280082703, 'NPV': 0.693810760974884, 'loss': 0.5193049907684326}
Epoch: [3], (Time: 0:51:37)
Averaged stats: {'accuracy': 0.7240614891052246, 'precision': 0.6930596232414246, 'recall': 0.8046742677688599, 'F2': 0.7795650362968445, 'specificity': 0.643396258354187, 'NPV': 0.7669988870620728, 'loss': 0.5073886513710022}
Test (Time: 0:18:27)
Averaged stats: {'accuracy': 0.7271596789360046, 'precision': 0.722510576248169, 'recall': 0.7375108003616333, 'F2': 0.7344611883163452, 'specificity': 0.7168108224868774, 'NPV': 0.7320048809051514, 'loss': 0.5007417798042297}
Epoch: [4], (Time: 0:51:38)
Averaged stats: {'accuracy': 0.7323729395866394, 'precision': 0.7009066343307495, 'recall': 0.8109870553016663, 'F2': 0.7862890958786011, 'specificity': 0.6537076830863953, 'NPV': 0.7755979299545288, 'loss': 0.4973558485507965}
Test (Time: 0:18:29)
Averaged stats: {'accuracy': 0.7159422636032104, 'precision': 0.6510343551635742, 'recall': 0.9306877255439758, 'F2': 0.857057511806488, 'specificity': 0.5012432336807251, 'NPV': 0.8785409927368164, 'loss': 0.5013588070869446}
Epoch: [5], (Time: 0:51:31)
Averaged stats: {'accuracy': 0.7355768084526062, 'precision': 0.7031206488609314, 'recall': 0.8157681226730347, 'F2': 0.7904407382011414, 'specificity': 0.655333399772644, 'NPV': 0.7804513573646545, 'loss': 0.4902230501174927}
Test (Time: 0:18:25)
Averaged stats: {'accuracy': 0.7333765625953674, 'precision': 0.7142573595046997, 'recall': 0.7778978943824768, 'F2': 0.7642784118652344, 'specificity': 0.6888648867607117, 'NPV': 0.7562307119369507, 'loss': 0.5004292726516724}
Epoch: [6], (Time: 0:51:19)
Averaged stats: {'accuracy': 0.7395119667053223, 'precision': 0.7050632834434509, 'recall': 0.8237983584403992, 'F2': 0.7969563603401184, 'specificity': 0.6551707983016968, 'NPV': 0.7879507541656494, 'loss': 0.48545223474502563}
Test (Time: 0:18:13)
Averaged stats: {'accuracy': 0.7405394911766052, 'precision': 0.6956502795219421, 'recall': 0.8551578521728516, 'F2': 0.8176611661911011, 'specificity': 0.6259459257125854, 'NPV': 0.812118649482727, 'loss': 0.4798448383808136}
Epoch: [7], (Time: 0:51:28)
Averaged stats: {'accuracy': 0.7460474371910095, 'precision': 0.7110111713409424, 'recall': 0.8293452858924866, 'F2': 0.8026288747787476, 'specificity': 0.6626953482627869, 'NPV': 0.7951125502586365, 'loss': 0.4778474271297455}
Test (Time: 0:18:20)
Averaged stats: {'accuracy': 0.7334036231040955, 'precision': 0.746389627456665, 'recall': 0.7069636583328247, 'F2': 0.7145121097564697, 'specificity': 0.7598378658294678, 'NPV': 0.7217230796813965, 'loss': 0.4975951611995697}
Epoch: [8], (Time: 0:51:29)
Averaged stats: {'accuracy': 0.7481716871261597, 'precision': 0.7149143218994141, 'recall': 0.8258175253868103, 'F2': 0.8009670376777649, 'specificity': 0.670475423336029, 'NPV': 0.7936769723892212, 'loss': 0.4739847779273987}
Test (Time: 0:18:14)
Averaged stats: {'accuracy': 0.7342685461044312, 'precision': 0.6924956440925598, 'recall': 0.8426687121391296, 'F2': 0.8076400756835938, 'specificity': 0.6258918642997742, 'NPV': 0.799157977104187, 'loss': 0.4858686029911041}
Epoch: [9], (Time: 0:51:52)
Averaged stats: {'accuracy': 0.7523042559623718, 'precision': 0.7184380292892456, 'recall': 0.8300879597663879, 'F2': 0.8050655126571655, 'specificity': 0.6744698882102966, 'NPV': 0.7986689805984497, 'loss': 0.46779805421829224}
Test (Time: 0:18:26)
Averaged stats: {'accuracy': 0.7451075911521912, 'precision': 0.697206974029541, 'recall': 0.8664576411247253, 'F2': 0.8263380527496338, 'specificity': 0.6237837672233582, 'NPV': 0.8236973881721497, 'loss': 0.4700445532798767}
Epoch: [10], (Time: 0:51:38)
Averaged stats: {'accuracy': 0.7553920149803162, 'precision': 0.7228283882141113, 'recall': 0.8287186622619629, 'F2': 0.8051292896270752, 'specificity': 0.6820176839828491, 'NPV': 0.799167275428772, 'loss': 0.4634874165058136}
Test (Time: 0:18:20)
Averaged stats: {'accuracy': 0.7507568597793579, 'precision': 0.7366675138473511, 'recall': 0.780439019203186, 'F2': 0.7712734937667847, 'specificity': 0.7210810780525208, 'NPV': 0.7666226029396057, 'loss': 0.4792904555797577}
Epoch: [11], (Time: 0:51:37)
Averaged stats: {'accuracy': 0.7585842609405518, 'precision': 0.7265888452529907, 'recall': 0.8294380903244019, 'F2': 0.8066030144691467, 'specificity': 0.6876843571662903, 'NPV': 0.8011634349822998, 'loss': 0.46001020073890686}
Test (Time: 0:18:24)
Averaged stats: {'accuracy': 0.7531084418296814, 'precision': 0.7156745195388794, 'recall': 0.8398032188415527, 'F2': 0.8116482496261597, 'specificity': 0.6664324402809143, 'NPV': 0.8062385320663452, 'loss': 0.46617624163627625}
Epoch: [12], (Time: 0:51:41)
Averaged stats: {'accuracy': 0.760313868522644, 'precision': 0.7286660671234131, 'recall': 0.8297630548477173, 'F2': 0.807360053062439, 'specificity': 0.6908195614814758, 'NPV': 0.802189826965332, 'loss': 0.4557303190231323}
Test (Time: 0:18:25)
Averaged stats: {'accuracy': 0.7407827973365784, 'precision': 0.6792240142822266, 'recall': 0.912413477897644, 'F2': 0.8537892699241638, 'specificity': 0.569189190864563, 'NPV': 0.8666666746139526, 'loss': 0.4783845841884613}
Epoch: [13], (Time: 0:51:51)
Averaged stats: {'accuracy': 0.7623105049133301, 'precision': 0.7298940420150757, 'recall': 0.8330587148666382, 'F2': 0.8101568818092346, 'specificity': 0.6915162801742554, 'NPV': 0.805431604385376, 'loss': 0.4543485939502716}
Test (Time: 0:18:23)
Averaged stats: {'accuracy': 0.750378429889679, 'precision': 0.7016680240631104, 'recall': 0.8710532188415527, 'F2': 0.8309350609779358, 'specificity': 0.6297297477722168, 'NPV': 0.8300676941871643, 'loss': 0.4682866036891937}
