nohup: ignoring input
/data01/giorgio/ENTER/envs/dnabert/lib/python3.9/site-packages/torch/nn/init.py:388: UserWarning: Initializing zero-element tensors is a no-op
  warnings.warn("Initializing zero-element tensors is a no-op")
============================================================
<class 'transformers.tokenization_dna.DNATokenizer'>
number of params: 4189214
Start training
Epoch: [15], (Time: 0:04:16)
Averaged stats: {'accuracy': 0.5882002115249634, 'precision': 0.5739250183105469, 'recall': 0.7326093316078186, 'F2': 0.6942204236984253, 'specificity': 0.43933433294296265, 'NPV': 0.6144731044769287, 'loss': 0.6638879179954529}
Test (Time: 0:03:08)
Averaged stats: {'accuracy': 0.5324695706367493, 'precision': 0.5241075754165649, 'recall': 0.7059007287025452, 'F2': 0.660107433795929, 'specificity': 0.35903841257095337, 'NPV': 0.5497131943702698, 'loss': 0.692974328994751}
Epoch: [16], (Time: 0:01:49)
Averaged stats: {'accuracy': 0.596245527267456, 'precision': 0.5832338333129883, 'recall': 0.7167596220970154, 'F2': 0.6853774785995483, 'specificity': 0.47201210260391235, 'NPV': 0.6178217530250549, 'loss': 0.6505289077758789}
Test (Time: 0:02:35)
Averaged stats: {'accuracy': 0.5554168224334717, 'precision': 0.5741127133369446, 'recall': 0.42928504943847656, 'F2': 0.4520944356918335, 'specificity': 0.681548535823822, 'NPV': 0.5442532896995544, 'loss': 0.6899564266204834}
Epoch: [17], (Time: 0:02:44)
Averaged stats: {'accuracy': 0.600715160369873, 'precision': 0.6012817025184631, 'recall': 0.6334018111228943, 'F2': 0.6267061233520508, 'specificity': 0.5670196413993835, 'NPV': 0.6000640392303467, 'loss': 0.6442239880561829}
Test (Time: 0:02:31)
Averaged stats: {'accuracy': 0.5412113666534424, 'precision': 0.5268074870109558, 'recall': 0.8098657727241516, 'F2': 0.7312811017036438, 'specificity': 0.27255699038505554, 'NPV': 0.5890688300132751, 'loss': 0.6928589344024658}
Epoch: [18], (Time: 0:01:16)
Averaged stats: {'accuracy': 0.6179975867271423, 'precision': 0.6106589436531067, 'recall': 0.6827120780944824, 'F2': 0.6669725179672241, 'specificity': 0.5512859225273132, 'NPV': 0.6276265978813171, 'loss': 0.634731113910675}
Test (Time: 0:02:25)
Averaged stats: {'accuracy': 0.554011881351471, 'precision': 0.5378721356391907, 'recall': 0.7670933604240417, 'F2': 0.7068468928337097, 'specificity': 0.34093037247657776, 'NPV': 0.5941240191459656, 'loss': 0.7068676352500916}
Epoch: [19], (Time: 0:01:13)
Averaged stats: {'accuracy': 0.6190405488014221, 'precision': 0.620328426361084, 'recall': 0.6430877447128296, 'F2': 0.6384032368659973, 'specificity': 0.5942511558532715, 'NPV': 0.6176100373268127, 'loss': 0.634849488735199}
Test (Time: 0:02:03)
Averaged stats: {'accuracy': 0.5561972856521606, 'precision': 0.5480256080627441, 'recall': 0.6412737965583801, 'F2': 0.6201691031455994, 'specificity': 0.47112083435058594, 'NPV': 0.5677201151847839, 'loss': 0.6963682174682617}
Epoch: [20], (Time: 0:01:13)
Averaged stats: {'accuracy': 0.6233611702919006, 'precision': 0.6161776185035706, 'recall': 0.6841796040534973, 'F2': 0.6694043874740601, 'specificity': 0.5606656670570374, 'NPV': 0.6326391100883484, 'loss': 0.6225845813751221}
Test (Time: 0:02:03)
Averaged stats: {'accuracy': 0.57976895570755, 'precision': 0.5946646928787231, 'recall': 0.5010927319526672, 'F2': 0.5173747539520264, 'specificity': 0.6584451794624329, 'NPV': 0.5689236521720886, 'loss': 0.6787374019622803}
Epoch: [21], (Time: 0:01:19)
Averaged stats: {'accuracy': 0.6396006941795349, 'precision': 0.6449530720710754, 'recall': 0.6451423764228821, 'F2': 0.6451044678688049, 'specificity': 0.6338880658149719, 'NPV': 0.6340798735618591, 'loss': 0.6179196834564209}
Test (Time: 0:02:02)
Averaged stats: {'accuracy': 0.5535435676574707, 'precision': 0.5569578409194946, 'recall': 0.5235716700553894, 'F2': 0.529924750328064, 'specificity': 0.583515465259552, 'NPV': 0.5505154728889465, 'loss': 0.7078348994255066}
Epoch: [22], (Time: 0:01:14)
Averaged stats: {'accuracy': 0.6333432793617249, 'precision': 0.6336913704872131, 'recall': 0.658056914806366, 'F2': 0.6530349850654602, 'specificity': 0.6078668832778931, 'NPV': 0.6329552531242371, 'loss': 0.61472487449646}
Test (Time: 0:02:04)
Averaged stats: {'accuracy': 0.5569778084754944, 'precision': 0.5517730712890625, 'recall': 0.6072431802749634, 'F2': 0.5952745079994202, 'specificity': 0.5067124366760254, 'NPV': 0.5633460879325867, 'loss': 0.6922394037246704}
Epoch: [23], (Time: 0:01:10)
Averaged stats: {'accuracy': 0.6418355107307434, 'precision': 0.6478914618492126, 'recall': 0.6448488235473633, 'F2': 0.6454550623893738, 'specificity': 0.6387292146682739, 'NPV': 0.6356518864631653, 'loss': 0.6101821660995483}
Test (Time: 0:02:03)
Averaged stats: {'accuracy': 0.5591632723808289, 'precision': 0.5791231989860535, 'recall': 0.43303152918815613, 'F2': 0.4560399651527405, 'specificity': 0.685295045375824, 'NPV': 0.5472450852394104, 'loss': 0.7138381004333496}
Epoch: [24], (Time: 0:01:10)
Averaged stats: {'accuracy': 0.6404946446418762, 'precision': 0.6472156643867493, 'recall': 0.6413266658782959, 'F2': 0.6424958109855652, 'specificity': 0.6396369338035583, 'NPV': 0.6336930394172668, 'loss': 0.6020516753196716}
Test (Time: 0:02:02)
Averaged stats: {'accuracy': 0.5549485087394714, 'precision': 0.5484581589698792, 'recall': 0.6219169497489929, 'F2': 0.6056920289993286, 'specificity': 0.4879800081253052, 'NPV': 0.5634462833404541, 'loss': 0.71808922290802}
Epoch: [25], (Time: 0:01:09)
Averaged stats: {'accuracy': 0.6543503999710083, 'precision': 0.6634586453437805, 'recall': 0.6474904417991638, 'F2': 0.6506222486495972, 'specificity': 0.661422073841095, 'NPV': 0.6454089283943176, 'loss': 0.5958410501480103}
Test (Time: 0:02:04)
Averaged stats: {'accuracy': 0.568529486656189, 'precision': 0.5759778618812561, 'recall': 0.519512951374054, 'F2': 0.5299025774002075, 'specificity': 0.617546021938324, 'NPV': 0.5624111294746399, 'loss': 0.7200179696083069}
Epoch: [26], (Time: 0:01:11)
Averaged stats: {'accuracy': 0.6556913256645203, 'precision': 0.663484513759613, 'recall': 0.6527736783027649, 'F2': 0.6548880934715271, 'specificity': 0.6586989164352417, 'NPV': 0.6479166746139526, 'loss': 0.5940824747085571}
Test (Time: 0:02:03)
Averaged stats: {'accuracy': 0.5710271596908569, 'precision': 0.5799648761749268, 'recall': 0.5151420831680298, 'F2': 0.5269209146499634, 'specificity': 0.6269122958183289, 'NPV': 0.5638865232467651, 'loss': 0.7367372512817383}
Epoch: [27], (Time: 0:01:11)
Averaged stats: {'accuracy': 0.6638855934143066, 'precision': 0.6746585965156555, 'recall': 0.6524801850318909, 'F2': 0.6567984819412231, 'specificity': 0.6756429672241211, 'NPV': 0.6534972190856934, 'loss': 0.5843512415885925}
Test (Time: 0:02:04)
Averaged stats: {'accuracy': 0.5627536773681641, 'precision': 0.5860445499420166, 'recall': 0.4274117946624756, 'F2': 0.45187482237815857, 'specificity': 0.6980955600738525, 'NPV': 0.5493857264518738, 'loss': 0.7547915577888489}
Epoch: [28], (Time: 0:01:09)
Averaged stats: {'accuracy': 0.6559892892837524, 'precision': 0.6655609011650085, 'recall': 0.6477839946746826, 'F2': 0.6512629985809326, 'specificity': 0.6644477844238281, 'NPV': 0.6466431021690369, 'loss': 0.5913188457489014}
Test (Time: 0:02:02)
Averaged stats: {'accuracy': 0.5649391412734985, 'precision': 0.5565832257270813, 'recall': 0.6387761235237122, 'F2': 0.6204512119293213, 'specificity': 0.49110209941864014, 'NPV': 0.5761904716491699, 'loss': 0.7141416668891907}
Epoch: [29], (Time: 0:01:11)
Averaged stats: {'accuracy': 0.6691001057624817, 'precision': 0.6785069108009338, 'recall': 0.6615790724754333, 'F2': 0.6648967266082764, 'specificity': 0.6768532395362854, 'NPV': 0.6598820090293884, 'loss': 0.5847158432006836}
Test (Time: 0:02:02)
Averaged stats: {'accuracy': 0.5566655993461609, 'precision': 0.5411844849586487, 'recall': 0.7446144223213196, 'F2': 0.6925488710403442, 'specificity': 0.368716835975647, 'NPV': 0.5907953977584839, 'loss': 0.7079756259918213}
Epoch: [30], (Time: 0:01:10)
Averaged stats: {'accuracy': 0.6759535074234009, 'precision': 0.6847630739212036, 'recall': 0.6700909733772278, 'F2': 0.6729748249053955, 'specificity': 0.6819970011711121, 'NPV': 0.6672587394714355, 'loss': 0.5726641416549683}
Test (Time: 0:02:02)
Averaged stats: {'accuracy': 0.5630658864974976, 'precision': 0.5551912784576416, 'recall': 0.634405255317688, 'F2': 0.616804301738739, 'specificity': 0.49172651767730713, 'NPV': 0.5735615491867065, 'loss': 0.7252695560455322}
Epoch: [31], (Time: 0:01:09)
Averaged stats: {'accuracy': 0.6723778247833252, 'precision': 0.6888680458068848, 'recall': 0.646609902381897, 'F2': 0.6546416282653809, 'specificity': 0.6989409923553467, 'NPV': 0.6573705077171326, 'loss': 0.5664234757423401}
Test (Time: 0:02:03)
Averaged stats: {'accuracy': 0.5446456670761108, 'precision': 0.5392857193946838, 'recall': 0.6128629446029663, 'F2': 0.5965840220451355, 'specificity': 0.476428359746933, 'NPV': 0.5516992211341858, 'loss': 0.786474883556366}
Epoch: [32], (Time: 0:01:09)
Averaged stats: {'accuracy': 0.6801251769065857, 'precision': 0.6917224526405334, 'recall': 0.6671558618545532, 'F2': 0.6719285249710083, 'specificity': 0.6934946775436401, 'NPV': 0.6690017580986023, 'loss': 0.562982976436615}
Test (Time: 0:02:03)
Averaged stats: {'accuracy': 0.549016535282135, 'precision': 0.5395665168762207, 'recall': 0.66843581199646, 'F2': 0.6379618644714355, 'specificity': 0.42959725856781006, 'NPV': 0.5643970370292664, 'loss': 0.7167817950248718}
Epoch: [33], (Time: 0:01:10)
Averaged stats: {'accuracy': 0.6863825917243958, 'precision': 0.6957306265830994, 'recall': 0.679189920425415, 'F2': 0.6824348568916321, 'specificity': 0.6937972903251648, 'NPV': 0.6772002577781677, 'loss': 0.5569241642951965}
Test (Time: 0:02:03)
Averaged stats: {'accuracy': 0.5493287444114685, 'precision': 0.5538881421089172, 'recall': 0.5070246458053589, 'F2': 0.5157520174980164, 'specificity': 0.5916328430175781, 'NPV': 0.5454807281494141, 'loss': 0.8129673004150391}
Epoch: [34], (Time: 0:01:10)
Averaged stats: {'accuracy': 0.6920440793037415, 'precision': 0.7026618123054504, 'recall': 0.6818315386772156, 'F2': 0.6858981847763062, 'specificity': 0.7025718688964844, 'NPV': 0.6817381381988525, 'loss': 0.5582417249679565}
Test (Time: 0:02:02)
Averaged stats: {'accuracy': 0.5585388541221619, 'precision': 0.5420875549316406, 'recall': 0.7539806365966797, 'F2': 0.6993107795715332, 'specificity': 0.36309710144996643, 'NPV': 0.5961045622825623, 'loss': 0.7372235059738159}
Epoch: [35], (Time: 0:01:08)
Averaged stats: {'accuracy': 0.7005363702774048, 'precision': 0.7171277403831482, 'recall': 0.6771352887153625, 'F2': 0.6847729086875916, 'specificity': 0.7246596217155457, 'NPV': 0.6852646470069885, 'loss': 0.539688229560852}
