nohup: ignoring input
============================================================
<class 'transformers.tokenization_dna.DNATokenizer'>
number of params: 821630
Start training
Epoch: [0], (Time: 1:17:08)
Averaged stats: {'accuracy': 0.528592050075531, 'precision': 0.5316497087478638, 'recall': 0.49669116735458374, 'F2': 0.5033101439476013, 'specificity': 0.5606256127357483, 'NPV': 0.5259011387825012, 'loss': 0.6902778744697571}
Test (Time: 0:00:10)
Averaged stats: {'accuracy': 0.46621620655059814, 'precision': 0.4624060094356537, 'recall': 0.41554054617881775, 'F2': 0.4241379201412201, 'specificity': 0.5168918967247009, 'NPV': 0.46932515501976013, 'loss': 0.6988290548324585}
Epoch: [1], (Time: 1:13:34)
Averaged stats: {'accuracy': 0.5448150038719177, 'precision': 0.5447905659675598, 'recall': 0.5565572381019592, 'F2': 0.5541634559631348, 'specificity': 0.5330238938331604, 'NPV': 0.5448406338691711, 'loss': 0.6870608329772949}
Test (Time: 0:00:10)
Averaged stats: {'accuracy': 0.5152027010917664, 'precision': 0.5110024213790894, 'recall': 0.7060810923576355, 'F2': 0.6559950113296509, 'specificity': 0.3243243098258972, 'NPV': 0.5245901346206665, 'loss': 0.696962833404541}
Epoch: [2], (Time: 1:13:03)
Averaged stats: {'accuracy': 0.5512349605560303, 'precision': 0.549940288066864, 'recall': 0.5744346380233765, 'F2': 0.5693628191947937, 'specificity': 0.5279388427734375, 'NPV': 0.5526565313339233, 'loss': 0.6842018365859985}
Test (Time: 0:00:10)
Averaged stats: {'accuracy': 0.5405405163764954, 'precision': 0.5352941155433655, 'recall': 0.6148648858070374, 'F2': 0.5971128940582275, 'specificity': 0.46621620655059814, 'NPV': 0.5476190447807312, 'loss': 0.6875463724136353}
Epoch: [3], (Time: 1:13:39)
Averaged stats: {'accuracy': 0.5579625368118286, 'precision': 0.5536147952079773, 'recall': 0.6079642176628113, 'F2': 0.5962570905685425, 'specificity': 0.5077527761459351, 'NPV': 0.563281238079071, 'loss': 0.6813797950744629}
Test (Time: 0:00:10)
Averaged stats: {'accuracy': 0.5320945978164673, 'precision': 0.5287008881568909, 'recall': 0.5912162065505981, 'F2': 0.5775577425956726, 'specificity': 0.47297295928001404, 'NPV': 0.5363984704017639, 'loss': 0.688504159450531}
Epoch: [4], (Time: 1:13:35)
Averaged stats: {'accuracy': 0.562296986579895, 'precision': 0.5554807186126709, 'recall': 0.6328045725822449, 'F2': 0.6156642436981201, 'specificity': 0.4914960563182831, 'NPV': 0.5713614225387573, 'loss': 0.6790876388549805}
Test (Time: 0:00:09)
Averaged stats: {'accuracy': 0.525337815284729, 'precision': 0.5167785286903381, 'recall': 0.7804054021835327, 'F2': 0.708154559135437, 'specificity': 0.2702702581882477, 'NPV': 0.5517241358757019, 'loss': 0.6873220205307007}
Epoch: [5], (Time: 1:13:06)
Averaged stats: {'accuracy': 0.5652186274528503, 'precision': 0.5563345551490784, 'recall': 0.6529645323753357, 'F2': 0.6310432553291321, 'specificity': 0.4771077036857605, 'NPV': 0.5779011845588684, 'loss': 0.6772438287734985}
Test (Time: 0:00:10)
Averaged stats: {'accuracy': 0.5270270109176636, 'precision': 0.5188679099082947, 'recall': 0.7432432174682617, 'F2': 0.6840795874595642, 'specificity': 0.31081080436706543, 'NPV': 0.5476190447807312, 'loss': 0.6799943447113037}
Epoch: [6], (Time: 1:12:50)
Averaged stats: {'accuracy': 0.5694377422332764, 'precision': 0.5598309636116028, 'recall': 0.6580668687820435, 'F2': 0.6357551217079163, 'specificity': 0.4804399311542511, 'NPV': 0.5832027792930603, 'loss': 0.6746782660484314}
Test (Time: 0:00:10)
Averaged stats: {'accuracy': 0.5337837934494019, 'precision': 0.5226244330406189, 'recall': 0.7804054021835327, 'F2': 0.7103321552276611, 'specificity': 0.2871621549129486, 'NPV': 0.5666666626930237, 'loss': 0.6891090869903564}
Epoch: [7], (Time: 1:12:28)
Averaged stats: {'accuracy': 0.5723305940628052, 'precision': 0.5615645051002502, 'recall': 0.6678495407104492, 'F2': 0.6434913277626038, 'specificity': 0.4764142632484436, 'NPV': 0.5882045030593872, 'loss': 0.6727220416069031}
Test (Time: 0:00:10)
Averaged stats: {'accuracy': 0.5185810923576355, 'precision': 0.5131264925003052, 'recall': 0.7263513803482056, 'F2': 0.6706175804138184, 'specificity': 0.31081080436706543, 'NPV': 0.5317919254302979, 'loss': 0.6887867450714111}
Epoch: [8], (Time: 1:12:38)
Averaged stats: {'accuracy': 0.5761172771453857, 'precision': 0.5644550323486328, 'recall': 0.6742753982543945, 'F2': 0.6490207314491272, 'specificity': 0.4775507152080536, 'NPV': 0.5935031175613403, 'loss': 0.6704629063606262}
Test (Time: 0:00:09)
Averaged stats: {'accuracy': 0.5185810923576355, 'precision': 0.5183946490287781, 'recall': 0.5236486196517944, 'F2': 0.5225893259048462, 'specificity': 0.5135135054588318, 'NPV': 0.5187713503837585, 'loss': 0.6886932253837585}
Epoch: [9], (Time: 1:12:25)
Averaged stats: {'accuracy': 0.576376736164093, 'precision': 0.5648435950279236, 'recall': 0.672951877117157, 'F2': 0.6481416821479797, 'specificity': 0.47939980030059814, 'NPV': 0.5934571623802185, 'loss': 0.669996976852417}
Test (Time: 0:00:09)
Averaged stats: {'accuracy': 0.5219594836235046, 'precision': 0.5167958736419678, 'recall': 0.6756756901741028, 'F2': 0.6365373134613037, 'specificity': 0.3682432472705841, 'NPV': 0.5317073464393616, 'loss': 0.6912707090377808}
Epoch: [10], (Time: 1:12:38)
Averaged stats: {'accuracy': 0.5770687460899353, 'precision': 0.564468264579773, 'recall': 0.6824660301208496, 'F2': 0.6550782322883606, 'specificity': 0.47123292088508606, 'NPV': 0.5964308977127075, 'loss': 0.6684032082557678}
Test (Time: 0:00:09)
Averaged stats: {'accuracy': 0.5236486196517944, 'precision': 0.5148935914039612, 'recall': 0.8175675868988037, 'F2': 0.7315598130226135, 'specificity': 0.22972972691059113, 'NPV': 0.5573770403862, 'loss': 0.7016430497169495}
Epoch: [11], (Time: 1:13:28)
Averaged stats: {'accuracy': 0.5792407393455505, 'precision': 0.5665779113769531, 'recall': 0.6817562580108643, 'F2': 0.6551206707954407, 'specificity': 0.4762987196445465, 'NPV': 0.598465621471405, 'loss': 0.6675819754600525}
Test (Time: 0:00:09)
Averaged stats: {'accuracy': 0.537162184715271, 'precision': 0.5269607901573181, 'recall': 0.7263513803482056, 'F2': 0.675251305103302, 'specificity': 0.34797295928001404, 'NPV': 0.5597826242446899, 'loss': 0.6880199909210205}
Epoch: [12], (Time: 1:14:17)
Averaged stats: {'accuracy': 0.5828351974487305, 'precision': 0.5689957737922668, 'recall': 0.6902537941932678, 'F2': 0.6620365977287292, 'specificity': 0.47496965527534485, 'NPV': 0.6042835712432861, 'loss': 0.665489673614502}
Test (Time: 0:00:09)
Averaged stats: {'accuracy': 0.49662160873413086, 'precision': 0.49668875336647034, 'recall': 0.5067567825317383, 'F2': 0.5047106742858887, 'specificity': 0.4864864945411682, 'NPV': 0.4965517222881317, 'loss': 0.6959472298622131}
Epoch: [13], (Time: 1:14:00)
Averaged stats: {'accuracy': 0.5840557217597961, 'precision': 0.5703390836715698, 'recall': 0.6885465979576111, 'F2': 0.6611412167549133, 'specificity': 0.4791301488876343, 'NPV': 0.605054497718811, 'loss': 0.6642299294471741}
Test (Time: 0:00:09)
Averaged stats: {'accuracy': 0.5219594836235046, 'precision': 0.5154394507408142, 'recall': 0.7331081032752991, 'F2': 0.6760125160217285, 'specificity': 0.31081080436706543, 'NPV': 0.5380116701126099, 'loss': 0.6931548714637756}
Epoch: [14], (Time: 1:13:57)
Averaged stats: {'accuracy': 0.5865160822868347, 'precision': 0.5727682113647461, 'recall': 0.6877217888832092, 'F2': 0.661182165145874, 'specificity': 0.48488932847976685, 'NPV': 0.6072755455970764, 'loss': 0.6625130772590637}
Test (Time: 0:00:09)
Averaged stats: {'accuracy': 0.49662160873413086, 'precision': 0.49744898080825806, 'recall': 0.6587837934494019, 'F2': 0.6186548471450806, 'specificity': 0.33445945382118225, 'NPV': 0.4950000047683716, 'loss': 0.6999866962432861}
Epoch: [15], (Time: 1:14:08)
Averaged stats: {'accuracy': 0.5893897414207458, 'precision': 0.5748707056045532, 'recall': 0.6928816437721252, 'F2': 0.6655561923980713, 'specificity': 0.48546719551086426, 'NPV': 0.6115249395370483, 'loss': 0.6613264083862305}
Test (Time: 0:00:10)
Averaged stats: {'accuracy': 0.5388513803482056, 'precision': 0.5291139483451843, 'recall': 0.7060810923576355, 'F2': 0.6618112921714783, 'specificity': 0.37162160873413086, 'NPV': 0.5583756566047668, 'loss': 0.6916428208351135}
Epoch: [16], (Time: 1:13:41)
Averaged stats: {'accuracy': 0.5883421301841736, 'precision': 0.573718249797821, 'recall': 0.6941668391227722, 'F2': 0.6661941409111023, 'specificity': 0.48207715153694153, 'NPV': 0.6108561754226685, 'loss': 0.6603049635887146}
Test (Time: 0:00:10)
Averaged stats: {'accuracy': 0.49155405163764954, 'precision': 0.49056604504585266, 'recall': 0.43918919563293457, 'F2': 0.4485852122306824, 'specificity': 0.5439189076423645, 'NPV': 0.49235475063323975, 'loss': 0.7029237747192383}
Epoch: [17], (Time: 1:12:59)
Averaged stats: {'accuracy': 0.5908505320549011, 'precision': 0.5759231448173523, 'recall': 0.6955862641334534, 'F2': 0.6678342819213867, 'specificity': 0.4856790602207184, 'NPV': 0.6137276291847229, 'loss': 0.6586786508560181}
Test (Time: 0:00:09)
Averaged stats: {'accuracy': 0.5152027010917664, 'precision': 0.5108959078788757, 'recall': 0.712837815284729, 'F2': 0.6606136560440063, 'specificity': 0.3175675570964813, 'NPV': 0.5251396894454956, 'loss': 0.6956095695495605}
Epoch: [18], (Time: 1:14:03)
Averaged stats: {'accuracy': 0.5921288132667542, 'precision': 0.5766178965568542, 'recall': 0.6997103691101074, 'F2': 0.6710596680641174, 'specificity': 0.4840996265411377, 'NPV': 0.6161861419677734, 'loss': 0.6571505069732666}
Test (Time: 0:00:09)
Averaged stats: {'accuracy': 0.5185810923576355, 'precision': 0.516417920589447, 'recall': 0.5844594836235046, 'F2': 0.5694535970687866, 'specificity': 0.45270270109176636, 'NPV': 0.5214007496833801, 'loss': 0.6960021257400513}
Epoch: [19], (Time: 1:14:49)
Averaged stats: {'accuracy': 0.5947428941726685, 'precision': 0.5793699026107788, 'recall': 0.6977154612541199, 'F2': 0.6703303456306458, 'specificity': 0.4913419485092163, 'NPV': 0.6181302666664124, 'loss': 0.6558820605278015}
Test (Time: 0:00:09)
Averaged stats: {'accuracy': 0.5236486196517944, 'precision': 0.5202311873435974, 'recall': 0.6081081032752991, 'F2': 0.5882353186607361, 'specificity': 0.43918919563293457, 'NPV': 0.5284552574157715, 'loss': 0.6891928315162659}
Epoch: [20], (Time: 1:16:57)
Averaged stats: {'accuracy': 0.5951080918312073, 'precision': 0.5793942809104919, 'recall': 0.7001898884773254, 'F2': 0.672162652015686, 'specificity': 0.4895891547203064, 'NPV': 0.6192262768745422, 'loss': 0.6546434760093689}
Test (Time: 0:00:10)
Averaged stats: {'accuracy': 0.5304054021835327, 'precision': 0.5274389982223511, 'recall': 0.5844594836235046, 'F2': 0.5720899701118469, 'specificity': 0.4763513505458832, 'NPV': 0.5340909361839294, 'loss': 0.6889010667800903}
Epoch: [21], (Time: 1:15:18)
Averaged stats: {'accuracy': 0.5972609519958496, 'precision': 0.5814616680145264, 'recall': 0.7001898884773254, 'F2': 0.6727175712585449, 'specificity': 0.4939037263393402, 'NPV': 0.6212928891181946, 'loss': 0.6534698605537415}
Test (Time: 0:00:09)
Averaged stats: {'accuracy': 0.5304054021835327, 'precision': 0.5229591727256775, 'recall': 0.6925675868988037, 'F2': 0.6503807306289673, 'specificity': 0.3682432472705841, 'NPV': 0.5450000166893005, 'loss': 0.7078567147254944}
Epoch: [22], (Time: 1:13:13)
Averaged stats: {'accuracy': 0.5976165533065796, 'precision': 0.5820163488388062, 'recall': 0.6986361742019653, 'F2': 0.6717175245285034, 'specificity': 0.4961766004562378, 'NPV': 0.6211569309234619, 'loss': 0.651594340801239}
Test (Time: 0:00:09)
Averaged stats: {'accuracy': 0.5456081032752991, 'precision': 0.5352480411529541, 'recall': 0.6925675868988037, 'F2': 0.654116153717041, 'specificity': 0.3986486494541168, 'NPV': 0.5645933151245117, 'loss': 0.6966405510902405}
Epoch: [23], (Time: 1:13:34)
Averaged stats: {'accuracy': 0.6012589931488037, 'precision': 0.5850377082824707, 'recall': 0.7023190855979919, 'F2': 0.675246000289917, 'specificity': 0.49977847933769226, 'NPV': 0.6257416009902954, 'loss': 0.6507765054702759}
Test (Time: 0:00:10)
Averaged stats: {'accuracy': 0.5405405163764954, 'precision': 0.5327869057655334, 'recall': 0.6587837934494019, 'F2': 0.6290322542190552, 'specificity': 0.42229729890823364, 'NPV': 0.5530973672866821, 'loss': 0.7026050686836243}
Epoch: [24], (Time: 1:14:07)
Averaged stats: {'accuracy': 0.6024507284164429, 'precision': 0.5858993530273438, 'recall': 0.7044098973274231, 'F2': 0.6770215034484863, 'specificity': 0.500067412853241, 'NPV': 0.6275258660316467, 'loss': 0.6485784649848938}
Test (Time: 0:00:09)
Averaged stats: {'accuracy': 0.5270270109176636, 'precision': 0.5219780206680298, 'recall': 0.6418918967247009, 'F2': 0.6136950254440308, 'specificity': 0.4121621549129486, 'NPV': 0.5350877046585083, 'loss': 0.6991793513298035}
Epoch: [25], (Time: 1:14:17)
Averaged stats: {'accuracy': 0.6046804189682007, 'precision': 0.5883903503417969, 'recall': 0.7022807002067566, 'F2': 0.6761069297790527, 'specificity': 0.5066741108894348, 'NPV': 0.628915011882782, 'loss': 0.6472981572151184}
Test (Time: 0:00:09)
Averaged stats: {'accuracy': 0.5506756901741028, 'precision': 0.5371286869049072, 'recall': 0.7331081032752991, 'F2': 0.6832493543624878, 'specificity': 0.3682432472705841, 'NPV': 0.5797872543334961, 'loss': 0.7028949856758118}
Epoch: [26], (Time: 1:13:25)
Averaged stats: {'accuracy': 0.6068428754806519, 'precision': 0.5898244380950928, 'recall': 0.7069226503372192, 'F2': 0.6799254417419434, 'specificity': 0.5063466429710388, 'NPV': 0.6324247717857361, 'loss': 0.6457601189613342}
Test (Time: 0:00:09)
Averaged stats: {'accuracy': 0.49831080436706543, 'precision': 0.49832776188850403, 'recall': 0.5033783912658691, 'F2': 0.5023601055145264, 'specificity': 0.4932432472705841, 'NPV': 0.49829351902008057, 'loss': 0.7127980589866638}
Epoch: [27], (Time: 1:14:04)
Averaged stats: {'accuracy': 0.6065064668655396, 'precision': 0.5897728204727173, 'recall': 0.7050620317459106, 'F2': 0.6785339713096619, 'specificity': 0.5075408816337585, 'NPV': 0.6315007209777832, 'loss': 0.6444984674453735}
Test (Time: 0:00:10)
Averaged stats: {'accuracy': 0.5, 'precision': 0.5, 'recall': 0.6689189076423645, 'F2': 0.6265822649002075, 'specificity': 0.3310810923576355, 'NPV': 0.5, 'loss': 0.7033735513687134}
Epoch: [28], (Time: 1:14:53)
Averaged stats: {'accuracy': 0.6073810458183289, 'precision': 0.5910713076591492, 'recall': 0.7022039890289307, 'F2': 0.676755428314209, 'specificity': 0.5121636390686035, 'NPV': 0.631366491317749, 'loss': 0.6430458426475525}
Test (Time: 0:00:09)
Averaged stats: {'accuracy': 0.5050675868988037, 'precision': 0.5039164423942566, 'recall': 0.6520270109176636, 'F2': 0.6158264875411987, 'specificity': 0.3581081032752991, 'NPV': 0.5071770548820496, 'loss': 0.7080605626106262}
Epoch: [29], (Time: 1:14:26)
Averaged stats: {'accuracy': 0.6119654178619385, 'precision': 0.5950433015823364, 'recall': 0.7060211300849915, 'F2': 0.680633008480072, 'specificity': 0.5175183415412903, 'NPV': 0.6367729902267456, 'loss': 0.64157634973526}
Test (Time: 0:00:10)
Averaged stats: {'accuracy': 0.4932432472705841, 'precision': 0.4938271641731262, 'recall': 0.5405405163764954, 'F2': 0.5305039882659912, 'specificity': 0.44594594836235046, 'NPV': 0.49253731966018677, 'loss': 0.7118802070617676}
Epoch: [30], (Time: 1:13:31)
Averaged stats: {'accuracy': 0.6123113632202148, 'precision': 0.5955474972724915, 'recall': 0.7050428986549377, 'F2': 0.6800370216369629, 'specificity': 0.5191941261291504, 'NPV': 0.6367523670196533, 'loss': 0.6397439241409302}
Test (Time: 0:00:10)
Averaged stats: {'accuracy': 0.5084459185600281, 'precision': 0.5053078532218933, 'recall': 0.8040540814399719, 'F2': 0.7190333008766174, 'specificity': 0.2128378450870514, 'NPV': 0.5206611752510071, 'loss': 0.7167883515357971}
Epoch: [31], (Time: 1:13:31)
Averaged stats: {'accuracy': 0.6147525310516357, 'precision': 0.5975894331932068, 'recall': 0.7075748443603516, 'F2': 0.6824539303779602, 'specificity': 0.5215439796447754, 'NPV': 0.6397854685783386, 'loss': 0.6387476325035095}
Test (Time: 0:00:09)
Averaged stats: {'accuracy': 0.5202702879905701, 'precision': 0.5157894492149353, 'recall': 0.662162184715271, 'F2': 0.6265985369682312, 'specificity': 0.37837839126586914, 'NPV': 0.5283018946647644, 'loss': 0.7193964719772339}
Epoch: [32], (Time: 1:12:33)
Averaged stats: {'accuracy': 0.6167035102844238, 'precision': 0.599574089050293, 'recall': 0.7074981331825256, 'F2': 0.682913064956665, 'specificity': 0.5255311131477356, 'NPV': 0.6414783596992493, 'loss': 0.6369141936302185}
Test (Time: 0:00:09)
Averaged stats: {'accuracy': 0.5388513803482056, 'precision': 0.5356037020683289, 'recall': 0.5844594836235046, 'F2': 0.5739880800247192, 'specificity': 0.4932432472705841, 'NPV': 0.5427509546279907, 'loss': 0.712078869342804}
Epoch: [33], (Time: 1:14:01)
Averaged stats: {'accuracy': 0.6165112853050232, 'precision': 0.5991826057434082, 'recall': 0.7086682319641113, 'F2': 0.6836830377578735, 'specificity': 0.5239709615707397, 'NPV': 0.6417164206504822, 'loss': 0.6358897089958191}
Test (Time: 0:00:22)
Averaged stats: {'accuracy': 0.49831080436706543, 'precision': 0.49836066365242004, 'recall': 0.5135135054588318, 'F2': 0.5104097127914429, 'specificity': 0.4831081032752991, 'NPV': 0.4982578456401825, 'loss': 0.7285842895507812}
Epoch: [34], (Time: 1:14:30)
Averaged stats: {'accuracy': 0.6196732521057129, 'precision': 0.6022768020629883, 'recall': 0.7093587517738342, 'F2': 0.6850007772445679, 'specificity': 0.5296145677566528, 'NPV': 0.6447195410728455, 'loss': 0.6337404251098633}
Test (Time: 0:00:09)
Averaged stats: {'accuracy': 0.5033783912658691, 'precision': 0.5025510191917419, 'recall': 0.6655405163764954, 'F2': 0.625, 'specificity': 0.34121620655059814, 'NPV': 0.5049999952316284, 'loss': 0.7401162385940552}
Epoch: [35], (Time: 1:13:51)
Averaged stats: {'accuracy': 0.621220588684082, 'precision': 0.604272186756134, 'recall': 0.7070377469062805, 'F2': 0.683780312538147, 'specificity': 0.5350463390350342, 'NPV': 0.6452347040176392, 'loss': 0.6319233179092407}
Test (Time: 0:00:09)
Averaged stats: {'accuracy': 0.5422297120094299, 'precision': 0.5288683772087097, 'recall': 0.7736486196517944, 'F2': 0.7081013917922974, 'specificity': 0.31081080436706543, 'NPV': 0.5786163806915283, 'loss': 0.7222512364387512}
Epoch: [36], (Time: 1:12:37)
Averaged stats: {'accuracy': 0.6270254850387573, 'precision': 0.6092374324798584, 'recall': 0.7127538919448853, 'F2': 0.6893289089202881, 'specificity': 0.5409403443336487, 'NPV': 0.6522213816642761, 'loss': 0.6292123198509216}
Test (Time: 0:00:09)
Averaged stats: {'accuracy': 0.5202702879905701, 'precision': 0.5157894492149353, 'recall': 0.662162184715271, 'F2': 0.6265985369682312, 'specificity': 0.37837839126586914, 'NPV': 0.5283018946647644, 'loss': 0.741906464099884}
