nohup: ignoring input
/data01/giorgio/ENTER/envs/dnabert/lib/python3.9/site-packages/torch/nn/init.py:388: UserWarning: Initializing zero-element tensors is a no-op
  warnings.warn("Initializing zero-element tensors is a no-op")
============================================================
<class 'transformers.tokenization_dna.DNATokenizer'>
number of params: 4189214
Start training
Epoch: [4], (Time: 1:08:24)
Averaged stats: {'accuracy': 0.5390869975090027, 'precision': 0.5324302315711975, 'recall': 0.6573954820632935, 'F2': 0.6279199719429016, 'specificity': 0.42028623819351196, 'NPV': 0.5498853325843811, 'loss': 0.6872909665107727}
Test (Time: 0:10:09)
Averaged stats: {'accuracy': 0.5320897102355957, 'precision': 0.5364438891410828, 'recall': 0.4723517596721649, 'F2': 0.4839150011539459, 'specificity': 0.5918276906013489, 'NPV': 0.5286649465560913, 'loss': 0.6892942786216736}
Epoch: [5], (Time: 1:10:57)
Averaged stats: {'accuracy': 0.5470542907714844, 'precision': 0.5399284958839417, 'recall': 0.6489747166633606, 'F2': 0.6237785220146179, 'specificity': 0.444709837436676, 'NPV': 0.5578428506851196, 'loss': 0.6852994561195374}
Test (Time: 0:09:47)
Averaged stats: {'accuracy': 0.5334776639938354, 'precision': 0.5352590084075928, 'recall': 0.5082167387008667, 'F2': 0.513404369354248, 'specificity': 0.5587385892868042, 'NPV': 0.5318676829338074, 'loss': 0.6897959113121033}
Epoch: [6], (Time: 1:10:40)
Averaged stats: {'accuracy': 0.5514271855354309, 'precision': 0.5441017150878906, 'recall': 0.6459439992904663, 'F2': 0.6226356029510498, 'specificity': 0.45651713013648987, 'NPV': 0.562181293964386, 'loss': 0.683779239654541}
Test (Time: 0:09:31)
Averaged stats: {'accuracy': 0.5396957397460938, 'precision': 0.5333893895149231, 'recall': 0.6341328024864197, 'F2': 0.6110504269599915, 'specificity': 0.4452587068080902, 'NPV': 0.5489391088485718, 'loss': 0.6887186765670776}
Epoch: [7], (Time: 1:10:05)
Averaged stats: {'accuracy': 0.5529264807701111, 'precision': 0.5459214448928833, 'recall': 0.6402087211608887, 'F2': 0.6188327074050903, 'specificity': 0.4652811288833618, 'NPV': 0.5629063248634338, 'loss': 0.6825035214424133}
Test (Time: 0:09:33)
Averaged stats: {'accuracy': 0.540695071220398, 'precision': 0.5449638366699219, 'recall': 0.4932267367839813, 'F2': 0.502773106098175, 'specificity': 0.588163435459137, 'NPV': 0.5371665954589844, 'loss': 0.688311755657196}
Epoch: [8], (Time: 1:09:54)
Averaged stats: {'accuracy': 0.5577895045280457, 'precision': 0.5505441427230835, 'recall': 0.6394414305686951, 'F2': 0.6194370985031128, 'specificity': 0.4757979214191437, 'NPV': 0.5678751468658447, 'loss': 0.6814976930618286}
Test (Time: 0:09:30)
Averaged stats: {'accuracy': 0.5439707040786743, 'precision': 0.5402930378913879, 'recall': 0.5896069407463074, 'F2': 0.5790368914604187, 'specificity': 0.49833443760871887, 'NPV': 0.5483871102333069, 'loss': 0.6867958903312683}
Epoch: [9], (Time: 1:09:58)
Averaged stats: {'accuracy': 0.5595194697380066, 'precision': 0.5505689978599548, 'recall': 0.6579517722129822, 'F2': 0.6332499980926514, 'specificity': 0.4606776237487793, 'NPV': 0.5728759765625, 'loss': 0.6798529624938965}
Test (Time: 0:09:29)
Averaged stats: {'accuracy': 0.5449144840240479, 'precision': 0.5431098937988281, 'recall': 0.5658450126647949, 'F2': 0.5611469745635986, 'specificity': 0.5239840149879456, 'NPV': 0.5468767881393433, 'loss': 0.6892914175987244}
Epoch: [10], (Time: 1:10:04)
Averaged stats: {'accuracy': 0.5643248558044434, 'precision': 0.5548176169395447, 'recall': 0.6601768732070923, 'F2': 0.6360208988189697, 'specificity': 0.4680740535259247, 'NPV': 0.5783611536026001, 'loss': 0.6777843236923218}
Test (Time: 0:09:29)
Averaged stats: {'accuracy': 0.5436930656433105, 'precision': 0.5514446496963501, 'recall': 0.4683544337749481, 'F2': 0.4829070270061493, 'specificity': 0.6190317273139954, 'NPV': 0.5379716157913208, 'loss': 0.6951858401298523}
Epoch: [11], (Time: 1:10:01)
Averaged stats: {'accuracy': 0.565228283405304, 'precision': 0.5552793741226196, 'recall': 0.6642625331878662, 'F2': 0.6391727328300476, 'specificity': 0.46578192710876465, 'NPV': 0.5801127552986145, 'loss': 0.6769530773162842}
Test (Time: 0:09:30)
Averaged stats: {'accuracy': 0.5480790734291077, 'precision': 0.5479725003242493, 'recall': 0.5491894483566284, 'F2': 0.5489456057548523, 'specificity': 0.5469686985015869, 'NPV': 0.5481860637664795, 'loss': 0.6888214349746704}
Epoch: [12], (Time: 1:10:10)
Averaged stats: {'accuracy': 0.5654012560844421, 'precision': 0.555049479007721, 'recall': 0.6685017347335815, 'F2': 0.642246663570404, 'specificity': 0.46187183260917664, 'NPV': 0.5811541080474854, 'loss': 0.6767795085906982}
Test (Time: 0:09:28)
Averaged stats: {'accuracy': 0.549855649471283, 'precision': 0.5456207990646362, 'recall': 0.5962691307067871, 'F2': 0.5854009985923767, 'specificity': 0.5034421682357788, 'NPV': 0.5549571514129639, 'loss': 0.6882978081703186}
Epoch: [13], (Time: 1:09:33)
Averaged stats: {'accuracy': 0.5675444602966309, 'precision': 0.5557464957237244, 'recall': 0.6822933554649353, 'F2': 0.6525743007659912, 'specificity': 0.45231813192367554, 'NPV': 0.5864006280899048, 'loss': 0.675504207611084}
Test (Time: 0:09:21)
Averaged stats: {'accuracy': 0.5508549809455872, 'precision': 0.5421730875968933, 'recall': 0.6537863612174988, 'F2': 0.6279327869415283, 'specificity': 0.44792360067367554, 'NPV': 0.5640380382537842, 'loss': 0.6849768757820129}
Epoch: [14], (Time: 1:09:46)
Averaged stats: {'accuracy': 0.5676309466362, 'precision': 0.5568824410438538, 'recall': 0.6708802580833435, 'F2': 0.6444937586784363, 'specificity': 0.46395206451416016, 'NPV': 0.5839980840682983, 'loss': 0.6746906042098999}
Test (Time: 0:09:27)
Averaged stats: {'accuracy': 0.5542415976524353, 'precision': 0.557034432888031, 'recall': 0.5297579169273376, 'F2': 0.5349974036216736, 'specificity': 0.578725278377533, 'NPV': 0.5517095327377319, 'loss': 0.6819190979003906}
Epoch: [15], (Time: 1:10:53)
Averaged stats: {'accuracy': 0.570341169834137, 'precision': 0.5588333010673523, 'recall': 0.6765964031219482, 'F2': 0.6492337584495544, 'specificity': 0.463643878698349, 'NPV': 0.588087260723114, 'loss': 0.6733141541481018}
Test (Time: 0:09:35)
Averaged stats: {'accuracy': 0.5426937341690063, 'precision': 0.5490997433662415, 'recall': 0.47745946049690247, 'F2': 0.49025195837020874, 'specificity': 0.6079280376434326, 'NPV': 0.5377664566040039, 'loss': 0.695465624332428}
Epoch: [16], (Time: 1:12:11)
Averaged stats: {'accuracy': 0.5716770887374878, 'precision': 0.5595579147338867, 'recall': 0.6817562580108643, 'F2': 0.6532254815101624, 'specificity': 0.46113988757133484, 'NPV': 0.5906690955162048, 'loss': 0.6722970604896545}
Test (Time: 0:10:12)
Averaged stats: {'accuracy': 0.5523539781570435, 'precision': 0.540076494216919, 'recall': 0.7055296301841736, 'F2': 0.664797306060791, 'specificity': 0.39917832612991333, 'NPV': 0.5754762291908264, 'loss': 0.6830412149429321}
Epoch: [17], (Time: 1:09:57)
Averaged stats: {'accuracy': 0.573358952999115, 'precision': 0.5607375502586365, 'recall': 0.6854199767112732, 'F2': 0.6562365293502808, 'specificity': 0.4608317017555237, 'NPV': 0.5933043956756592, 'loss': 0.6718367338180542}
Test (Time: 0:09:27)
Averaged stats: {'accuracy': 0.5440261960029602, 'precision': 0.5552921295166016, 'recall': 0.44214966893196106, 'F2': 0.46093297004699707, 'specificity': 0.6459027528762817, 'NPV': 0.536574125289917, 'loss': 0.7047170400619507}
Epoch: [18], (Time: 1:11:16)
Averaged stats: {'accuracy': 0.5748486518859863, 'precision': 0.5619022250175476, 'recall': 0.6874148845672607, 'F2': 0.6580184698104858, 'specificity': 0.4618140459060669, 'NPV': 0.5953516364097595, 'loss': 0.6714569330215454}
Test (Time: 0:09:35)
Averaged stats: {'accuracy': 0.5496335625648499, 'precision': 0.5701506733894348, 'recall': 0.40339773893356323, 'F2': 0.4284602403640747, 'specificity': 0.6958694458007812, 'NPV': 0.5384020805358887, 'loss': 0.6928822994232178}
