nohup: ignoring input
============================================================
<class 'transformers.tokenization_dna.DNATokenizer'>
number of params: 821630
Start training
Epoch: [49], (Time: 0:00:02)
Averaged stats: {'accuracy': 0.5150375962257385, 'precision': 0.5462185144424438, 'recall': 0.6701030731201172, 'F2': 0.6410256028175354, 'specificity': 0.32780084013938904, 'NPV': 0.4514285624027252, 'loss': 0.7073617577552795}
Test (Time: 0:00:37)
Averaged stats: {'accuracy': 0.5424602031707764, 'precision': 0.5295267105102539, 'recall': 0.7614735960960388, 'F2': 0.700137734413147, 'specificity': 0.32344678044319153, 'NPV': 0.5755555629730225, 'loss': 0.7678925395011902}
Epoch: [50], (Time: 0:00:02)
Averaged stats: {'accuracy': 0.5601503849029541, 'precision': 0.5736433863639832, 'recall': 0.7628865838050842, 'F2': 0.7156673073768616, 'specificity': 0.3153527081012726, 'NPV': 0.5241379141807556, 'loss': 0.6913613677024841}
Test (Time: 0:00:36)
Averaged stats: {'accuracy': 0.5479238033294678, 'precision': 0.5330890417098999, 'recall': 0.7720886468887329, 'F2': 0.7085554003715515, 'specificity': 0.323758989572525, 'NPV': 0.5868703722953796, 'loss': 0.7272812724113464}
Epoch: [51], (Time: 0:00:02)
Averaged stats: {'accuracy': 0.5770676732063293, 'precision': 0.5921787619590759, 'recall': 0.7285223603248596, 'F2': 0.6964520812034607, 'specificity': 0.39419087767601013, 'NPV': 0.545976996421814, 'loss': 0.6650987267494202}
Test (Time: 0:00:38)
Averaged stats: {'accuracy': 0.5532313585281372, 'precision': 0.5386183261871338, 'recall': 0.7424289584159851, 'F2': 0.690195620059967, 'specificity': 0.3640337288379669, 'NPV': 0.5856353640556335, 'loss': 0.7120732665061951}
Epoch: [52], (Time: 0:00:02)
Averaged stats: {'accuracy': 0.5996240377426147, 'precision': 0.6071428656578064, 'recall': 0.7594501972198486, 'F2': 0.7231675386428833, 'specificity': 0.4066390097141266, 'NPV': 0.5833333134651184, 'loss': 0.6582087278366089}
Test (Time: 0:00:38)
Averaged stats: {'accuracy': 0.5543240904808044, 'precision': 0.5387355089187622, 'recall': 0.7555416822433472, 'F2': 0.6992602348327637, 'specificity': 0.35310646891593933, 'NPV': 0.5909090638160706, 'loss': 0.7104900479316711}
Epoch: [53], (Time: 0:00:02)
Averaged stats: {'accuracy': 0.6221804618835449, 'precision': 0.6243094205856323, 'recall': 0.7766323089599609, 'F2': 0.7404980659484863, 'specificity': 0.4356846511363983, 'NPV': 0.6176470518112183, 'loss': 0.6336972117424011}
Test (Time: 0:00:37)
Averaged stats: {'accuracy': 0.5538557767868042, 'precision': 0.5394285917282104, 'recall': 0.736809253692627, 'F2': 0.6865654587745667, 'specificity': 0.37090227007865906, 'NPV': 0.5849335193634033, 'loss': 0.7074624300003052}
Epoch: [54], (Time: 0:00:02)
Averaged stats: {'accuracy': 0.6278195381164551, 'precision': 0.6273972392082214, 'recall': 0.7869415879249573, 'F2': 0.748855471611023, 'specificity': 0.4356846511363983, 'NPV': 0.628742516040802, 'loss': 0.6273189783096313}
Test (Time: 0:00:39)
Averaged stats: {'accuracy': 0.5546362996101379, 'precision': 0.5412735939025879, 'recall': 0.7165157794952393, 'F2': 0.6729416251182556, 'specificity': 0.39275678992271423, 'NPV': 0.580794095993042, 'loss': 0.7015663385391235}
Epoch: [55], (Time: 0:00:02)
Averaged stats: {'accuracy': 0.6560150384902954, 'precision': 0.6508380174636841, 'recall': 0.800687313079834, 'F2': 0.7654402256011963, 'specificity': 0.4813278019428253, 'NPV': 0.6666666865348816, 'loss': 0.6145190596580505}
Test (Time: 0:00:40)
Averaged stats: {'accuracy': 0.5551046133041382, 'precision': 0.5413252115249634, 'recall': 0.7218232750892639, 'F2': 0.6766960620880127, 'specificity': 0.3883858919143677, 'NPV': 0.5826697945594788, 'loss': 0.7133333086967468}
Epoch: [56], (Time: 0:00:02)
Averaged stats: {'accuracy': 0.6635338068008423, 'precision': 0.6573033928871155, 'recall': 0.8041236996650696, 'F2': 0.7697368860244751, 'specificity': 0.4937759339809418, 'NPV': 0.6761363744735718, 'loss': 0.5999544858932495}
Test (Time: 0:00:39)
Averaged stats: {'accuracy': 0.5536996722221375, 'precision': 0.5401869416236877, 'recall': 0.7218232750892639, 'F2': 0.6763398051261902, 'specificity': 0.3855760097503662, 'NPV': 0.5809031128883362, 'loss': 0.7286562323570251}
Epoch: [57], (Time: 0:00:02)
Averaged stats: {'accuracy': 0.6635338068008423, 'precision': 0.6538461446762085, 'recall': 0.8178694248199463, 'F2': 0.7787958979606628, 'specificity': 0.4771784245967865, 'NPV': 0.6845238208770752, 'loss': 0.6056220531463623}
Test (Time: 0:00:37)
Averaged stats: {'accuracy': 0.5560412406921387, 'precision': 0.5397387742996216, 'recall': 0.7611613869667053, 'F2': 0.7034450769424438, 'specificity': 0.35092100501060486, 'NPV': 0.5950238108634949, 'loss': 0.7360363602638245}
Epoch: [58], (Time: 0:00:02)
Averaged stats: {'accuracy': 0.6804511547088623, 'precision': 0.6713880896568298, 'recall': 0.8144329786300659, 'F2': 0.7811470031738281, 'specificity': 0.5186722278594971, 'NPV': 0.6983240246772766, 'loss': 0.5722841024398804}
Test (Time: 0:00:36)
Averaged stats: {'accuracy': 0.5512019991874695, 'precision': 0.5355132222175598, 'recall': 0.7720886468887329, 'F2': 0.7094090580940247, 'specificity': 0.33031532168388367, 'NPV': 0.5917226076126099, 'loss': 0.7561289668083191}
Epoch: [59], (Time: 0:00:02)
Averaged stats: {'accuracy': 0.6992481350898743, 'precision': 0.6898550987243652, 'recall': 0.8178694248199463, 'F2': 0.7886017560958862, 'specificity': 0.5560166239738464, 'NPV': 0.7165775299072266, 'loss': 0.5835895538330078}
Test (Time: 0:00:38)
Averaged stats: {'accuracy': 0.5488604307174683, 'precision': 0.5333475470542908, 'recall': 0.781454861164093, 'F2': 0.7149386405944824, 'specificity': 0.3162660002708435, 'NPV': 0.5913602113723755, 'loss': 0.7854275703430176}
Epoch: [60], (Time: 0:00:02)
Averaged stats: {'accuracy': 0.6973684430122375, 'precision': 0.692307710647583, 'recall': 0.8041236996650696, 'F2': 0.7789614200592041, 'specificity': 0.5684647560119629, 'NPV': 0.7061855792999268, 'loss': 0.5615886449813843}
Test (Time: 0:00:39)
Averaged stats: {'accuracy': 0.5579144358634949, 'precision': 0.5425556302070618, 'recall': 0.7383702993392944, 'F2': 0.6886611580848694, 'specificity': 0.3774586319923401, 'NPV': 0.5906203985214233, 'loss': 0.793682873249054}
Epoch: [61], (Time: 0:00:02)
Averaged stats: {'accuracy': 0.7142857313156128, 'precision': 0.6980056762695312, 'recall': 0.8419243693351746, 'F2': 0.8085808157920837, 'specificity': 0.5601660013198853, 'NPV': 0.7458563446998596, 'loss': 0.5503664612770081}
Test (Time: 0:00:36)
Averaged stats: {'accuracy': 0.5546362996101379, 'precision': 0.5388026833534241, 'recall': 0.7586637735366821, 'F2': 0.7014201879501343, 'specificity': 0.35060879588127136, 'NPV': 0.5922995805740356, 'loss': 0.8052339553833008}
Epoch: [62], (Time: 0:00:02)
Averaged stats: {'accuracy': 0.731203019618988, 'precision': 0.7215569019317627, 'recall': 0.8281787037849426, 'F2': 0.8044058680534363, 'specificity': 0.6141079068183899, 'NPV': 0.747474730014801, 'loss': 0.525806188583374}
Test (Time: 0:00:36)
Averaged stats: {'accuracy': 0.5576022267341614, 'precision': 0.5449451804161072, 'recall': 0.698407769203186, 'F2': 0.6611692905426025, 'specificity': 0.4167967438697815, 'NPV': 0.5801825523376465, 'loss': 0.8059127330780029}
Epoch: [63], (Time: 0:00:02)
Averaged stats: {'accuracy': 0.75, 'precision': 0.7379518151283264, 'recall': 0.8419243693351746, 'F2': 0.8188502192497253, 'specificity': 0.6390041708946228, 'NPV': 0.7699999809265137, 'loss': 0.5351786613464355}
Test (Time: 0:00:36)
Averaged stats: {'accuracy': 0.5568217039108276, 'precision': 0.5427230000495911, 'recall': 0.7218232750892639, 'F2': 0.6771321296691895, 'specificity': 0.39182016253471375, 'NPV': 0.5848089456558228, 'loss': 0.8356586694717407}
Epoch: [64], (Time: 0:00:02)
Averaged stats: {'accuracy': 0.7424812316894531, 'precision': 0.7251461744308472, 'recall': 0.8522336483001709, 'F2': 0.8233731389045715, 'specificity': 0.6099585294723511, 'NPV': 0.7736842036247253, 'loss': 0.5172886848449707}
Test (Time: 0:00:36)
Averaged stats: {'accuracy': 0.5615048408508301, 'precision': 0.5483316779136658, 'recall': 0.697783350944519, 'F2': 0.6617125272750854, 'specificity': 0.4252263605594635, 'NPV': 0.5845493674278259, 'loss': 0.8262059688568115}
Epoch: [65], (Time: 0:00:02)
Averaged stats: {'accuracy': 0.7481203079223633, 'precision': 0.7400611639022827, 'recall': 0.831615149974823, 'F2': 0.8115358948707581, 'specificity': 0.6473029255867004, 'NPV': 0.7609755992889404, 'loss': 0.5110200047492981}
Test (Time: 0:00:38)
Averaged stats: {'accuracy': 0.5600998997688293, 'precision': 0.5449241399765015, 'recall': 0.7290040850639343, 'F2': 0.6828683614730835, 'specificity': 0.39119574427604675, 'NPV': 0.5907590985298157, 'loss': 0.8184306025505066}
Epoch: [66], (Time: 0:00:02)
Averaged stats: {'accuracy': 0.7556390762329102, 'precision': 0.7446808218955994, 'recall': 0.8419243693351746, 'F2': 0.82049560546875, 'specificity': 0.6514523029327393, 'NPV': 0.7733989953994751, 'loss': 0.5103499889373779}
Test (Time: 0:00:39)
Averaged stats: {'accuracy': 0.550889790058136, 'precision': 0.5347844362258911, 'recall': 0.7823914885520935, 'F2': 0.7160817980766296, 'specificity': 0.3193880617618561, 'NPV': 0.5947674512863159, 'loss': 0.9008133411407471}
Epoch: [67], (Time: 0:00:02)
Averaged stats: {'accuracy': 0.7631579041481018, 'precision': 0.7323943376541138, 'recall': 0.8934707641601562, 'F2': 0.855826199054718, 'specificity': 0.6058091521263123, 'NPV': 0.8248587846755981, 'loss': 0.4969252943992615}
Test (Time: 0:00:38)
Averaged stats: {'accuracy': 0.5613487362861633, 'precision': 0.5468191504478455, 'recall': 0.7165157794952393, 'F2': 0.6746428608894348, 'specificity': 0.4061816930770874, 'NPV': 0.5889542698860168, 'loss': 0.8674030900001526}
Epoch: [68], (Time: 0:00:02)
Averaged stats: {'accuracy': 0.75, 'precision': 0.7598684430122375, 'recall': 0.7938144207000732, 'F2': 0.7867847084999084, 'specificity': 0.6970954537391663, 'NPV': 0.7368420958518982, 'loss': 0.480654776096344}
Test (Time: 0:00:40)
Averaged stats: {'accuracy': 0.5619731545448303, 'precision': 0.5482850670814514, 'recall': 0.7037152647972107, 'F2': 0.665957510471344, 'specificity': 0.42023104429244995, 'NPV': 0.5864923596382141, 'loss': 0.8954852819442749}
Epoch: [69], (Time: 0:00:02)
Averaged stats: {'accuracy': 0.7744361162185669, 'precision': 0.7697160840034485, 'recall': 0.838487982749939, 'F2': 0.8237677216529846, 'specificity': 0.6970954537391663, 'NPV': 0.7813953757286072, 'loss': 0.47420406341552734}
Test (Time: 0:00:40)
Averaged stats: {'accuracy': 0.5624414682388306, 'precision': 0.5493826866149902, 'recall': 0.6946612596511841, 'F2': 0.6597675681114197, 'specificity': 0.43022167682647705, 'NPV': 0.5848896503448486, 'loss': 0.9052709341049194}
Epoch: [70], (Time: 0:00:02)
Averaged stats: {'accuracy': 0.7913534045219421, 'precision': 0.7903226017951965, 'recall': 0.8419243693351746, 'F2': 0.8310718536376953, 'specificity': 0.7302904725074768, 'NPV': 0.792792797088623, 'loss': 0.4595813453197479}
Test (Time: 0:00:36)
Averaged stats: {'accuracy': 0.5591632723808289, 'precision': 0.5476250052452087, 'recall': 0.680299699306488, 'F2': 0.6488595008850098, 'specificity': 0.4380268454551697, 'NPV': 0.5780799388885498, 'loss': 0.8982136845588684}
Epoch: [71], (Time: 0:00:02)
Averaged stats: {'accuracy': 0.7875939607620239, 'precision': 0.7696969509124756, 'recall': 0.8728522062301636, 'F2': 0.8500669002532959, 'specificity': 0.6846473217010498, 'NPV': 0.8168317079544067, 'loss': 0.453700989484787}
Test (Time: 0:00:36)
Averaged stats: {'accuracy': 0.5585388541221619, 'precision': 0.5459446310997009, 'recall': 0.6955978870391846, 'F2': 0.6594447493553162, 'specificity': 0.42147985100746155, 'NPV': 0.5806451439857483, 'loss': 0.9397329688072205}
Epoch: [72], (Time: 0:00:02)
Averaged stats: {'accuracy': 0.7913534045219421, 'precision': 0.7848101258277893, 'recall': 0.8522336483001709, 'F2': 0.837837815284729, 'specificity': 0.7178423404693604, 'NPV': 0.8009259104728699, 'loss': 0.44484943151474}
Test (Time: 0:00:41)
Averaged stats: {'accuracy': 0.5607243180274963, 'precision': 0.5481316447257996, 'recall': 0.6915391683578491, 'F2': 0.6571530103683472, 'specificity': 0.42990946769714355, 'NPV': 0.5822409987449646, 'loss': 0.9490123987197876}
Epoch: [73], (Time: 0:00:02)
Averaged stats: {'accuracy': 0.8120300769805908, 'precision': 0.7975077629089355, 'recall': 0.8797250986099243, 'F2': 0.8619529008865356, 'specificity': 0.7302904725074768, 'NPV': 0.8341231942176819, 'loss': 0.42869114875793457}
Test (Time: 0:00:37)
Averaged stats: {'accuracy': 0.5546362996101379, 'precision': 0.5419061183929443, 'recall': 0.7065251469612122, 'F2': 0.6660584211349487, 'specificity': 0.40274742245674133, 'NPV': 0.5784753561019897, 'loss': 1.0020787715911865}
Epoch: [74], (Time: 0:00:02)
Averaged stats: {'accuracy': 0.8120300769805908, 'precision': 0.7993730306625366, 'recall': 0.876288652420044, 'F2': 0.8597437739372253, 'specificity': 0.7344398498535156, 'NPV': 0.8309859037399292, 'loss': 0.40551072359085083}
Test (Time: 0:00:38)
Averaged stats: {'accuracy': 0.5524508357048035, 'precision': 0.5400572419166565, 'recall': 0.7071495652198792, 'F2': 0.6659414768218994, 'specificity': 0.3977521061897278, 'NPV': 0.5759493708610535, 'loss': 0.9972770810127258}
Epoch: [75], (Time: 0:00:02)
Averaged stats: {'accuracy': 0.8233082890510559, 'precision': 0.8126984238624573, 'recall': 0.8797250986099243, 'F2': 0.8654496669769287, 'specificity': 0.7551867365837097, 'NPV': 0.8387096524238586, 'loss': 0.3900759518146515}
Test (Time: 0:00:36)
Averaged stats: {'accuracy': 0.5622853636741638, 'precision': 0.5528756976127625, 'recall': 0.6512644290924072, 'F2': 0.6288815140724182, 'specificity': 0.473306268453598, 'NPV': 0.5757690668106079, 'loss': 1.0159504413604736}
Epoch: [76], (Time: 0:00:02)
Averaged stats: {'accuracy': 0.8364661931991577, 'precision': 0.8566433787345886, 'recall': 0.8419243693351746, 'F2': 0.8448275327682495, 'specificity': 0.8298755288124084, 'NPV': 0.8130081295967102, 'loss': 0.37834683060646057}
Test (Time: 0:00:36)
Averaged stats: {'accuracy': 0.5524508357048035, 'precision': 0.5408163070678711, 'recall': 0.6949734687805176, 'F2': 0.6574905514717102, 'specificity': 0.40992820262908936, 'NPV': 0.5733624696731567, 'loss': 1.1036947965621948}
Epoch: [77], (Time: 0:00:02)
Averaged stats: {'accuracy': 0.8270676732063293, 'precision': 0.8061538338661194, 'recall': 0.900343656539917, 'F2': 0.8797851800918579, 'specificity': 0.7385892271995544, 'NPV': 0.8599033951759338, 'loss': 0.38203710317611694}
Test (Time: 0:00:38)
Averaged stats: {'accuracy': 0.5543240904808044, 'precision': 0.543154776096344, 'recall': 0.6837339997291565, 'F2': 0.6500831246376038, 'specificity': 0.42491415143013, 'NPV': 0.5732940435409546, 'loss': 1.1083922386169434}
Epoch: [78], (Time: 0:00:02)
Averaged stats: {'accuracy': 0.8120300769805908, 'precision': 0.8070739507675171, 'recall': 0.8625429272651672, 'F2': 0.8508474230766296, 'specificity': 0.7510373592376709, 'NPV': 0.8190045356750488, 'loss': 0.40788593888282776}
Test (Time: 0:00:37)
Averaged stats: {'accuracy': 0.5549485087394714, 'precision': 0.5527262091636658, 'recall': 0.5760225057601929, 'F2': 0.5712074637413025, 'specificity': 0.53387451171875, 'NPV': 0.5573663711547852, 'loss': 0.9787872433662415}
Epoch: [79], (Time: 0:00:02)
Averaged stats: {'accuracy': 0.8439849615097046, 'precision': 0.8270440101623535, 'recall': 0.9037800431251526, 'F2': 0.8873143792152405, 'specificity': 0.771784245967865, 'NPV': 0.8691588640213013, 'loss': 0.3622112274169922}
Test (Time: 0:00:38)
Averaged stats: {'accuracy': 0.5519825220108032, 'precision': 0.5406196713447571, 'recall': 0.6918513774871826, 'F2': 0.6551948189735413, 'specificity': 0.41211363673210144, 'NPV': 0.5721716284751892, 'loss': 1.036210298538208}
Epoch: [80], (Time: 0:00:02)
Averaged stats: {'accuracy': 0.8590225577354431, 'precision': 0.850649356842041, 'recall': 0.900343656539917, 'F2': 0.8899456262588501, 'specificity': 0.8091286420822144, 'NPV': 0.8705357313156128, 'loss': 0.3303544521331787}
Test (Time: 0:00:40)
Averaged stats: {'accuracy': 0.5547924041748047, 'precision': 0.5486553907394409, 'recall': 0.6178582310676575, 'F2': 0.6026554703712463, 'specificity': 0.49172651767730713, 'NPV': 0.5627009868621826, 'loss': 1.0825233459472656}
Epoch: [81], (Time: 0:00:02)
Averaged stats: {'accuracy': 0.88345867395401, 'precision': 0.8705501556396484, 'recall': 0.9243986010551453, 'F2': 0.9131025671958923, 'specificity': 0.8340249061584473, 'NPV': 0.9013453125953674, 'loss': 0.3267071545124054}
Test (Time: 0:00:37)
Averaged stats: {'accuracy': 0.5535435676574707, 'precision': 0.543738842010498, 'recall': 0.6656259894371033, 'F2': 0.6370644569396973, 'specificity': 0.44146111607551575, 'NPV': 0.5690140724182129, 'loss': 1.1234675645828247}
Epoch: [82], (Time: 0:00:02)
Averaged stats: {'accuracy': 0.86654132604599, 'precision': 0.8618420958518982, 'recall': 0.900343656539917, 'F2': 0.8923705220222473, 'specificity': 0.8257261514663696, 'NPV': 0.8728070259094238, 'loss': 0.3384122848510742}
Test (Time: 0:00:39)
Averaged stats: {'accuracy': 0.5487043261528015, 'precision': 0.538902759552002, 'recall': 0.6746799945831299, 'F2': 0.6423136591911316, 'specificity': 0.42272868752479553, 'NPV': 0.5651085376739502, 'loss': 1.1218101978302002}
Epoch: [83], (Time: 0:00:02)
Averaged stats: {'accuracy': 0.8571428656578064, 'precision': 0.8524590134620667, 'recall': 0.8934707641601562, 'F2': 0.8849558234214783, 'specificity': 0.8132780194282532, 'NPV': 0.8634361028671265, 'loss': 0.3237389922142029}
Test (Time: 0:00:37)
Averaged stats: {'accuracy': 0.5522947311401367, 'precision': 0.5418227314949036, 'recall': 0.6774898767471313, 'F2': 0.6451804637908936, 'specificity': 0.4270995855331421, 'NPV': 0.5697625875473022, 'loss': 1.2215616703033447}
Epoch: [84], (Time: 0:00:02)
Averaged stats: {'accuracy': 0.86654132604599, 'precision': 0.8525640964508057, 'recall': 0.9140893220901489, 'F2': 0.9010840058326721, 'specificity': 0.8091286420822144, 'NPV': 0.8863636255264282, 'loss': 0.31576475501060486}
Test (Time: 0:00:37)
Averaged stats: {'accuracy': 0.5543240904808044, 'precision': 0.5443199276924133, 'recall': 0.6671870350837708, 'F2': 0.638367772102356, 'specificity': 0.44146111607551575, 'NPV': 0.5701612830162048, 'loss': 1.2518426179885864}
Epoch: [85], (Time: 0:00:02)
Averaged stats: {'accuracy': 0.8796992301940918, 'precision': 0.8900343775749207, 'recall': 0.8900343775749207, 'F2': 0.8900343775749207, 'specificity': 0.8672199249267578, 'NPV': 0.8672199249267578, 'loss': 0.30986008048057556}
Test (Time: 0:00:39)
Averaged stats: {'accuracy': 0.5507336854934692, 'precision': 0.5381187200546265, 'recall': 0.7162035703659058, 'F2': 0.67174232006073, 'specificity': 0.3852638006210327, 'NPV': 0.5758282542228699, 'loss': 1.2700204849243164}
Epoch: [86], (Time: 0:00:02)
Averaged stats: {'accuracy': 0.8853383660316467, 'precision': 0.8782894611358643, 'recall': 0.9175257682800293, 'F2': 0.9094005227088928, 'specificity': 0.8464730381965637, 'NPV': 0.8947368264198303, 'loss': 0.30137091875076294}
Test (Time: 0:00:37)
Averaged stats: {'accuracy': 0.5552607178688049, 'precision': 0.5434036254882812, 'recall': 0.6918513774871826, 'F2': 0.6560094952583313, 'specificity': 0.41866999864578247, 'NPV': 0.5760309100151062, 'loss': 1.2038428783416748}
Epoch: [87], (Time: 0:00:02)
Averaged stats: {'accuracy': 0.8984962701797485, 'precision': 0.907216489315033, 'recall': 0.907216489315033, 'F2': 0.907216489315033, 'specificity': 0.8879668116569519, 'NPV': 0.8879668116569519, 'loss': 0.2639111578464508}
Test (Time: 0:00:37)
Averaged stats: {'accuracy': 0.5522947311401367, 'precision': 0.5411446690559387, 'recall': 0.6877927184104919, 'F2': 0.6524314284324646, 'specificity': 0.4167967438697815, 'NPV': 0.5717344880104065, 'loss': 1.3293739557266235}
Epoch: [88], (Time: 0:00:02)
Averaged stats: {'accuracy': 0.8815789222717285, 'precision': 0.875, 'recall': 0.9140893220901489, 'F2': 0.9059945344924927, 'specificity': 0.8423236608505249, 'NPV': 0.890350878238678, 'loss': 0.2931649088859558}
Test (Time: 0:00:37)
Averaged stats: {'accuracy': 0.5476115942001343, 'precision': 0.5392131805419922, 'recall': 0.6546987295150757, 'F2': 0.6278067231178284, 'specificity': 0.44052451848983765, 'NPV': 0.560588002204895, 'loss': 1.1920956373214722}
Epoch: [89], (Time: 0:00:02)
Averaged stats: {'accuracy': 0.88345867395401, 'precision': 0.8705501556396484, 'recall': 0.9243986010551453, 'F2': 0.9131025671958923, 'specificity': 0.8340249061584473, 'NPV': 0.9013453125953674, 'loss': 0.27084365487098694}
Test (Time: 0:00:38)
Averaged stats: {'accuracy': 0.5541679859161377, 'precision': 0.5428078174591064, 'recall': 0.6868560910224915, 'F2': 0.6522383689880371, 'specificity': 0.42147985100746155, 'NPV': 0.5737356543540955, 'loss': 1.2837669849395752}
Epoch: [90], (Time: 0:00:02)
Averaged stats: {'accuracy': 0.8928571343421936, 'precision': 0.8848684430122375, 'recall': 0.9243986010551453, 'F2': 0.9162124991416931, 'specificity': 0.8547717928886414, 'NPV': 0.9035087823867798, 'loss': 0.2569293677806854}
Test (Time: 0:00:39)
Averaged stats: {'accuracy': 0.551514208316803, 'precision': 0.540680468082428, 'recall': 0.684670627117157, 'F2': 0.6500474214553833, 'specificity': 0.418357789516449, 'NPV': 0.5702127814292908, 'loss': 1.3752856254577637}
Epoch: [91], (Time: 0:00:02)
Averaged stats: {'accuracy': 0.9003759622573853, 'precision': 0.9103448390960693, 'recall': 0.907216489315033, 'F2': 0.9078404307365417, 'specificity': 0.8921161890029907, 'NPV': 0.8884297609329224, 'loss': 0.25454023480415344}
Test (Time: 0:00:38)
Averaged stats: {'accuracy': 0.549640953540802, 'precision': 0.5406234264373779, 'recall': 0.6606306433677673, 'F2': 0.6325480937957764, 'specificity': 0.43865126371383667, 'NPV': 0.5638041496276855, 'loss': 1.2977139949798584}
Epoch: [92], (Time: 0:00:02)
Averaged stats: {'accuracy': 0.9078947305679321, 'precision': 0.8928571343421936, 'recall': 0.9450171589851379, 'F2': 0.9341033101081848, 'specificity': 0.863070547580719, 'NPV': 0.9285714030265808, 'loss': 0.2215055674314499}
Test (Time: 0:00:38)
Averaged stats: {'accuracy': 0.5493287444114685, 'precision': 0.5398989915847778, 'recall': 0.6674992442131042, 'F2': 0.6373717784881592, 'specificity': 0.43115827441215515, 'NPV': 0.5645952820777893, 'loss': 1.3661808967590332}
Epoch: [93], (Time: 0:00:02)
Averaged stats: {'accuracy': 0.8947368264198303, 'precision': 0.8903654217720032, 'recall': 0.9209622144699097, 'F2': 0.9146758317947388, 'specificity': 0.863070547580719, 'NPV': 0.9004328846931458, 'loss': 0.24325577914714813}
Test (Time: 0:00:36)
Averaged stats: {'accuracy': 0.5546362996101379, 'precision': 0.5436626672744751, 'recall': 0.680299699306488, 'F2': 0.6477407217025757, 'specificity': 0.42897284030914307, 'NPV': 0.5729774832725525, 'loss': 1.354414701461792}
Epoch: [94], (Time: 0:00:02)
Averaged stats: {'accuracy': 0.9135338068008423, 'precision': 0.9042904376983643, 'recall': 0.9415807723999023, 'F2': 0.9338786602020264, 'specificity': 0.8796680569648743, 'NPV': 0.9257642030715942, 'loss': 0.2231709510087967}
Test (Time: 0:00:38)
Averaged stats: {'accuracy': 0.55213862657547, 'precision': 0.541500985622406, 'recall': 0.680299699306488, 'F2': 0.6471251845359802, 'specificity': 0.4239775240421295, 'NPV': 0.5701091289520264, 'loss': 1.4345027208328247}
Epoch: [95], (Time: 0:00:02)
Averaged stats: {'accuracy': 0.9078947305679321, 'precision': 0.8980262875556946, 'recall': 0.938144326210022, 'F2': 0.9298365116119385, 'specificity': 0.8713693022727966, 'NPV': 0.9210526347160339, 'loss': 0.22317291796207428}
Test (Time: 0:00:39)
Averaged stats: {'accuracy': 0.5530752539634705, 'precision': 0.5439276695251465, 'recall': 0.6571964025497437, 'F2': 0.6309195756912231, 'specificity': 0.44895410537719727, 'NPV': 0.5670347213745117, 'loss': 1.4556015729904175}
Epoch: [96], (Time: 0:00:02)
Averaged stats: {'accuracy': 0.9304511547088623, 'precision': 0.9535714387893677, 'recall': 0.9175257682800293, 'F2': 0.9245152473449707, 'specificity': 0.9460580945014954, 'NPV': 0.9047619104385376, 'loss': 0.21216918528079987}
Test (Time: 0:00:38)
Averaged stats: {'accuracy': 0.5494848489761353, 'precision': 0.5388194918632507, 'recall': 0.6868560910224915, 'F2': 0.6510802507400513, 'specificity': 0.41211363673210144, 'NPV': 0.5682307481765747, 'loss': 1.5301570892333984}
Epoch: [97], (Time: 0:00:02)
Averaged stats: {'accuracy': 0.9304511547088623, 'precision': 0.926174521446228, 'recall': 0.9484536051750183, 'F2': 0.9439125657081604, 'specificity': 0.908713698387146, 'NPV': 0.9358974099159241, 'loss': 0.20029643177986145}
Test (Time: 0:00:36)
Averaged stats: {'accuracy': 0.5472993850708008, 'precision': 0.536727249622345, 'recall': 0.6912269592285156, 'F2': 0.6535986065864563, 'specificity': 0.4033718407154083, 'NPV': 0.5664182305335999, 'loss': 1.5661245584487915}
Epoch: [98], (Time: 0:00:02)
Averaged stats: {'accuracy': 0.9398496150970459, 'precision': 0.9389830231666565, 'recall': 0.9518900513648987, 'F2': 0.9492803812026978, 'specificity': 0.9253112077713013, 'NPV': 0.9409282803535461, 'loss': 0.1910770982503891}
Test (Time: 0:00:38)
Averaged stats: {'accuracy': 0.5501092672348022, 'precision': 0.5419169664382935, 'recall': 0.6478301882743835, 'F2': 0.6234601140022278, 'specificity': 0.45238837599754333, 'NPV': 0.5622817277908325, 'loss': 1.4601414203643799}
Epoch: [99], (Time: 0:00:02)
Averaged stats: {'accuracy': 0.9248120188713074, 'precision': 0.9197324514389038, 'recall': 0.9450171589851379, 'F2': 0.9398495554924011, 'specificity': 0.9004149436950684, 'NPV': 0.9313304424285889, 'loss': 0.20679020881652832}
Test (Time: 0:00:36)
Averaged stats: {'accuracy': 0.5493287444114685, 'precision': 0.5417989492416382, 'recall': 0.6394005417823792, 'F2': 0.6171649098396301, 'specificity': 0.45925694704055786, 'NPV': 0.5601675510406494, 'loss': 1.4828650951385498}
Epoch: [100], (Time: 0:00:02)
Averaged stats: {'accuracy': 0.902255654335022, 'precision': 0.9163762927055359, 'recall': 0.9037800431251526, 'F2': 0.9062715172767639, 'specificity': 0.9004149436950684, 'NPV': 0.8857142925262451, 'loss': 0.19950152933597565}
Test (Time: 0:00:37)
Averaged stats: {'accuracy': 0.5487043261528015, 'precision': 0.5344370603561401, 'recall': 0.7558538913726807, 'F2': 0.6980164051055908, 'specificity': 0.34155479073524475, 'NPV': 0.583155632019043, 'loss': 1.6778887510299683}
Epoch: [101], (Time: 0:00:02)
Averaged stats: {'accuracy': 0.9116541147232056, 'precision': 0.898692786693573, 'recall': 0.9450171589851379, 'F2': 0.9353740811347961, 'specificity': 0.8713693022727966, 'NPV': 0.9292035102844238, 'loss': 0.20953594148159027}
Test (Time: 0:00:37)
Averaged stats: {'accuracy': 0.5518264174461365, 'precision': 0.5480046272277832, 'recall': 0.5916328430175781, 'F2': 0.5823601484298706, 'specificity': 0.5120199918746948, 'NPV': 0.5563093423843384, 'loss': 1.5613185167312622}
Epoch: [102], (Time: 0:00:02)
Averaged stats: {'accuracy': 0.9191729426383972, 'precision': 0.9397163391113281, 'recall': 0.9106529355049133, 'F2': 0.9163208603858948, 'specificity': 0.9294605851173401, 'NPV': 0.8960000276565552, 'loss': 0.21664749085903168}
Test (Time: 0:00:39)
Averaged stats: {'accuracy': 0.5522947311401367, 'precision': 0.5374804139137268, 'recall': 0.749921977519989, 'F2': 0.6949828863143921, 'specificity': 0.3546674847602844, 'NPV': 0.5864739418029785, 'loss': 1.7130544185638428}
Traceback (most recent call last):
  File "/data01/giorgio/RNARNA-NT/src/train_binary_cl.py", line 537, in <module>
    main(args)
  File "/data01/giorgio/RNARNA-NT/src/train_binary_cl.py", line 471, in main
    with (output_dir / "log.txt").open("a") as f:
  File "/data01/giorgio/ENTER/envs/dnabert/lib/python3.9/pathlib.py", line 1252, in open
    return io.open(self, mode, buffering, encoding, errors, newline,
  File "/data01/giorgio/ENTER/envs/dnabert/lib/python3.9/pathlib.py", line 1120, in _opener
    return self._accessor.open(self, flags, mode)
FileNotFoundError: [Errno 2] No such file or directory: '/data01/giorgio/RNARNA-NT/checkpoints/binary_cl2/log.txt'
