nohup: ignoring input
============================================================
<class 'transformers.tokenization_dna.DNATokenizer'>
2 genes have N, so will be excluded
number of params: 241946
Start training
Epoch: [0], (Time: 1:02:17)
Averaged stats: {'accuracy': 0.5574418306350708, 'precision': 0.5699817538261414, 'recall': 0.3420218825340271, 'F2': 0.37175828218460083, 'specificity': 0.7588035464286804, 'NPV': 0.5523221492767334, 'loss': 0.6778873205184937}
Test (Time: 0:05:12)
Averaged stats: {'accuracy': 0.5445544719696045, 'precision': 0.5340785980224609, 'recall': 0.6982555389404297, 'F2': 0.6578129529953003, 'specificity': 0.3908533751964569, 'NPV': 0.5643295049667358, 'loss': 0.6971963047981262}
Epoch: [1], (Time: 1:02:14)
Averaged stats: {'accuracy': 0.5709813237190247, 'precision': 0.5786451101303101, 'recall': 0.4120679795742035, 'F2': 0.43724218010902405, 'specificity': 0.7195240259170532, 'NPV': 0.5669615268707275, 'loss': 0.6698721051216125}
Test (Time: 0:05:22)
Averaged stats: {'accuracy': 0.5388967394828796, 'precision': 0.5387505888938904, 'recall': 0.540782630443573, 'F2': 0.5403749942779541, 'specificity': 0.5370108485221863, 'NPV': 0.5390440225601196, 'loss': 0.6951683759689331}
Epoch: [2], (Time: 1:02:16)
Averaged stats: {'accuracy': 0.5792191028594971, 'precision': 0.569734513759613, 'recall': 0.5272177457809448, 'F2': 0.5352057814598083, 'specificity': 0.6278268098831177, 'NPV': 0.5868881344795227, 'loss': 0.6675373315811157}
Test (Time: 0:05:22)
Averaged stats: {'accuracy': 0.5405468940734863, 'precision': 0.5467900037765503, 'recall': 0.4738330841064453, 'F2': 0.48682427406311035, 'specificity': 0.6072607040405273, 'NPV': 0.5357736945152283, 'loss': 0.7147137522697449}
Epoch: [3], (Time: 1:02:15)
Averaged stats: {'accuracy': 0.5810141563415527, 'precision': 0.5723932385444641, 'recall': 0.5249136090278625, 'F2': 0.5337687730789185, 'specificity': 0.6334536075592041, 'NPV': 0.5878722667694092, 'loss': 0.6663281321525574}
Test (Time: 0:05:23)
Averaged stats: {'accuracy': 0.5261669158935547, 'precision': 0.5376781821250916, 'recall': 0.3734087646007538, 'F2': 0.3977101445198059, 'specificity': 0.6789250373840332, 'NPV': 0.5200433135032654, 'loss': 0.708578884601593}
Epoch: [4], (Time: 1:02:16)
Averaged stats: {'accuracy': 0.5839223861694336, 'precision': 0.5772895216941833, 'recall': 0.5183467864990234, 'F2': 0.5291523933410645, 'specificity': 0.6452186107635498, 'NPV': 0.589004397392273, 'loss': 0.6649271845817566}
Test (Time: 0:05:23)
Averaged stats: {'accuracy': 0.5405468940734863, 'precision': 0.5518072247505188, 'recall': 0.43187177181243896, 'F2': 0.45149844884872437, 'specificity': 0.6492220759391785, 'NPV': 0.5333074927330017, 'loss': 0.7063664793968201}
Epoch: [5], (Time: 1:02:16)
Averaged stats: {'accuracy': 0.5853695869445801, 'precision': 0.5743588209152222, 'recall': 0.5476094484329224, 'F2': 0.5527582168579102, 'specificity': 0.6206654906272888, 'NPV': 0.5947731137275696, 'loss': 0.6638962626457214}
Test (Time: 0:05:23)
Averaged stats: {'accuracy': 0.5337105393409729, 'precision': 0.5456286072731018, 'recall': 0.4031117260456085, 'F2': 0.4253308176994324, 'specificity': 0.6643092632293701, 'NPV': 0.5267289876937866, 'loss': 0.7149169445037842}
Epoch: [6], (Time: 1:02:20)
Averaged stats: {'accuracy': 0.5817516446113586, 'precision': 0.5730900764465332, 'recall': 0.5265265107154846, 'F2': 0.5352239012718201, 'specificity': 0.6333728432655334, 'NPV': 0.5886650681495667, 'loss': 0.6643330454826355}
Test (Time: 0:05:13)
Averaged stats: {'accuracy': 0.5374823212623596, 'precision': 0.5413416624069214, 'recall': 0.4908062219619751, 'F2': 0.5001441836357117, 'specificity': 0.5841584205627441, 'NPV': 0.5342820286750793, 'loss': 0.718713641166687}
Epoch: [7], (Time: 1:02:17)
Averaged stats: {'accuracy': 0.5880969762802124, 'precision': 0.5797128677368164, 'recall': 0.5361174941062927, 'F2': 0.5443040132522583, 'specificity': 0.636684238910675, 'NPV': 0.594868540763855, 'loss': 0.6625354886054993}
Test (Time: 0:05:24)
Averaged stats: {'accuracy': 0.5483262538909912, 'precision': 0.5447012782096863, 'recall': 0.5888731479644775, 'F2': 0.5794748067855835, 'specificity': 0.5077793598175049, 'NPV': 0.55259108543396, 'loss': 0.713199257850647}
Epoch: [8], (Time: 1:02:22)
Averaged stats: {'accuracy': 0.5893632173538208, 'precision': 0.5792081952095032, 'recall': 0.5486463308334351, 'F2': 0.5544979572296143, 'specificity': 0.6274229884147644, 'NPV': 0.5979320406913757, 'loss': 0.6627722978591919}
Test (Time: 0:05:13)
Averaged stats: {'accuracy': 0.5355964303016663, 'precision': 0.5375809073448181, 'recall': 0.5091937780380249, 'F2': 0.5146288275718689, 'specificity': 0.5619990825653076, 'NPV': 0.5338110327720642, 'loss': 0.712112307548523}
Epoch: [9], (Time: 1:02:16)
Averaged stats: {'accuracy': 0.5872063636779785, 'precision': 0.5754635334014893, 'recall': 0.5551267266273499, 'F2': 0.5590782761573792, 'specificity': 0.6171925663948059, 'NPV': 0.5974563956260681, 'loss': 0.661616861820221}
Test (Time: 0:05:23)
Averaged stats: {'accuracy': 0.5327675342559814, 'precision': 0.5506190657615662, 'recall': 0.3564356565475464, 'F2': 0.3834838569164276, 'specificity': 0.7090994715690613, 'NPV': 0.5242244601249695, 'loss': 0.7071645855903625}
Epoch: [10], (Time: 1:02:15)
Averaged stats: {'accuracy': 0.5879021286964417, 'precision': 0.5786861777305603, 'recall': 0.5406681895256042, 'F2': 0.5478668808937073, 'specificity': 0.6320536136627197, 'NPV': 0.5954850912094116, 'loss': 0.661826491355896}
Test (Time: 0:05:26)
Averaged stats: {'accuracy': 0.5381895303726196, 'precision': 0.5463917255401611, 'recall': 0.44978782534599304, 'F2': 0.4662756323814392, 'specificity': 0.6265912055969238, 'NPV': 0.5324519276618958, 'loss': 0.7154803276062012}
Epoch: [11], (Time: 1:02:16)
Averaged stats: {'accuracy': 0.5884031057357788, 'precision': 0.5771343111991882, 'recall': 0.5539458394050598, 'F2': 0.5584332346916199, 'specificity': 0.6206116676330566, 'NPV': 0.5981473326683044, 'loss': 0.660886287689209}
Test (Time: 0:05:23)
Averaged stats: {'accuracy': 0.5320603251457214, 'precision': 0.5283569693565369, 'recall': 0.5973597168922424, 'F2': 0.5821540355682373, 'specificity': 0.4667609632015228, 'NPV': 0.536876380443573, 'loss': 0.7332466244697571}
Epoch: [12], (Time: 1:02:12)
Averaged stats: {'accuracy': 0.5896137356758118, 'precision': 0.5811650156974792, 'recall': 0.5390840768814087, 'F2': 0.5470055937767029, 'specificity': 0.6368457674980164, 'NPV': 0.5964748859405518, 'loss': 0.6614537239074707}
Test (Time: 0:05:23)
Averaged stats: {'accuracy': 0.5377180576324463, 'precision': 0.542553186416626, 'recall': 0.4809052348136902, 'F2': 0.4920879900455475, 'specificity': 0.5945308804512024, 'NPV': 0.5338696241378784, 'loss': 0.7468998432159424}
Epoch: [13], (Time: 1:02:14)
Averaged stats: {'accuracy': 0.5896415710449219, 'precision': 0.5797110199928284, 'recall': 0.5477534532546997, 'F2': 0.5538599491119385, 'specificity': 0.6287960410118103, 'NPV': 0.5979824662208557, 'loss': 0.6602694988250732}
Test (Time: 0:05:23)
Averaged stats: {'accuracy': 0.5447902083396912, 'precision': 0.5425246357917786, 'recall': 0.5714285969734192, 'F2': 0.5654039978981018, 'specificity': 0.5181518197059631, 'NPV': 0.5473107695579529, 'loss': 0.7081637978553772}
Epoch: [14], (Time: 1:02:20)
Averaged stats: {'accuracy': 0.5925219655036926, 'precision': 0.5837002396583557, 'recall': 0.5460253357887268, 'F2': 0.5531661510467529, 'specificity': 0.6359843015670776, 'NPV': 0.5997968912124634, 'loss': 0.6599581837654114}
Test (Time: 0:05:13)
Averaged stats: {'accuracy': 0.5405468940734863, 'precision': 0.5457446575164795, 'recall': 0.4837341010570526, 'F2': 0.49498260021209717, 'specificity': 0.5973597168922424, 'NPV': 0.5364097952842712, 'loss': 0.7176457643508911}
Epoch: [15], (Time: 1:02:13)
Averaged stats: {'accuracy': 0.5917984247207642, 'precision': 0.5808777213096619, 'recall': 0.5569700598716736, 'F2': 0.5615928769111633, 'specificity': 0.6243538856506348, 'NPV': 0.6012236475944519, 'loss': 0.6592093706130981}
Test (Time: 0:05:23)
Averaged stats: {'accuracy': 0.5332390666007996, 'precision': 0.5443675518035889, 'recall': 0.4078264832496643, 'F2': 0.4293656349182129, 'specificity': 0.65865159034729, 'NPV': 0.5265737175941467, 'loss': 0.7216543555259705}
Epoch: [16], (Time: 1:02:12)
Averaged stats: {'accuracy': 0.5905599594116211, 'precision': 0.5809587836265564, 'recall': 0.5472926497459412, 'F2': 0.5537100434303284, 'specificity': 0.6310036778450012, 'NPV': 0.5985800623893738, 'loss': 0.659917950630188}
Test (Time: 0:05:13)
Averaged stats: {'accuracy': 0.537953794002533, 'precision': 0.5415162444114685, 'recall': 0.49504950642585754, 'F2': 0.5036937594413757, 'specificity': 0.5808581113815308, 'NPV': 0.5349544286727905, 'loss': 0.7514920234680176}
Epoch: [17], (Time: 1:02:14)
Averaged stats: {'accuracy': 0.5929672718048096, 'precision': 0.5829415321350098, 'recall': 0.5535426139831543, 'F2': 0.5591827630996704, 'specificity': 0.6298190951347351, 'NPV': 0.6014654636383057, 'loss': 0.6591005325317383}
Test (Time: 0:05:24)
Averaged stats: {'accuracy': 0.5384252667427063, 'precision': 0.5431902408599854, 'recall': 0.4832625985145569, 'F2': 0.49416643381118774, 'specificity': 0.5935879349708557, 'NPV': 0.5346072316169739, 'loss': 0.7174314260482788}
Epoch: [18], (Time: 1:02:14)
Averaged stats: {'accuracy': 0.5889458060264587, 'precision': 0.5775913596153259, 'recall': 0.5552995204925537, 'F2': 0.5596191883087158, 'specificity': 0.6203963160514832, 'NPV': 0.5987942814826965, 'loss': 0.6600534915924072}
Test (Time: 0:05:23)
Averaged stats: {'accuracy': 0.528052806854248, 'precision': 0.5443698763847351, 'recall': 0.3441772758960724, 'F2': 0.37150129675865173, 'specificity': 0.7119283080101013, 'NPV': 0.520510196685791, 'loss': 0.7160506844520569}
Epoch: [19], (Time: 1:02:16)
Averaged stats: {'accuracy': 0.5925219655036926, 'precision': 0.5842084288597107, 'recall': 0.5432027578353882, 'F2': 0.5509368777275085, 'specificity': 0.6386226415634155, 'NPV': 0.5993027091026306, 'loss': 0.6593604683876038}
Test (Time: 0:05:12)
Averaged stats: {'accuracy': 0.5318245887756348, 'precision': 0.5473684072494507, 'recall': 0.3677510619163513, 'F2': 0.3935815989971161, 'specificity': 0.695898175239563, 'NPV': 0.5239616632461548, 'loss': 0.7072774767875671}
Epoch: [20], (Time: 1:02:17)
Averaged stats: {'accuracy': 0.5909356474876404, 'precision': 0.5814836621284485, 'recall': 0.547033429145813, 'F2': 0.5535929203033447, 'specificity': 0.6319728493690491, 'NPV': 0.5988112688064575, 'loss': 0.658805787563324}
Test (Time: 0:05:24)
Averaged stats: {'accuracy': 0.5249882340431213, 'precision': 0.5435139536857605, 'recall': 0.31211692094802856, 'F2': 0.34116679430007935, 'specificity': 0.7378594875335693, 'NPV': 0.5175264477729797, 'loss': 0.732090413570404}
Epoch: [21], (Time: 1:02:15)
Averaged stats: {'accuracy': 0.589224100112915, 'precision': 0.578773558139801, 'recall': 0.5502015948295593, 'F2': 0.5556880235671997, 'specificity': 0.6256999969482422, 'NPV': 0.5981007814407349, 'loss': 0.6592336297035217}
Test (Time: 0:05:23)
Averaged stats: {'accuracy': 0.5384252667427063, 'precision': 0.5395439267158508, 'recall': 0.5242810249328613, 'F2': 0.5272641181945801, 'specificity': 0.552569568157196, 'NPV': 0.5373681783676147, 'loss': 0.7223079800605774}
Epoch: [22], (Time: 1:02:16)
Averaged stats: {'accuracy': 0.5923967361450195, 'precision': 0.5832310914993286, 'recall': 0.5477534532546997, 'F2': 0.5544994473457336, 'specificity': 0.6341266632080078, 'NPV': 0.6000102162361145, 'loss': 0.6592850685119629}
Test (Time: 0:05:22)
Averaged stats: {'accuracy': 0.5339462757110596, 'precision': 0.5451694130897522, 'recall': 0.40971240401268005, 'F2': 0.4311371445655823, 'specificity': 0.6581801176071167, 'NPV': 0.5271903276443481, 'loss': 0.7218267321586609}
Epoch: [23], (Time: 1:02:16)
Averaged stats: {'accuracy': 0.5940805077552795, 'precision': 0.5840629935264587, 'recall': 0.5552131533622742, 'F2': 0.560752809047699, 'specificity': 0.6304113864898682, 'NPV': 0.6025888323783875, 'loss': 0.6575739979743958}
Test (Time: 0:05:24)
Averaged stats: {'accuracy': 0.5403111577033997, 'precision': 0.546543300151825, 'recall': 0.473361611366272, 'F2': 0.4863869547843933, 'specificity': 0.6072607040405273, 'NPV': 0.5355509519577026, 'loss': 0.7256554961204529}
Epoch: [24], (Time: 1:02:15)
Averaged stats: {'accuracy': 0.5947762727737427, 'precision': 0.5883987545967102, 'recall': 0.5366935729980469, 'F2': 0.546294629573822, 'specificity': 0.6490684747695923, 'NPV': 0.5998009443283081, 'loss': 0.6581251621246338}
Test (Time: 0:05:13)
Averaged stats: {'accuracy': 0.5313531160354614, 'precision': 0.5476702451705933, 'recall': 0.3602074384689331, 'F2': 0.3866787850856781, 'specificity': 0.7024987936019897, 'NPV': 0.5233579277992249, 'loss': 0.7156907916069031}
Epoch: [25], (Time: 1:02:16)
Averaged stats: {'accuracy': 0.5932177305221558, 'precision': 0.5854273438453674, 'recall': 0.5415034294128418, 'F2': 0.5497528910636902, 'specificity': 0.6415571570396423, 'NPV': 0.5995119214057922, 'loss': 0.6580477952957153}
Test (Time: 0:05:24)
Averaged stats: {'accuracy': 0.5315888524055481, 'precision': 0.5358288884162903, 'recall': 0.4724186658859253, 'F2': 0.4838709831237793, 'specificity': 0.5907590985298157, 'NPV': 0.5282462239265442, 'loss': 0.7207174897193909}
Epoch: [26], (Time: 1:02:16)
Averaged stats: {'accuracy': 0.5915757417678833, 'precision': 0.581061065196991, 'recall': 0.5542338490486145, 'F2': 0.5593993067741394, 'specificity': 0.6264806985855103, 'NPV': 0.6005626320838928, 'loss': 0.6583729982376099}
Test (Time: 0:05:24)
Averaged stats: {'accuracy': 0.5358321666717529, 'precision': 0.5394191145896912, 'recall': 0.49033474922180176, 'F2': 0.4994237720966339, 'specificity': 0.5813295841217041, 'NPV': 0.5328435897827148, 'loss': 0.7167237997055054}
Epoch: [27], (Time: 1:02:17)
Averaged stats: {'accuracy': 0.5949432253837585, 'precision': 0.5842315554618835, 'recall': 0.5604550838470459, 'F2': 0.5650542974472046, 'specificity': 0.6271806955337524, 'NPV': 0.6041963696479797, 'loss': 0.6575750708580017}
Test (Time: 0:05:14)
Averaged stats: {'accuracy': 0.5320603251457214, 'precision': 0.5396270155906677, 'recall': 0.43658652901649475, 'F2': 0.4539215862751007, 'specificity': 0.6275342106819153, 'NPV': 0.5269200205802917, 'loss': 0.7394493222236633}
Epoch: [28], (Time: 1:02:19)
Averaged stats: {'accuracy': 0.5944005250930786, 'precision': 0.5838903784751892, 'recall': 0.5584965348243713, 'F2': 0.5633970499038696, 'specificity': 0.6279614567756653, 'NPV': 0.603430449962616, 'loss': 0.6569019556045532}
Test (Time: 0:05:23)
Averaged stats: {'accuracy': 0.5355964303016663, 'precision': 0.5441262125968933, 'recall': 0.43894389271736145, 'F2': 0.45659640431404114, 'specificity': 0.6322489380836487, 'NPV': 0.5298300981521606, 'loss': 0.722296953201294}
Epoch: [29], (Time: 1:02:16)
Averaged stats: {'accuracy': 0.5950684547424316, 'precision': 0.5857125520706177, 'recall': 0.5530530214309692, 'F2': 0.5592902302742004, 'specificity': 0.6343420147895813, 'NPV': 0.6029170751571655, 'loss': 0.6570435166358948}
Test (Time: 0:05:33)
Averaged stats: {'accuracy': 0.5308816432952881, 'precision': 0.5375788807868958, 'recall': 0.4417727589607239, 'F2': 0.4581010937690735, 'specificity': 0.6199905872344971, 'NPV': 0.5262104868888855, 'loss': 0.719541609287262}
Epoch: [30], (Time: 1:02:16)
Averaged stats: {'accuracy': 0.5944979190826416, 'precision': 0.5845277309417725, 'recall': 0.5555875301361084, 'F2': 0.5611439943313599, 'specificity': 0.6308690309524536, 'NPV': 0.6029642820358276, 'loss': 0.6574624180793762}
Test (Time: 0:05:22)
Averaged stats: {'accuracy': 0.5367751121520996, 'precision': 0.5438202023506165, 'recall': 0.4563885033130646, 'F2': 0.4715510606765747, 'specificity': 0.6171616911888123, 'NPV': 0.5316815376281738, 'loss': 0.7208913564682007}
Epoch: [31], (Time: 1:02:09)
Averaged stats: {'accuracy': 0.5929811596870422, 'precision': 0.5830096006393433, 'recall': 0.5532546043395996, 'F2': 0.5589601397514343, 'specificity': 0.6301152110099792, 'NPV': 0.6014235615730286, 'loss': 0.6579614281654358}
Test (Time: 0:05:23)
Averaged stats: {'accuracy': 0.537246584892273, 'precision': 0.5416227579116821, 'recall': 0.4846770465373993, 'F2': 0.4950876533985138, 'specificity': 0.589816153049469, 'NPV': 0.533703088760376, 'loss': 0.721318244934082}
Epoch: [32], (Time: 1:02:07)
Averaged stats: {'accuracy': 0.5961816906929016, 'precision': 0.5864579677581787, 'recall': 0.556797206401825, 'F2': 0.5624868869781494, 'specificity': 0.6329959034919739, 'NPV': 0.6044216156005859, 'loss': 0.6562093496322632}
Test (Time: 0:05:24)
Averaged stats: {'accuracy': 0.5348892211914062, 'precision': 0.5403050184249878, 'recall': 0.4677039086818695, 'F2': 0.48062020540237427, 'specificity': 0.6020745038986206, 'NPV': 0.530756413936615, 'loss': 0.7303209900856018}
Epoch: [33], (Time: 1:02:08)
Averaged stats: {'accuracy': 0.5940108895301819, 'precision': 0.5842911601066589, 'recall': 0.5534273982048035, 'F2': 0.5593364834785461, 'specificity': 0.6319459676742554, 'NPV': 0.6022114753723145, 'loss': 0.656499445438385}
Test (Time: 0:05:22)
Averaged stats: {'accuracy': 0.538661003112793, 'precision': 0.5417940616607666, 'recall': 0.5011786818504333, 'F2': 0.5088071823120117, 'specificity': 0.5761433243751526, 'NPV': 0.5359649062156677, 'loss': 0.7046504616737366}
Epoch: [34], (Time: 1:02:07)
Averaged stats: {'accuracy': 0.5937604308128357, 'precision': 0.5838543176651001, 'recall': 0.5540898442268372, 'F2': 0.559797465801239, 'specificity': 0.6308421492576599, 'NPV': 0.6021483540534973, 'loss': 0.6567131280899048}
Test (Time: 0:05:23)
Averaged stats: {'accuracy': 0.5384252667427063, 'precision': 0.543328046798706, 'recall': 0.48184818029403687, 'F2': 0.49300527572631836, 'specificity': 0.5950023531913757, 'NPV': 0.5345192551612854, 'loss': 0.7254694700241089}
Epoch: [35], (Time: 1:02:07)
Averaged stats: {'accuracy': 0.5973227024078369, 'precision': 0.5881026387214661, 'recall': 0.5558179616928101, 'F2': 0.5619881749153137, 'specificity': 0.6361188888549805, 'NPV': 0.6050704121589661, 'loss': 0.6560277342796326}
Test (Time: 0:05:23)
Averaged stats: {'accuracy': 0.5365393757820129, 'precision': 0.535664975643158, 'recall': 0.5487977266311646, 'F2': 0.5461199283599854, 'specificity': 0.5242810249328613, 'NPV': 0.5374577045440674, 'loss': 0.7253648638725281}
Epoch: [36], (Time: 1:02:07)
Averaged stats: {'accuracy': 0.5965991020202637, 'precision': 0.5881755352020264, 'recall': 0.550432026386261, 'F2': 0.5575882196426392, 'specificity': 0.6397534012794495, 'NPV': 0.6035507321357727, 'loss': 0.6555807590484619}
Test (Time: 0:05:23)
Averaged stats: {'accuracy': 0.539368212223053, 'precision': 0.5374943614006042, 'recall': 0.5643564462661743, 'F2': 0.5587713122367859, 'specificity': 0.5143800377845764, 'NPV': 0.5414392352104187, 'loss': 0.7193323969841003}
Epoch: [37], (Time: 1:02:07)
Averaged stats: {'accuracy': 0.596780002117157, 'precision': 0.5890083909034729, 'recall': 0.5472926497459412, 'F2': 0.5551562905311584, 'specificity': 0.6430379152297974, 'NPV': 0.6031108498573303, 'loss': 0.6566531658172607}
Test (Time: 0:05:12)
Averaged stats: {'accuracy': 0.5325317978858948, 'precision': 0.5352400541305542, 'recall': 0.49410656094551086, 'F2': 0.5018196105957031, 'specificity': 0.5709571242332458, 'NPV': 0.5302101373672485, 'loss': 0.7133333086967468}
Epoch: [38], (Time: 1:02:09)
Averaged stats: {'accuracy': 0.5966130495071411, 'precision': 0.5889713168144226, 'recall': 0.5463421940803528, 'F2': 0.5543671250343323, 'specificity': 0.6436032652854919, 'NPV': 0.6028191447257996, 'loss': 0.6558848023414612}
Test (Time: 0:05:23)
Averaged stats: {'accuracy': 0.5313531160354614, 'precision': 0.5414847135543823, 'recall': 0.4092409312725067, 'F2': 0.43025678396224976, 'specificity': 0.6534653306007385, 'NPV': 0.5251989364624023, 'loss': 0.7344084978103638}
Epoch: [39], (Time: 1:02:11)
Averaged stats: {'accuracy': 0.5960425138473511, 'precision': 0.5886347889900208, 'recall': 0.5441820025444031, 'F2': 0.5525271892547607, 'specificity': 0.6445186138153076, 'NPV': 0.6020218133926392, 'loss': 0.655547022819519}
Test (Time: 0:05:23)
Averaged stats: {'accuracy': 0.5334748029708862, 'precision': 0.5423122644424438, 'recall': 0.42904290556907654, 'F2': 0.44774648547172546, 'specificity': 0.6379066705703735, 'NPV': 0.527691125869751, 'loss': 0.7374749183654785}
Epoch: [40], (Time: 1:02:15)
Averaged stats: {'accuracy': 0.5967104434967041, 'precision': 0.5884619951248169, 'recall': 0.549683153629303, 'F2': 0.5570245981216431, 'specificity': 0.6406687498092651, 'NPV': 0.6034946441650391, 'loss': 0.6553409695625305}
Test (Time: 0:05:24)
Averaged stats: {'accuracy': 0.5367751121520996, 'precision': 0.5352941155433655, 'recall': 0.5577557682991028, 'F2': 0.5531139373779297, 'specificity': 0.5157944560050964, 'NPV': 0.538385808467865, 'loss': 0.7206177711486816}
Epoch: [41], (Time: 1:02:13)
Averaged stats: {'accuracy': 0.5984498262405396, 'precision': 0.589192807674408, 'recall': 0.5577477216720581, 'F2': 0.5637653470039368, 'specificity': 0.63649582862854, 'NPV': 0.6062517762184143, 'loss': 0.6558037996292114}
Test (Time: 0:05:12)
Averaged stats: {'accuracy': 0.5308816432952881, 'precision': 0.5396729111671448, 'recall': 0.4200848639011383, 'F2': 0.43956583738327026, 'specificity': 0.6416784524917603, 'NPV': 0.5252798199653625, 'loss': 0.7279139161109924}
