nohup: ignoring input
/data01/giorgio/ENTER/envs/dnabert/lib/python3.9/site-packages/torch/nn/init.py:388: UserWarning: Initializing zero-element tensors is a no-op
  warnings.warn("Initializing zero-element tensors is a no-op")
============================================================
<class 'transformers.tokenization_dna.DNATokenizer'>
number of params: 4189214
Start training
Epoch: [0], (Time: 0:53:38)
Averaged stats: {'accuracy': 0.5407422780990601, 'precision': 0.5761152505874634, 'recall': 0.30825671553611755, 'F2': 0.3398595154285431, 'specificity': 0.773211658000946, 'NPV': 0.5278231501579285, 'loss': 0.6854240894317627}
Test (Time: 0:08:25)
Averaged stats: {'accuracy': 0.5572910904884338, 'precision': 0.5608383417129517, 'recall': 0.5281380414962769, 'F2': 0.5343694090843201, 'specificity': 0.5864441394805908, 'NPV': 0.554134726524353, 'loss': 0.6745693683624268}
Epoch: [1], (Time: 0:55:28)
Averaged stats: {'accuracy': 0.5573393106460571, 'precision': 0.574374794960022, 'recall': 0.4500371515750885, 'F2': 0.4704032242298126, 'specificity': 0.6650967597961426, 'NPV': 0.5463285446166992, 'loss': 0.6808547377586365}
Test (Time: 0:07:50)
Averaged stats: {'accuracy': 0.5845832824707031, 'precision': 0.6359680891036987, 'recall': 0.39562422037124634, 'F2': 0.42797189950942993, 'specificity': 0.7735423445701599, 'NPV': 0.5613848567008972, 'loss': 0.6653449535369873}
Epoch: [2], (Time: 0:55:14)
Averaged stats: {'accuracy': 0.5665885210037231, 'precision': 0.5780636668205261, 'recall': 0.5012614727020264, 'F2': 0.5149446725845337, 'specificity': 0.6322499513626099, 'NPV': 0.5577653050422668, 'loss': 0.6779682636260986}
Test (Time: 0:08:33)
Averaged stats: {'accuracy': 0.5885304808616638, 'precision': 0.5815160870552063, 'recall': 0.6315551996231079, 'F2': 0.620870053768158, 'specificity': 0.5455058217048645, 'NPV': 0.5968657732009888, 'loss': 0.6657506227493286}
Epoch: [3], (Time: 0:55:46)
Averaged stats: {'accuracy': 0.570953369140625, 'precision': 0.5803922414779663, 'recall': 0.5129660964012146, 'F2': 0.525168240070343, 'specificity': 0.6289675831794739, 'NPV': 0.5634762644767761, 'loss': 0.6763774752616882}
Test (Time: 0:07:55)
Averaged stats: {'accuracy': 0.591011643409729, 'precision': 0.5914965867996216, 'recall': 0.5883613228797913, 'F2': 0.5889857411384583, 'specificity': 0.593661904335022, 'NPV': 0.5905317664146423, 'loss': 0.662378191947937}
Epoch: [4], (Time: 1:12:59)
Averaged stats: {'accuracy': 0.5727626085281372, 'precision': 0.5826045870780945, 'recall': 0.5134707093238831, 'F2': 0.5259529948234558, 'specificity': 0.6320655941963196, 'NPV': 0.5650073885917664, 'loss': 0.6756730079650879}
Test (Time: 0:08:26)
Averaged stats: {'accuracy': 0.5959174633026123, 'precision': 0.6232787370681763, 'recall': 0.4849441647529602, 'F2': 0.507470428943634, 'specificity': 0.7068907022476196, 'NPV': 0.5784956216812134, 'loss': 0.6625893712043762}
