nohup: ignoring input
/data01/giorgio/ENTER/envs/dnabert/lib/python3.9/site-packages/torch/nn/init.py:388: UserWarning: Initializing zero-element tensors is a no-op
  warnings.warn("Initializing zero-element tensors is a no-op")
============================================================
<class 'transformers.tokenization_dna.DNATokenizer'>
number of params: 4930514
Start training
Epoch: [28], (Time: 0:00:22)
Averaged stats: {'accuracy': 0.5837104320526123, 'precision': 0.5622641444206238, 'recall': 0.6866359710693359, 'F2': 0.6575464010238647, 'specificity': 0.48444443941116333, 'NPV': 0.6158192157745361, 'loss': 0.6718559861183167}
Test (Time: 0:00:07)
Averaged stats: {'accuracy': 0.6217105388641357, 'precision': 0.6275861859321594, 'recall': 0.5986841917037964, 'F2': 0.6042496562004089, 'specificity': 0.6447368264198303, 'NPV': 0.6163522005081177, 'loss': 0.656082272529602}
Epoch: [29], (Time: 0:00:19)
Averaged stats: {'accuracy': 0.581447958946228, 'precision': 0.5714285969734192, 'recall': 0.5898617506027222, 'F2': 0.5860806107521057, 'specificity': 0.5733333230018616, 'NPV': 0.5917431116104126, 'loss': 0.6689063906669617}
Test (Time: 0:00:06)
Averaged stats: {'accuracy': 0.6381579041481018, 'precision': 0.6615384817123413, 'recall': 0.5657894611358643, 'F2': 0.5826558470726013, 'specificity': 0.7105262875556946, 'NPV': 0.6206896305084229, 'loss': 0.6490707993507385}
Epoch: [30], (Time: 0:00:17)
Averaged stats: {'accuracy': 0.6131221652030945, 'precision': 0.6223404407501221, 'recall': 0.539170503616333, 'F2': 0.5539773106575012, 'specificity': 0.6844444274902344, 'NPV': 0.6062992215156555, 'loss': 0.647243082523346}
Test (Time: 0:00:06)
Averaged stats: {'accuracy': 0.6282894611358643, 'precision': 0.644444465637207, 'recall': 0.5723684430122375, 'F2': 0.585464358329773, 'specificity': 0.6842105388641357, 'NPV': 0.6153846383094788, 'loss': 0.6450732350349426}
Epoch: [31], (Time: 0:00:21)
Averaged stats: {'accuracy': 0.622171938419342, 'precision': 0.6190476417541504, 'recall': 0.599078357219696, 'F2': 0.6029684543609619, 'specificity': 0.644444465637207, 'NPV': 0.625, 'loss': 0.6535553336143494}
Test (Time: 0:00:06)
Averaged stats: {'accuracy': 0.6348684430122375, 'precision': 0.6227545142173767, 'recall': 0.6842105388641357, 'F2': 0.6709677577018738, 'specificity': 0.5855262875556946, 'NPV': 0.6496350169181824, 'loss': 0.6510787606239319}
Epoch: [32], (Time: 0:00:17)
Averaged stats: {'accuracy': 0.6447963714599609, 'precision': 0.6351351141929626, 'recall': 0.6497696042060852, 'F2': 0.646789014339447, 'specificity': 0.6399999856948853, 'NPV': 0.6545454263687134, 'loss': 0.635537326335907}
Test (Time: 0:00:06)
Averaged stats: {'accuracy': 0.6118420958518982, 'precision': 0.625, 'recall': 0.5592105388641357, 'F2': 0.5712365508079529, 'specificity': 0.6644737124443054, 'NPV': 0.601190447807312, 'loss': 0.6440500617027283}
Epoch: [33], (Time: 0:00:20)
Averaged stats: {'accuracy': 0.6199095249176025, 'precision': 0.6183574795722961, 'recall': 0.5898617506027222, 'F2': 0.5953488349914551, 'specificity': 0.648888885974884, 'NPV': 0.6212766170501709, 'loss': 0.6313472390174866}
Test (Time: 0:00:06)
Averaged stats: {'accuracy': 0.625, 'precision': 0.6172839403152466, 'recall': 0.6578947305679321, 'F2': 0.649350643157959, 'specificity': 0.5921052694320679, 'NPV': 0.6338028311729431, 'loss': 0.63844233751297}
Epoch: [34], (Time: 0:00:20)
Averaged stats: {'accuracy': 0.6832579374313354, 'precision': 0.6610878705978394, 'recall': 0.7281106114387512, 'F2': 0.713640570640564, 'specificity': 0.6399999856948853, 'NPV': 0.7093595862388611, 'loss': 0.6015961766242981}
Test (Time: 0:00:06)
Averaged stats: {'accuracy': 0.6052631735801697, 'precision': 0.5842105150222778, 'recall': 0.7302631735801697, 'F2': 0.695488691329956, 'specificity': 0.4802631437778473, 'NPV': 0.640350878238678, 'loss': 0.6412258148193359}
Epoch: [35], (Time: 0:00:22)
Averaged stats: {'accuracy': 0.692307710647583, 'precision': 0.681614339351654, 'recall': 0.7004608511924744, 'F2': 0.6966086626052856, 'specificity': 0.6844444274902344, 'NPV': 0.7031963467597961, 'loss': 0.5928596258163452}
Test (Time: 0:00:07)
Averaged stats: {'accuracy': 0.6480262875556946, 'precision': 0.6991150379180908, 'recall': 0.5197368264198303, 'F2': 0.5478501915931702, 'specificity': 0.7763158082962036, 'NPV': 0.6178010702133179, 'loss': 0.6373441219329834}
Epoch: [36], (Time: 0:00:17)
Averaged stats: {'accuracy': 0.6447963714599609, 'precision': 0.6293103694915771, 'recall': 0.6728110313415527, 'F2': 0.6636363863945007, 'specificity': 0.6177777647972107, 'NPV': 0.6619047522544861, 'loss': 0.6139514446258545}
Test (Time: 0:00:06)
Averaged stats: {'accuracy': 0.6282894611358643, 'precision': 0.6363636255264282, 'recall': 0.5986841917037964, 'F2': 0.6058588027954102, 'specificity': 0.6578947305679321, 'NPV': 0.6211180090904236, 'loss': 0.6373706459999084}
Epoch: [37], (Time: 0:00:20)
Averaged stats: {'accuracy': 0.6945701241493225, 'precision': 0.7135416865348816, 'recall': 0.6313363909721375, 'F2': 0.6462264060974121, 'specificity': 0.7555555701255798, 'NPV': 0.6800000071525574, 'loss': 0.5690200924873352}
Test (Time: 0:00:06)
Averaged stats: {'accuracy': 0.6184210777282715, 'precision': 0.6168830990791321, 'recall': 0.625, 'F2': 0.6233595609664917, 'specificity': 0.6118420958518982, 'NPV': 0.6200000047683716, 'loss': 0.6482121348381042}
Epoch: [38], (Time: 0:00:19)
Averaged stats: {'accuracy': 0.692307710647583, 'precision': 0.6653061509132385, 'recall': 0.7511520981788635, 'F2': 0.7322551608085632, 'specificity': 0.6355555653572083, 'NPV': 0.7258883118629456, 'loss': 0.5575883388519287}
Test (Time: 0:00:06)
Averaged stats: {'accuracy': 0.5986841917037964, 'precision': 0.65625, 'recall': 0.41447368264198303, 'F2': 0.4474431872367859, 'specificity': 0.7828947305679321, 'NPV': 0.5721153616905212, 'loss': 0.6587523818016052}
Epoch: [39], (Time: 0:00:18)
Averaged stats: {'accuracy': 0.7375565767288208, 'precision': 0.7393364906311035, 'recall': 0.7188940048217773, 'F2': 0.7228915691375732, 'specificity': 0.7555555701255798, 'NPV': 0.7359307408332825, 'loss': 0.5501232743263245}
Test (Time: 0:00:06)
Averaged stats: {'accuracy': 0.6118420958518982, 'precision': 0.6416666507720947, 'recall': 0.5065789222717285, 'F2': 0.5288460850715637, 'specificity': 0.7171052694320679, 'NPV': 0.592391312122345, 'loss': 0.655815839767456}
Epoch: [40], (Time: 0:00:19)
Averaged stats: {'accuracy': 0.6877828240394592, 'precision': 0.7025641202926636, 'recall': 0.6313363909721375, 'F2': 0.6444026231765747, 'specificity': 0.742222249507904, 'NPV': 0.6761133670806885, 'loss': 0.5589094758033752}
Test (Time: 0:00:06)
Averaged stats: {'accuracy': 0.5822368264198303, 'precision': 0.5661375522613525, 'recall': 0.7039473652839661, 'F2': 0.6712672710418701, 'specificity': 0.46052631735801697, 'NPV': 0.6086956262588501, 'loss': 0.6811863780021667}
Epoch: [41], (Time: 0:00:17)
Averaged stats: {'accuracy': 0.6990950107574463, 'precision': 0.6891891956329346, 'recall': 0.7050691246986389, 'F2': 0.7018348574638367, 'specificity': 0.6933333277702332, 'NPV': 0.7090908885002136, 'loss': 0.5433502793312073}
Test (Time: 0:00:06)
Averaged stats: {'accuracy': 0.5855262875556946, 'precision': 0.6101694703102112, 'recall': 0.4736842215061188, 'F2': 0.4958677589893341, 'specificity': 0.6973684430122375, 'NPV': 0.5698924660682678, 'loss': 0.678553581237793}
Epoch: [42], (Time: 0:00:18)
Averaged stats: {'accuracy': 0.726244330406189, 'precision': 0.75, 'recall': 0.6635944843292236, 'F2': 0.6792452931404114, 'specificity': 0.7866666913032532, 'NPV': 0.7080000042915344, 'loss': 0.5302010774612427}
Test (Time: 0:00:06)
Averaged stats: {'accuracy': 0.6118420958518982, 'precision': 0.6089743375778198, 'recall': 0.625, 'F2': 0.6217277646064758, 'specificity': 0.5986841917037964, 'NPV': 0.6148648858070374, 'loss': 0.7006146907806396}
Epoch: [43], (Time: 0:00:18)
Averaged stats: {'accuracy': 0.6990950107574463, 'precision': 0.6764705777168274, 'recall': 0.7419354915618896, 'F2': 0.7278481125831604, 'specificity': 0.6577777862548828, 'NPV': 0.7254902124404907, 'loss': 0.5413872003555298}
Test (Time: 0:00:06)
Averaged stats: {'accuracy': 0.5888158082962036, 'precision': 0.658823549747467, 'recall': 0.3684210479259491, 'F2': 0.4040403962135315, 'specificity': 0.8092105388641357, 'NPV': 0.5616438388824463, 'loss': 0.7198727130889893}
Epoch: [44], (Time: 0:00:19)
Averaged stats: {'accuracy': 0.7126696705818176, 'precision': 0.7184466123580933, 'recall': 0.6820276379585266, 'F2': 0.6890130043029785, 'specificity': 0.742222249507904, 'NPV': 0.7076271176338196, 'loss': 0.5333417057991028}
Test (Time: 0:00:06)
Averaged stats: {'accuracy': 0.6184210777282715, 'precision': 0.6267605423927307, 'recall': 0.5855262875556946, 'F2': 0.5933333039283752, 'specificity': 0.6513158082962036, 'NPV': 0.6111111044883728, 'loss': 0.6865359544754028}
Epoch: [45], (Time: 0:00:20)
Averaged stats: {'accuracy': 0.7488687634468079, 'precision': 0.7345132827758789, 'recall': 0.764976978302002, 'F2': 0.7586837410926819, 'specificity': 0.7333333492279053, 'NPV': 0.7638888955116272, 'loss': 0.49940744042396545}
Test (Time: 0:00:07)
Averaged stats: {'accuracy': 0.6217105388641357, 'precision': 0.643410861492157, 'recall': 0.5460526347160339, 'F2': 0.5630936026573181, 'specificity': 0.6973684430122375, 'NPV': 0.6057142615318298, 'loss': 0.6877613663673401}
Epoch: [46], (Time: 0:00:18)
Averaged stats: {'accuracy': 0.7352941036224365, 'precision': 0.738095223903656, 'recall': 0.7142857313156128, 'F2': 0.7189239859580994, 'specificity': 0.7555555701255798, 'NPV': 0.732758641242981, 'loss': 0.5000879764556885}
Test (Time: 0:00:06)
Averaged stats: {'accuracy': 0.6085526347160339, 'precision': 0.6170212626457214, 'recall': 0.5723684430122375, 'F2': 0.5807744264602661, 'specificity': 0.6447368264198303, 'NPV': 0.6012269854545593, 'loss': 0.6863094568252563}
Epoch: [47], (Time: 0:00:20)
Averaged stats: {'accuracy': 0.773755669593811, 'precision': 0.8128342032432556, 'recall': 0.7004608511924744, 'F2': 0.720379114151001, 'specificity': 0.8444444537162781, 'NPV': 0.7450980544090271, 'loss': 0.4535236954689026}
Test (Time: 0:00:06)
Averaged stats: {'accuracy': 0.5756579041481018, 'precision': 0.5534883737564087, 'recall': 0.7828947305679321, 'F2': 0.7229647040367126, 'specificity': 0.3684210479259491, 'NPV': 0.6292135119438171, 'loss': 0.7646501064300537}
Epoch: [48], (Time: 0:00:20)
Averaged stats: {'accuracy': 0.7601810097694397, 'precision': 0.7655502557754517, 'recall': 0.7373272180557251, 'F2': 0.7428041100502014, 'specificity': 0.7822222113609314, 'NPV': 0.7553648352622986, 'loss': 0.4778784513473511}
Test (Time: 0:00:07)
Averaged stats: {'accuracy': 0.6052631735801697, 'precision': 0.5941176414489746, 'recall': 0.6644737124443054, 'F2': 0.6491002440452576, 'specificity': 0.5460526347160339, 'NPV': 0.6194030046463013, 'loss': 0.7368825078010559}
Epoch: [49], (Time: 0:00:21)
Averaged stats: {'accuracy': 0.7511312365531921, 'precision': 0.7201645970344543, 'recall': 0.8064516186714172, 'F2': 0.7875787615776062, 'specificity': 0.6977777481079102, 'NPV': 0.7889447212219238, 'loss': 0.4895429015159607}
Test (Time: 0:00:06)
Averaged stats: {'accuracy': 0.5921052694320679, 'precision': 0.567307710647583, 'recall': 0.7763158082962036, 'F2': 0.7230392694473267, 'specificity': 0.40789473056793213, 'NPV': 0.6458333134651184, 'loss': 0.692962646484375}
Epoch: [50], (Time: 0:00:20)
Averaged stats: {'accuracy': 0.8009049892425537, 'precision': 0.8028169274330139, 'recall': 0.7880184054374695, 'F2': 0.7909343242645264, 'specificity': 0.8133333325386047, 'NPV': 0.7991266250610352, 'loss': 0.45111608505249023}
Test (Time: 0:00:06)
Averaged stats: {'accuracy': 0.6184210777282715, 'precision': 0.6285714507102966, 'recall': 0.5789473652839661, 'F2': 0.5882353186607361, 'specificity': 0.6578947305679321, 'NPV': 0.6097561120986938, 'loss': 0.7217494249343872}
Epoch: [51], (Time: 0:00:17)
Averaged stats: {'accuracy': 0.7873303294181824, 'precision': 0.7834101319313049, 'recall': 0.7834101319313049, 'F2': 0.7834101319313049, 'specificity': 0.7911111116409302, 'NPV': 0.7911111116409302, 'loss': 0.45007386803627014}
Test (Time: 0:00:06)
Averaged stats: {'accuracy': 0.6085526347160339, 'precision': 0.6571428775787354, 'recall': 0.45394736528396606, 'F2': 0.4838709831237793, 'specificity': 0.7631579041481018, 'NPV': 0.5829145908355713, 'loss': 0.7836766839027405}
Epoch: [52], (Time: 0:00:16)
Averaged stats: {'accuracy': 0.8122171759605408, 'precision': 0.8160377144813538, 'recall': 0.7972350120544434, 'F2': 0.8009259104728699, 'specificity': 0.8266666531562805, 'NPV': 0.8086956739425659, 'loss': 0.41600316762924194}
Test (Time: 0:00:06)
Averaged stats: {'accuracy': 0.6085526347160339, 'precision': 0.6341463327407837, 'recall': 0.5131579041481018, 'F2': 0.5335156917572021, 'specificity': 0.7039473652839661, 'NPV': 0.591160237789154, 'loss': 0.7542238831520081}
Epoch: [53], (Time: 0:00:18)
Averaged stats: {'accuracy': 0.8122171759605408, 'precision': 0.8190476298332214, 'recall': 0.7926267385482788, 'F2': 0.7977737188339233, 'specificity': 0.8311111330986023, 'NPV': 0.806034505367279, 'loss': 0.4207363724708557}
Test (Time: 0:00:07)
Averaged stats: {'accuracy': 0.6019737124443054, 'precision': 0.6534653306007385, 'recall': 0.43421053886413574, 'F2': 0.46544426679611206, 'specificity': 0.7697368264198303, 'NPV': 0.5763546824455261, 'loss': 0.8805927634239197}
Epoch: [54], (Time: 0:00:17)
Averaged stats: {'accuracy': 0.807692289352417, 'precision': 0.7773109078407288, 'recall': 0.8525345325469971, 'F2': 0.8363471627235413, 'specificity': 0.7644444704055786, 'NPV': 0.843137264251709, 'loss': 0.43093860149383545}
Test (Time: 0:00:06)
Averaged stats: {'accuracy': 0.6052631735801697, 'precision': 0.650943398475647, 'recall': 0.45394736528396606, 'F2': 0.4831932783126831, 'specificity': 0.7565789222717285, 'NPV': 0.5808081030845642, 'loss': 0.7709885835647583}
Epoch: [55], (Time: 0:00:19)
Averaged stats: {'accuracy': 0.8303167223930359, 'precision': 0.8349056839942932, 'recall': 0.8156682252883911, 'F2': 0.819444477558136, 'specificity': 0.8444444537162781, 'NPV': 0.8260869383811951, 'loss': 0.3843100965023041}
Test (Time: 0:00:06)
Averaged stats: {'accuracy': 0.6019737124443054, 'precision': 0.6476190686225891, 'recall': 0.44736841320991516, 'F2': 0.47685831785202026, 'specificity': 0.7565789222717285, 'NPV': 0.5778894424438477, 'loss': 0.84111088514328}
Epoch: [56], (Time: 0:00:19)
Averaged stats: {'accuracy': 0.8597285151481628, 'precision': 0.8708133697509766, 'recall': 0.8387096524238586, 'F2': 0.8449395895004272, 'specificity': 0.8799999952316284, 'NPV': 0.8497853875160217, 'loss': 0.3470173478126526}
Test (Time: 0:00:06)
Averaged stats: {'accuracy': 0.6184210777282715, 'precision': 0.6216216087341309, 'recall': 0.6052631735801697, 'F2': 0.6084656119346619, 'specificity': 0.6315789222717285, 'NPV': 0.6153846383094788, 'loss': 0.8906199336051941}
Epoch: [57], (Time: 0:00:19)
Averaged stats: {'accuracy': 0.8461538553237915, 'precision': 0.8311111330986023, 'recall': 0.861751139163971, 'F2': 0.8554437160491943, 'specificity': 0.8311111330986023, 'NPV': 0.861751139163971, 'loss': 0.3429670035839081}
Test (Time: 0:00:06)
Averaged stats: {'accuracy': 0.5986841917037964, 'precision': 0.59375, 'recall': 0.625, 'F2': 0.6184895634651184, 'specificity': 0.5723684430122375, 'NPV': 0.6041666865348816, 'loss': 0.8808202743530273}
Epoch: [58], (Time: 0:00:17)
Averaged stats: {'accuracy': 0.8122171759605408, 'precision': 0.8160377144813538, 'recall': 0.7972350120544434, 'F2': 0.8009259104728699, 'specificity': 0.8266666531562805, 'NPV': 0.8086956739425659, 'loss': 0.3816218972206116}
Test (Time: 0:00:06)
Averaged stats: {'accuracy': 0.6315789222717285, 'precision': 0.6298701167106628, 'recall': 0.6381579041481018, 'F2': 0.6364829540252686, 'specificity': 0.625, 'NPV': 0.6333333253860474, 'loss': 0.810696005821228}
Epoch: [59], (Time: 0:00:19)
Averaged stats: {'accuracy': 0.8348416090011597, 'precision': 0.8428571224212646, 'recall': 0.8156682252883911, 'F2': 0.8209648132324219, 'specificity': 0.8533333539962769, 'NPV': 0.8275862336158752, 'loss': 0.3782716989517212}
Test (Time: 0:00:06)
Averaged stats: {'accuracy': 0.6151315569877625, 'precision': 0.6206896305084229, 'recall': 0.5921052694320679, 'F2': 0.5976095795631409, 'specificity': 0.6381579041481018, 'NPV': 0.6100628972053528, 'loss': 0.8208216428756714}
Epoch: [60], (Time: 0:00:19)
Averaged stats: {'accuracy': 0.8552036285400391, 'precision': 0.8283261656761169, 'recall': 0.8894008994102478, 'F2': 0.8764758706092834, 'specificity': 0.8222222328186035, 'NPV': 0.8851674795150757, 'loss': 0.34726548194885254}
Test (Time: 0:00:07)
Averaged stats: {'accuracy': 0.6085526347160339, 'precision': 0.6601941585540771, 'recall': 0.44736841320991516, 'F2': 0.47819969058036804, 'specificity': 0.7697368264198303, 'NPV': 0.5820895433425903, 'loss': 0.911199152469635}
Epoch: [61], (Time: 0:00:19)
Averaged stats: {'accuracy': 0.8597285151481628, 'precision': 0.8817734122276306, 'recall': 0.8248847723007202, 'F2': 0.835667610168457, 'specificity': 0.8933333158493042, 'NPV': 0.8410041928291321, 'loss': 0.3156370222568512}
Test (Time: 0:00:06)
Averaged stats: {'accuracy': 0.625, 'precision': 0.6637930870056152, 'recall': 0.5065789222717285, 'F2': 0.5317679047584534, 'specificity': 0.7434210777282715, 'NPV': 0.6010638475418091, 'loss': 0.9741077423095703}
Epoch: [62], (Time: 0:00:19)
Averaged stats: {'accuracy': 0.8438913822174072, 'precision': 0.8363636136054993, 'recall': 0.8479262590408325, 'F2': 0.845588207244873, 'specificity': 0.8399999737739563, 'NPV': 0.8513513803482056, 'loss': 0.3361186683177948}
Test (Time: 0:00:06)
Averaged stats: {'accuracy': 0.6151315569877625, 'precision': 0.6277372241020203, 'recall': 0.5657894611358643, 'F2': 0.5771812200546265, 'specificity': 0.6644737124443054, 'NPV': 0.6047903895378113, 'loss': 0.8756039142608643}
Epoch: [63], (Time: 0:00:19)
Averaged stats: {'accuracy': 0.877828061580658, 'precision': 0.8721461296081543, 'recall': 0.8801843523979187, 'F2': 0.8785648941993713, 'specificity': 0.8755555748939514, 'NPV': 0.8834080696105957, 'loss': 0.30341145396232605}
Test (Time: 0:00:06)
Averaged stats: {'accuracy': 0.6217105388641357, 'precision': 0.643410861492157, 'recall': 0.5460526347160339, 'F2': 0.5630936026573181, 'specificity': 0.6973684430122375, 'NPV': 0.6057142615318298, 'loss': 0.946955680847168}
