nohup: ignoring input
/data01/giorgio/ENTER/envs/rnarna/lib/python3.10/site-packages/torchvision/io/image.py:13: UserWarning: Failed to load image Python extension: /data01/giorgio/ENTER/envs/rnarna/lib/python3.10/site-packages/torchvision/image.so: undefined symbol: _ZN2at4_ops10select_int4callERKNS_6TensorEll
  warn(f"Failed to load image Python extension: {e}")
/data01/giorgio/RNARNA-NT/src/train_binary_cl2_finetuning.py:41: DtypeWarning: Columns (21) have mixed types. Specify dtype option on import or set low_memory=False.
  df_nt = pd.read_csv(os.path.join(metadata_dir, f'df_nt.csv'))
/data01/giorgio/ENTER/envs/rnarna/lib/python3.10/site-packages/torch/nn/init.py:405: UserWarning: Initializing zero-element tensors is a no-op
  warnings.warn("Initializing zero-element tensors is a no-op")
number of params: 2115586
Start training
Epoch: [0]  [   0/5411]  eta: 9:32:08  accuracy: 0.4375 (0.4375)  precision: 0.2727 (0.2727)  recall: 0.2308 (0.2308)  F2: 0.2381 (0.2381)  specificity: 0.5789 (0.5789)  NPV: 0.5238 (0.5238)  loss: 0.7203 (0.7203)  time: 6.3441  data: 2.8500  max mem: 5087
Epoch: [0]  [ 500/5411]  eta: 2:18:33  accuracy: 0.5938 (0.5739)  precision: 0.5556 (0.5898)  recall: 0.6154 (0.5149)  F2: 0.5978 (0.5200)  specificity: 0.5455 (0.6349)  NPV: 0.6429 (0.5674)  loss: 0.6635 (0.6689)  time: 1.6132  data: 0.0250  max mem: 12514
Epoch: [0]  [1000/5411]  eta: 2:05:33  accuracy: 0.5625 (0.5772)  precision: 0.5500 (0.5912)  recall: 0.4667 (0.5264)  F2: 0.4945 (0.5293)  specificity: 0.6522 (0.6299)  NPV: 0.5652 (0.5723)  loss: 0.6606 (0.6673)  time: 1.7380  data: 0.0258  max mem: 12514
Epoch: [0]  [1500/5411]  eta: 1:52:06  accuracy: 0.5625 (0.5791)  precision: 0.5714 (0.5923)  recall: 0.4286 (0.5276)  F2: 0.4494 (0.5305)  specificity: 0.6923 (0.6318)  NPV: 0.5714 (0.5747)  loss: 0.6711 (0.6671)  time: 1.6579  data: 0.0259  max mem: 12514
Epoch: [0]  [2000/5411]  eta: 1:37:43  accuracy: 0.6250 (0.5779)  precision: 0.6154 (0.5914)  recall: 0.5385 (0.5320)  F2: 0.5556 (0.5341)  specificity: 0.6923 (0.6245)  NPV: 0.6000 (0.5727)  loss: 0.6550 (0.6670)  time: 1.7104  data: 0.0272  max mem: 12514
Epoch: [0]  [2500/5411]  eta: 1:23:31  accuracy: 0.5625 (0.5775)  precision: 0.5556 (0.5921)  recall: 0.3000 (0.5171)  F2: 0.3333 (0.5216)  specificity: 0.7500 (0.6380)  NPV: 0.5769 (0.5718)  loss: 0.6714 (0.6667)  time: 1.7281  data: 0.0259  max mem: 12515
Epoch: [0]  [3000/5411]  eta: 1:09:05  accuracy: 0.5938 (0.5769)  precision: 0.6111 (0.5914)  recall: 0.6316 (0.5131)  F2: 0.6452 (0.5183)  specificity: 0.5625 (0.6406)  NPV: 0.5500 (0.5713)  loss: 0.6681 (0.6669)  time: 1.5293  data: 0.0257  max mem: 12515
Epoch: [0]  [3500/5411]  eta: 0:54:55  accuracy: 0.5625 (0.5770)  precision: 0.5333 (0.5915)  recall: 0.4667 (0.5153)  F2: 0.4861 (0.5201)  specificity: 0.6087 (0.6386)  NPV: 0.5333 (0.5712)  loss: 0.6649 (0.6669)  time: 1.7583  data: 0.0249  max mem: 12515
Epoch: [0]  [4000/5411]  eta: 0:40:41  accuracy: 0.6250 (0.5774)  precision: 0.6000 (0.5923)  recall: 0.5333 (0.5158)  F2: 0.5333 (0.5209)  specificity: 0.6316 (0.6387)  NPV: 0.5556 (0.5711)  loss: 0.6770 (0.6667)  time: 1.8431  data: 0.0288  max mem: 12519
Epoch: [0]  [4500/5411]  eta: 0:26:15  accuracy: 0.5625 (0.5776)  precision: 0.6111 (0.5924)  recall: 0.5294 (0.5187)  F2: 0.5625 (0.5232)  specificity: 0.6154 (0.6365)  NPV: 0.5556 (0.5717)  loss: 0.6639 (0.6668)  time: 1.7368  data: 0.0257  max mem: 12519
Epoch: [0]  [5000/5411]  eta: 0:11:52  accuracy: 0.5312 (0.5777)  precision: 0.5500 (0.5924)  recall: 0.5385 (0.5181)  F2: 0.5422 (0.5227)  specificity: 0.4444 (0.6375)  NPV: 0.5333 (0.5719)  loss: 0.6758 (0.6667)  time: 1.6228  data: 0.0244  max mem: 12519
Epoch: [0]  [5410/5411]  eta: 0:00:01  accuracy: 0.5625 (0.5774)  precision: 0.6250 (0.5925)  recall: 0.2727 (0.5175)  F2: 0.2985 (0.5221)  specificity: 0.8333 (0.6375)  NPV: 0.5417 (0.5715)  loss: 0.6668 (0.6668)  time: 1.7948  data: 0.0356  max mem: 12519
Epoch: [0] Total time: 2:36:29 (1.7352 s / it)
Averaged stats: accuracy: 0.5625 (0.5774)  precision: 0.6250 (0.5925)  recall: 0.2727 (0.5175)  F2: 0.2985 (0.5221)  specificity: 0.8333 (0.6375)  NPV: 0.5417 (0.5715)  loss: 0.6668 (0.6668)
Test:  [  0/888]  eta: 1:14:55  accuracy: 0.5312 (0.5312)  precision: 0.6250 (0.6250)  recall: 0.2941 (0.2941)  F2: 0.3289 (0.3289)  specificity: 0.8000 (0.8000)  NPV: 0.5000 (0.5000)  loss: 0.6827 (0.6827)  time: 5.0626  data: 4.1596  max mem: 12519
Test:  [887/888]  eta: 0:00:00  accuracy: 0.5938 (0.5460)  precision: 0.6154 (0.5746)  recall: 0.3333 (0.3097)  F2: 0.3659 (0.3303)  specificity: 0.8000 (0.7735)  NPV: 0.5417 (0.5295)  loss: 0.6836 (0.6836)  time: 1.7466  data: 0.8673  max mem: 12519
Test: Total time: 0:13:54 (0.9393 s / it)
Averaged stats: accuracy: 0.5938 (0.5460)  precision: 0.6154 (0.5746)  recall: 0.3333 (0.3097)  F2: 0.3659 (0.3303)  specificity: 0.8000 (0.7735)  NPV: 0.5417 (0.5295)  loss: 0.6836 (0.6836)
Epoch: [1]  [   0/5411]  eta: 10:11:33  accuracy: 0.5000 (0.5000)  precision: 0.5714 (0.5714)  recall: 0.2353 (0.2353)  F2: 0.2667 (0.2667)  specificity: 0.8000 (0.8000)  NPV: 0.4800 (0.4800)  loss: 0.6768 (0.6768)  time: 6.7813  data: 3.2519  max mem: 12519
Epoch: [1]  [ 500/5411]  eta: 2:23:33  accuracy: 0.5625 (0.5714)  precision: 0.5625 (0.5889)  recall: 0.5238 (0.5033)  F2: 0.5172 (0.5100)  specificity: 0.5833 (0.6460)  NPV: 0.5789 (0.5669)  loss: 0.6580 (0.6672)  time: 1.8298  data: 0.0282  max mem: 12519
Epoch: [1]  [1000/5411]  eta: 2:07:23  accuracy: 0.5312 (0.5712)  precision: 0.5789 (0.5864)  recall: 0.5714 (0.5069)  F2: 0.5634 (0.5131)  specificity: 0.5333 (0.6394)  NPV: 0.5556 (0.5656)  loss: 0.6617 (0.6675)  time: 1.6220  data: 0.0247  max mem: 12519
Epoch: [1]  [1500/5411]  eta: 1:52:45  accuracy: 0.5625 (0.5734)  precision: 0.5714 (0.5878)  recall: 0.5000 (0.5157)  F2: 0.5172 (0.5201)  specificity: 0.6250 (0.6328)  NPV: 0.5455 (0.5685)  loss: 0.6675 (0.6674)  time: 1.6611  data: 0.0272  max mem: 12519
Epoch: [1]  [2000/5411]  eta: 1:38:29  accuracy: 0.5938 (0.5736)  precision: 0.7000 (0.5885)  recall: 0.4615 (0.5141)  F2: 0.4730 (0.5184)  specificity: 0.7857 (0.6349)  NPV: 0.5600 (0.5690)  loss: 0.6553 (0.6679)  time: 1.7465  data: 0.0274  max mem: 12519
Epoch: [1]  [2500/5411]  eta: 1:23:42  accuracy: 0.5312 (0.5736)  precision: 0.5385 (0.5871)  recall: 0.4375 (0.5095)  F2: 0.4605 (0.5149)  specificity: 0.6429 (0.6384)  NPV: 0.5500 (0.5691)  loss: 0.6672 (0.6682)  time: 1.7130  data: 0.0238  max mem: 12519
Epoch: [1]  [3000/5411]  eta: 1:09:08  accuracy: 0.5625 (0.5748)  precision: 0.5625 (0.5883)  recall: 0.5882 (0.5144)  F2: 0.5882 (0.5193)  specificity: 0.5000 (0.6360)  NPV: 0.5333 (0.5697)  loss: 0.6621 (0.6681)  time: 1.7003  data: 0.0264  max mem: 12519
Epoch: [1]  [3500/5411]  eta: 0:54:43  accuracy: 0.5625 (0.5749)  precision: 0.6000 (0.5882)  recall: 0.5000 (0.5165)  F2: 0.4930 (0.5208)  specificity: 0.6522 (0.6336)  NPV: 0.5882 (0.5699)  loss: 0.6606 (0.6678)  time: 1.6453  data: 0.0274  max mem: 12519
Epoch: [1]  [4000/5411]  eta: 0:40:33  accuracy: 0.5938 (0.5752)  precision: 0.6000 (0.5882)  recall: 0.6667 (0.5249)  F2: 0.6500 (0.5279)  specificity: 0.5000 (0.6260)  NPV: 0.6429 (0.5701)  loss: 0.6622 (0.6681)  time: 1.9721  data: 0.0250  max mem: 12519
Epoch: [1]  [4500/5411]  eta: 0:26:12  accuracy: 0.5625 (0.5754)  precision: 0.5000 (0.5886)  recall: 0.5882 (0.5273)  F2: 0.5729 (0.5299)  specificity: 0.5714 (0.6241)  NPV: 0.5625 (0.5701)  loss: 0.6596 (0.6680)  time: 1.6602  data: 0.0288  max mem: 12519
Epoch: [1]  [5000/5411]  eta: 0:11:50  accuracy: 0.5938 (0.5748)  precision: 0.5714 (0.5874)  recall: 0.3571 (0.5215)  F2: 0.3676 (0.5248)  specificity: 0.7059 (0.6281)  NPV: 0.5909 (0.5698)  loss: 0.6714 (0.6682)  time: 1.7147  data: 0.0267  max mem: 12519
Epoch: [1]  [5410/5411]  eta: 0:00:01  accuracy: 0.5312 (0.5744)  precision: 0.5714 (0.5874)  recall: 0.4118 (0.5177)  F2: 0.4167 (0.5216)  specificity: 0.6316 (0.6310)  NPV: 0.5455 (0.5692)  loss: 0.6793 (0.6683)  time: 1.7019  data: 0.0380  max mem: 12519
Epoch: [1] Total time: 2:35:56 (1.7291 s / it)
Averaged stats: accuracy: 0.5312 (0.5744)  precision: 0.5714 (0.5874)  recall: 0.4118 (0.5177)  F2: 0.4167 (0.5216)  specificity: 0.6316 (0.6310)  NPV: 0.5455 (0.5692)  loss: 0.6793 (0.6683)
Test:  [  0/888]  eta: 1:13:13  accuracy: 0.5000 (0.5000)  precision: 0.5714 (0.5714)  recall: 0.2353 (0.2353)  F2: 0.2667 (0.2667)  specificity: 0.8000 (0.8000)  NPV: 0.4800 (0.4800)  loss: 0.6910 (0.6910)  time: 4.9481  data: 4.0663  max mem: 12519
Test:  [887/888]  eta: 0:00:00  accuracy: 0.5312 (0.5530)  precision: 0.5000 (0.5866)  recall: 0.2500 (0.3047)  F2: 0.2459 (0.3281)  specificity: 0.8500 (0.7910)  NPV: 0.5217 (0.5348)  loss: 0.6758 (0.6858)  time: 1.7596  data: 0.8818  max mem: 12519
Test: Total time: 0:14:00 (0.9461 s / it)
Averaged stats: accuracy: 0.5312 (0.5530)  precision: 0.5000 (0.5866)  recall: 0.2500 (0.3047)  F2: 0.2459 (0.3281)  specificity: 0.8500 (0.7910)  NPV: 0.5217 (0.5348)  loss: 0.6758 (0.6858)
Epoch: [2]  [   0/5411]  eta: 8:18:29  accuracy: 0.5625 (0.5625)  precision: 0.8000 (0.8000)  recall: 0.4000 (0.4000)  F2: 0.4444 (0.4444)  specificity: 0.8333 (0.8333)  NPV: 0.4545 (0.4545)  loss: 0.6825 (0.6825)  time: 5.5276  data: 3.4757  max mem: 12519
Epoch: [2]  [ 500/5411]  eta: 2:22:14  accuracy: 0.5312 (0.5792)  precision: 0.5556 (0.5939)  recall: 0.5000 (0.5261)  F2: 0.5000 (0.5300)  specificity: 0.6000 (0.6305)  NPV: 0.5217 (0.5717)  loss: 0.6680 (0.6666)  time: 1.7445  data: 0.0273  max mem: 12519
Epoch: [2]  [1000/5411]  eta: 2:08:36  accuracy: 0.5625 (0.5802)  precision: 0.5789 (0.5935)  recall: 0.6000 (0.5393)  F2: 0.6024 (0.5415)  specificity: 0.5000 (0.6214)  NPV: 0.5385 (0.5732)  loss: 0.6726 (0.6651)  time: 1.8343  data: 0.0279  max mem: 12519
Epoch: [2]  [1500/5411]  eta: 1:53:44  accuracy: 0.5625 (0.5784)  precision: 0.6000 (0.5919)  recall: 0.5238 (0.5274)  F2: 0.5195 (0.5316)  specificity: 0.6364 (0.6294)  NPV: 0.5500 (0.5713)  loss: 0.6449 (0.6656)  time: 1.6314  data: 0.0272  max mem: 12519
Epoch: [2]  [2000/5411]  eta: 1:39:00  accuracy: 0.5938 (0.5782)  precision: 0.5556 (0.5905)  recall: 0.6000 (0.5269)  F2: 0.5978 (0.5310)  specificity: 0.6000 (0.6289)  NPV: 0.5882 (0.5715)  loss: 0.6589 (0.6658)  time: 1.7240  data: 0.0293  max mem: 12519
Epoch: [2]  [2500/5411]  eta: 1:24:20  accuracy: 0.5312 (0.5767)  precision: 0.6250 (0.5883)  recall: 0.4000 (0.5197)  F2: 0.4412 (0.5248)  specificity: 0.7333 (0.6322)  NPV: 0.5500 (0.5702)  loss: 0.6630 (0.6666)  time: 1.8008  data: 0.0272  max mem: 12519
Epoch: [2]  [3000/5411]  eta: 1:09:49  accuracy: 0.5625 (0.5770)  precision: 0.5556 (0.5884)  recall: 0.5000 (0.5236)  F2: 0.4902 (0.5278)  specificity: 0.6429 (0.6285)  NPV: 0.5455 (0.5706)  loss: 0.6694 (0.6664)  time: 1.7154  data: 0.0284  max mem: 12519
Epoch: [2]  [3500/5411]  eta: 0:55:23  accuracy: 0.5625 (0.5768)  precision: 0.5556 (0.5892)  recall: 0.5882 (0.5193)  F2: 0.5978 (0.5241)  specificity: 0.5294 (0.6323)  NPV: 0.5625 (0.5704)  loss: 0.6658 (0.6666)  time: 1.7042  data: 0.0246  max mem: 12519
Epoch: [2]  [4000/5411]  eta: 0:40:52  accuracy: 0.5625 (0.5764)  precision: 0.5455 (0.5886)  recall: 0.4706 (0.5212)  F2: 0.4819 (0.5255)  specificity: 0.6316 (0.6302)  NPV: 0.6000 (0.5706)  loss: 0.6681 (0.6665)  time: 1.6988  data: 0.0286  max mem: 12519
Epoch: [2]  [4500/5411]  eta: 0:26:22  accuracy: 0.5312 (0.5754)  precision: 0.5714 (0.5877)  recall: 0.3636 (0.5199)  F2: 0.3906 (0.5242)  specificity: 0.7143 (0.6298)  NPV: 0.5294 (0.5697)  loss: 0.6723 (0.6667)  time: 1.7194  data: 0.0281  max mem: 12519
Epoch: [2]  [5000/5411]  eta: 0:11:53  accuracy: 0.5938 (0.5753)  precision: 0.5556 (0.5879)  recall: 0.6429 (0.5206)  F2: 0.6316 (0.5245)  specificity: 0.5500 (0.6290)  NPV: 0.5556 (0.5695)  loss: 0.6564 (0.6666)  time: 1.7182  data: 0.0286  max mem: 12519
Epoch: [2]  [5410/5411]  eta: 0:00:01  accuracy: 0.5938 (0.5758)  precision: 0.5625 (0.5884)  recall: 0.4118 (0.5237)  F2: 0.4348 (0.5272)  specificity: 0.7333 (0.6270)  NPV: 0.5909 (0.5700)  loss: 0.6584 (0.6665)  time: 1.8084  data: 0.0366  max mem: 12519
Epoch: [2] Total time: 2:36:30 (1.7354 s / it)
Averaged stats: accuracy: 0.5938 (0.5758)  precision: 0.5625 (0.5884)  recall: 0.4118 (0.5237)  F2: 0.4348 (0.5272)  specificity: 0.7333 (0.6270)  NPV: 0.5909 (0.5700)  loss: 0.6584 (0.6665)
Test:  [  0/888]  eta: 1:20:54  accuracy: 0.5312 (0.5312)  precision: 0.6250 (0.6250)  recall: 0.2941 (0.2941)  F2: 0.3289 (0.3289)  specificity: 0.8000 (0.8000)  NPV: 0.5000 (0.5000)  loss: 0.6756 (0.6756)  time: 5.4667  data: 4.5798  max mem: 12519
Test:  [887/888]  eta: 0:00:00  accuracy: 0.5625 (0.5597)  precision: 0.5000 (0.5871)  recall: 0.2500 (0.3505)  F2: 0.2381 (0.3719)  specificity: 0.8333 (0.7559)  NPV: 0.5263 (0.5409)  loss: 0.6719 (0.6776)  time: 1.6552  data: 0.7925  max mem: 12519
Test: Total time: 0:13:48 (0.9331 s / it)
Averaged stats: accuracy: 0.5625 (0.5597)  precision: 0.5000 (0.5871)  recall: 0.2500 (0.3505)  F2: 0.2381 (0.3719)  specificity: 0.8333 (0.7559)  NPV: 0.5263 (0.5409)  loss: 0.6719 (0.6776)
Epoch: [3]  [   0/5411]  eta: 8:25:38  accuracy: 0.6250 (0.6250)  precision: 0.8000 (0.8000)  recall: 0.4444 (0.4444)  F2: 0.4878 (0.4878)  specificity: 0.8571 (0.8571)  NPV: 0.5455 (0.5455)  loss: 0.6430 (0.6430)  time: 5.6069  data: 3.5573  max mem: 12519
Epoch: [3]  [ 500/5411]  eta: 2:25:28  accuracy: 0.5625 (0.5808)  precision: 0.5833 (0.5953)  recall: 0.5556 (0.5241)  F2: 0.5682 (0.5288)  specificity: 0.5714 (0.6395)  NPV: 0.5882 (0.5754)  loss: 0.6690 (0.6634)  time: 1.8470  data: 0.0240  max mem: 12519
Epoch: [3]  [1000/5411]  eta: 2:09:41  accuracy: 0.5625 (0.5815)  precision: 0.5556 (0.5943)  recall: 0.5333 (0.5349)  F2: 0.5479 (0.5373)  specificity: 0.6000 (0.6289)  NPV: 0.6000 (0.5775)  loss: 0.6753 (0.6626)  time: 1.7555  data: 0.0278  max mem: 12519
Epoch: [3]  [1500/5411]  eta: 1:54:16  accuracy: 0.5938 (0.5818)  precision: 0.5714 (0.5949)  recall: 0.6000 (0.5239)  F2: 0.5844 (0.5284)  specificity: 0.5714 (0.6403)  NPV: 0.6000 (0.5774)  loss: 0.6627 (0.6632)  time: 1.7205  data: 0.0281  max mem: 12519
Epoch: [3]  [2000/5411]  eta: 1:39:56  accuracy: 0.5312 (0.5813)  precision: 0.5000 (0.5946)  recall: 0.4091 (0.5185)  F2: 0.4412 (0.5236)  specificity: 0.6875 (0.6440)  NPV: 0.5000 (0.5773)  loss: 0.6658 (0.6634)  time: 1.8319  data: 0.0291  max mem: 12519
Epoch: [3]  [2500/5411]  eta: 1:24:58  accuracy: 0.5625 (0.5813)  precision: 0.6000 (0.5940)  recall: 0.5000 (0.5292)  F2: 0.5224 (0.5324)  specificity: 0.6316 (0.6331)  NPV: 0.5882 (0.5770)  loss: 0.6779 (0.6638)  time: 1.8003  data: 0.0279  max mem: 12519
Epoch: [3]  [3000/5411]  eta: 1:10:20  accuracy: 0.5625 (0.5812)  precision: 0.5556 (0.5938)  recall: 0.4286 (0.5290)  F2: 0.4412 (0.5325)  specificity: 0.6500 (0.6332)  NPV: 0.5625 (0.5767)  loss: 0.6526 (0.6637)  time: 1.7949  data: 0.0284  max mem: 12519
Epoch: [3]  [3500/5411]  eta: 0:55:43  accuracy: 0.5938 (0.5808)  precision: 0.5385 (0.5938)  recall: 0.5000 (0.5255)  F2: 0.4861 (0.5295)  specificity: 0.6667 (0.6360)  NPV: 0.6087 (0.5763)  loss: 0.6735 (0.6642)  time: 1.6261  data: 0.0258  max mem: 12519
Epoch: [3]  [4000/5411]  eta: 0:41:04  accuracy: 0.5312 (0.5800)  precision: 0.5714 (0.5934)  recall: 0.4375 (0.5248)  F2: 0.4592 (0.5287)  specificity: 0.6923 (0.6351)  NPV: 0.5000 (0.5752)  loss: 0.6653 (0.6643)  time: 1.6902  data: 0.0290  max mem: 12519
Epoch: [3]  [4500/5411]  eta: 0:26:29  accuracy: 0.5625 (0.5803)  precision: 0.5625 (0.5933)  recall: 0.4348 (0.5262)  F2: 0.4464 (0.5298)  specificity: 0.6667 (0.6339)  NPV: 0.5789 (0.5755)  loss: 0.6610 (0.6643)  time: 1.5883  data: 0.0272  max mem: 12519
Epoch: [3]  [5000/5411]  eta: 0:11:57  accuracy: 0.5938 (0.5804)  precision: 0.6316 (0.5933)  recall: 0.5385 (0.5283)  F2: 0.5469 (0.5316)  specificity: 0.6429 (0.6326)  NPV: 0.5714 (0.5759)  loss: 0.6606 (0.6644)  time: 1.6906  data: 0.0279  max mem: 12519
Epoch: [3]  [5410/5411]  eta: 0:00:01  accuracy: 0.5625 (0.5800)  precision: 0.5385 (0.5928)  recall: 0.4667 (0.5280)  F2: 0.4819 (0.5313)  specificity: 0.6429 (0.6323)  NPV: 0.5294 (0.5756)  loss: 0.6744 (0.6647)  time: 1.7214  data: 0.0361  max mem: 12519
Epoch: [3] Total time: 2:37:07 (1.7422 s / it)
Averaged stats: accuracy: 0.5625 (0.5800)  precision: 0.5385 (0.5928)  recall: 0.4667 (0.5280)  F2: 0.4819 (0.5313)  specificity: 0.6429 (0.6323)  NPV: 0.5294 (0.5756)  loss: 0.6744 (0.6647)
Test:  [  0/888]  eta: 1:16:25  accuracy: 0.5000 (0.5000)  precision: 0.5556 (0.5556)  recall: 0.2941 (0.2941)  F2: 0.3247 (0.3247)  specificity: 0.7333 (0.7333)  NPV: 0.4783 (0.4783)  loss: 0.6829 (0.6829)  time: 5.1635  data: 4.2495  max mem: 12519
Test:  [887/888]  eta: 0:00:00  accuracy: 0.5625 (0.5699)  precision: 0.5333 (0.5735)  recall: 0.4444 (0.4690)  F2: 0.4444 (0.4781)  specificity: 0.7222 (0.6521)  NPV: 0.5200 (0.5541)  loss: 0.6754 (0.6730)  time: 1.6085  data: 0.7754  max mem: 12519
Test: Total time: 0:13:40 (0.9236 s / it)
Averaged stats: accuracy: 0.5625 (0.5699)  precision: 0.5333 (0.5735)  recall: 0.4444 (0.4690)  F2: 0.4444 (0.4781)  specificity: 0.7222 (0.6521)  NPV: 0.5200 (0.5541)  loss: 0.6754 (0.6730)
Epoch: [4]  [   0/5411]  eta: 6:59:20  accuracy: 0.6250 (0.6250)  precision: 0.7692 (0.7692)  recall: 0.5263 (0.5263)  F2: 0.5618 (0.5618)  specificity: 0.7692 (0.7692)  NPV: 0.5263 (0.5263)  loss: 0.5783 (0.5783)  time: 4.6498  data: 3.2667  max mem: 12519
Epoch: [4]  [ 500/5411]  eta: 2:26:00  accuracy: 0.5625 (0.5876)  precision: 0.6111 (0.6020)  recall: 0.5000 (0.5756)  F2: 0.5224 (0.5725)  specificity: 0.6667 (0.5980)  NPV: 0.5294 (0.5794)  loss: 0.6571 (0.6580)  time: 1.8783  data: 0.0275  max mem: 12519
Epoch: [4]  [1000/5411]  eta: 2:08:26  accuracy: 0.5938 (0.5850)  precision: 0.5833 (0.5958)  recall: 0.4667 (0.5541)  F2: 0.4861 (0.5544)  specificity: 0.6875 (0.6144)  NPV: 0.6000 (0.5791)  loss: 0.6730 (0.6602)  time: 1.5318  data: 0.0255  max mem: 12521
Epoch: [4]  [1500/5411]  eta: 1:54:18  accuracy: 0.5000 (0.5822)  precision: 0.5263 (0.5952)  recall: 0.4211 (0.5409)  F2: 0.4598 (0.5428)  specificity: 0.5882 (0.6226)  NPV: 0.5263 (0.5758)  loss: 0.6726 (0.6617)  time: 1.8532  data: 0.0299  max mem: 12521
Epoch: [4]  [2000/5411]  eta: 1:39:23  accuracy: 0.5625 (0.5812)  precision: 0.5556 (0.5938)  recall: 0.5385 (0.5438)  F2: 0.5495 (0.5449)  specificity: 0.6250 (0.6187)  NPV: 0.6000 (0.5760)  loss: 0.6687 (0.6619)  time: 1.7081  data: 0.0262  max mem: 12521
Epoch: [4]  [2500/5411]  eta: 1:24:50  accuracy: 0.5625 (0.5821)  precision: 0.5000 (0.5942)  recall: 0.7000 (0.5442)  F2: 0.6579 (0.5451)  specificity: 0.4375 (0.6204)  NPV: 0.5833 (0.5782)  loss: 0.6644 (0.6622)  time: 1.8329  data: 0.0300  max mem: 12521
Epoch: [4]  [3000/5411]  eta: 1:10:17  accuracy: 0.5625 (0.5823)  precision: 0.5455 (0.5933)  recall: 0.4615 (0.5421)  F2: 0.4639 (0.5434)  specificity: 0.5556 (0.6227)  NPV: 0.5238 (0.5788)  loss: 0.6852 (0.6622)  time: 1.7506  data: 0.0281  max mem: 12521
Epoch: [4]  [3500/5411]  eta: 0:55:36  accuracy: 0.5625 (0.5824)  precision: 0.5455 (0.5930)  recall: 0.4706 (0.5414)  F2: 0.5063 (0.5428)  specificity: 0.6842 (0.6233)  NPV: 0.5714 (0.5792)  loss: 0.6615 (0.6623)  time: 1.7809  data: 0.0294  max mem: 12521
Epoch: [4]  [4000/5411]  eta: 0:41:06  accuracy: 0.5625 (0.5829)  precision: 0.6000 (0.5934)  recall: 0.5000 (0.5398)  F2: 0.5114 (0.5417)  specificity: 0.6667 (0.6261)  NPV: 0.5714 (0.5796)  loss: 0.6599 (0.6625)  time: 1.6720  data: 0.0284  max mem: 12521
Epoch: [4]  [4500/5411]  eta: 0:26:28  accuracy: 0.5938 (0.5834)  precision: 0.6500 (0.5942)  recall: 0.6111 (0.5448)  F2: 0.6111 (0.5460)  specificity: 0.5333 (0.6223)  NPV: 0.5714 (0.5799)  loss: 0.6226 (0.6622)  time: 1.6960  data: 0.0298  max mem: 12521
Epoch: [4]  [5000/5411]  eta: 0:11:54  accuracy: 0.5625 (0.5831)  precision: 0.5714 (0.5943)  recall: 0.5263 (0.5407)  F2: 0.5469 (0.5426)  specificity: 0.6154 (0.6255)  NPV: 0.5333 (0.5793)  loss: 0.6733 (0.6625)  time: 1.7946  data: 0.0296  max mem: 12521
Epoch: [4]  [5410/5411]  eta: 0:00:01  accuracy: 0.5312 (0.5823)  precision: 0.5556 (0.5939)  recall: 0.3571 (0.5374)  F2: 0.3846 (0.5397)  specificity: 0.7000 (0.6274)  NPV: 0.5000 (0.5785)  loss: 0.6648 (0.6629)  time: 1.6135  data: 0.0373  max mem: 12521
Epoch: [4] Total time: 2:36:51 (1.7394 s / it)
Averaged stats: accuracy: 0.5312 (0.5823)  precision: 0.5556 (0.5939)  recall: 0.3571 (0.5374)  F2: 0.3846 (0.5397)  specificity: 0.7000 (0.6274)  NPV: 0.5000 (0.5785)  loss: 0.6648 (0.6629)
Test:  [  0/888]  eta: 1:22:00  accuracy: 0.4688 (0.4688)  precision: 0.5000 (0.5000)  recall: 0.2941 (0.2941)  F2: 0.3205 (0.3205)  specificity: 0.6667 (0.6667)  NPV: 0.4545 (0.4545)  loss: 0.6854 (0.6854)  time: 5.5407  data: 4.6129  max mem: 12521
Test:  [887/888]  eta: 0:00:00  accuracy: 0.5625 (0.5698)  precision: 0.5833 (0.5809)  recall: 0.3529 (0.4565)  F2: 0.3947 (0.4672)  specificity: 0.7273 (0.6676)  NPV: 0.5417 (0.5519)  loss: 0.6635 (0.6734)  time: 1.6450  data: 0.7928  max mem: 12521
Test: Total time: 0:13:49 (0.9342 s / it)
Averaged stats: accuracy: 0.5625 (0.5698)  precision: 0.5833 (0.5809)  recall: 0.3529 (0.4565)  F2: 0.3947 (0.4672)  specificity: 0.7273 (0.6676)  NPV: 0.5417 (0.5519)  loss: 0.6635 (0.6734)
Fine tuning time 14:12:11
