nohup: ignoring input
/data01/giorgio/ENTER/envs/dnabert/lib/python3.9/site-packages/torch/nn/init.py:388: UserWarning: Initializing zero-element tensors is a no-op
  warnings.warn("Initializing zero-element tensors is a no-op")
============================================================
<class 'transformers.tokenization_dna.DNATokenizer'>
number of params: 4930514
Start training
Epoch: [22], (Time: 0:53:05)
Averaged stats: {'accuracy': 0.6314442157745361, 'precision': 0.6143572926521301, 'recall': 0.7268097996711731, 'F2': 0.7011422514915466, 'specificity': 0.5340463519096375, 'NPV': 0.6568363904953003, 'loss': 0.6296215653419495}
Test (Time: 0:03:19)
Averaged stats: {'accuracy': 0.6215566396713257, 'precision': 0.6024960875511169, 'recall': 0.714127242565155, 'F2': 0.6886099576950073, 'specificity': 0.5290203094482422, 'NPV': 0.6492740511894226, 'loss': 0.6284465193748474}
Epoch: [23], (Time: 0:50:46)
Averaged stats: {'accuracy': 0.6390974521636963, 'precision': 0.6197701096534729, 'recall': 0.7392666935920715, 'F2': 0.7118178606033325, 'specificity': 0.5367935299873352, 'NPV': 0.6684157848358154, 'loss': 0.6237192153930664}
Test (Time: 0:03:04)
Averaged stats: {'accuracy': 0.6444814205169678, 'precision': 0.6280747652053833, 'recall': 0.7082100510597229, 'F2': 0.6905878186225891, 'specificity': 0.5807763338088989, 'NPV': 0.6656779646873474, 'loss': 0.6213211417198181}
Epoch: [24], (Time: 0:49:49)
Averaged stats: {'accuracy': 0.6431483626365662, 'precision': 0.6246398687362671, 'recall': 0.736054539680481, 'F2': 0.7107015252113342, 'specificity': 0.548262357711792, 'NPV': 0.6703845262527466, 'loss': 0.6201896667480469}
Test (Time: 0:03:01)
Averaged stats: {'accuracy': 0.6400443911552429, 'precision': 0.611356258392334, 'recall': 0.7684911489486694, 'F2': 0.7309180498123169, 'specificity': 0.5116450786590576, 'NPV': 0.6885572075843811, 'loss': 0.6195947527885437}
Epoch: [25], (Time: 0:49:33)
Averaged stats: {'accuracy': 0.6460645198822021, 'precision': 0.6266201734542847, 'recall': 0.7411208748817444, 'F2': 0.7149912118911743, 'specificity': 0.5489825010299683, 'NPV': 0.6749410033226013, 'loss': 0.6169089674949646}
Test (Time: 0:03:02)
Averaged stats: {'accuracy': 0.6357921957969666, 'precision': 0.6004378795623779, 'recall': 0.8113905191421509, 'F2': 0.7581202387809753, 'specificity': 0.4602587819099426, 'NPV': 0.7094017267227173, 'loss': 0.6240779161453247}
Epoch: [26], (Time: 0:49:22)
Averaged stats: {'accuracy': 0.6495480537414551, 'precision': 0.6288972496986389, 'recall': 0.7474929690361023, 'F2': 0.7203255295753479, 'specificity': 0.5495159029960632, 'NPV': 0.6805959343910217, 'loss': 0.6133571863174438}
Test (Time: 0:03:02)
Averaged stats: {'accuracy': 0.6221113204956055, 'precision': 0.5952655673027039, 'recall': 0.7625739574432373, 'F2': 0.72198885679245, 'specificity': 0.4817005693912506, 'NPV': 0.6699228882789612, 'loss': 0.6300636529922485}
Epoch: [27], (Time: 0:49:21)
Averaged stats: {'accuracy': 0.6534538269042969, 'precision': 0.6344292759895325, 'recall': 0.7412775754928589, 'F2': 0.7171225547790527, 'specificity': 0.5637585520744324, 'NPV': 0.6808723211288452, 'loss': 0.609140932559967}
Test (Time: 0:02:59)
Averaged stats: {'accuracy': 0.6437419056892395, 'precision': 0.6189892888069153, 'recall': 0.7474112510681152, 'F2': 0.7176337242126465, 'specificity': 0.5401108860969543, 'NPV': 0.6814365386962891, 'loss': 0.6180109977722168}
Epoch: [28], (Time: 0:49:07)
Averaged stats: {'accuracy': 0.6562512516975403, 'precision': 0.6355502605438232, 'recall': 0.74942547082901, 'F2': 0.7234988212585449, 'specificity': 0.561091423034668, 'NPV': 0.6867654919624329, 'loss': 0.6052973866462708}
Test (Time: 0:02:59)
Averaged stats: {'accuracy': 0.6391199827194214, 'precision': 0.6064552664756775, 'recall': 0.7921597361564636, 'F2': 0.7464454174041748, 'specificity': 0.486136794090271, 'NPV': 0.7005860209465027, 'loss': 0.62317955493927}
Epoch: [29], (Time: 0:48:56)
Averaged stats: {'accuracy': 0.6624398231506348, 'precision': 0.6419413685798645, 'recall': 0.75057452917099, 'F2': 0.7260028123855591, 'specificity': 0.5724268555641174, 'NPV': 0.6920323967933655, 'loss': 0.6024620532989502}
Test (Time: 0:03:00)
Averaged stats: {'accuracy': 0.6424477696418762, 'precision': 0.6177369952201843, 'recall': 0.7470414042472839, 'F2': 0.717024028301239, 'specificity': 0.5378928184509277, 'NPV': 0.6802244186401367, 'loss': 0.6177470088005066}
Epoch: [30], (Time: 0:48:56)
Averaged stats: {'accuracy': 0.6633238792419434, 'precision': 0.6439078450202942, 'recall': 0.746500551700592, 'F2': 0.7234474420547485, 'specificity': 0.5783746242523193, 'NPV': 0.6907811164855957, 'loss': 0.6002723574638367}
Test (Time: 0:03:00)
Averaged stats: {'accuracy': 0.6433721780776978, 'precision': 0.6375576853752136, 'recall': 0.6642012000083923, 'F2': 0.6586958169937134, 'specificity': 0.6225508451461792, 'NPV': 0.6496913433074951, 'loss': 0.6172053813934326}
Epoch: [31], (Time: 0:49:05)
Averaged stats: {'accuracy': 0.6664511561393738, 'precision': 0.6461590528488159, 'recall': 0.7512535452842712, 'F2': 0.7275859117507935, 'specificity': 0.5798415541648865, 'NPV': 0.6953462362289429, 'loss': 0.596515417098999}
Test (Time: 0:03:00)
Averaged stats: {'accuracy': 0.6361619234085083, 'precision': 0.5989247560501099, 'recall': 0.8239644765853882, 'F2': 0.7663730978965759, 'specificity': 0.44842883944511414, 'NPV': 0.7181764245033264, 'loss': 0.620069146156311}
Epoch: [32], (Time: 0:49:06)
Averaged stats: {'accuracy': 0.6678630113601685, 'precision': 0.6479156017303467, 'recall': 0.7504701018333435, 'F2': 0.727441668510437, 'specificity': 0.583495557308197, 'NPV': 0.696010410785675, 'loss': 0.5942085981369019}
Test (Time: 0:02:59)
Averaged stats: {'accuracy': 0.6413385272026062, 'precision': 0.6058758497238159, 'recall': 0.8084319233894348, 'F2': 0.7577648758888245, 'specificity': 0.4743068516254425, 'NPV': 0.7123820185661316, 'loss': 0.6226739287376404}
Epoch: [33], (Time: 0:49:11)
Averaged stats: {'accuracy': 0.6680082082748413, 'precision': 0.6474246978759766, 'recall': 0.7530293464660645, 'F2': 0.7292394042015076, 'specificity': 0.5811751484870911, 'NPV': 0.6973469257354736, 'loss': 0.5925345420837402}
Test (Time: 0:03:01)
Averaged stats: {'accuracy': 0.6407839059829712, 'precision': 0.6046767830848694, 'recall': 0.8128698468208313, 'F2': 0.7605010271072388, 'specificity': 0.4687615633010864, 'NPV': 0.7147688865661621, 'loss': 0.6200880408287048}
Epoch: [34], (Time: 0:49:21)
Averaged stats: {'accuracy': 0.6733522415161133, 'precision': 0.6524814963340759, 'recall': 0.7563720941543579, 'F2': 0.7330288887023926, 'specificity': 0.5885632038116455, 'NPV': 0.7028602361679077, 'loss': 0.5891528725624084}
Test (Time: 0:03:01)
Averaged stats: {'accuracy': 0.6317248940467834, 'precision': 0.5928534269332886, 'recall': 0.8406065106391907, 'F2': 0.775767982006073, 'specificity': 0.4229205250740051, 'NPV': 0.7263492345809937, 'loss': 0.6231569647789001}
Epoch: [35], (Time: 0:49:07)
Averaged stats: {'accuracy': 0.676017701625824, 'precision': 0.6537454128265381, 'recall': 0.7628225088119507, 'F2': 0.738189160823822, 'specificity': 0.5873629450798035, 'NPV': 0.7080118060112, 'loss': 0.5862355828285217}
Test (Time: 0:02:57)
Averaged stats: {'accuracy': 0.6455906629562378, 'precision': 0.6246436238288879, 'recall': 0.7292899489402771, 'F2': 0.7056466341018677, 'specificity': 0.5619223713874817, 'NPV': 0.6749556064605713, 'loss': 0.6177569627761841}
Epoch: [36], (Time: 0:49:08)
Averaged stats: {'accuracy': 0.6784192323684692, 'precision': 0.6566656827926636, 'recall': 0.7619084715843201, 'F2': 0.7382450103759766, 'specificity': 0.5931507349014282, 'NPV': 0.7092422246932983, 'loss': 0.5841273665428162}
Test (Time: 0:02:59)
Averaged stats: {'accuracy': 0.6409687399864197, 'precision': 0.6276809573173523, 'recall': 0.6926774978637695, 'F2': 0.6786231994628906, 'specificity': 0.5892791152000427, 'NPV': 0.6573196053504944, 'loss': 0.6185811758041382}
Epoch: [37], (Time: 0:48:45)
Averaged stats: {'accuracy': 0.679976224899292, 'precision': 0.6587439775466919, 'recall': 0.7607071995735168, 'F2': 0.7378652095794678, 'specificity': 0.597524881362915, 'NPV': 0.7097193002700806, 'loss': 0.5823735594749451}
Test (Time: 0:02:59)
Averaged stats: {'accuracy': 0.6357921957969666, 'precision': 0.6342355608940125, 'recall': 0.6412721872329712, 'F2': 0.6398524045944214, 'specificity': 0.6303142309188843, 'NPV': 0.6373831629753113, 'loss': 0.6263107061386108}
Epoch: [38], (Time: 0:48:47)
Averaged stats: {'accuracy': 0.6813089847564697, 'precision': 0.6600778698921204, 'recall': 0.7613339424133301, 'F2': 0.7386714816093445, 'specificity': 0.5995785593986511, 'NPV': 0.7109649181365967, 'loss': 0.5781595706939697}
Test (Time: 0:02:59)
Averaged stats: {'accuracy': 0.6557589173316956, 'precision': 0.636599600315094, 'recall': 0.7255917191505432, 'F2': 0.70585697889328, 'specificity': 0.5859519243240356, 'NPV': 0.6811345219612122, 'loss': 0.6148070096969604}
Epoch: [39], (Time: 0:48:54)
Averaged stats: {'accuracy': 0.6851751804351807, 'precision': 0.6637471318244934, 'recall': 0.7639193534851074, 'F2': 0.7415369153022766, 'specificity': 0.6047528982162476, 'NPV': 0.7149524092674255, 'loss': 0.5747424364089966}
Test (Time: 0:02:58)
Averaged stats: {'accuracy': 0.644111692905426, 'precision': 0.6249598860740662, 'recall': 0.7204142212867737, 'F2': 0.699059784412384, 'specificity': 0.5678373575210571, 'NPV': 0.6701570749282837, 'loss': 0.6219613552093506}
Epoch: [40], (Time: 0:48:56)
Averaged stats: {'accuracy': 0.6877614259719849, 'precision': 0.6660311222076416, 'recall': 0.7662697434425354, 'F2': 0.7438787817955017, 'specificity': 0.6075800657272339, 'NPV': 0.7179325819015503, 'loss': 0.5724129676818848}
Test (Time: 0:02:57)
Averaged stats: {'accuracy': 0.6466999650001526, 'precision': 0.6456114649772644, 'recall': 0.6501479148864746, 'F2': 0.6492355465888977, 'specificity': 0.6432532072067261, 'NPV': 0.6478034257888794, 'loss': 0.6333825588226318}
Epoch: [41], (Time: 0:49:01)
Averaged stats: {'accuracy': 0.6892920732498169, 'precision': 0.6660959124565125, 'recall': 0.7721195220947266, 'F2': 0.7482979893684387, 'specificity': 0.6046995520591736, 'NPV': 0.7220842242240906, 'loss': 0.5701766014099121}
Test (Time: 0:03:00)
Averaged stats: {'accuracy': 0.644666314125061, 'precision': 0.6222639083862305, 'recall': 0.735946774482727, 'F2': 0.7100043296813965, 'specificity': 0.5534195899963379, 'NPV': 0.6770691871643066, 'loss': 0.6238428354263306}
Epoch: [42], (Time: 0:49:07)
Averaged stats: {'accuracy': 0.6933298110961914, 'precision': 0.6710302233695984, 'recall': 0.7710748910903931, 'F2': 0.7487485408782959, 'specificity': 0.613927960395813, 'NPV': 0.7242008447647095, 'loss': 0.5658748149871826}
Test (Time: 0:02:59)
Averaged stats: {'accuracy': 0.6478092074394226, 'precision': 0.6260650157928467, 'recall': 0.7337278127670288, 'F2': 0.7093313932418823, 'specificity': 0.5619223713874817, 'NPV': 0.6785714030265808, 'loss': 0.6288853883743286}
Epoch: [43], (Time: 0:49:06)
Averaged stats: {'accuracy': 0.6932902336120605, 'precision': 0.6702031493186951, 'recall': 0.7737125158309937, 'F2': 0.7505294680595398, 'specificity': 0.6111540794372559, 'NPV': 0.725608766078949, 'loss': 0.5645182728767395}
Test (Time: 0:03:01)
Averaged stats: {'accuracy': 0.6509521007537842, 'precision': 0.6267080903053284, 'recall': 0.7463017702102661, 'F2': 0.7188657522201538, 'specificity': 0.5556377172470093, 'NPV': 0.6866148710250854, 'loss': 0.6231052875518799}
Epoch: [44], (Time: 0:48:53)
Averaged stats: {'accuracy': 0.6962723731994629, 'precision': 0.6742095947265625, 'recall': 0.7718583345413208, 'F2': 0.7501294016838074, 'specificity': 0.6190755367279053, 'NPV': 0.726547122001648, 'loss': 0.5616822242736816}
Test (Time: 0:02:59)
Averaged stats: {'accuracy': 0.6555740237236023, 'precision': 0.6224163174629211, 'recall': 0.790680468082428, 'F2': 0.7501227855682373, 'specificity': 0.5205175876617432, 'NPV': 0.7132725715637207, 'loss': 0.6178610920906067}
Epoch: [45], (Time: 0:49:03)
Averaged stats: {'accuracy': 0.6975786685943604, 'precision': 0.6747845411300659, 'recall': 0.7749660611152649, 'F2': 0.752618670463562, 'specificity': 0.6185421347618103, 'NPV': 0.7290933132171631, 'loss': 0.5582411289215088}
Test (Time: 0:02:58)
Averaged stats: {'accuracy': 0.6481789350509644, 'precision': 0.6395956873893738, 'recall': 0.6786242723464966, 'F2': 0.6704421043395996, 'specificity': 0.6177449226379395, 'NPV': 0.6578739881515503, 'loss': 0.631341278553009}
Epoch: [46], (Time: 0:49:12)
Averaged stats: {'accuracy': 0.7007191181182861, 'precision': 0.677797794342041, 'recall': 0.7770813703536987, 'F2': 0.7549639344215393, 'specificity': 0.6227295994758606, 'NPV': 0.7322795391082764, 'loss': 0.5565446019172668}
Test (Time: 0:02:59)
Averaged stats: {'accuracy': 0.6420780420303345, 'precision': 0.6325051784515381, 'recall': 0.6778846383094788, 'F2': 0.6682952046394348, 'specificity': 0.6062846779823303, 'NPV': 0.6531262397766113, 'loss': 0.6322792768478394}
Epoch: [47], (Time: 0:48:44)
Averaged stats: {'accuracy': 0.6996239423751831, 'precision': 0.6762382388114929, 'recall': 0.7779954075813293, 'F2': 0.7552657127380371, 'specificity': 0.6195822954177856, 'NPV': 0.7320916652679443, 'loss': 0.5551101565361023}
Test (Time: 0:02:59)
Averaged stats: {'accuracy': 0.6365317106246948, 'precision': 0.6077057719230652, 'recall': 0.7699704170227051, 'F2': 0.7309367060661316, 'specificity': 0.5031423568725586, 'NPV': 0.6863338351249695, 'loss': 0.6412743330001831}
Epoch: [48], (Time: 0:49:07)
Averaged stats: {'accuracy': 0.7046249508857727, 'precision': 0.6819981336593628, 'recall': 0.77833491563797, 'F2': 0.7569501399993896, 'specificity': 0.6293441653251648, 'NPV': 0.7354444861412048, 'loss': 0.5512956380844116}
Test (Time: 0:03:01)
Averaged stats: {'accuracy': 0.6515067219734192, 'precision': 0.6398088335990906, 'recall': 0.6930473446846008, 'F2': 0.6817024946212769, 'specificity': 0.6099815368652344, 'NPV': 0.6653226017951965, 'loss': 0.6333626508712769}
Epoch: [49], (Time: 0:49:20)
Averaged stats: {'accuracy': 0.7079369425773621, 'precision': 0.6856729388237, 'recall': 0.7791444659233093, 'F2': 0.7584655284881592, 'specificity': 0.6352118849754333, 'NPV': 0.737954318523407, 'loss': 0.5468361973762512}
Test (Time: 0:03:02)
Averaged stats: {'accuracy': 0.652061402797699, 'precision': 0.6276397705078125, 'recall': 0.7474112510681152, 'F2': 0.7199344038963318, 'specificity': 0.556746780872345, 'NPV': 0.687985360622406, 'loss': 0.6209097504615784}
Epoch: [50], (Time: 0:50:48)
Averaged stats: {'accuracy': 0.7090453505516052, 'precision': 0.6871715784072876, 'recall': 0.7786221504211426, 'F2': 0.7584352493286133, 'specificity': 0.6379857659339905, 'NPV': 0.7383399605751038, 'loss': 0.5460856556892395}
Test (Time: 0:03:04)
Averaged stats: {'accuracy': 0.6402292251586914, 'precision': 0.6101744174957275, 'recall': 0.7762573957443237, 'F2': 0.7361812591552734, 'specificity': 0.5042513608932495, 'NPV': 0.6927374005317688, 'loss': 0.6447606086730957}
Epoch: [51], (Time: 0:50:08)
Averaged stats: {'accuracy': 0.7133073806762695, 'precision': 0.689387857913971, 'recall': 0.7873446345329285, 'F2': 0.7655878067016602, 'specificity': 0.637692391872406, 'NPV': 0.745944082736969, 'loss': 0.5408518314361572}
Test (Time: 0:03:02)
Averaged stats: {'accuracy': 0.652616024017334, 'precision': 0.6325940489768982, 'recall': 0.7278106212615967, 'F2': 0.7065412402153015, 'specificity': 0.5774491429328918, 'NPV': 0.679721474647522, 'loss': 0.635651171207428}
Epoch: [52], (Time: 0:48:33)
Averaged stats: {'accuracy': 0.7155769467353821, 'precision': 0.6924545168876648, 'recall': 0.7863261103630066, 'F2': 0.7655694484710693, 'specificity': 0.6433200836181641, 'NPV': 0.7467029690742493, 'loss': 0.5373741388320923}
Test (Time: 0:03:00)
Averaged stats: {'accuracy': 0.6346829533576965, 'precision': 0.6361256837844849, 'recall': 0.6290680766105652, 'F2': 0.6304670572280884, 'specificity': 0.6402957439422607, 'NPV': 0.6332724094390869, 'loss': 0.6675304770469666}
Epoch: [53], (Time: 0:48:49)
Averaged stats: {'accuracy': 0.717727780342102, 'precision': 0.695647120475769, 'recall': 0.7846286296844482, 'F2': 0.7650567293167114, 'specificity': 0.6494012475013733, 'NPV': 0.7469857335090637, 'loss': 0.5336936712265015}
Test (Time: 0:02:58)
Averaged stats: {'accuracy': 0.652616024017334, 'precision': 0.6484346985816956, 'recall': 0.6664201021194458, 'F2': 0.6627436280250549, 'specificity': 0.6388170123100281, 'NPV': 0.6570342183113098, 'loss': 0.6544529795646667}
Epoch: [54], (Time: 0:48:51)
Averaged stats: {'accuracy': 0.7215015888214111, 'precision': 0.6971685290336609, 'recall': 0.7934816479682922, 'F2': 0.7721473574638367, 'specificity': 0.6479876041412354, 'NPV': 0.7544327974319458, 'loss': 0.5303661823272705}
Test (Time: 0:02:59)
Averaged stats: {'accuracy': 0.6333888173103333, 'precision': 0.6555891036987305, 'recall': 0.5617603659629822, 'F2': 0.5783141255378723, 'specificity': 0.7049907445907593, 'NPV': 0.6167529225349426, 'loss': 0.6787856817245483}
