nohup: ignoring input
============================================================
<class 'transformers.tokenization_dna.DNATokenizer'>
number of params: 821630
Start training
Epoch: [26], (Time: 0:04:37)
Averaged stats: {'accuracy': 0.6022049784660339, 'precision': 0.5845765471458435, 'recall': 0.747578501701355, 'F2': 0.7080901265144348, 'specificity': 0.4523449242115021, 'NPV': 0.634819507598877, 'loss': 0.6393048763275146}
Test (Time: 0:00:09)
Averaged stats: {'accuracy': 0.5506756901741028, 'precision': 0.5416666865348816, 'recall': 0.6587837934494019, 'F2': 0.6314767599105835, 'specificity': 0.4425675570964813, 'NPV': 0.5646551847457886, 'loss': 0.6965930461883545}
Epoch: [27], (Time: 0:01:28)
Averaged stats: {'accuracy': 0.6245530247688293, 'precision': 0.6034040451049805, 'recall': 0.7596125602722168, 'F2': 0.7222191095352173, 'specificity': 0.48532527685165405, 'NPV': 0.6619892716407776, 'loss': 0.6199474334716797}
Test (Time: 0:00:03)
Averaged stats: {'accuracy': 0.5152027010917664, 'precision': 0.5121293663978577, 'recall': 0.6418918967247009, 'F2': 0.610932469367981, 'specificity': 0.3885135054588318, 'NPV': 0.5203620195388794, 'loss': 0.6956618428230286}
Epoch: [28], (Time: 0:01:04)
Averaged stats: {'accuracy': 0.6463051438331604, 'precision': 0.6213865876197815, 'recall': 0.7760493159294128, 'F2': 0.7392495274543762, 'specificity': 0.5125567317008972, 'NPV': 0.6894586682319641, 'loss': 0.6007452607154846}
Test (Time: 0:00:03)
Averaged stats: {'accuracy': 0.5506756901741028, 'precision': 0.5462962985038757, 'recall': 0.5979729890823364, 'F2': 0.586870014667511, 'specificity': 0.5033783912658691, 'NPV': 0.5559701323509216, 'loss': 0.7124235033988953}
Epoch: [29], (Time: 0:00:31)
Averaged stats: {'accuracy': 0.6542014479637146, 'precision': 0.6319242119789124, 'recall': 0.7634282112121582, 'F2': 0.7329237461090088, 'specificity': 0.5416036248207092, 'NPV': 0.6895223259925842, 'loss': 0.5876769423484802}
Test (Time: 0:00:03)
Averaged stats: {'accuracy': 0.5320945978164673, 'precision': 0.5317725539207458, 'recall': 0.537162184715271, 'F2': 0.5360755324363708, 'specificity': 0.5270270109176636, 'NPV': 0.532423198223114, 'loss': 0.7343977689743042}
Epoch: [30], (Time: 0:00:23)
Averaged stats: {'accuracy': 0.6595649719238281, 'precision': 0.6389301419258118, 'recall': 0.7572644352912903, 'F2': 0.7302162647247314, 'specificity': 0.5588502287864685, 'NPV': 0.6907255053520203, 'loss': 0.5806616544723511}
Test (Time: 0:00:03)
Averaged stats: {'accuracy': 0.537162184715271, 'precision': 0.5279187560081482, 'recall': 0.7027027010917664, 'F2': 0.6590620875358582, 'specificity': 0.37162160873413086, 'NPV': 0.5555555820465088, 'loss': 0.7223348021507263}
Epoch: [31], (Time: 0:00:23)
Averaged stats: {'accuracy': 0.6783373355865479, 'precision': 0.6582952737808228, 'recall': 0.7616671323776245, 'F2': 0.7384746074676514, 'specificity': 0.5924357175827026, 'NPV': 0.7068592309951782, 'loss': 0.5685343146324158}
Test (Time: 0:00:03)
Averaged stats: {'accuracy': 0.525337815284729, 'precision': 0.5187032222747803, 'recall': 0.7027027010917664, 'F2': 0.6561514139175415, 'specificity': 0.34797295928001404, 'NPV': 0.5392670035362244, 'loss': 0.7394571304321289}
Epoch: [32], (Time: 0:00:23)
Averaged stats: {'accuracy': 0.6832538843154907, 'precision': 0.6596858501434326, 'recall': 0.7766363620758057, 'F2': 0.7500425577163696, 'specificity': 0.5869894027709961, 'NPV': 0.7182524800300598, 'loss': 0.5579939484596252}
Test (Time: 0:00:03)
Averaged stats: {'accuracy': 0.5287162065505981, 'precision': 0.5249266624450684, 'recall': 0.6047297120094299, 'F2': 0.5868852138519287, 'specificity': 0.45270270109176636, 'NPV': 0.5338645577430725, 'loss': 0.7505881190299988}
Epoch: [33], (Time: 0:00:23)
Averaged stats: {'accuracy': 0.6892133355140686, 'precision': 0.6707159280776978, 'recall': 0.7616671323776245, 'F2': 0.7415556311607361, 'specificity': 0.6145234704017639, 'NPV': 0.7143862247467041, 'loss': 0.5531692504882812}
Test (Time: 0:00:03)
Averaged stats: {'accuracy': 0.5152027010917664, 'precision': 0.5125347971916199, 'recall': 0.6216216087341309, 'F2': 0.5962410569190979, 'specificity': 0.40878379344940186, 'NPV': 0.5193132758140564, 'loss': 0.7720478177070618}
Epoch: [34], (Time: 0:00:22)
Averaged stats: {'accuracy': 0.6957687735557556, 'precision': 0.677318811416626, 'recall': 0.7651892900466919, 'F2': 0.7458374500274658, 'specificity': 0.6242057681083679, 'NPV': 0.720572829246521, 'loss': 0.5439838171005249}
Test (Time: 0:00:03)
Averaged stats: {'accuracy': 0.5287162065505981, 'precision': 0.5256797671318054, 'recall': 0.587837815284729, 'F2': 0.5742574334144592, 'specificity': 0.4695945978164673, 'NPV': 0.532567024230957, 'loss': 0.8083771467208862}
Epoch: [35], (Time: 0:00:22)
Averaged stats: {'accuracy': 0.7093265652656555, 'precision': 0.6903765797615051, 'recall': 0.774875283241272, 'F2': 0.7563602924346924, 'specificity': 0.6417549252510071, 'NPV': 0.7344182729721069, 'loss': 0.5328717231750488}
Test (Time: 0:00:03)
Averaged stats: {'accuracy': 0.5067567825317383, 'precision': 0.5059523582458496, 'recall': 0.5743243098258972, 'F2': 0.5592105388641357, 'specificity': 0.43918919563293457, 'NPV': 0.5078125, 'loss': 0.7936597466468811}
Epoch: [36], (Time: 0:00:23)
Averaged stats: {'accuracy': 0.7210965156555176, 'precision': 0.705708920955658, 'recall': 0.7728206515312195, 'F2': 0.7583962678909302, 'specificity': 0.6677761077880859, 'NPV': 0.7403556108474731, 'loss': 0.5193562507629395}
Test (Time: 0:00:03)
Averaged stats: {'accuracy': 0.49831080436706543, 'precision': 0.4987654387950897, 'recall': 0.6824324131011963, 'F2': 0.6356198787689209, 'specificity': 0.31418919563293457, 'NPV': 0.49732619524002075, 'loss': 0.8436970114707947}
Epoch: [37], (Time: 0:00:23)
Averaged stats: {'accuracy': 0.724672257900238, 'precision': 0.707589864730835, 'recall': 0.7798649668693542, 'F2': 0.7642524242401123, 'specificity': 0.6677761077880859, 'NPV': 0.7463645339012146, 'loss': 0.5129376649856567}
Test (Time: 0:00:03)
Averaged stats: {'accuracy': 0.5320945978164673, 'precision': 0.5273775458335876, 'recall': 0.6182432174682617, 'F2': 0.597648561000824, 'specificity': 0.44594594836235046, 'NPV': 0.5387755036354065, 'loss': 0.8497455716133118}
Epoch: [38], (Time: 0:00:22)
Averaged stats: {'accuracy': 0.7380810379981995, 'precision': 0.7259523272514343, 'recall': 0.7775169014930725, 'F2': 0.7666261792182922, 'specificity': 0.6974281668663025, 'NPV': 0.7525302171707153, 'loss': 0.5002819895744324}
Test (Time: 0:00:03)
Averaged stats: {'accuracy': 0.5118243098258972, 'precision': 0.5085995197296143, 'recall': 0.6993243098258972, 'F2': 0.6505342125892639, 'specificity': 0.3243243098258972, 'NPV': 0.5189189314842224, 'loss': 0.8965005278587341}
Epoch: [39], (Time: 0:00:22)
Averaged stats: {'accuracy': 0.7418057322502136, 'precision': 0.7312154769897461, 'recall': 0.7769298553466797, 'F2': 0.7673353552818298, 'specificity': 0.7055975794792175, 'NPV': 0.7542043924331665, 'loss': 0.4973379969596863}
Test (Time: 0:00:03)
Averaged stats: {'accuracy': 0.5118243098258972, 'precision': 0.5084337592124939, 'recall': 0.712837815284729, 'F2': 0.6597873568534851, 'specificity': 0.31081080436706543, 'NPV': 0.5197740197181702, 'loss': 0.9094996452331543}
Epoch: [40], (Time: 0:00:22)
Averaged stats: {'accuracy': 0.7514898777008057, 'precision': 0.7368564605712891, 'recall': 0.7939535975456238, 'F2': 0.7818370461463928, 'specificity': 0.7077155709266663, 'NPV': 0.7691549062728882, 'loss': 0.483117938041687}
Test (Time: 0:00:03)
Averaged stats: {'accuracy': 0.5118243098258972, 'precision': 0.5085574388504028, 'recall': 0.7027027010917664, 'F2': 0.6528562307357788, 'specificity': 0.32094594836235046, 'NPV': 0.5191256999969482, 'loss': 0.8908867239952087}
Epoch: [41], (Time: 0:00:23)
Averaged stats: {'accuracy': 0.7635577917098999, 'precision': 0.7498627305030823, 'recall': 0.8015849590301514, 'F2': 0.7906774282455444, 'specificity': 0.724357008934021, 'NPV': 0.7798045873641968, 'loss': 0.46947750449180603}
Test (Time: 0:00:03)
Averaged stats: {'accuracy': 0.525337815284729, 'precision': 0.5193798542022705, 'recall': 0.6790540814399719, 'F2': 0.6397199630737305, 'specificity': 0.37162160873413086, 'NPV': 0.5365853905677795, 'loss': 0.9285780191421509}
Epoch: [42], (Time: 0:00:22)
Averaged stats: {'accuracy': 0.7574493288993835, 'precision': 0.7516266107559204, 'recall': 0.7798649668693542, 'F2': 0.7740488052368164, 'specificity': 0.7343419194221497, 'NPV': 0.763928234577179, 'loss': 0.46210941672325134}
Test (Time: 0:00:03)
Averaged stats: {'accuracy': 0.5439189076423645, 'precision': 0.5363128781318665, 'recall': 0.6486486196517944, 'F2': 0.6225680708885193, 'specificity': 0.43918919563293457, 'NPV': 0.5555555820465088, 'loss': 0.9044868350028992}
Epoch: [43], (Time: 0:00:22)
Averaged stats: {'accuracy': 0.764153778553009, 'precision': 0.7548909783363342, 'recall': 0.7927795648574829, 'F2': 0.7849006056785583, 'specificity': 0.7346444725990295, 'NPV': 0.7747287750244141, 'loss': 0.45603442192077637}
Test (Time: 0:00:03)
Averaged stats: {'accuracy': 0.5287162065505981, 'precision': 0.5235456824302673, 'recall': 0.6385135054588318, 'F2': 0.6116504669189453, 'specificity': 0.4189189076423645, 'NPV': 0.536796510219574, 'loss': 0.9372573494911194}
Epoch: [44], (Time: 0:00:23)
Averaged stats: {'accuracy': 0.7756257653236389, 'precision': 0.7672195434570312, 'recall': 0.8009979724884033, 'F2': 0.7940064072608948, 'specificity': 0.7494704723358154, 'NPV': 0.7851030230522156, 'loss': 0.4464585781097412}
Test (Time: 0:00:03)
Averaged stats: {'accuracy': 0.5320945978164673, 'precision': 0.5230024456977844, 'recall': 0.7297297120094299, 'F2': 0.6762680411338806, 'specificity': 0.33445945382118225, 'NPV': 0.5530726313591003, 'loss': 0.9825887084007263}
Epoch: [45], (Time: 0:00:22)
Averaged stats: {'accuracy': 0.7792014479637146, 'precision': 0.769834578037262, 'recall': 0.8059876561164856, 'F2': 0.7984879016876221, 'specificity': 0.7515885233879089, 'NPV': 0.7898251414299011, 'loss': 0.4409055709838867}
Test (Time: 0:00:03)
Averaged stats: {'accuracy': 0.525337815284729, 'precision': 0.5179855823516846, 'recall': 0.7297297120094299, 'F2': 0.6745783686637878, 'specificity': 0.32094594836235046, 'NPV': 0.5428571701049805, 'loss': 1.000266194343567}
Epoch: [46], (Time: 0:00:22)
Averaged stats: {'accuracy': 0.7946960926055908, 'precision': 0.7871497273445129, 'recall': 0.8162606358528137, 'F2': 0.810267448425293, 'specificity': 0.7724659442901611, 'NPV': 0.8030827045440674, 'loss': 0.42990317940711975}
Test (Time: 0:00:03)
Averaged stats: {'accuracy': 0.5168918967247009, 'precision': 0.5132275223731995, 'recall': 0.6554054021835327, 'F2': 0.620998740196228, 'specificity': 0.37837839126586914, 'NPV': 0.5233644843101501, 'loss': 1.0332129001617432}
Epoch: [47], (Time: 0:00:22)
Averaged stats: {'accuracy': 0.7942491173744202, 'precision': 0.7886039614677429, 'recall': 0.8124449849128723, 'F2': 0.8075621724128723, 'specificity': 0.7754916548728943, 'NPV': 0.8004372119903564, 'loss': 0.4142722487449646}
Test (Time: 0:00:03)
Averaged stats: {'accuracy': 0.5135135054588318, 'precision': 0.509661853313446, 'recall': 0.712837815284729, 'F2': 0.6602002382278442, 'specificity': 0.31418919563293457, 'NPV': 0.5224719047546387, 'loss': 1.117460012435913}
Epoch: [48], (Time: 0:00:22)
Averaged stats: {'accuracy': 0.7966328859329224, 'precision': 0.7918810844421387, 'recall': 0.8130319714546204, 'F2': 0.8087118864059448, 'specificity': 0.7797276973724365, 'NPV': 0.8018046021461487, 'loss': 0.41861823201179504}
Test (Time: 0:00:03)
Averaged stats: {'accuracy': 0.5067567825317383, 'precision': 0.5048543810844421, 'recall': 0.7027027010917664, 'F2': 0.6516290903091431, 'specificity': 0.31081080436706543, 'NPV': 0.5111111402511597, 'loss': 1.100398063659668}
Epoch: [49], (Time: 0:00:23)
Averaged stats: {'accuracy': 0.7996126413345337, 'precision': 0.7962643504142761, 'recall': 0.8133255243301392, 'F2': 0.8098549842834473, 'specificity': 0.785476565361023, 'NPV': 0.8032178282737732, 'loss': 0.41145503520965576}
Test (Time: 0:00:03)
Averaged stats: {'accuracy': 0.5304054021835327, 'precision': 0.52601158618927, 'recall': 0.6148648858070374, 'F2': 0.5947712659835815, 'specificity': 0.44594594836235046, 'NPV': 0.5365853905677795, 'loss': 1.1582441329956055}
Epoch: [50], (Time: 0:00:23)
Averaged stats: {'accuracy': 0.8094457983970642, 'precision': 0.805220901966095, 'recall': 0.8238919973373413, 'F2': 0.8200888633728027, 'specificity': 0.7945536971092224, 'NPV': 0.8140111565589905, 'loss': 0.39761635661125183}
Test (Time: 0:00:03)
Averaged stats: {'accuracy': 0.5152027010917664, 'precision': 0.5117493271827698, 'recall': 0.662162184715271, 'F2': 0.6253988742828369, 'specificity': 0.3682432472705841, 'NPV': 0.5215311050415039, 'loss': 1.1632006168365479}
Epoch: [51], (Time: 0:00:23)
Averaged stats: {'accuracy': 0.8119785189628601, 'precision': 0.8082782626152039, 'recall': 0.825359582901001, 'F2': 0.8218858242034912, 'specificity': 0.7981845736503601, 'NPV': 0.8159604072570801, 'loss': 0.3918384611606598}
Test (Time: 0:00:03)
Averaged stats: {'accuracy': 0.5202702879905701, 'precision': 0.5163934230804443, 'recall': 0.6385135054588318, 'F2': 0.6096773743629456, 'specificity': 0.40202704071998596, 'NPV': 0.5265486836433411, 'loss': 1.1309726238250732}
Epoch: [52], (Time: 0:00:22)
Averaged stats: {'accuracy': 0.8143623471260071, 'precision': 0.8120127320289612, 'recall': 0.825359582901001, 'F2': 0.8226553201675415, 'specificity': 0.8030257225036621, 'NPV': 0.8168667554855347, 'loss': 0.38517117500305176}
Test (Time: 0:00:03)
Averaged stats: {'accuracy': 0.49831080436706543, 'precision': 0.49891066551208496, 'recall': 0.7736486196517944, 'F2': 0.6968958377838135, 'specificity': 0.22297297418117523, 'NPV': 0.49624061584472656, 'loss': 1.2544591426849365}
Epoch: [53], (Time: 0:00:23)
Averaged stats: {'accuracy': 0.8188319206237793, 'precision': 0.8165270090103149, 'recall': 0.8294687271118164, 'F2': 0.8268476724624634, 'specificity': 0.8078668713569641, 'NPV': 0.8212857842445374, 'loss': 0.37797433137893677}
Test (Time: 0:00:03)
Averaged stats: {'accuracy': 0.5135135054588318, 'precision': 0.5093896985054016, 'recall': 0.7331081032752991, 'F2': 0.6739130616188049, 'specificity': 0.2939189076423645, 'NPV': 0.5240963697433472, 'loss': 1.1444543600082397}
Epoch: [54], (Time: 0:00:23)
Averaged stats: {'accuracy': 0.8325387239456177, 'precision': 0.8305820822715759, 'recall': 0.8417962789535522, 'F2': 0.839529275894165, 'specificity': 0.8229954838752747, 'NPV': 0.8346118330955505, 'loss': 0.36810818314552307}
Test (Time: 0:00:03)
Averaged stats: {'accuracy': 0.5219594836235046, 'precision': 0.5150812268257141, 'recall': 0.75, 'F2': 0.6873064637184143, 'specificity': 0.2939189076423645, 'NPV': 0.5403726696968079, 'loss': 1.1687231063842773}
Epoch: [55], (Time: 0:00:22)
Averaged stats: {'accuracy': 0.82136470079422, 'precision': 0.8183391094207764, 'recall': 0.8329908847808838, 'F2': 0.8300187587738037, 'specificity': 0.8093797564506531, 'NPV': 0.8245992660522461, 'loss': 0.3662206828594208}
Test (Time: 0:00:03)
Averaged stats: {'accuracy': 0.5152027010917664, 'precision': 0.5103926062583923, 'recall': 0.7466216087341309, 'F2': 0.6833642721176147, 'specificity': 0.28378379344940186, 'NPV': 0.5283018946647644, 'loss': 1.264243483543396}
Epoch: [56], (Time: 0:00:22)
Averaged stats: {'accuracy': 0.8370083570480347, 'precision': 0.8380590677261353, 'recall': 0.8415027856826782, 'F2': 0.8408117294311523, 'specificity': 0.832375168800354, 'NPV': 0.8359161615371704, 'loss': 0.35627081990242004}
Test (Time: 0:00:03)
Averaged stats: {'accuracy': 0.5219594836235046, 'precision': 0.5155131220817566, 'recall': 0.7297297120094299, 'F2': 0.6737367510795593, 'specificity': 0.31418919563293457, 'NPV': 0.5375722646713257, 'loss': 1.3837262392044067}
Epoch: [57], (Time: 0:00:22)
Averaged stats: {'accuracy': 0.8379022479057312, 'precision': 0.835794985294342, 'recall': 0.8470795154571533, 'F2': 0.8447983264923096, 'specificity': 0.8284417390823364, 'NPV': 0.8401350378990173, 'loss': 0.354088693857193}
Test (Time: 0:00:03)
Averaged stats: {'accuracy': 0.5185810923576355, 'precision': 0.5139949321746826, 'recall': 0.6824324131011963, 'F2': 0.6404565572738647, 'specificity': 0.3547297418117523, 'NPV': 0.5276381969451904, 'loss': 1.272363543510437}
Epoch: [58], (Time: 0:00:23)
Averaged stats: {'accuracy': 0.8446066975593567, 'precision': 0.8424102067947388, 'recall': 0.85353684425354, 'F2': 0.8512880206108093, 'specificity': 0.8354008793830872, 'NPV': 0.8469325304031372, 'loss': 0.34082263708114624}
Test (Time: 0:00:03)
Averaged stats: {'accuracy': 0.5101351141929626, 'precision': 0.5072463750839233, 'recall': 0.7094594836235046, 'F2': 0.6570713520050049, 'specificity': 0.31081080436706543, 'NPV': 0.516853928565979, 'loss': 1.2836017608642578}
Epoch: [59], (Time: 0:00:22)
Averaged stats: {'accuracy': 0.8457985520362854, 'precision': 0.8435689210891724, 'recall': 0.8547108769416809, 'F2': 0.8524588942527771, 'specificity': 0.8366112112998962, 'NPV': 0.8481594920158386, 'loss': 0.33871304988861084}
Test (Time: 0:00:03)
Averaged stats: {'accuracy': 0.5050675868988037, 'precision': 0.5036674737930298, 'recall': 0.6959459185600281, 'F2': 0.6465787291526794, 'specificity': 0.31418919563293457, 'NPV': 0.5081967115402222, 'loss': 1.3581289052963257}
Epoch: [60], (Time: 0:00:22)
Averaged stats: {'accuracy': 0.8449046611785889, 'precision': 0.847328245639801, 'recall': 0.8470795154571533, 'F2': 0.8471292853355408, 'specificity': 0.8426626324653625, 'NPV': 0.842407763004303, 'loss': 0.3351907730102539}
Test (Time: 0:00:03)
Averaged stats: {'accuracy': 0.5050675868988037, 'precision': 0.5034168362617493, 'recall': 0.7466216087341309, 'F2': 0.6808379292488098, 'specificity': 0.2635135054588318, 'NPV': 0.5098039507865906, 'loss': 1.3960583209991455}
Epoch: [61], (Time: 0:00:22)
Averaged stats: {'accuracy': 0.8475863933563232, 'precision': 0.849150538444519, 'recall': 0.8508952260017395, 'F2': 0.8505457043647766, 'specificity': 0.8441755175590515, 'NPV': 0.8459672331809998, 'loss': 0.3370097279548645}
Test (Time: 0:00:03)
Averaged stats: {'accuracy': 0.5388513803482056, 'precision': 0.5257270932197571, 'recall': 0.7939189076423645, 'F2': 0.7204169034957886, 'specificity': 0.28378379344940186, 'NPV': 0.5793103575706482, 'loss': 1.4065614938735962}
Epoch: [62], (Time: 0:00:23)
Averaged stats: {'accuracy': 0.8469904661178589, 'precision': 0.8471412062644958, 'recall': 0.8523628115653992, 'F2': 0.8513132929801941, 'specificity': 0.8414523601531982, 'NPV': 0.8468331098556519, 'loss': 0.33237528800964355}
Test (Time: 0:00:03)
Averaged stats: {'accuracy': 0.5270270109176636, 'precision': 0.5210526585578918, 'recall': 0.6689189076423645, 'F2': 0.6329923272132874, 'specificity': 0.38513514399528503, 'NPV': 0.5377358198165894, 'loss': 1.32080078125}
Epoch: [63], (Time: 0:00:22)
Averaged stats: {'accuracy': 0.8550357818603516, 'precision': 0.856682300567627, 'recall': 0.8579395413398743, 'F2': 0.857687771320343, 'specificity': 0.8520423769950867, 'NPV': 0.8533333539962769, 'loss': 0.3188687562942505}
Test (Time: 0:00:03)
Averaged stats: {'accuracy': 0.5202702879905701, 'precision': 0.5129870176315308, 'recall': 0.8006756901741028, 'F2': 0.719927191734314, 'specificity': 0.23986487090587616, 'NPV': 0.5461538434028625, 'loss': 1.4713436365127563}
Epoch: [64], (Time: 0:00:22)
Averaged stats: {'accuracy': 0.8572705388069153, 'precision': 0.8564774394035339, 'recall': 0.8635162711143494, 'F2': 0.862099289894104, 'specificity': 0.8508320450782776, 'NPV': 0.8581019043922424, 'loss': 0.31022608280181885}
Test (Time: 0:00:03)
Averaged stats: {'accuracy': 0.5439189076423645, 'precision': 0.5338541865348816, 'recall': 0.6925675868988037, 'F2': 0.6536990404129028, 'specificity': 0.3952702581882477, 'NPV': 0.5625, 'loss': 1.457275629043579}
Epoch: [65], (Time: 0:00:23)
Averaged stats: {'accuracy': 0.8645709156990051, 'precision': 0.8614004850387573, 'recall': 0.8737892508506775, 'F2': 0.8712830543518066, 'specificity': 0.8550680875778198, 'NPV': 0.8679361343383789, 'loss': 0.3066055178642273}
Test (Time: 0:00:03)
Averaged stats: {'accuracy': 0.5337837934494019, 'precision': 0.5261780023574829, 'recall': 0.6790540814399719, 'F2': 0.6417624354362488, 'specificity': 0.3885135054588318, 'NPV': 0.5476190447807312, 'loss': 1.3674412965774536}
Epoch: [66], (Time: 0:00:22)
Averaged stats: {'accuracy': 0.8615911602973938, 'precision': 0.8614352345466614, 'recall': 0.8667449355125427, 'F2': 0.8656778335571289, 'specificity': 0.8562783598899841, 'NPV': 0.8617539405822754, 'loss': 0.3039274215698242}
Test (Time: 0:00:03)
Averaged stats: {'accuracy': 0.5050675868988037, 'precision': 0.5041322112083435, 'recall': 0.6182432174682617, 'F2': 0.5914673805236816, 'specificity': 0.3918918967247009, 'NPV': 0.5065501928329468, 'loss': 1.376105546951294}
Epoch: [67], (Time: 0:00:22)
Averaged stats: {'accuracy': 0.868444561958313, 'precision': 0.867501437664032, 'recall': 0.8743762969970703, 'F2': 0.8729925751686096, 'specificity': 0.8623297810554504, 'NPV': 0.8694325685501099, 'loss': 0.29836782813072205}
Test (Time: 0:00:03)
Averaged stats: {'accuracy': 0.525337815284729, 'precision': 0.517899751663208, 'recall': 0.7331081032752991, 'F2': 0.6768559217453003, 'specificity': 0.3175675570964813, 'NPV': 0.5433526039123535, 'loss': 1.4584556818008423}
Epoch: [68], (Time: 0:00:23)
Averaged stats: {'accuracy': 0.8691895008087158, 'precision': 0.8698449730873108, 'recall': 0.8729087114334106, 'F2': 0.8722942471504211, 'specificity': 0.8653555512428284, 'NPV': 0.8685089349746704, 'loss': 0.2918505072593689}
Test (Time: 0:00:03)
Averaged stats: {'accuracy': 0.5236486196517944, 'precision': 0.5168269276618958, 'recall': 0.7263513803482056, 'F2': 0.671875, 'specificity': 0.32094594836235046, 'NPV': 0.5397727489471436, 'loss': 1.4315606355667114}
Epoch: [69], (Time: 0:00:23)
Averaged stats: {'accuracy': 0.8724672198295593, 'precision': 0.8721914291381836, 'recall': 0.8773114085197449, 'F2': 0.8762826323509216, 'specificity': 0.8674735426902771, 'NPV': 0.8727549314498901, 'loss': 0.2828482985496521}
Test (Time: 0:00:03)
Averaged stats: {'accuracy': 0.5202702879905701, 'precision': 0.5141509175300598, 'recall': 0.7364864945411682, 'F2': 0.6778607368469238, 'specificity': 0.30405405163764954, 'NPV': 0.5357142686843872, 'loss': 1.3818490505218506}
Epoch: [70], (Time: 0:00:22)
Averaged stats: {'accuracy': 0.8800655603408813, 'precision': 0.8808547854423523, 'recall': 0.8831816911697388, 'F2': 0.8827152848243713, 'specificity': 0.8768532276153564, 'NPV': 0.8792475461959839, 'loss': 0.27943095564842224}
Test (Time: 0:00:03)
Averaged stats: {'accuracy': 0.5202702879905701, 'precision': 0.5149999856948853, 'recall': 0.6959459185600281, 'F2': 0.6502524614334106, 'specificity': 0.3445945978164673, 'NPV': 0.53125, 'loss': 1.4361222982406616}
Epoch: [71], (Time: 0:00:22)
Averaged stats: {'accuracy': 0.8787246942520142, 'precision': 0.8792044520378113, 'recall': 0.8823011517524719, 'F2': 0.8816801309585571, 'specificity': 0.8750378489494324, 'NPV': 0.8782265186309814, 'loss': 0.2760189473628998}
Test (Time: 0:00:03)
Averaged stats: {'accuracy': 0.5202702879905701, 'precision': 0.5142857432365417, 'recall': 0.7297297120094299, 'F2': 0.6733167767524719, 'specificity': 0.31081080436706543, 'NPV': 0.5348837375640869, 'loss': 1.4802857637405396}
Epoch: [72], (Time: 0:00:22)
Averaged stats: {'accuracy': 0.87917160987854, 'precision': 0.8819894194602966, 'recall': 0.8796595335006714, 'F2': 0.8801245093345642, 'specificity': 0.8786686658859253, 'NPV': 0.8762824535369873, 'loss': 0.2698994576931}
Test (Time: 0:00:03)
Averaged stats: {'accuracy': 0.5337837934494019, 'precision': 0.5234741568565369, 'recall': 0.7533783912658691, 'F2': 0.6925466060638428, 'specificity': 0.31418919563293457, 'NPV': 0.5602409839630127, 'loss': 1.6071882247924805}
Epoch: [73], (Time: 0:00:22)
Averaged stats: {'accuracy': 0.8848331570625305, 'precision': 0.8868977427482605, 'recall': 0.8861168026924133, 'F2': 0.8862729072570801, 'specificity': 0.8835098147392273, 'NPV': 0.8827086091041565, 'loss': 0.26919469237327576}
Test (Time: 0:00:03)
Averaged stats: {'accuracy': 0.537162184715271, 'precision': 0.528205156326294, 'recall': 0.6959459185600281, 'F2': 0.6543837189674377, 'specificity': 0.37837839126586914, 'NPV': 0.5544554591178894, 'loss': 1.4915072917938232}
Epoch: [74], (Time: 0:00:22)
Averaged stats: {'accuracy': 0.878128707408905, 'precision': 0.8768559098243713, 'recall': 0.8840622305870056, 'F2': 0.8826115727424622, 'specificity': 0.8720120787620544, 'NPV': 0.8794628977775574, 'loss': 0.27147623896598816}
Test (Time: 0:00:03)
Averaged stats: {'accuracy': 0.5270270109176636, 'precision': 0.5194174647331238, 'recall': 0.7229729890823364, 'F2': 0.670426070690155, 'specificity': 0.3310810923576355, 'NPV': 0.5444444417953491, 'loss': 1.5115331411361694}
Epoch: [75], (Time: 0:00:23)
Averaged stats: {'accuracy': 0.8896006941795349, 'precision': 0.8897660970687866, 'recall': 0.8931611180305481, 'F2': 0.8924800157546997, 'specificity': 0.8859304189682007, 'NPV': 0.8894289135932922, 'loss': 0.25971534848213196}
Test (Time: 0:00:03)
Averaged stats: {'accuracy': 0.5135135054588318, 'precision': 0.5092592835426331, 'recall': 0.7432432174682617, 'F2': 0.6806930303573608, 'specificity': 0.28378379344940186, 'NPV': 0.5249999761581421, 'loss': 1.611855387687683}
Epoch: [76], (Time: 0:00:22)
Averaged stats: {'accuracy': 0.8881108164787292, 'precision': 0.8903586268424988, 'recall': 0.8890519738197327, 'F2': 0.8893129825592041, 'specificity': 0.887140691280365, 'NPV': 0.8858006000518799, 'loss': 0.25340959429740906}
Test (Time: 0:00:03)
Averaged stats: {'accuracy': 0.525337815284729, 'precision': 0.5180723071098328, 'recall': 0.7263513803482056, 'F2': 0.6722952127456665, 'specificity': 0.3243243098258972, 'NPV': 0.5423728823661804, 'loss': 1.609691858291626}
Epoch: [77], (Time: 0:00:22)
Averaged stats: {'accuracy': 0.8982419371604919, 'precision': 0.9003527164459229, 'recall': 0.899031400680542, 'F2': 0.8992952108383179, 'specificity': 0.8974281549453735, 'NPV': 0.896072506904602, 'loss': 0.24351774156093597}
Test (Time: 0:00:03)
Averaged stats: {'accuracy': 0.5489864945411682, 'precision': 0.5388739705085754, 'recall': 0.6790540814399719, 'F2': 0.6454720497131348, 'specificity': 0.4189189076423645, 'NPV': 0.5662100315093994, 'loss': 1.6917847394943237}
Epoch: [78], (Time: 0:00:23)
Averaged stats: {'accuracy': 0.8900476694107056, 'precision': 0.8912342190742493, 'recall': 0.8922805786132812, 'F2': 0.8920711278915405, 'specificity': 0.8877458572387695, 'NPV': 0.888821542263031, 'loss': 0.2552695870399475}
Test (Time: 0:00:03)
Averaged stats: {'accuracy': 0.5422297120094299, 'precision': 0.5305623412132263, 'recall': 0.7331081032752991, 'F2': 0.681104838848114, 'specificity': 0.3513513505458832, 'NPV': 0.568306028842926, 'loss': 1.7490715980529785}
Epoch: [79], (Time: 0:00:22)
Averaged stats: {'accuracy': 0.8940703272819519, 'precision': 0.8967039585113525, 'recall': 0.8943352103233337, 'F2': 0.8948079347610474, 'specificity': 0.8937972784042358, 'NPV': 0.8913699388504028, 'loss': 0.24676279723644257}
Test (Time: 0:00:03)
Averaged stats: {'accuracy': 0.5506756901741028, 'precision': 0.5490196347236633, 'recall': 0.5675675868988037, 'F2': 0.563758373260498, 'specificity': 0.5337837934494019, 'NPV': 0.5524475574493408, 'loss': 1.6042742729187012}
Epoch: [80], (Time: 0:00:22)
Averaged stats: {'accuracy': 0.8964540958404541, 'precision': 0.8974208831787109, 'recall': 0.898737907409668, 'F2': 0.8984742164611816, 'specificity': 0.8940998315811157, 'NPV': 0.8954545259475708, 'loss': 0.24271149933338165}
Test (Time: 0:00:03)
Averaged stats: {'accuracy': 0.5219594836235046, 'precision': 0.517808198928833, 'recall': 0.6385135054588318, 'F2': 0.6100710034370422, 'specificity': 0.4054054021835327, 'NPV': 0.5286343693733215, 'loss': 1.5936294794082642}
Epoch: [81], (Time: 0:00:22)
Averaged stats: {'accuracy': 0.9019666314125061, 'precision': 0.9031974077224731, 'recall': 0.9037275910377502, 'F2': 0.90362149477005, 'specificity': 0.9001513123512268, 'NPV': 0.900696337223053, 'loss': 0.23238414525985718}
Test (Time: 0:00:03)
Averaged stats: {'accuracy': 0.5354729890823364, 'precision': 0.5234899520874023, 'recall': 0.7905405163764954, 'F2': 0.7173513174057007, 'specificity': 0.2804054021835327, 'NPV': 0.5724138021469116, 'loss': 1.9143773317337036}
Epoch: [82], (Time: 0:00:23)
Averaged stats: {'accuracy': 0.8994338512420654, 'precision': 0.8984830975532532, 'recall': 0.904021143913269, 'F2': 0.9029081463813782, 'specificity': 0.8947049975395203, 'NPV': 0.9004263281822205, 'loss': 0.23650293052196503}
Test (Time: 0:00:03)
Averaged stats: {'accuracy': 0.5270270109176636, 'precision': 0.5194174647331238, 'recall': 0.7229729890823364, 'F2': 0.670426070690155, 'specificity': 0.3310810923576355, 'NPV': 0.5444444417953491, 'loss': 1.6775734424591064}
Epoch: [83], (Time: 0:00:22)
Averaged stats: {'accuracy': 0.9027115702629089, 'precision': 0.9045240879058838, 'recall': 0.9037275910377502, 'F2': 0.9038867950439453, 'specificity': 0.901664137840271, 'NPV': 0.9008464217185974, 'loss': 0.22969898581504822}
Test (Time: 0:00:03)
Averaged stats: {'accuracy': 0.5219594836235046, 'precision': 0.5167095065116882, 'recall': 0.6790540814399719, 'F2': 0.6389065980911255, 'specificity': 0.36486485600471497, 'NPV': 0.5320196747779846, 'loss': 1.6299681663513184}
Epoch: [84], (Time: 0:00:22)
Averaged stats: {'accuracy': 0.9070321917533875, 'precision': 0.9081842303276062, 'recall': 0.9087173342704773, 'F2': 0.9086106419563293, 'specificity': 0.9052950143814087, 'NPV': 0.905843198299408, 'loss': 0.22172197699546814}
Test (Time: 0:00:03)
Averaged stats: {'accuracy': 0.5185810923576355, 'precision': 0.5149863958358765, 'recall': 0.6385135054588318, 'F2': 0.6092843413352966, 'specificity': 0.3986486494541168, 'NPV': 0.5244444608688354, 'loss': 1.6561164855957031}
Epoch: [85], (Time: 0:00:22)
Averaged stats: {'accuracy': 0.9007747173309326, 'precision': 0.9001460075378418, 'recall': 0.9049016833305359, 'F2': 0.903946578502655, 'specificity': 0.8965204358100891, 'NPV': 0.9014298915863037, 'loss': 0.228361576795578}
Test (Time: 0:00:03)
Averaged stats: {'accuracy': 0.5489864945411682, 'precision': 0.5401661992073059, 'recall': 0.6587837934494019, 'F2': 0.6310679912567139, 'specificity': 0.43918919563293457, 'NPV': 0.5627705454826355, 'loss': 1.7361620664596558}
Epoch: [86], (Time: 0:00:22)
Averaged stats: {'accuracy': 0.909267008304596, 'precision': 0.9095433354377747, 'recall': 0.9119459986686707, 'F2': 0.9114644527435303, 'specificity': 0.906505286693573, 'NPV': 0.9089806079864502, 'loss': 0.21743378043174744}
Test (Time: 0:00:03)
Averaged stats: {'accuracy': 0.5388513803482056, 'precision': 0.5311653017997742, 'recall': 0.662162184715271, 'F2': 0.6310367584228516, 'specificity': 0.41554054617881775, 'NPV': 0.5515695214271545, 'loss': 1.6805849075317383}
Epoch: [87], (Time: 0:00:22)
Averaged stats: {'accuracy': 0.9098629355430603, 'precision': 0.9144970178604126, 'recall': 0.9072498083114624, 'F2': 0.9086899757385254, 'specificity': 0.9125567078590393, 'NPV': 0.9051620364189148, 'loss': 0.21441079676151276}
Test (Time: 0:00:03)
Averaged stats: {'accuracy': 0.525337815284729, 'precision': 0.5198938846588135, 'recall': 0.662162184715271, 'F2': 0.6278026700019836, 'specificity': 0.3885135054588318, 'NPV': 0.5348837375640869, 'loss': 1.581774115562439}
Epoch: [88], (Time: 0:00:23)
Averaged stats: {'accuracy': 0.9115017652511597, 'precision': 0.9121007919311523, 'recall': 0.9137070775032043, 'F2': 0.913385272026062, 'specificity': 0.9092284440994263, 'NPV': 0.9108820557594299, 'loss': 0.21021926403045654}
Test (Time: 0:00:03)
Averaged stats: {'accuracy': 0.5185810923576355, 'precision': 0.513853907585144, 'recall': 0.6891891956329346, 'F2': 0.6451613306999207, 'specificity': 0.34797295928001404, 'NPV': 0.528205156326294, 'loss': 1.7982717752456665}
Epoch: [89], (Time: 0:00:22)
Averaged stats: {'accuracy': 0.9071811437606812, 'precision': 0.9077328443527222, 'recall': 0.9095978736877441, 'F2': 0.909224271774292, 'specificity': 0.9046898484230042, 'NPV': 0.9066100716590881, 'loss': 0.22047775983810425}
Test (Time: 0:00:03)
Averaged stats: {'accuracy': 0.5337837934494019, 'precision': 0.5271739363670349, 'recall': 0.6554054021835327, 'F2': 0.6250000596046448, 'specificity': 0.4121621549129486, 'NPV': 0.5446428656578064, 'loss': 1.6836680173873901}
Epoch: [90], (Time: 0:00:22)
Averaged stats: {'accuracy': 0.9193980693817139, 'precision': 0.9209753274917603, 'recall': 0.9201643466949463, 'F2': 0.9203263521194458, 'specificity': 0.9186081886291504, 'NPV': 0.9177750945091248, 'loss': 0.19870063662528992}
Test (Time: 0:00:03)
Averaged stats: {'accuracy': 0.5168918967247009, 'precision': 0.5119616985321045, 'recall': 0.7229729890823364, 'F2': 0.6679151058197021, 'specificity': 0.31081080436706543, 'NPV': 0.5287356376647949, 'loss': 1.9332971572875977}
Epoch: [91], (Time: 0:00:23)
Averaged stats: {'accuracy': 0.9119487404823303, 'precision': 0.9129032492637634, 'recall': 0.9137070775032043, 'F2': 0.9135461449623108, 'specificity': 0.9101361632347107, 'NPV': 0.9109630584716797, 'loss': 0.20990709960460663}
Test (Time: 0:00:03)
Averaged stats: {'accuracy': 0.5287162065505981, 'precision': 0.5229110717773438, 'recall': 0.6554054021835327, 'F2': 0.6237941980361938, 'specificity': 0.40202704071998596, 'NPV': 0.5384615659713745, 'loss': 1.708473563194275}
Epoch: [92], (Time: 0:00:22)
Averaged stats: {'accuracy': 0.9185041785240173, 'precision': 0.9208357930183411, 'recall': 0.9184032678604126, 'F2': 0.9188886880874634, 'specificity': 0.9186081886291504, 'NPV': 0.9161134362220764, 'loss': 0.19331330060958862}
Test (Time: 0:00:03)
Averaged stats: {'accuracy': 0.5185810923576355, 'precision': 0.5133171677589417, 'recall': 0.7162162065505981, 'F2': 0.6637444496154785, 'specificity': 0.32094594836235046, 'NPV': 0.5307262539863586, 'loss': 1.7474095821380615}
Epoch: [93], (Time: 0:00:22)
Averaged stats: {'accuracy': 0.9196960926055908, 'precision': 0.9242603778839111, 'recall': 0.9169357419013977, 'F2': 0.9183912873268127, 'specificity': 0.922541618347168, 'NPV': 0.9150660037994385, 'loss': 0.19735699892044067}
Test (Time: 0:00:03)
Averaged stats: {'accuracy': 0.5236486196517944, 'precision': 0.5184210538864136, 'recall': 0.6655405163764954, 'F2': 0.6297954320907593, 'specificity': 0.3817567527294159, 'NPV': 0.5330188870429993, 'loss': 1.9056822061538696}
Epoch: [94], (Time: 0:00:22)
Averaged stats: {'accuracy': 0.9229737520217896, 'precision': 0.9222676753997803, 'recall': 0.9263281226158142, 'F2': 0.9255132079124451, 'specificity': 0.9195159077644348, 'NPV': 0.9237082004547119, 'loss': 0.19130010902881622}
Test (Time: 0:00:03)
Averaged stats: {'accuracy': 0.5287162065505981, 'precision': 0.5218508839607239, 'recall': 0.6858108043670654, 'F2': 0.6452637910842896, 'specificity': 0.37162160873413086, 'NPV': 0.5418719053268433, 'loss': 1.8009165525436401}
Epoch: [95], (Time: 0:00:22)
Averaged stats: {'accuracy': 0.925208568572998, 'precision': 0.9260780215263367, 'recall': 0.926621675491333, 'F2': 0.9265128970146179, 'specificity': 0.9237518906593323, 'NPV': 0.9243112206459045, 'loss': 0.18947823345661163}
Test (Time: 0:00:03)
Averaged stats: {'accuracy': 0.5067567825317383, 'precision': 0.5052909851074219, 'recall': 0.6452702879905701, 'F2': 0.6113956570625305, 'specificity': 0.3682432472705841, 'NPV': 0.5093457698822021, 'loss': 1.7070412635803223}
Epoch: [96], (Time: 0:00:22)
Averaged stats: {'accuracy': 0.923122763633728, 'precision': 0.9267788529396057, 'recall': 0.9213384389877319, 'F2': 0.922421395778656, 'specificity': 0.9249621629714966, 'NPV': 0.9193984866142273, 'loss': 0.19126559793949127}
Test (Time: 0:00:03)
Averaged stats: {'accuracy': 0.5439189076423645, 'precision': 0.5305164456367493, 'recall': 0.7635135054588318, 'F2': 0.7018633484840393, 'specificity': 0.3243243098258972, 'NPV': 0.5783132314682007, 'loss': 1.9454612731933594}
Epoch: [97], (Time: 0:00:22)
Averaged stats: {'accuracy': 0.9205899834632874, 'precision': 0.9231448769569397, 'recall': 0.9201643466949463, 'F2': 0.9207589626312256, 'specificity': 0.921028733253479, 'NPV': 0.9179734587669373, 'loss': 0.19485561549663544}
Test (Time: 0:00:03)
Averaged stats: {'accuracy': 0.5219594836235046, 'precision': 0.5187320113182068, 'recall': 0.6081081032752991, 'F2': 0.5878511071205139, 'specificity': 0.43581080436706543, 'NPV': 0.5265306234359741, 'loss': 1.8246665000915527}
Epoch: [98], (Time: 0:00:22)
Averaged stats: {'accuracy': 0.9265494346618652, 'precision': 0.9331153631210327, 'recall': 0.9213384389877319, 'F2': 0.9236699938774109, 'specificity': 0.9319213032722473, 'NPV': 0.9199522137641907, 'loss': 0.18539555370807648}
Test (Time: 0:00:03)
Averaged stats: {'accuracy': 0.5523648858070374, 'precision': 0.5394402146339417, 'recall': 0.7162162065505981, 'F2': 0.6721622943878174, 'specificity': 0.3885135054588318, 'NPV': 0.5778894424438477, 'loss': 1.8246703147888184}
Epoch: [99], (Time: 0:00:23)
Averaged stats: {'accuracy': 0.9256555438041687, 'precision': 0.9271445274353027, 'recall': 0.9263281226158142, 'F2': 0.9264913201332092, 'specificity': 0.9249621629714966, 'NPV': 0.9241233468055725, 'loss': 0.18460233509540558}
Test (Time: 0:00:03)
Averaged stats: {'accuracy': 0.5168918967247009, 'precision': 0.5142857432365417, 'recall': 0.6081081032752991, 'F2': 0.5867014527320862, 'specificity': 0.4256756901741028, 'NPV': 0.5206611752510071, 'loss': 1.8407056331634521}
Epoch: [100], (Time: 0:00:22)
Averaged stats: {'accuracy': 0.9274433851242065, 'precision': 0.9324644804000854, 'recall': 0.9239800572395325, 'F2': 0.925664484500885, 'specificity': 0.9310136437416077, 'NPV': 0.9223620891571045, 'loss': 0.18269553780555725}
Test (Time: 0:00:03)
Averaged stats: {'accuracy': 0.5152027010917664, 'precision': 0.5122615694999695, 'recall': 0.6351351141929626, 'F2': 0.6060605645179749, 'specificity': 0.3952702581882477, 'NPV': 0.5199999809265137, 'loss': 1.8734183311462402}
Epoch: [101], (Time: 0:00:23)
Averaged stats: {'accuracy': 0.9208879470825195, 'precision': 0.9209601879119873, 'recall': 0.9233930110931396, 'F2': 0.922905445098877, 'specificity': 0.9183055758476257, 'NPV': 0.9208130836486816, 'loss': 0.1903095841407776}
Test (Time: 0:00:03)
Averaged stats: {'accuracy': 0.5337837934494019, 'precision': 0.5241546034812927, 'recall': 0.7331081032752991, 'F2': 0.6789737343788147, 'specificity': 0.33445945382118225, 'NPV': 0.5561797618865967, 'loss': 1.8325453996658325}
Epoch: [102], (Time: 0:00:23)
Averaged stats: {'accuracy': 0.9283373355865479, 'precision': 0.9313089847564697, 'recall': 0.927208662033081, 'F2': 0.9280256628990173, 'specificity': 0.9295007586479187, 'NPV': 0.925301194190979, 'loss': 0.17310987412929535}
Test (Time: 0:00:03)
Averaged stats: {'accuracy': 0.5270270109176636, 'precision': 0.5213903784751892, 'recall': 0.6587837934494019, 'F2': 0.6258023381233215, 'specificity': 0.3952702581882477, 'NPV': 0.536697268486023, 'loss': 1.9606220722198486}
Epoch: [103], (Time: 0:00:22)
Averaged stats: {'accuracy': 0.93072110414505, 'precision': 0.9336674809455872, 'recall': 0.9295567870140076, 'F2': 0.9303760528564453, 'specificity': 0.9319213032722473, 'NPV': 0.9277108311653137, 'loss': 0.17426885664463043}
Test (Time: 0:00:03)
Averaged stats: {'accuracy': 0.5202702879905701, 'precision': 0.5150753855705261, 'recall': 0.6925675868988037, 'F2': 0.6479140520095825, 'specificity': 0.34797295928001404, 'NPV': 0.530927836894989, 'loss': 1.9244264364242554}
Epoch: [104], (Time: 0:00:23)
Averaged stats: {'accuracy': 0.9305720925331116, 'precision': 0.9331369400024414, 'recall': 0.9298502802848816, 'F2': 0.9305058121681213, 'specificity': 0.9313161969184875, 'NPV': 0.927946925163269, 'loss': 0.1687791794538498}
Test (Time: 0:00:03)
Averaged stats: {'accuracy': 0.5320945978164673, 'precision': 0.5266106724739075, 'recall': 0.6351351141929626, 'F2': 0.6099934577941895, 'specificity': 0.42905405163764954, 'NPV': 0.5404255390167236, 'loss': 1.9235602617263794}
Epoch: [105], (Time: 0:00:23)
Averaged stats: {'accuracy': 0.93072110414505, 'precision': 0.9346926808357239, 'recall': 0.9283827543258667, 'F2': 0.9296379089355469, 'specificity': 0.9331316351890564, 'NPV': 0.926682710647583, 'loss': 0.16978870332241058}
Test (Time: 0:00:03)
Averaged stats: {'accuracy': 0.5557432174682617, 'precision': 0.5457063913345337, 'recall': 0.6655405163764954, 'F2': 0.6375404000282288, 'specificity': 0.44594594836235046, 'NPV': 0.5714285969734192, 'loss': 1.81658136844635}
Epoch: [106], (Time: 0:00:22)
Averaged stats: {'accuracy': 0.9264004826545715, 'precision': 0.926750659942627, 'recall': 0.9283827543258667, 'F2': 0.9280558228492737, 'specificity': 0.9243570566177368, 'NPV': 0.9260382056236267, 'loss': 0.18219096958637238}
Test (Time: 0:00:03)
Averaged stats: {'accuracy': 0.5354729890823364, 'precision': 0.525798499584198, 'recall': 0.7229729890823364, 'F2': 0.6725329756736755, 'specificity': 0.34797295928001404, 'NPV': 0.5567567348480225, 'loss': 1.8974072933197021}
Epoch: [107], (Time: 0:00:22)
Averaged stats: {'accuracy': 0.9317640066146851, 'precision': 0.9317715764045715, 'recall': 0.9339594841003418, 'F2': 0.933521032333374, 'specificity': 0.9295007586479187, 'NPV': 0.9317561388015747, 'loss': 0.17167434096336365}
Test (Time: 0:00:03)
Averaged stats: {'accuracy': 0.5354729890823364, 'precision': 0.5274151563644409, 'recall': 0.6824324131011963, 'F2': 0.6445437669754028, 'specificity': 0.3885135054588318, 'NPV': 0.5502392053604126, 'loss': 1.7892420291900635}
Epoch: [108], (Time: 0:00:22)
Averaged stats: {'accuracy': 0.9331048727035522, 'precision': 0.9367985725402832, 'recall': 0.9310243725776672, 'F2': 0.9321734309196472, 'specificity': 0.9352496266365051, 'NPV': 0.9293445348739624, 'loss': 0.1654541790485382}
Test (Time: 0:00:03)
Averaged stats: {'accuracy': 0.5405405163764954, 'precision': 0.5304568409919739, 'recall': 0.7060810923576355, 'F2': 0.6622306108474731, 'specificity': 0.375, 'NPV': 0.560606062412262, 'loss': 1.7861069440841675}
Epoch: [109], (Time: 0:00:23)
Averaged stats: {'accuracy': 0.9348927140235901, 'precision': 0.9352285861968994, 'recall': 0.9366011023521423, 'F2': 0.936326265335083, 'specificity': 0.9331316351890564, 'NPV': 0.9345454573631287, 'loss': 0.1641092598438263}
Test (Time: 0:00:03)
Averaged stats: {'accuracy': 0.5439189076423645, 'precision': 0.5298165082931519, 'recall': 0.7804054021835327, 'F2': 0.7129629850387573, 'specificity': 0.3074324429035187, 'NPV': 0.5833333134651184, 'loss': 2.0501012802124023}
Epoch: [110], (Time: 0:00:22)
Averaged stats: {'accuracy': 0.9329559206962585, 'precision': 0.9342144131660461, 'recall': 0.9336659908294678, 'F2': 0.9337755441665649, 'specificity': 0.932223916053772, 'NPV': 0.9316601157188416, 'loss': 0.1625203639268875}
Test (Time: 0:00:03)
Averaged stats: {'accuracy': 0.5287162065505981, 'precision': 0.5197215676307678, 'recall': 0.7567567825317383, 'F2': 0.6934984922409058, 'specificity': 0.3006756901741028, 'NPV': 0.5527950525283813, 'loss': 1.9401564598083496}
Epoch: [111], (Time: 0:00:23)
Averaged stats: {'accuracy': 0.9429380297660828, 'precision': 0.9439224600791931, 'recall': 0.9436454176902771, 'F2': 0.9437008500099182, 'specificity': 0.9422087669372559, 'NPV': 0.9419237971305847, 'loss': 0.145234152674675}
Test (Time: 0:00:03)
Averaged stats: {'accuracy': 0.5388513803482056, 'precision': 0.5288220643997192, 'recall': 0.712837815284729, 'F2': 0.6664561033248901, 'specificity': 0.36486485600471497, 'NPV': 0.5595855116844177, 'loss': 2.010152816772461}
Epoch: [112], (Time: 0:00:22)
Averaged stats: {'accuracy': 0.9401072859764099, 'precision': 0.9423020482063293, 'recall': 0.9395362734794617, 'F2': 0.9400880932807922, 'specificity': 0.9406959414482117, 'NPV': 0.9378582239151001, 'loss': 0.15596652030944824}
Test (Time: 0:00:03)
Averaged stats: {'accuracy': 0.5287162065505981, 'precision': 0.523676872253418, 'recall': 0.6351351141929626, 'F2': 0.6092028617858887, 'specificity': 0.42229729890823364, 'NPV': 0.5364806652069092, 'loss': 2.222360610961914}
Epoch: [113], (Time: 0:00:22)
Averaged stats: {'accuracy': 0.9308700561523438, 'precision': 0.9334315061569214, 'recall': 0.9301438331604004, 'F2': 0.9307995438575745, 'specificity': 0.9316187500953674, 'NPV': 0.928248405456543, 'loss': 0.1682226061820984}
Test (Time: 0:00:03)
Averaged stats: {'accuracy': 0.5354729890823364, 'precision': 0.5315315127372742, 'recall': 0.5979729890823364, 'F2': 0.5833882689476013, 'specificity': 0.47297295928001404, 'NPV': 0.5405405163764954, 'loss': 2.0663001537323}
Epoch: [114], (Time: 0:00:22)
Averaged stats: {'accuracy': 0.9360846281051636, 'precision': 0.93487149477005, 'recall': 0.9395362734794617, 'F2': 0.9385995864868164, 'specificity': 0.9325264692306519, 'NPV': 0.937347948551178, 'loss': 0.1591612696647644}
Test (Time: 0:00:03)
Averaged stats: {'accuracy': 0.5388513803482056, 'precision': 0.5291139483451843, 'recall': 0.7060810923576355, 'F2': 0.6618112921714783, 'specificity': 0.37162160873413086, 'NPV': 0.5583756566047668, 'loss': 2.136930465698242}
Epoch: [115], (Time: 0:00:22)
Averaged stats: {'accuracy': 0.9415971636772156, 'precision': 0.9445591568946838, 'recall': 0.9401232600212097, 'F2': 0.9410071969032288, 'specificity': 0.9431164860725403, 'NPV': 0.9385727047920227, 'loss': 0.1440267264842987}
Test (Time: 0:00:03)
Averaged stats: {'accuracy': 0.5287162065505981, 'precision': 0.5206812620162964, 'recall': 0.7229729890823364, 'F2': 0.6708464622497559, 'specificity': 0.33445945382118225, 'NPV': 0.5469613075256348, 'loss': 2.1533267498016357}
Epoch: [116], (Time: 0:00:22)
Averaged stats: {'accuracy': 0.9432359933853149, 'precision': 0.9439554214477539, 'recall': 0.9442324638366699, 'F2': 0.9441770315170288, 'specificity': 0.9422087669372559, 'NPV': 0.9424939751625061, 'loss': 0.14511346817016602}
Test (Time: 0:00:03)
Averaged stats: {'accuracy': 0.5320945978164673, 'precision': 0.5244215726852417, 'recall': 0.6891891956329346, 'F2': 0.6484425067901611, 'specificity': 0.375, 'NPV': 0.546798050403595, 'loss': 2.0690412521362305}
Epoch: [117], (Time: 0:00:22)
Averaged stats: {'accuracy': 0.9427890181541443, 'precision': 0.9433851838111877, 'recall': 0.9439389705657959, 'F2': 0.9438281655311584, 'specificity': 0.9416036605834961, 'NPV': 0.9421737790107727, 'loss': 0.1466461718082428}
Test (Time: 0:00:03)
Averaged stats: {'accuracy': 0.5135135054588318, 'precision': 0.5114942789077759, 'recall': 0.6013513803482056, 'F2': 0.5809399485588074, 'specificity': 0.4256756901741028, 'NPV': 0.5163934230804443, 'loss': 2.024644613265991}
Epoch: [118], (Time: 0:00:22)
Averaged stats: {'accuracy': 0.9390643835067749, 'precision': 0.9406231641769409, 'recall': 0.9392427206039429, 'F2': 0.9395185112953186, 'specificity': 0.9388805031776428, 'NPV': 0.9374622106552124, 'loss': 0.1527818888425827}
Test (Time: 0:00:03)
Averaged stats: {'accuracy': 0.5540540814399719, 'precision': 0.5432432293891907, 'recall': 0.6790540814399719, 'F2': 0.6467181444168091, 'specificity': 0.42905405163764954, 'NPV': 0.5720720887184143, 'loss': 1.9895594120025635}
Epoch: [119], (Time: 0:00:22)
Averaged stats: {'accuracy': 0.9414481520652771, 'precision': 0.9432352781295776, 'recall': 0.9412973523139954, 'F2': 0.9416842460632324, 'specificity': 0.9416036605834961, 'NPV': 0.9396135210990906, 'loss': 0.148478701710701}
Test (Time: 0:00:03)
Averaged stats: {'accuracy': 0.5354729890823364, 'precision': 0.5277044773101807, 'recall': 0.6756756901741028, 'F2': 0.6397953033447266, 'specificity': 0.3952702581882477, 'NPV': 0.5492957830429077, 'loss': 1.9876620769500732}
Epoch: [120], (Time: 0:00:22)
Averaged stats: {'accuracy': 0.9466626644134521, 'precision': 0.9474611282348633, 'recall': 0.9474611282348633, 'F2': 0.9474611282348633, 'specificity': 0.9458396434783936, 'NPV': 0.9458396434783936, 'loss': 0.13825421035289764}
Test (Time: 0:00:03)
Averaged stats: {'accuracy': 0.5337837934494019, 'precision': 0.5265957713127136, 'recall': 0.6689189076423645, 'F2': 0.634615421295166, 'specificity': 0.3986486494541168, 'NPV': 0.5462962985038757, 'loss': 2.126600742340088}
Epoch: [121], (Time: 0:00:23)
Averaged stats: {'accuracy': 0.9445768594741821, 'precision': 0.9472443461418152, 'recall': 0.9433519244194031, 'F2': 0.9441278576850891, 'specificity': 0.9458396434783936, 'NPV': 0.941849946975708, 'loss': 0.1396743357181549}
Test (Time: 0:00:03)
Averaged stats: {'accuracy': 0.5472972989082336, 'precision': 0.5374331474304199, 'recall': 0.6790540814399719, 'F2': 0.6450577974319458, 'specificity': 0.41554054617881775, 'NPV': 0.5642201900482178, 'loss': 1.9838385581970215}
Epoch: [122], (Time: 0:00:22)
Averaged stats: {'accuracy': 0.9499403834342957, 'precision': 0.9491079449653625, 'recall': 0.9524508118629456, 'F2': 0.9517803192138672, 'specificity': 0.9473524689674377, 'NPV': 0.9508047103881836, 'loss': 0.1356954425573349}
Test (Time: 0:00:03)
Averaged stats: {'accuracy': 0.5168918967247009, 'precision': 0.5128205418586731, 'recall': 0.6756756901741028, 'F2': 0.6353240609169006, 'specificity': 0.3581081032752991, 'NPV': 0.5247524976730347, 'loss': 2.140526533126831}
Epoch: [123], (Time: 0:00:22)
Averaged stats: {'accuracy': 0.9445768594741821, 'precision': 0.9472443461418152, 'recall': 0.9433519244194031, 'F2': 0.9441278576850891, 'specificity': 0.9458396434783936, 'NPV': 0.941849946975708, 'loss': 0.14130675792694092}
Test (Time: 0:00:03)
Averaged stats: {'accuracy': 0.537162184715271, 'precision': 0.5302197933197021, 'recall': 0.6520270109176636, 'F2': 0.623384952545166, 'specificity': 0.42229729890823364, 'NPV': 0.5482456088066101, 'loss': 2.0195841789245605}
Epoch: [124], (Time: 0:00:23)
Averaged stats: {'accuracy': 0.9438319206237793, 'precision': 0.945588231086731, 'recall': 0.9436454176902771, 'F2': 0.9440332651138306, 'specificity': 0.9440242052078247, 'NPV': 0.9420289993286133, 'loss': 0.1440507024526596}
Test (Time: 0:00:03)
Averaged stats: {'accuracy': 0.5304054021835327, 'precision': 0.5271084308624268, 'recall': 0.5912162065505981, 'F2': 0.5771768093109131, 'specificity': 0.4695945978164673, 'NPV': 0.5346153974533081, 'loss': 1.8902959823608398}
Epoch: [125], (Time: 0:00:23)
Averaged stats: {'accuracy': 0.9433850049972534, 'precision': 0.9479135870933533, 'recall': 0.9401232600212097, 'F2': 0.9416710734367371, 'specificity': 0.946747362613678, 'NPV': 0.9387938976287842, 'loss': 0.14402586221694946}
Test (Time: 0:00:03)
Averaged stats: {'accuracy': 0.5304054021835327, 'precision': 0.5229591727256775, 'recall': 0.6925675868988037, 'F2': 0.6503807306289673, 'specificity': 0.3682432472705841, 'NPV': 0.5450000166893005, 'loss': 2.021712064743042}
Epoch: [126], (Time: 0:00:22)
Averaged stats: {'accuracy': 0.9435339570045471, 'precision': 0.9424313306808472, 'recall': 0.9465805888175964, 'F2': 0.9457479119300842, 'specificity': 0.940393328666687, 'NPV': 0.9446808695793152, 'loss': 0.1414657086133957}
Test (Time: 0:00:03)
Averaged stats: {'accuracy': 0.5354729890823364, 'precision': 0.5277044773101807, 'recall': 0.6756756901741028, 'F2': 0.6397953033447266, 'specificity': 0.3952702581882477, 'NPV': 0.5492957830429077, 'loss': 2.0260536670684814}
Epoch: [127], (Time: 0:00:23)
Averaged stats: {'accuracy': 0.9496424198150635, 'precision': 0.950660765171051, 'recall': 0.9501027464866638, 'F2': 0.9502143263816833, 'specificity': 0.9491679072380066, 'NPV': 0.9485939145088196, 'loss': 0.13083942234516144}
Test (Time: 0:00:03)
Averaged stats: {'accuracy': 0.5219594836235046, 'precision': 0.5187320113182068, 'recall': 0.6081081032752991, 'F2': 0.5878511071205139, 'specificity': 0.43581080436706543, 'NPV': 0.5265306234359741, 'loss': 2.011458158493042}
Epoch: [128], (Time: 0:00:22)
Averaged stats: {'accuracy': 0.949791431427002, 'precision': 0.9501466155052185, 'recall': 0.9509832859039307, 'F2': 0.9508157968521118, 'specificity': 0.9485628008842468, 'NPV': 0.9494245648384094, 'loss': 0.12857425212860107}
Test (Time: 0:00:03)
Averaged stats: {'accuracy': 0.5236486196517944, 'precision': 0.5195530652999878, 'recall': 0.6283783912658691, 'F2': 0.6031128764152527, 'specificity': 0.4189189076423645, 'NPV': 0.5299145579338074, 'loss': 2.3568389415740967}
Epoch: [129], (Time: 0:00:23)
Averaged stats: {'accuracy': 0.9475566148757935, 'precision': 0.9509890675544739, 'recall': 0.9454064965248108, 'F2': 0.9465177059173584, 'specificity': 0.9497730731964111, 'NPV': 0.9440601468086243, 'loss': 0.13729868829250336}
Test (Time: 0:00:03)
Averaged stats: {'accuracy': 0.525337815284729, 'precision': 0.518610417842865, 'recall': 0.7060810923576355, 'F2': 0.6584751009941101, 'specificity': 0.3445945978164673, 'NPV': 0.5396825671195984, 'loss': 2.102764129638672}
Epoch: [130], (Time: 0:00:22)
Averaged stats: {'accuracy': 0.9488974809646606, 'precision': 0.9521842002868652, 'recall': 0.9468740820884705, 'F2': 0.9479313492774963, 'specificity': 0.9509833455085754, 'NPV': 0.9455475211143494, 'loss': 0.1251840889453888}
Test (Time: 0:00:03)
Averaged stats: {'accuracy': 0.5219594836235046, 'precision': 0.5167958736419678, 'recall': 0.6756756901741028, 'F2': 0.6365373134613037, 'specificity': 0.3682432472705841, 'NPV': 0.5317073464393616, 'loss': 2.284151315689087}
Epoch: [131], (Time: 0:00:22)
Averaged stats: {'accuracy': 0.9481525421142578, 'precision': 0.9484022259712219, 'recall': 0.949515700340271, 'F2': 0.9492928385734558, 'specificity': 0.946747362613678, 'NPV': 0.9478945732116699, 'loss': 0.12896132469177246}
Test (Time: 0:00:03)
Averaged stats: {'accuracy': 0.5287162065505981, 'precision': 0.5215190052986145, 'recall': 0.6959459185600281, 'F2': 0.6523115634918213, 'specificity': 0.3614864945411682, 'NPV': 0.5431472063064575, 'loss': 2.2194831371307373}
Epoch: [132], (Time: 0:00:22)
Averaged stats: {'accuracy': 0.9488974809646606, 'precision': 0.9505882263183594, 'recall': 0.9486351609230042, 'F2': 0.9490251541137695, 'specificity': 0.9491679072380066, 'NPV': 0.947161853313446, 'loss': 0.12911732494831085}
Test (Time: 0:00:03)
Averaged stats: {'accuracy': 0.5152027010917664, 'precision': 0.5124653577804565, 'recall': 0.625, 'F2': 0.598705530166626, 'specificity': 0.4054054021835327, 'NPV': 0.5194805264472961, 'loss': 2.182452440261841}
Epoch: [133], (Time: 0:00:22)
Averaged stats: {'accuracy': 0.9502384066581726, 'precision': 0.9528440833091736, 'recall': 0.9489286541938782, 'F2': 0.9497091174125671, 'specificity': 0.95158851146698, 'NPV': 0.9475745558738708, 'loss': 0.1256338208913803}
Test (Time: 0:00:03)
Averaged stats: {'accuracy': 0.5320945978164673, 'precision': 0.524547815322876, 'recall': 0.6858108043670654, 'F2': 0.6460853219032288, 'specificity': 0.37837839126586914, 'NPV': 0.5463414788246155, 'loss': 2.1293697357177734}
Epoch: [134], (Time: 0:00:22)
Averaged stats: {'accuracy': 0.9506853222846985, 'precision': 0.9518213868141174, 'recall': 0.9509832859039307, 'F2': 0.9511507749557495, 'specificity': 0.9503782391548157, 'NPV': 0.9495162963867188, 'loss': 0.1281590759754181}
Test (Time: 0:00:03)
Averaged stats: {'accuracy': 0.5270270109176636, 'precision': 0.5225988626480103, 'recall': 0.625, 'F2': 0.6014304161071777, 'specificity': 0.42905405163764954, 'NPV': 0.5336134433746338, 'loss': 2.031134843826294}
Epoch: [135], (Time: 0:00:23)
Averaged stats: {'accuracy': 0.9515792727470398, 'precision': 0.9569988250732422, 'recall': 0.9471675753593445, 'F2': 0.9491176605224609, 'specificity': 0.9561271071434021, 'NPV': 0.946107804775238, 'loss': 0.12271463871002197}
Test (Time: 0:00:03)
Averaged stats: {'accuracy': 0.537162184715271, 'precision': 0.5266990065574646, 'recall': 0.7331081032752991, 'F2': 0.6798245906829834, 'specificity': 0.34121620655059814, 'NPV': 0.5611110925674438, 'loss': 2.0763161182403564}
Epoch: [136], (Time: 0:00:22)
Averaged stats: {'accuracy': 0.9545590281486511, 'precision': 0.9553728699684143, 'recall': 0.9550924301147461, 'F2': 0.9551485180854797, 'specificity': 0.9540090560913086, 'NPV': 0.9537205100059509, 'loss': 0.12200820446014404}
Test (Time: 0:00:03)
Averaged stats: {'accuracy': 0.5337837934494019, 'precision': 0.5228310227394104, 'recall': 0.7736486196517944, 'F2': 0.705918550491333, 'specificity': 0.2939189076423645, 'NPV': 0.5649350881576538, 'loss': 2.3391966819763184}
Epoch: [137], (Time: 0:00:23)
Averaged stats: {'accuracy': 0.9557508826255798, 'precision': 0.958161473274231, 'recall': 0.954505443572998, 'F2': 0.9552344083786011, 'specificity': 0.9570347666740417, 'NPV': 0.9532850980758667, 'loss': 0.11798597127199173}
Test (Time: 0:00:03)
Averaged stats: {'accuracy': 0.5405405163764954, 'precision': 0.5279069542884827, 'recall': 0.7668918967247009, 'F2': 0.7032217979431152, 'specificity': 0.31418919563293457, 'NPV': 0.5740740895271301, 'loss': 2.270298957824707}
Epoch: [138], (Time: 0:00:22)
Averaged stats: {'accuracy': 0.9538140892982483, 'precision': 0.9561119079589844, 'recall': 0.9527443647384644, 'F2': 0.9534159898757935, 'specificity': 0.954916775226593, 'NPV': 0.9514621496200562, 'loss': 0.11833073198795319}
Test (Time: 0:00:03)
Averaged stats: {'accuracy': 0.5320945978164673, 'precision': 0.5281898975372314, 'recall': 0.6013513803482056, 'F2': 0.5851413607597351, 'specificity': 0.4628378450870514, 'NPV': 0.5372549295425415, 'loss': 2.281615734100342}
Epoch: [139], (Time: 0:00:23)
Averaged stats: {'accuracy': 0.9538140892982483, 'precision': 0.9569194316864014, 'recall': 0.9518638253211975, 'F2': 0.9528707265853882, 'specificity': 0.9558244943618774, 'NPV': 0.9506469964981079, 'loss': 0.12459319084882736}
Test (Time: 0:00:03)
Averaged stats: {'accuracy': 0.5135135054588318, 'precision': 0.5104712247848511, 'recall': 0.6587837934494019, 'F2': 0.6226053833961487, 'specificity': 0.3682432472705841, 'NPV': 0.5190476179122925, 'loss': 2.3279709815979004}
Epoch: [140], (Time: 0:00:22)
Averaged stats: {'accuracy': 0.9569427967071533, 'precision': 0.9593400359153748, 'recall': 0.9556794762611389, 'F2': 0.9564093351364136, 'specificity': 0.9582450985908508, 'NPV': 0.9544906616210938, 'loss': 0.1148947924375534}
Test (Time: 0:00:03)
Averaged stats: {'accuracy': 0.5270270109176636, 'precision': 0.5213903784751892, 'recall': 0.6587837934494019, 'F2': 0.6258023381233215, 'specificity': 0.3952702581882477, 'NPV': 0.536697268486023, 'loss': 2.311244249343872}
Epoch: [141], (Time: 0:00:22)
Averaged stats: {'accuracy': 0.9514302611351013, 'precision': 0.9534883499145508, 'recall': 0.9506897330284119, 'F2': 0.9512481093406677, 'specificity': 0.9521936178207397, 'NPV': 0.9493212699890137, 'loss': 0.12100700289011002}
Test (Time: 0:00:03)
Averaged stats: {'accuracy': 0.5168918967247009, 'precision': 0.5132978558540344, 'recall': 0.6520270109176636, 'F2': 0.6185897588729858, 'specificity': 0.3817567527294159, 'NPV': 0.5231481194496155, 'loss': 2.1778743267059326}
Epoch: [142], (Time: 0:00:22)
Averaged stats: {'accuracy': 0.9506853222846985, 'precision': 0.9518213868141174, 'recall': 0.9509832859039307, 'F2': 0.9511507749557495, 'specificity': 0.9503782391548157, 'NPV': 0.9495162963867188, 'loss': 0.11911849677562714}
Test (Time: 0:00:03)
Averaged stats: {'accuracy': 0.5422297120094299, 'precision': 0.5340599417686462, 'recall': 0.662162184715271, 'F2': 0.6318504810333252, 'specificity': 0.42229729890823364, 'NPV': 0.5555555820465088, 'loss': 2.211564302444458}
Epoch: [143], (Time: 0:00:23)
Averaged stats: {'accuracy': 0.9533671140670776, 'precision': 0.9552677869796753, 'recall': 0.9527443647384644, 'F2': 0.9532479643821716, 'specificity': 0.9540090560913086, 'NPV': 0.9514182209968567, 'loss': 0.11634396016597748}
Test (Time: 0:00:03)
Averaged stats: {'accuracy': 0.5388513803482056, 'precision': 0.5300261378288269, 'recall': 0.6858108043670654, 'F2': 0.647734522819519, 'specificity': 0.3918918967247009, 'NPV': 0.5550239086151123, 'loss': 2.2807729244232178}
Epoch: [144], (Time: 0:00:22)
Averaged stats: {'accuracy': 0.9600715041160583, 'precision': 0.9603989720344543, 'recall': 0.96096271276474, 'F2': 0.9608498811721802, 'specificity': 0.9591528177261353, 'NPV': 0.9597335457801819, 'loss': 0.10799377411603928}
Test (Time: 0:00:03)
Averaged stats: {'accuracy': 0.5354729890823364, 'precision': 0.5300859808921814, 'recall': 0.625, 'F2': 0.6033920645713806, 'specificity': 0.44594594836235046, 'NPV': 0.5432098507881165, 'loss': 2.0926599502563477}
Epoch: [145], (Time: 0:00:23)
Averaged stats: {'accuracy': 0.9567937850952148, 'precision': 0.9582476019859314, 'recall': 0.9565600156784058, 'F2': 0.9568970203399658, 'specificity': 0.9570347666740417, 'NPV': 0.955300509929657, 'loss': 0.11053185164928436}
Test (Time: 0:00:03)
Averaged stats: {'accuracy': 0.5304054021835327, 'precision': 0.5224999785423279, 'recall': 0.7060810923576355, 'F2': 0.6597222089767456, 'specificity': 0.3547297418117523, 'NPV': 0.546875, 'loss': 2.2897346019744873}
Epoch: [146], (Time: 0:00:23)
Averaged stats: {'accuracy': 0.9520262479782104, 'precision': 0.9527443647384644, 'recall': 0.9527443647384644, 'F2': 0.9527443051338196, 'specificity': 0.9512859582901001, 'NPV': 0.9512859582901001, 'loss': 0.11865944415330887}
Test (Time: 0:00:03)
Averaged stats: {'accuracy': 0.5456081032752991, 'precision': 0.5350649356842041, 'recall': 0.6959459185600281, 'F2': 0.6564690470695496, 'specificity': 0.3952702581882477, 'NPV': 0.5652173757553101, 'loss': 2.258866786956787}
Epoch: [147], (Time: 0:00:22)
Averaged stats: {'accuracy': 0.957389771938324, 'precision': 0.9585659503936768, 'recall': 0.9574405550956726, 'F2': 0.9576654434204102, 'specificity': 0.9573373794555664, 'NPV': 0.9561800956726074, 'loss': 0.11552690714597702}
Test (Time: 0:00:03)
Averaged stats: {'accuracy': 0.5388513803482056, 'precision': 0.5295630097389221, 'recall': 0.6959459185600281, 'F2': 0.6547996997833252, 'specificity': 0.3817567527294159, 'NPV': 0.5566502213478088, 'loss': 2.2577879428863525}
Epoch: [148], (Time: 0:00:22)
Averaged stats: {'accuracy': 0.956346869468689, 'precision': 0.9557962417602539, 'recall': 0.9583210945129395, 'F2': 0.9578151106834412, 'specificity': 0.9543116688728333, 'NPV': 0.9569174647331238, 'loss': 0.11108613014221191}
Test (Time: 0:00:03)
Averaged stats: {'accuracy': 0.5236486196517944, 'precision': 0.5208333134651184, 'recall': 0.5912162065505981, 'F2': 0.575657844543457, 'specificity': 0.4560810923576355, 'NPV': 0.52734375, 'loss': 2.293896436691284}
Epoch: [149], (Time: 0:00:23)
Averaged stats: {'accuracy': 0.9582836627960205, 'precision': 0.9602590799331665, 'recall': 0.9574405550956726, 'F2': 0.9580029249191284, 'specificity': 0.9591528177261353, 'NPV': 0.9562594294548035, 'loss': 0.1098184660077095}
Test (Time: 0:00:03)
Averaged stats: {'accuracy': 0.5354729890823364, 'precision': 0.5306122303009033, 'recall': 0.6148648858070374, 'F2': 0.5959397554397583, 'specificity': 0.4560810923576355, 'NPV': 0.5421686768531799, 'loss': 2.2521209716796875}
Epoch: [150], (Time: 0:00:22)
Averaged stats: {'accuracy': 0.9575387239456177, 'precision': 0.96074378490448, 'recall': 0.9553859829902649, 'F2': 0.9564527869224548, 'specificity': 0.959757924079895, 'NPV': 0.9542719721794128, 'loss': 0.10917496681213379}
Test (Time: 0:00:03)
Averaged stats: {'accuracy': 0.5202702879905701, 'precision': 0.5160427689552307, 'recall': 0.6520270109176636, 'F2': 0.6193838119506836, 'specificity': 0.3885135054588318, 'NPV': 0.5275229215621948, 'loss': 2.3670613765716553}
Epoch: [151], (Time: 0:00:23)
Averaged stats: {'accuracy': 0.9535160660743713, 'precision': 0.9555490016937256, 'recall': 0.9527443647384644, 'F2': 0.9533040523529053, 'specificity': 0.9543116688728333, 'NPV': 0.9514328837394714, 'loss': 0.12142868340015411}
Test (Time: 0:00:03)
Averaged stats: {'accuracy': 0.5337837934494019, 'precision': 0.5245097875595093, 'recall': 0.7229729890823364, 'F2': 0.6721106171607971, 'specificity': 0.3445945978164673, 'NPV': 0.554347813129425, 'loss': 2.234607458114624}
Epoch: [152], (Time: 0:00:23)
Averaged stats: {'accuracy': 0.957389771938324, 'precision': 0.9596465229988098, 'recall': 0.9562665224075317, 'F2': 0.9569406509399414, 'specificity': 0.9585476517677307, 'NPV': 0.9550799131393433, 'loss': 0.10865608602762222}
Test (Time: 0:00:03)
Averaged stats: {'accuracy': 0.5168918967247009, 'precision': 0.516339898109436, 'recall': 0.5337837934494019, 'F2': 0.5302013158798218, 'specificity': 0.5, 'NPV': 0.5174825191497803, 'loss': 2.3296430110931396}
Epoch: [153], (Time: 0:00:22)
Averaged stats: {'accuracy': 0.9642431735992432, 'precision': 0.9653246998786926, 'recall': 0.9641913771629333, 'F2': 0.9644178152084351, 'specificity': 0.9642965197563171, 'NPV': 0.9631308317184448, 'loss': 0.09649526327848434}
Test (Time: 0:00:03)
Averaged stats: {'accuracy': 0.537162184715271, 'precision': 0.5295698642730713, 'recall': 0.6655405163764954, 'F2': 0.6330333948135376, 'specificity': 0.40878379344940186, 'NPV': 0.550000011920929, 'loss': 2.303990125656128}
Epoch: [154], (Time: 0:00:23)
Averaged stats: {'accuracy': 0.9588795900344849, 'precision': 0.9597650766372681, 'recall': 0.9592016339302063, 'F2': 0.959314227104187, 'specificity': 0.9585476517677307, 'NPV': 0.9579679369926453, 'loss': 0.10790632665157318}
Test (Time: 0:00:03)
Averaged stats: {'accuracy': 0.5337837934494019, 'precision': 0.5240384340286255, 'recall': 0.7364864945411682, 'F2': 0.6812499761581421, 'specificity': 0.3310810923576355, 'NPV': 0.5568181872367859, 'loss': 2.4890971183776855}
Epoch: [155], (Time: 0:00:22)
Averaged stats: {'accuracy': 0.9643921256065369, 'precision': 0.9647887349128723, 'recall': 0.9650719165802002, 'F2': 0.9650152921676636, 'specificity': 0.9636913537979126, 'NPV': 0.9639830589294434, 'loss': 0.09822840988636017}
Test (Time: 0:00:03)
Averaged stats: {'accuracy': 0.5354729890823364, 'precision': 0.5265823006629944, 'recall': 0.7027027010917664, 'F2': 0.6586447358131409, 'specificity': 0.3682432472705841, 'NPV': 0.5532994866371155, 'loss': 2.451667308807373}
Epoch: [156], (Time: 0:00:22)
Averaged stats: {'accuracy': 0.9599225521087646, 'precision': 0.9609283208847046, 'recall': 0.9600821733474731, 'F2': 0.9602512717247009, 'specificity': 0.959757924079895, 'NPV': 0.95888751745224, 'loss': 0.10279511660337448}
Test (Time: 0:00:03)
Averaged stats: {'accuracy': 0.5405405163764954, 'precision': 0.5307692289352417, 'recall': 0.6993243098258972, 'F2': 0.6575603485107422, 'specificity': 0.3817567527294159, 'NPV': 0.5594059228897095, 'loss': 2.3166072368621826}
Epoch: [157], (Time: 0:00:23)
Averaged stats: {'accuracy': 0.9564958214759827, 'precision': 0.9584928154945374, 'recall': 0.9556794762611389, 'F2': 0.9562407732009888, 'specificity': 0.9573373794555664, 'NPV': 0.954449474811554, 'loss': 0.11471566557884216}
Test (Time: 0:00:03)
Averaged stats: {'accuracy': 0.5270270109176636, 'precision': 0.5231214165687561, 'recall': 0.6114864945411682, 'F2': 0.5915032625198364, 'specificity': 0.4425675570964813, 'NPV': 0.5325203537940979, 'loss': 2.2732114791870117}
Epoch: [158], (Time: 0:00:23)
Averaged stats: {'accuracy': 0.960518479347229, 'precision': 0.9623307585716248, 'recall': 0.9597886800765991, 'F2': 0.9602960348129272, 'specificity': 0.961270809173584, 'NPV': 0.9586602449417114, 'loss': 0.09799156337976456}
Test (Time: 0:00:03)
Averaged stats: {'accuracy': 0.5337837934494019, 'precision': 0.5280898809432983, 'recall': 0.6351351141929626, 'F2': 0.6103896498680115, 'specificity': 0.4324324429035187, 'NPV': 0.5423728823661804, 'loss': 2.3819961547851562}
Epoch: [159], (Time: 0:00:22)
Averaged stats: {'accuracy': 0.9597735404968262, 'precision': 0.9614592790603638, 'recall': 0.9592016339302063, 'F2': 0.9596522450447083, 'specificity': 0.9603630900382996, 'NPV': 0.9580440521240234, 'loss': 0.10137520730495453}
Test (Time: 0:00:03)
Averaged stats: {'accuracy': 0.5118243098258972, 'precision': 0.5084337592124939, 'recall': 0.712837815284729, 'F2': 0.6597873568534851, 'specificity': 0.31081080436706543, 'NPV': 0.5197740197181702, 'loss': 2.6445329189300537}
Epoch: [160], (Time: 0:00:23)
Averaged stats: {'accuracy': 0.9642431735992432, 'precision': 0.9650514125823975, 'recall': 0.9644848704338074, 'F2': 0.9645982384681702, 'specificity': 0.9639939665794373, 'NPV': 0.9634109735488892, 'loss': 0.10229885578155518}
Test (Time: 0:00:03)
Averaged stats: {'accuracy': 0.5135135054588318, 'precision': 0.5111731886863708, 'recall': 0.6182432174682617, 'F2': 0.5933852195739746, 'specificity': 0.40878379344940186, 'NPV': 0.5170940160751343, 'loss': 2.40744686126709}
Epoch: [161], (Time: 0:00:22)
Averaged stats: {'accuracy': 0.964690089225769, 'precision': 0.9650821685791016, 'recall': 0.9653654098510742, 'F2': 0.9653087258338928, 'specificity': 0.9639939665794373, 'NPV': 0.9642857313156128, 'loss': 0.09234325587749481}
Test (Time: 0:00:03)
Averaged stats: {'accuracy': 0.525337815284729, 'precision': 0.5190839767456055, 'recall': 0.6891891956329346, 'F2': 0.6467977166175842, 'specificity': 0.3614864945411682, 'NPV': 0.5376884341239929, 'loss': 2.440157175064087}
Epoch: [162], (Time: 0:00:22)
Averaged stats: {'accuracy': 0.9572407603263855, 'precision': 0.9569420218467712, 'recall': 0.9589081406593323, 'F2': 0.9585141539573669, 'specificity': 0.9555219411849976, 'NPV': 0.957550048828125, 'loss': 0.1162065863609314}
Test (Time: 0:00:03)
Averaged stats: {'accuracy': 0.525337815284729, 'precision': 0.5204359889030457, 'recall': 0.6452702879905701, 'F2': 0.6157318353652954, 'specificity': 0.4054054021835327, 'NPV': 0.5333333611488342, 'loss': 2.2668678760528564}
Epoch: [163], (Time: 0:00:22)
Averaged stats: {'accuracy': 0.9612634181976318, 'precision': 0.9629302620887756, 'recall': 0.960669219493866, 'F2': 0.96112060546875, 'specificity': 0.9618759751319885, 'NPV': 0.9595533013343811, 'loss': 0.09969314187765121}
Test (Time: 0:00:03)
Averaged stats: {'accuracy': 0.5202702879905701, 'precision': 0.5157067775726318, 'recall': 0.6655405163764954, 'F2': 0.6289910674095154, 'specificity': 0.375, 'NPV': 0.5285714268684387, 'loss': 2.5702788829803467}
Epoch: [164], (Time: 0:00:22)
Averaged stats: {'accuracy': 0.9639451503753662, 'precision': 0.9639402031898499, 'recall': 0.9650719165802002, 'F2': 0.9648453593254089, 'specificity': 0.9627836346626282, 'NPV': 0.9639503359794617, 'loss': 0.09469325095415115}
Test (Time: 0:00:03)
Averaged stats: {'accuracy': 0.5304054021835327, 'precision': 0.5222772359848022, 'recall': 0.712837815284729, 'F2': 0.6643577218055725, 'specificity': 0.34797295928001404, 'NPV': 0.5478723645210266, 'loss': 2.732865571975708}
Epoch: [165], (Time: 0:00:22)
Averaged stats: {'accuracy': 0.9661799669265747, 'precision': 0.9657293558120728, 'recall': 0.9677135348320007, 'F2': 0.9673160314559937, 'specificity': 0.964599072933197, 'NPV': 0.9666464328765869, 'loss': 0.09998258948326111}
Test (Time: 0:00:03)
Averaged stats: {'accuracy': 0.5270270109176636, 'precision': 0.5182648301124573, 'recall': 0.7668918967247009, 'F2': 0.6997533440589905, 'specificity': 0.2871621549129486, 'NPV': 0.551948070526123, 'loss': 2.63852858543396}
Epoch: [166], (Time: 0:00:22)
Averaged stats: {'accuracy': 0.9634982347488403, 'precision': 0.9660966992378235, 'recall': 0.9618432521820068, 'F2': 0.9626908898353577, 'specificity': 0.9652042388916016, 'NPV': 0.9608433842658997, 'loss': 0.10007006675004959}
Test (Time: 0:00:03)
Averaged stats: {'accuracy': 0.5202702879905701, 'precision': 0.5142180323600769, 'recall': 0.7331081032752991, 'F2': 0.6755915880203247, 'specificity': 0.3074324429035187, 'NPV': 0.5352941155433655, 'loss': 2.5077667236328125}
Epoch: [167], (Time: 0:00:22)
Averaged stats: {'accuracy': 0.963647186756134, 'precision': 0.9636470079421997, 'recall': 0.9647784233093262, 'F2': 0.9645519256591797, 'specificity': 0.9624810814857483, 'NPV': 0.9636473655700684, 'loss': 0.09990288317203522}
Test (Time: 0:00:03)
Averaged stats: {'accuracy': 0.5152027010917664, 'precision': 0.5121293663978577, 'recall': 0.6418918967247009, 'F2': 0.610932469367981, 'specificity': 0.3885135054588318, 'NPV': 0.5203620195388794, 'loss': 2.3328540325164795}
Epoch: [168], (Time: 0:00:23)
Averaged stats: {'accuracy': 0.9678188562393188, 'precision': 0.9694027900695801, 'recall': 0.9671264886856079, 'F2': 0.9675809144973755, 'specificity': 0.9685325026512146, 'NPV': 0.9661937952041626, 'loss': 0.08936711400747299}
Test (Time: 0:00:03)
Averaged stats: {'accuracy': 0.5219594836235046, 'precision': 0.5167958736419678, 'recall': 0.6756756901741028, 'F2': 0.6365373134613037, 'specificity': 0.3682432472705841, 'NPV': 0.5317073464393616, 'loss': 2.466525077819824}
Epoch: [169], (Time: 0:00:22)
Averaged stats: {'accuracy': 0.9634982347488403, 'precision': 0.9639084339141846, 'recall': 0.9641913771629333, 'F2': 0.964134693145752, 'specificity': 0.9627836346626282, 'NPV': 0.9630750417709351, 'loss': 0.09782803058624268}
Test (Time: 0:00:03)
Averaged stats: {'accuracy': 0.537162184715271, 'precision': 0.5284973978996277, 'recall': 0.6891891956329346, 'F2': 0.649681568145752, 'specificity': 0.38513514399528503, 'NPV': 0.553398072719574, 'loss': 2.4560959339141846}
Epoch: [170], (Time: 0:00:23)
Averaged stats: {'accuracy': 0.9652860760688782, 'precision': 0.9648506045341492, 'recall': 0.9668329954147339, 'F2': 0.9664359092712402, 'specificity': 0.9636913537979126, 'NPV': 0.9657368063926697, 'loss': 0.09320591390132904}
Test (Time: 0:00:03)
Averaged stats: {'accuracy': 0.525337815284729, 'precision': 0.5198938846588135, 'recall': 0.662162184715271, 'F2': 0.6278026700019836, 'specificity': 0.3885135054588318, 'NPV': 0.5348837375640869, 'loss': 2.5491385459899902}
Epoch: [171], (Time: 0:00:22)
Averaged stats: {'accuracy': 0.9632002115249634, 'precision': 0.9641597867012024, 'recall': 0.9633108377456665, 'F2': 0.9634804129600525, 'specificity': 0.9630862474441528, 'NPV': 0.9622128009796143, 'loss': 0.09176968783140182}
Test (Time: 0:00:03)
Averaged stats: {'accuracy': 0.5354729890823364, 'precision': 0.529411792755127, 'recall': 0.6385135054588318, 'F2': 0.6132381558418274, 'specificity': 0.4324324429035187, 'NPV': 0.5446808338165283, 'loss': 2.321908950805664}
Epoch: [172], (Time: 0:00:22)
Averaged stats: {'accuracy': 0.9669249057769775, 'precision': 0.9671458005905151, 'recall': 0.9677135348320007, 'F2': 0.9676000475883484, 'specificity': 0.966111958026886, 'NPV': 0.9666969180107117, 'loss': 0.08334578573703766}
Test (Time: 0:00:03)
Averaged stats: {'accuracy': 0.5202702879905701, 'precision': 0.5157894492149353, 'recall': 0.662162184715271, 'F2': 0.6265985369682312, 'specificity': 0.37837839126586914, 'NPV': 0.5283018946647644, 'loss': 2.498471260070801}
Epoch: [173], (Time: 0:00:22)
Averaged stats: {'accuracy': 0.9633492231369019, 'precision': 0.9625402688980103, 'recall': 0.9653654098510742, 'F2': 0.9647989869117737, 'specificity': 0.961270809173584, 'NPV': 0.9641881585121155, 'loss': 0.1006707027554512}
Test (Time: 0:00:03)
Averaged stats: {'accuracy': 0.5304054021835327, 'precision': 0.5290322303771973, 'recall': 0.5540540814399719, 'F2': 0.5488621592521667, 'specificity': 0.5067567825317383, 'NPV': 0.5319148898124695, 'loss': 2.490957260131836}
Epoch: [174], (Time: 0:00:22)
Averaged stats: {'accuracy': 0.9654350280761719, 'precision': 0.9670491218566895, 'recall': 0.9647784233093262, 'F2': 0.9652317762374878, 'specificity': 0.966111958026886, 'NPV': 0.9637790322303772, 'loss': 0.0858859047293663}
Test (Time: 0:00:03)
Averaged stats: {'accuracy': 0.5202702879905701, 'precision': 0.5165745615959167, 'recall': 0.6317567825317383, 'F2': 0.6047865748405457, 'specificity': 0.40878379344940186, 'NPV': 0.5260869860649109, 'loss': 2.5031135082244873}
Epoch: [175], (Time: 0:00:23)
Averaged stats: {'accuracy': 0.9617103934288025, 'precision': 0.9626909494400024, 'recall': 0.9618432521820068, 'F2': 0.9620127081871033, 'specificity': 0.9615733623504639, 'NPV': 0.9607013463973999, 'loss': 0.10008309036493301}
Test (Time: 0:00:03)
Averaged stats: {'accuracy': 0.5287162065505981, 'precision': 0.5216284990310669, 'recall': 0.6925675868988037, 'F2': 0.6499682664871216, 'specificity': 0.36486485600471497, 'NPV': 0.5427135825157166, 'loss': 2.4994089603424072}
Epoch: [176], (Time: 0:00:22)
Averaged stats: {'accuracy': 0.9663289785385132, 'precision': 0.9660122990608215, 'recall': 0.9677135348320007, 'F2': 0.9673727750778198, 'specificity': 0.9649016857147217, 'NPV': 0.9666565656661987, 'loss': 0.0890585333108902}
Test (Time: 0:00:03)
Averaged stats: {'accuracy': 0.5304054021835327, 'precision': 0.5244565010070801, 'recall': 0.6520270109176636, 'F2': 0.6217783093452454, 'specificity': 0.40878379344940186, 'NPV': 0.5401785969734192, 'loss': 2.5173466205596924}
Epoch: [177], (Time: 0:00:22)
Averaged stats: {'accuracy': 0.9651370644569397, 'precision': 0.9670297503471375, 'recall': 0.9641913771629333, 'F2': 0.9647577404975891, 'specificity': 0.966111958026886, 'NPV': 0.9631975889205933, 'loss': 0.08602163195610046}
Test (Time: 0:00:03)
Averaged stats: {'accuracy': 0.5236486196517944, 'precision': 0.5186170339584351, 'recall': 0.6587837934494019, 'F2': 0.625, 'specificity': 0.3885135054588318, 'NPV': 0.5324074029922485, 'loss': 2.5364532470703125}
Epoch: [178], (Time: 0:00:22)
Averaged stats: {'accuracy': 0.9693086743354797, 'precision': 0.9700440764427185, 'recall': 0.9694746136665344, 'F2': 0.9695883989334106, 'specificity': 0.9691376686096191, 'NPV': 0.9685515761375427, 'loss': 0.07792598009109497}
Test (Time: 0:00:03)
Averaged stats: {'accuracy': 0.5320945978164673, 'precision': 0.524547815322876, 'recall': 0.6858108043670654, 'F2': 0.6460853219032288, 'specificity': 0.37837839126586914, 'NPV': 0.5463414788246155, 'loss': 2.6262054443359375}
Epoch: [179], (Time: 0:00:22)
Averaged stats: {'accuracy': 0.9642431735992432, 'precision': 0.9655983448028564, 'recall': 0.9638978838920593, 'F2': 0.9642375111579895, 'specificity': 0.964599072933197, 'NPV': 0.9628511071205139, 'loss': 0.0961565375328064}
Test (Time: 0:00:03)
Averaged stats: {'accuracy': 0.5439189076423645, 'precision': 0.5320196747779846, 'recall': 0.7297297120094299, 'F2': 0.6792452931404114, 'specificity': 0.3581081032752991, 'NPV': 0.5698924660682678, 'loss': 2.6852188110351562}
Epoch: [180], (Time: 0:00:22)
Averaged stats: {'accuracy': 0.9643921256065369, 'precision': 0.9658823609352112, 'recall': 0.9638978838920593, 'F2': 0.9642941355705261, 'specificity': 0.9649016857147217, 'NPV': 0.9628623127937317, 'loss': 0.09696269035339355}
Test (Time: 0:00:03)
Averaged stats: {'accuracy': 0.5320945978164673, 'precision': 0.5257452726364136, 'recall': 0.6554054021835327, 'F2': 0.6245975494384766, 'specificity': 0.40878379344940186, 'NPV': 0.5426008701324463, 'loss': 2.4908242225646973}
Epoch: [181], (Time: 0:00:22)
Averaged stats: {'accuracy': 0.9705005884170532, 'precision': 0.9712188243865967, 'recall': 0.9706486463546753, 'F2': 0.9707626700401306, 'specificity': 0.9703479409217834, 'NPV': 0.9697611331939697, 'loss': 0.08075498789548874}
Test (Time: 0:00:03)
Averaged stats: {'accuracy': 0.5304054021835327, 'precision': 0.5258620977401733, 'recall': 0.6182432174682617, 'F2': 0.5972585082054138, 'specificity': 0.4425675570964813, 'NPV': 0.5368852615356445, 'loss': 2.5481207370758057}
Epoch: [182], (Time: 0:00:23)
Averaged stats: {'accuracy': 0.9676698446273804, 'precision': 0.9680164456367493, 'recall': 0.9683005809783936, 'F2': 0.9682437777519226, 'specificity': 0.9670196771621704, 'NPV': 0.9673123359680176, 'loss': 0.08454181998968124}
Test (Time: 0:00:03)
Averaged stats: {'accuracy': 0.5422297120094299, 'precision': 0.5350140333175659, 'recall': 0.6452702879905701, 'F2': 0.6197274923324585, 'specificity': 0.43918919563293457, 'NPV': 0.5531914830207825, 'loss': 2.676934003829956}
Epoch: [183], (Time: 0:00:23)
Averaged stats: {'accuracy': 0.9699046611785889, 'precision': 0.9703551530838013, 'recall': 0.9703551530838013, 'F2': 0.9703550934791565, 'specificity': 0.969440221786499, 'NPV': 0.969440221786499, 'loss': 0.08682189881801605}
Test (Time: 0:00:03)
Averaged stats: {'accuracy': 0.5287162065505981, 'precision': 0.5258358716964722, 'recall': 0.5844594836235046, 'F2': 0.5717118382453918, 'specificity': 0.47297295928001404, 'NPV': 0.5323193669319153, 'loss': 2.4510092735290527}
Epoch: [184], (Time: 0:00:22)
Averaged stats: {'accuracy': 0.9697556495666504, 'precision': 0.9681472778320312, 'recall': 0.972409725189209, 'F2': 0.9715542197227478, 'specificity': 0.9670196771621704, 'NPV': 0.9714285731315613, 'loss': 0.07881911844015121}
Test (Time: 0:00:03)
Averaged stats: {'accuracy': 0.525337815284729, 'precision': 0.52173912525177, 'recall': 0.6081081032752991, 'F2': 0.5886200070381165, 'specificity': 0.4425675570964813, 'NPV': 0.5303643941879272, 'loss': 2.445683717727661}
Epoch: [185], (Time: 0:00:22)
Averaged stats: {'accuracy': 0.9669249057769775, 'precision': 0.9687960147857666, 'recall': 0.965952455997467, 'F2': 0.966519832611084, 'specificity': 0.9679273962974548, 'NPV': 0.9650075435638428, 'loss': 0.09381166845560074}
Test (Time: 0:00:03)
Averaged stats: {'accuracy': 0.5202702879905701, 'precision': 0.5152284502983093, 'recall': 0.6858108043670654, 'F2': 0.6432192921638489, 'specificity': 0.3547297418117523, 'NPV': 0.5303030014038086, 'loss': 2.7892470359802246}
Epoch: [186], (Time: 0:00:23)
Averaged stats: {'accuracy': 0.9699046611785889, 'precision': 0.9706314206123352, 'recall': 0.9700616598129272, 'F2': 0.970175564289093, 'specificity': 0.9697428345680237, 'NPV': 0.9691563248634338, 'loss': 0.0829140916466713}
Test (Time: 0:00:03)
Averaged stats: {'accuracy': 0.5219594836235046, 'precision': 0.5152224898338318, 'recall': 0.7432432174682617, 'F2': 0.6828057169914246, 'specificity': 0.3006756901741028, 'NPV': 0.539393961429596, 'loss': 2.659013509750366}
Epoch: [187], (Time: 0:00:22)
Averaged stats: {'accuracy': 0.969159722328186, 'precision': 0.9678362607955933, 'recall': 0.9715291857719421, 'F2': 0.9707884192466736, 'specificity': 0.9667171239852905, 'NPV': 0.97053462266922, 'loss': 0.08121781796216965}
Test (Time: 0:00:03)
Averaged stats: {'accuracy': 0.525337815284729, 'precision': 0.5212464332580566, 'recall': 0.6216216087341309, 'F2': 0.5985686182975769, 'specificity': 0.42905405163764954, 'NPV': 0.5313807725906372, 'loss': 2.4565200805664062}
Epoch: [188], (Time: 0:00:22)
Averaged stats: {'accuracy': 0.970202624797821, 'precision': 0.972869336605072, 'recall': 0.9683005809783936, 'F2': 0.9692109227180481, 'specificity': 0.9721633791923523, 'NPV': 0.9674796462059021, 'loss': 0.07886995375156403}
Test (Time: 0:00:03)
Averaged stats: {'accuracy': 0.5472972989082336, 'precision': 0.5374331474304199, 'recall': 0.6790540814399719, 'F2': 0.6450577974319458, 'specificity': 0.41554054617881775, 'NPV': 0.5642201900482178, 'loss': 2.3775699138641357}
Epoch: [189], (Time: 0:00:23)
Averaged stats: {'accuracy': 0.9652860760688782, 'precision': 0.9648506045341492, 'recall': 0.9668329954147339, 'F2': 0.9664359092712402, 'specificity': 0.9636913537979126, 'NPV': 0.9657368063926697, 'loss': 0.08893832564353943}
Test (Time: 0:00:03)
Averaged stats: {'accuracy': 0.537162184715271, 'precision': 0.5297297239303589, 'recall': 0.662162184715271, 'F2': 0.6306306719779968, 'specificity': 0.4121621549129486, 'NPV': 0.5495495200157166, 'loss': 2.3673617839813232}
Epoch: [190], (Time: 0:00:22)
Averaged stats: {'accuracy': 0.9734803438186646, 'precision': 0.9741556644439697, 'recall': 0.9735838174819946, 'F2': 0.9736981391906738, 'specificity': 0.9733736515045166, 'NPV': 0.9727849960327148, 'loss': 0.07373080402612686}
Test (Time: 0:00:03)
Averaged stats: {'accuracy': 0.5304054021835327, 'precision': 0.5240641832351685, 'recall': 0.662162184715271, 'F2': 0.6290115118026733, 'specificity': 0.3986486494541168, 'NPV': 0.5412843823432922, 'loss': 2.6551132202148438}
Epoch: [191], (Time: 0:00:22)
Averaged stats: {'accuracy': 0.9709475636482239, 'precision': 0.9731879830360413, 'recall': 0.9694746136665344, 'F2': 0.9702150225639343, 'specificity': 0.9724659323692322, 'NPV': 0.9686558246612549, 'loss': 0.0790681540966034}
Test (Time: 0:00:03)
Averaged stats: {'accuracy': 0.5354729890823364, 'precision': 0.5264483690261841, 'recall': 0.7060810923576355, 'F2': 0.6609740257263184, 'specificity': 0.36486485600471497, 'NPV': 0.5538461804389954, 'loss': 2.4894840717315674}
Epoch: [192], (Time: 0:00:22)
Averaged stats: {'accuracy': 0.9705005884170532, 'precision': 0.969289243221283, 'recall': 0.9727032780647278, 'F2': 0.9720184803009033, 'specificity': 0.9682299494743347, 'NPV': 0.971758246421814, 'loss': 0.07986342906951904}
Test (Time: 0:00:03)
Averaged stats: {'accuracy': 0.5337837934494019, 'precision': 0.5240384340286255, 'recall': 0.7364864945411682, 'F2': 0.6812499761581421, 'specificity': 0.3310810923576355, 'NPV': 0.5568181872367859, 'loss': 2.654392957687378}
Epoch: [193], (Time: 0:00:22)
Averaged stats: {'accuracy': 0.9693086743354797, 'precision': 0.9703202843666077, 'recall': 0.9691811203956604, 'F2': 0.9694087505340576, 'specificity': 0.969440221786499, 'NPV': 0.9682683348655701, 'loss': 0.08869964629411697}
Test (Time: 0:00:03)
Averaged stats: {'accuracy': 0.5456081032752991, 'precision': 0.5350649356842041, 'recall': 0.6959459185600281, 'F2': 0.6564690470695496, 'specificity': 0.3952702581882477, 'NPV': 0.5652173757553101, 'loss': 2.4893176555633545}
Epoch: [194], (Time: 0:00:22)
Averaged stats: {'accuracy': 0.9694576859474182, 'precision': 0.9692262411117554, 'recall': 0.9706486463546753, 'F2': 0.9703638553619385, 'specificity': 0.9682299494743347, 'NPV': 0.9696969985961914, 'loss': 0.08318658918142319}
Test (Time: 0:00:03)
Averaged stats: {'accuracy': 0.5422297120094299, 'precision': 0.5389407873153687, 'recall': 0.5844594836235046, 'F2': 0.5747508406639099, 'specificity': 0.5, 'NPV': 0.5461254715919495, 'loss': 2.4452545642852783}
Epoch: [195], (Time: 0:00:22)
Averaged stats: {'accuracy': 0.969159722328186, 'precision': 0.9711425304412842, 'recall': 0.9680070281028748, 'F2': 0.9686325192451477, 'specificity': 0.9703479409217834, 'NPV': 0.9671290516853333, 'loss': 0.0791282132267952}
Test (Time: 0:00:03)
Averaged stats: {'accuracy': 0.5405405163764954, 'precision': 0.5298507213592529, 'recall': 0.7195945978164673, 'F2': 0.6715006828308105, 'specificity': 0.3614864945411682, 'NPV': 0.5631579160690308, 'loss': 2.412532091140747}
Epoch: [196], (Time: 0:00:22)
Averaged stats: {'accuracy': 0.9707985520362854, 'precision': 0.971512496471405, 'recall': 0.9709421992301941, 'F2': 0.9710562229156494, 'specificity': 0.9706505537033081, 'NPV': 0.9700635075569153, 'loss': 0.08001731336116791}
Test (Time: 0:00:03)
Averaged stats: {'accuracy': 0.5354729890823364, 'precision': 0.5284552574157715, 'recall': 0.6587837934494019, 'F2': 0.6278170943260193, 'specificity': 0.4121621549129486, 'NPV': 0.5470852255821228, 'loss': 2.4363276958465576}
Epoch: [197], (Time: 0:00:22)
Averaged stats: {'accuracy': 0.9688617587089539, 'precision': 0.9708480834960938, 'recall': 0.9677135348320007, 'F2': 0.9683388471603394, 'specificity': 0.9700453877449036, 'NPV': 0.9668275117874146, 'loss': 0.08068736642599106}
Test (Time: 0:00:03)
Averaged stats: {'accuracy': 0.5456081032752991, 'precision': 0.5410334467887878, 'recall': 0.6013513803482056, 'F2': 0.5882353186607361, 'specificity': 0.48986485600471497, 'NPV': 0.5513308048248291, 'loss': 2.3907527923583984}
Epoch: [198], (Time: 0:00:22)
Averaged stats: {'accuracy': 0.9722884297370911, 'precision': 0.9718722701072693, 'recall': 0.9735838174819946, 'F2': 0.9732409119606018, 'specificity': 0.970953106880188, 'NPV': 0.9727190136909485, 'loss': 0.07551318407058716}
Test (Time: 0:00:03)
Averaged stats: {'accuracy': 0.5270270109176636, 'precision': 0.5206185579299927, 'recall': 0.6824324131011963, 'F2': 0.6424936056137085, 'specificity': 0.37162160873413086, 'NPV': 0.5392156839370728, 'loss': 2.695751905441284}
Epoch: [199], (Time: 0:00:22)
Averaged stats: {'accuracy': 0.9736292958259583, 'precision': 0.9747207760810852, 'recall': 0.9732902646064758, 'F2': 0.973576009273529, 'specificity': 0.9739788174629211, 'NPV': 0.9725075364112854, 'loss': 0.07059900462627411}
Test (Time: 0:00:03)
Averaged stats: {'accuracy': 0.537162184715271, 'precision': 0.529891312122345, 'recall': 0.6587837934494019, 'F2': 0.6282216906547546, 'specificity': 0.41554054617881775, 'NPV': 0.5491071343421936, 'loss': 2.4229202270507812}
Epoch: [200], (Time: 0:00:22)
Averaged stats: {'accuracy': 0.9772049784660339, 'precision': 0.9805079698562622, 'recall': 0.9744643568992615, 'F2': 0.9756671190261841, 'specificity': 0.9800302386283875, 'NPV': 0.973842442035675, 'loss': 0.06345697492361069}
Test (Time: 0:00:03)
Averaged stats: {'accuracy': 0.5439189076423645, 'precision': 0.5357142686843872, 'recall': 0.6587837934494019, 'F2': 0.6298449039459229, 'specificity': 0.42905405163764954, 'NPV': 0.5570175647735596, 'loss': 2.62225604057312}
Epoch: [201], (Time: 0:00:23)
Averaged stats: {'accuracy': 0.9798867702484131, 'precision': 0.9800469279289246, 'recall': 0.9803345799446106, 'F2': 0.9802771210670471, 'specificity': 0.9794251322746277, 'NPV': 0.9797215461730957, 'loss': 0.05795123055577278}
Test (Time: 0:00:03)
Averaged stats: {'accuracy': 0.537162184715271, 'precision': 0.5280612111091614, 'recall': 0.6993243098258972, 'F2': 0.6567258238792419, 'specificity': 0.375, 'NPV': 0.5550000071525574, 'loss': 2.4886934757232666}
Epoch: [202], (Time: 0:00:22)
Averaged stats: {'accuracy': 0.9815255999565125, 'precision': 0.9823684692382812, 'recall': 0.9812151193618774, 'F2': 0.9814455509185791, 'specificity': 0.9818456768989563, 'NPV': 0.9806588292121887, 'loss': 0.05218856409192085}
Test (Time: 0:00:03)
Averaged stats: {'accuracy': 0.525337815284729, 'precision': 0.519280195236206, 'recall': 0.6824324131011963, 'F2': 0.6420851945877075, 'specificity': 0.3682432472705841, 'NPV': 0.5369458198547363, 'loss': 2.4853763580322266}
Epoch: [203], (Time: 0:00:23)
Averaged stats: {'accuracy': 0.9828665256500244, 'precision': 0.9832648038864136, 'recall': 0.9829761981964111, 'F2': 0.9830338954925537, 'specificity': 0.9827533960342407, 'NPV': 0.9824561476707458, 'loss': 0.05264323949813843}
Test (Time: 0:00:03)
Averaged stats: {'accuracy': 0.5320945978164673, 'precision': 0.5256064534187317, 'recall': 0.6587837934494019, 'F2': 0.6270096302032471, 'specificity': 0.4054054021835327, 'NPV': 0.5429864525794983, 'loss': 2.5696113109588623}
Epoch: [204], (Time: 0:00:22)
Averaged stats: {'accuracy': 0.9833134412765503, 'precision': 0.98470139503479, 'recall': 0.9823892116546631, 'F2': 0.9828507304191589, 'specificity': 0.9842662811279297, 'NPV': 0.981889545917511, 'loss': 0.04698394611477852}
Test (Time: 0:00:03)
Averaged stats: {'accuracy': 0.525337815284729, 'precision': 0.5194805264472961, 'recall': 0.6756756901741028, 'F2': 0.6373486518859863, 'specificity': 0.375, 'NPV': 0.5362318754196167, 'loss': 2.4525420665740967}
Training time 1:25:14
