nohup: ignoring input
============================================================
<class 'transformers.tokenization_dna.DNATokenizer'>
number of params: 821630
Start training
Epoch: [13], (Time: 0:27:55)
Averaged stats: {'accuracy': 0.5733446478843689, 'precision': 0.5576140880584717, 'recall': 0.7047559022903442, 'F2': 0.6694266200065613, 'specificity': 0.44225746393203735, 'NPV': 0.6002625823020935, 'loss': 0.6657277941703796}
Test (Time: 0:09:32)
Averaged stats: {'accuracy': 0.54368656873703, 'precision': 0.5452528595924377, 'recall': 0.5263810753822327, 'F2': 0.5300502181053162, 'specificity': 0.5609921216964722, 'NPV': 0.5422251224517822, 'loss': 0.6952545642852783}
Epoch: [14], (Time: 0:27:05)
Averaged stats: {'accuracy': 0.5817213654518127, 'precision': 0.5647118091583252, 'recall': 0.7086343169212341, 'F2': 0.6742656826972961, 'specificity': 0.45512139797210693, 'NPV': 0.610271692276001, 'loss': 0.6628239154815674}
Test (Time: 0:07:12)
Averaged stats: {'accuracy': 0.5446448922157288, 'precision': 0.5450717210769653, 'recall': 0.5399097800254822, 'F2': 0.5409343242645264, 'specificity': 0.5493799448013306, 'NPV': 0.5442260503768921, 'loss': 0.6903679966926575}
Epoch: [15], (Time: 0:28:39)
Averaged stats: {'accuracy': 0.5835855007171631, 'precision': 0.5671618580818176, 'recall': 0.7015077471733093, 'F2': 0.6697771549224854, 'specificity': 0.46595415472984314, 'NPV': 0.6101190447807312, 'loss': 0.659698486328125}
Test (Time: 0:12:01)
Averaged stats: {'accuracy': 0.5488162636756897, 'precision': 0.5477398037910461, 'recall': 0.560090184211731, 'F2': 0.5575757026672363, 'specificity': 0.5375422835350037, 'NPV': 0.5499423146247864, 'loss': 0.6899288892745972}
Epoch: [16], (Time: 0:28:05)
Averaged stats: {'accuracy': 0.5856191515922546, 'precision': 0.5688782334327698, 'recall': 0.7029136419296265, 'F2': 0.6712810397148132, 'specificity': 0.46861398220062256, 'NPV': 0.6125932335853577, 'loss': 0.6572704315185547}
Test (Time: 0:12:19)
Averaged stats: {'accuracy': 0.5422773361206055, 'precision': 0.5423920154571533, 'recall': 0.5409244894981384, 'F2': 0.5412173867225647, 'specificity': 0.5436302423477173, 'NPV': 0.5421632528305054, 'loss': 0.6961214542388916}
Epoch: [17], (Time: 0:28:58)
Averaged stats: {'accuracy': 0.5898075103759766, 'precision': 0.5715895891189575, 'recall': 0.712997555732727, 'F2': 0.6793824434280396, 'specificity': 0.4669213593006134, 'NPV': 0.6199036836624146, 'loss': 0.6550092101097107}
Test (Time: 0:11:21)
Averaged stats: {'accuracy': 0.5417700409889221, 'precision': 0.5409166216850281, 'recall': 0.5521984100341797, 'F2': 0.5499045848846436, 'specificity': 0.5313416123390198, 'NPV': 0.5426597595214844, 'loss': 0.7052883505821228}
Epoch: [18], (Time: 0:27:35)
Averaged stats: {'accuracy': 0.5915022492408752, 'precision': 0.573833703994751, 'recall': 0.7072283625602722, 'F2': 0.6758083701133728, 'specificity': 0.47606152296066284, 'NPV': 0.6197821497917175, 'loss': 0.653379499912262}
Test (Time: 0:11:29)
Averaged stats: {'accuracy': 0.5379932522773743, 'precision': 0.545900285243988, 'recall': 0.4518601894378662, 'F2': 0.4679837226867676, 'specificity': 0.6241262555122375, 'NPV': 0.5324100852012634, 'loss': 0.7078825235366821}
Epoch: [19], (Time: 0:28:49)
Averaged stats: {'accuracy': 0.592373788356781, 'precision': 0.5734268426895142, 'recall': 0.7174577116966248, 'F2': 0.683139979839325, 'specificity': 0.46759840846061707, 'NPV': 0.6239272356033325, 'loss': 0.6514675617218018}
Test (Time: 0:11:30)
Averaged stats: {'accuracy': 0.5466741919517517, 'precision': 0.5511742830276489, 'recall': 0.5027057528495789, 'F2': 0.5117052793502808, 'specificity': 0.5906426310539246, 'NPV': 0.5429015755653381, 'loss': 0.7009790539741516}
Epoch: [20], (Time: 0:27:36)
Averaged stats: {'accuracy': 0.5980631709098816, 'precision': 0.579561173915863, 'recall': 0.7107189893722534, 'F2': 0.6799440383911133, 'specificity': 0.485685259103775, 'NPV': 0.6272954344749451, 'loss': 0.6489177346229553}
Test (Time: 0:10:41)
Averaged stats: {'accuracy': 0.5456031560897827, 'precision': 0.5499938130378723, 'recall': 0.5016911029815674, 'F2': 0.5106607675552368, 'specificity': 0.589515209197998, 'NPV': 0.5419214367866516, 'loss': 0.7028969526290894}
Epoch: [21], (Time: 0:27:34)
Averaged stats: {'accuracy': 0.5963684916496277, 'precision': 0.5781960487365723, 'recall': 0.7088767290115356, 'F2': 0.6782192587852478, 'specificity': 0.48413774371147156, 'NPV': 0.6250624656677246, 'loss': 0.6483681201934814}
Test (Time: 0:10:43)
Averaged stats: {'accuracy': 0.5456595420837402, 'precision': 0.5480085611343384, 'recall': 0.5211950540542603, 'F2': 0.5263457298278809, 'specificity': 0.5701240301132202, 'NPV': 0.5435296893119812, 'loss': 0.699076771736145}
Epoch: [22], (Time: 0:24:11)
Averaged stats: {'accuracy': 0.6034378409385681, 'precision': 0.5840823650360107, 'recall': 0.715130627155304, 'F2': 0.6844185590744019, 'specificity': 0.49202051758766174, 'NPV': 0.6338940858840942, 'loss': 0.6459012627601624}
Test (Time: 0:10:54)
Averaged stats: {'accuracy': 0.5392897129058838, 'precision': 0.548625648021698, 'recall': 0.4432919919490814, 'F2': 0.4609937369823456, 'specificity': 0.6352874636650085, 'NPV': 0.5329613089561462, 'loss': 0.7036610841751099}
Epoch: [23], (Time: 0:28:44)
Averaged stats: {'accuracy': 0.6027599573135376, 'precision': 0.5835545063018799, 'recall': 0.7142580151557922, 'F2': 0.6836341619491577, 'specificity': 0.4915368854999542, 'NPV': 0.6329555511474609, 'loss': 0.6441579461097717}
Test (Time: 0:10:51)
Averaged stats: {'accuracy': 0.5454340577125549, 'precision': 0.5392175912857056, 'recall': 0.6246899366378784, 'F2': 0.6054942607879639, 'specificity': 0.46617811918258667, 'NPV': 0.553992509841919, 'loss': 0.7028903961181641}
Epoch: [24], (Time: 0:25:15)
Averaged stats: {'accuracy': 0.6053746342658997, 'precision': 0.5855374932289124, 'recall': 0.7179909944534302, 'F2': 0.686913788318634, 'specificity': 0.49303609132766724, 'NPV': 0.636709988117218, 'loss': 0.6416312456130981}
Test (Time: 0:10:33)
Averaged stats: {'accuracy': 0.5422773361206055, 'precision': 0.5467697978019714, 'recall': 0.49425026774406433, 'F2': 0.5039312243461609, 'specificity': 0.5903043746948242, 'NPV': 0.5385723114013672, 'loss': 0.7074896693229675}
Epoch: [25], (Time: 0:29:04)
Averaged stats: {'accuracy': 0.6109914183616638, 'precision': 0.5914250016212463, 'recall': 0.7148882746696472, 'F2': 0.686237096786499, 'specificity': 0.5073508024215698, 'NPV': 0.6407891511917114, 'loss': 0.6390567421913147}
Test (Time: 0:12:12)
Averaged stats: {'accuracy': 0.5409808158874512, 'precision': 0.5359722971916199, 'recall': 0.6105974912643433, 'F2': 0.5940551161766052, 'specificity': 0.4713641405105591, 'NPV': 0.5476096868515015, 'loss': 0.7080799341201782}
Epoch: [26], (Time: 0:26:08)
Averaged stats: {'accuracy': 0.6148650050163269, 'precision': 0.5940601825714111, 'recall': 0.7224511504173279, 'F2': 0.6925171613693237, 'specificity': 0.5075442790985107, 'NPV': 0.6470406651496887, 'loss': 0.6363521814346313}
Test (Time: 0:11:08)
Averaged stats: {'accuracy': 0.5412063002586365, 'precision': 0.5464245080947876, 'recall': 0.485005646944046, 'F2': 0.4961594343185425, 'specificity': 0.5974069833755493, 'NPV': 0.5370426774024963, 'loss': 0.7100768685340881}
Epoch: [27], (Time: 0:25:36)
Averaged stats: {'accuracy': 0.613073468208313, 'precision': 0.5939256548881531, 'recall': 0.7119794487953186, 'F2': 0.6847577691078186, 'specificity': 0.514411449432373, 'NPV': 0.6416335105895996, 'loss': 0.6356078386306763}
Test (Time: 0:11:23)
Averaged stats: {'accuracy': 0.5452649593353271, 'precision': 0.5435324907302856, 'recall': 0.5651634931564331, 'F2': 0.5607005953788757, 'specificity': 0.5253664255142212, 'NPV': 0.5471410155296326, 'loss': 0.7091357111930847}
Epoch: [28], (Time: 0:29:55)
Averaged stats: {'accuracy': 0.6183028817176819, 'precision': 0.5967440009117126, 'recall': 0.7268143892288208, 'F2': 0.6964535713195801, 'specificity': 0.5100589990615845, 'NPV': 0.6517735719680786, 'loss': 0.632898211479187}
Test (Time: 0:10:53)
Averaged stats: {'accuracy': 0.5406426191329956, 'precision': 0.5333333611488342, 'recall': 0.6502818465232849, 'F2': 0.6229614019393921, 'specificity': 0.4310033917427063, 'NPV': 0.5520577430725098, 'loss': 0.7117327451705933}
Epoch: [29], (Time: 0:28:55)
Averaged stats: {'accuracy': 0.6182544231414795, 'precision': 0.5981417894363403, 'recall': 0.7178455591201782, 'F2': 0.6902194023132324, 'specificity': 0.5189089775085449, 'NPV': 0.6483383774757385, 'loss': 0.6329632997512817}
Test (Time: 0:11:02)
Averaged stats: {'accuracy': 0.5379368662834167, 'precision': 0.539988100528717, 'recall': 0.5122886300086975, 'F2': 0.5175988078117371, 'specificity': 0.563585102558136, 'NPV': 0.5360857844352722, 'loss': 0.7236226201057434}
Epoch: [30], (Time: 0:26:58)
Averaged stats: {'accuracy': 0.6222491264343262, 'precision': 0.6018901467323303, 'recall': 0.7193968892097473, 'F2': 0.6923629641532898, 'specificity': 0.5253409147262573, 'NPV': 0.6523932218551636, 'loss': 0.6293153166770935}
Test (Time: 0:10:53)
Averaged stats: {'accuracy': 0.5328635573387146, 'precision': 0.5477946996688843, 'recall': 0.3766629099845886, 'F2': 0.4017653167247772, 'specificity': 0.6890642642974854, 'NPV': 0.5250408053398132, 'loss': 0.7368075251579285}
Epoch: [31], (Time: 0:26:34)
Averaged stats: {'accuracy': 0.6245006918907166, 'precision': 0.6041437983512878, 'recall': 0.7195423245429993, 'F2': 0.6930655837059021, 'specificity': 0.5296933650970459, 'NPV': 0.6543792486190796, 'loss': 0.6263644099235535}
Test (Time: 0:10:51)
Averaged stats: {'accuracy': 0.5388951301574707, 'precision': 0.5411400198936462, 'recall': 0.5116121768951416, 'F2': 0.5172570943832397, 'specificity': 0.5661781430244446, 'NPV': 0.5368826389312744, 'loss': 0.724841833114624}
Epoch: [32], (Time: 0:30:22)
Averaged stats: {'accuracy': 0.6286163926124573, 'precision': 0.608397901058197, 'recall': 0.7192999720573425, 'F2': 0.6939987540245056, 'specificity': 0.5381565093994141, 'NPV': 0.6577609777450562, 'loss': 0.6240517497062683}
Test (Time: 0:10:58)
Averaged stats: {'accuracy': 0.542333722114563, 'precision': 0.5383515357971191, 'recall': 0.5942502617835999, 'F2': 0.5821607708930969, 'specificity': 0.49041712284088135, 'NPV': 0.5472386479377747, 'loss': 0.7230323553085327}
Epoch: [33], (Time: 0:30:26)
Averaged stats: {'accuracy': 0.626025915145874, 'precision': 0.605817973613739, 'recall': 0.7188636064529419, 'F2': 0.6930007934570312, 'specificity': 0.5334171652793884, 'NPV': 0.6554162502288818, 'loss': 0.625055193901062}
Test (Time: 0:08:57)
Averaged stats: {'accuracy': 0.5428974032402039, 'precision': 0.5385785102844238, 'recall': 0.5988726019859314, 'F2': 0.5857574343681335, 'specificity': 0.4869222044944763, 'NPV': 0.5483052134513855, 'loss': 0.708840548992157}
Epoch: [34], (Time: 0:29:58)
Averaged stats: {'accuracy': 0.6343541741371155, 'precision': 0.613793671131134, 'recall': 0.7222572565078735, 'F2': 0.6976025700569153, 'specificity': 0.5466679334640503, 'NPV': 0.6636528968811035, 'loss': 0.6206751465797424}
Test (Time: 0:10:50)
Averaged stats: {'accuracy': 0.53669673204422, 'precision': 0.5358836054801941, 'recall': 0.5480270385742188, 'F2': 0.545554518699646, 'specificity': 0.5253664255142212, 'NPV': 0.5375475883483887, 'loss': 0.7277166247367859}
Epoch: [35], (Time: 0:29:07)
Averaged stats: {'accuracy': 0.6333857774734497, 'precision': 0.6132403016090393, 'recall': 0.7198817133903503, 'F2': 0.6956859827041626, 'specificity': 0.547103226184845, 'NPV': 0.661927342414856, 'loss': 0.6164847612380981}
Test (Time: 0:10:17)
Averaged stats: {'accuracy': 0.5437429547309875, 'precision': 0.5472824573516846, 'recall': 0.5063134431838989, 'F2': 0.5140091180801392, 'specificity': 0.5811724662780762, 'NPV': 0.5406964421272278, 'loss': 0.7273113131523132}
Epoch: [36], (Time: 0:26:45)
Averaged stats: {'accuracy': 0.6366541385650635, 'precision': 0.6167463064193726, 'recall': 0.7195423245429993, 'F2': 0.6963302493095398, 'specificity': 0.5539703965187073, 'NPV': 0.6644431352615356, 'loss': 0.6167582869529724}
Test (Time: 0:11:29)
Averaged stats: {'accuracy': 0.542220950126648, 'precision': 0.5396758317947388, 'recall': 0.5742954015731812, 'F2': 0.5670205950737, 'specificity': 0.5101465582847595, 'NPV': 0.545115053653717, 'loss': 0.7279494404792786}
Epoch: [37], (Time: 0:28:11)
Averaged stats: {'accuracy': 0.6419804096221924, 'precision': 0.6219761967658997, 'recall': 0.7217239737510681, 'F2': 0.6992944478988647, 'specificity': 0.5624334812164307, 'NPV': 0.6695451736450195, 'loss': 0.6145345568656921}
Test (Time: 0:08:14)
Averaged stats: {'accuracy': 0.5388951301574707, 'precision': 0.5429638624191284, 'recall': 0.49154454469680786, 'F2': 0.5010342597961426, 'specificity': 0.5862457752227783, 'NPV': 0.5355303883552551, 'loss': 0.7292120456695557}
Epoch: [38], (Time: 0:27:37)
Averaged stats: {'accuracy': 0.6447403430938721, 'precision': 0.6244824528694153, 'recall': 0.7239055633544922, 'F2': 0.7015664577484131, 'specificity': 0.5657703876495361, 'NPV': 0.6725882291793823, 'loss': 0.6102744340896606}
Test (Time: 0:10:46)
Averaged stats: {'accuracy': 0.5397406816482544, 'precision': 0.5422105193138123, 'recall': 0.5104847550392151, 'F2': 0.516529381275177, 'specificity': 0.5689966082572937, 'NPV': 0.5375439524650574, 'loss': 0.7438239455223083}
